{"/Users/allen/Desktop/github/keepObserver/@core/instance.js": {"path":"/Users/allen/Desktop/github/keepObserver/@core/instance.js","statementMap":{"0":{"start":{"line":1,"column":0},"end":{"line":1218,"column":3}},"1":{"start":{"line":2,"column":1},"end":{"line":9,"column":2}},"2":{"start":{"line":3,"column":2},"end":{"line":3,"column":51}},"3":{"start":{"line":4,"column":6},"end":{"line":9,"column":2}},"4":{"start":{"line":5,"column":2},"end":{"line":5,"column":35}},"5":{"start":{"line":7,"column":10},"end":{"line":7,"column":102}},"6":{"start":{"line":8,"column":2},"end":{"line":8,"column":75}},"7":{"start":{"line":8,"column":18},"end":{"line":8,"column":75}},"8":{"start":{"line":11,"column":0},"end":{"line":1217,"column":12}},"9":{"start":{"line":13,"column":33},"end":{"line":13,"column":35}},"10":{"start":{"line":19,"column":11},"end":{"line":21,"column":12}},"11":{"start":{"line":20,"column":12},"end":{"line":20,"column":54}},"12":{"start":{"line":23,"column":24},"end":{"line":27,"column":12}},"13":{"start":{"line":30,"column":11},"end":{"line":30,"column":95}},"14":{"start":{"line":33,"column":11},"end":{"line":33,"column":27}},"15":{"start":{"line":36,"column":11},"end":{"line":36,"column":33}},"16":{"start":{"line":41,"column":10},"end":{"line":41,"column":42}},"17":{"start":{"line":44,"column":10},"end":{"line":44,"column":51}},"18":{"start":{"line":47,"column":10},"end":{"line":55,"column":12}},"19":{"start":{"line":48,"column":11},"end":{"line":54,"column":12}},"20":{"start":{"line":49,"column":12},"end":{"line":53,"column":15}},"21":{"start":{"line":58,"column":10},"end":{"line":60,"column":12}},"22":{"start":{"line":59,"column":11},"end":{"line":59,"column":73}},"23":{"start":{"line":63,"column":10},"end":{"line":69,"column":12}},"24":{"start":{"line":64,"column":24},"end":{"line":66,"column":58}},"25":{"start":{"line":65,"column":36},"end":{"line":65,"column":61}},"26":{"start":{"line":66,"column":42},"end":{"line":66,"column":56}},"27":{"start":{"line":67,"column":11},"end":{"line":67,"column":54}},"28":{"start":{"line":68,"column":11},"end":{"line":68,"column":25}},"29":{"start":{"line":72,"column":10},"end":{"line":72,"column":128}},"30":{"start":{"line":72,"column":63},"end":{"line":72,"column":125}},"31":{"start":{"line":75,"column":10},"end":{"line":75,"column":37}},"32":{"start":{"line":79,"column":10},"end":{"line":79,"column":88}},"33":{"start":{"line":94,"column":0},"end":{"line":96,"column":3}},"34":{"start":{"line":98,"column":0},"end":{"line":98,"column":61}},"35":{"start":{"line":100,"column":0},"end":{"line":100,"column":33}},"36":{"start":{"line":102,"column":0},"end":{"line":102,"column":58}},"37":{"start":{"line":116,"column":0},"end":{"line":118,"column":3}},"38":{"start":{"line":123,"column":14},"end":{"line":123,"column":67}},"39":{"start":{"line":125,"column":14},"end":{"line":125,"column":87}},"40":{"start":{"line":127,"column":0},"end":{"line":139,"column":2}},"41":{"start":{"line":153,"column":16},"end":{"line":177,"column":3}},"42":{"start":{"line":154,"column":23},"end":{"line":166,"column":3}},"43":{"start":{"line":155,"column":4},"end":{"line":163,"column":6}},"44":{"start":{"line":158,"column":6},"end":{"line":158,"column":22}},"45":{"start":{"line":160,"column":6},"end":{"line":162,"column":7}},"46":{"start":{"line":161,"column":8},"end":{"line":161,"column":45}},"47":{"start":{"line":161,"column":33},"end":{"line":161,"column":45}},"48":{"start":{"line":165,"column":4},"end":{"line":165,"column":32}},"49":{"start":{"line":168,"column":2},"end":{"line":176,"column":4}},"50":{"start":{"line":169,"column":4},"end":{"line":169,"column":25}},"51":{"start":{"line":172,"column":6},"end":{"line":172,"column":27}},"52":{"start":{"line":175,"column":4},"end":{"line":175,"column":89}},"53":{"start":{"line":179,"column":15},"end":{"line":193,"column":1}},"54":{"start":{"line":180,"column":2},"end":{"line":190,"column":4}},"55":{"start":{"line":181,"column":4},"end":{"line":187,"column":5}},"56":{"start":{"line":182,"column":6},"end":{"line":182,"column":23}},"57":{"start":{"line":184,"column":6},"end":{"line":186,"column":7}},"58":{"start":{"line":185,"column":8},"end":{"line":185,"column":68}},"59":{"start":{"line":185,"column":56},"end":{"line":185,"column":68}},"60":{"start":{"line":189,"column":4},"end":{"line":189,"column":13}},"61":{"start":{"line":192,"column":2},"end":{"line":192,"column":41}},"62":{"start":{"line":195,"column":22},"end":{"line":199,"column":1}},"63":{"start":{"line":196,"column":2},"end":{"line":198,"column":4}},"64":{"start":{"line":201,"column":0},"end":{"line":203,"column":3}},"65":{"start":{"line":205,"column":14},"end":{"line":205,"column":67}},"66":{"start":{"line":207,"column":22},"end":{"line":207,"column":116}},"67":{"start":{"line":209,"column":14},"end":{"line":209,"column":102}},"68":{"start":{"line":211,"column":0},"end":{"line":211,"column":46}},"69":{"start":{"line":213,"column":14},"end":{"line":213,"column":120}},"70":{"start":{"line":215,"column":0},"end":{"line":215,"column":38}},"71":{"start":{"line":217,"column":14},"end":{"line":217,"column":120}},"72":{"start":{"line":219,"column":0},"end":{"line":219,"column":38}},"73":{"start":{"line":221,"column":14},"end":{"line":221,"column":108}},"74":{"start":{"line":223,"column":0},"end":{"line":223,"column":42}},"75":{"start":{"line":225,"column":15},"end":{"line":225,"column":92}},"76":{"start":{"line":227,"column":12},"end":{"line":227,"column":83}},"77":{"start":{"line":229,"column":15},"end":{"line":229,"column":92}},"78":{"start":{"line":231,"column":13},"end":{"line":231,"column":86}},"79":{"start":{"line":235,"column":0},"end":{"line":284,"column":29}},"80":{"start":{"line":236,"column":2},"end":{"line":236,"column":34}},"81":{"start":{"line":239,"column":4},"end":{"line":241,"column":5}},"82":{"start":{"line":240,"column":6},"end":{"line":240,"column":18}},"83":{"start":{"line":243,"column":16},"end":{"line":243,"column":122}},"84":{"start":{"line":246,"column":4},"end":{"line":246,"column":81}},"85":{"start":{"line":247,"column":4},"end":{"line":247,"column":54}},"86":{"start":{"line":249,"column":4},"end":{"line":249,"column":40}},"87":{"start":{"line":251,"column":4},"end":{"line":251,"column":53}},"88":{"start":{"line":252,"column":4},"end":{"line":252,"column":59}},"89":{"start":{"line":254,"column":4},"end":{"line":254,"column":69}},"90":{"start":{"line":256,"column":4},"end":{"line":256,"column":39}},"91":{"start":{"line":258,"column":4},"end":{"line":258,"column":27}},"92":{"start":{"line":260,"column":4},"end":{"line":260,"column":63}},"93":{"start":{"line":262,"column":13},"end":{"line":262,"column":26}},"94":{"start":{"line":263,"column":22},"end":{"line":263,"column":36}},"95":{"start":{"line":264,"column":25},"end":{"line":264,"column":42}},"96":{"start":{"line":265,"column":18},"end":{"line":265,"column":28}},"97":{"start":{"line":267,"column":4},"end":{"line":271,"column":7}},"98":{"start":{"line":274,"column":4},"end":{"line":274,"column":90}},"99":{"start":{"line":276,"column":4},"end":{"line":278,"column":5}},"100":{"start":{"line":277,"column":6},"end":{"line":277,"column":38}},"101":{"start":{"line":280,"column":4},"end":{"line":280,"column":17}},"102":{"start":{"line":283,"column":2},"end":{"line":283,"column":22}},"103":{"start":{"line":286,"column":0},"end":{"line":286,"column":34}},"104":{"start":{"line":300,"column":13},"end":{"line":325,"column":1}},"105":{"start":{"line":301,"column":10},"end":{"line":301,"column":60}},"106":{"start":{"line":302,"column":2},"end":{"line":302,"column":19}},"107":{"start":{"line":302,"column":10},"end":{"line":302,"column":19}},"108":{"start":{"line":303,"column":10},"end":{"line":303,"column":19}},"109":{"start":{"line":305,"column":11},"end":{"line":305,"column":13}},"110":{"start":{"line":308,"column":2},"end":{"line":322,"column":3}},"111":{"start":{"line":309,"column":4},"end":{"line":311,"column":5}},"112":{"start":{"line":310,"column":6},"end":{"line":310,"column":23}},"113":{"start":{"line":313,"column":4},"end":{"line":315,"column":6}},"114":{"start":{"line":317,"column":4},"end":{"line":321,"column":5}},"115":{"start":{"line":318,"column":6},"end":{"line":318,"column":55}},"116":{"start":{"line":318,"column":45},"end":{"line":318,"column":55}},"117":{"start":{"line":320,"column":6},"end":{"line":320,"column":27}},"118":{"start":{"line":320,"column":13},"end":{"line":320,"column":27}},"119":{"start":{"line":324,"column":2},"end":{"line":324,"column":12}},"120":{"start":{"line":327,"column":15},"end":{"line":333,"column":1}},"121":{"start":{"line":328,"column":2},"end":{"line":330,"column":3}},"122":{"start":{"line":329,"column":4},"end":{"line":329,"column":41}},"123":{"start":{"line":332,"column":2},"end":{"line":332,"column":12}},"124":{"start":{"line":335,"column":0},"end":{"line":337,"column":3}},"125":{"start":{"line":339,"column":14},"end":{"line":339,"column":67}},"126":{"start":{"line":341,"column":0},"end":{"line":349,"column":2}},"127":{"start":{"line":342,"column":14},"end":{"line":342,"column":18}},"128":{"start":{"line":344,"column":2},"end":{"line":346,"column":3}},"129":{"start":{"line":345,"column":4},"end":{"line":345,"column":80}},"130":{"start":{"line":348,"column":2},"end":{"line":348,"column":27}},"131":{"start":{"line":351,"column":0},"end":{"line":379,"column":2}},"132":{"start":{"line":352,"column":13},"end":{"line":352,"column":15}},"133":{"start":{"line":354,"column":2},"end":{"line":356,"column":3}},"134":{"start":{"line":355,"column":4},"end":{"line":355,"column":33}},"135":{"start":{"line":358,"column":14},"end":{"line":358,"column":18}},"136":{"start":{"line":360,"column":2},"end":{"line":364,"column":3}},"137":{"start":{"line":361,"column":19},"end":{"line":361,"column":57}},"138":{"start":{"line":362,"column":4},"end":{"line":362,"column":45}},"139":{"start":{"line":363,"column":4},"end":{"line":363,"column":46}},"140":{"start":{"line":366,"column":17},"end":{"line":366,"column":36}},"141":{"start":{"line":367,"column":12},"end":{"line":367,"column":16}},"142":{"start":{"line":369,"column":2},"end":{"line":376,"column":3}},"143":{"start":{"line":370,"column":14},"end":{"line":370,"column":52}},"144":{"start":{"line":372,"column":19},"end":{"line":372,"column":67}},"145":{"start":{"line":373,"column":4},"end":{"line":373,"column":45}},"146":{"start":{"line":375,"column":4},"end":{"line":375,"column":39}},"147":{"start":{"line":378,"column":2},"end":{"line":378,"column":13}},"148":{"start":{"line":393,"column":0},"end":{"line":395,"column":3}},"149":{"start":{"line":397,"column":14},"end":{"line":397,"column":67}},"150":{"start":{"line":400,"column":0},"end":{"line":402,"column":2}},"151":{"start":{"line":401,"column":2},"end":{"line":401,"column":57}},"152":{"start":{"line":405,"column":0},"end":{"line":407,"column":2}},"153":{"start":{"line":406,"column":2},"end":{"line":406,"column":34}},"154":{"start":{"line":421,"column":0},"end":{"line":423,"column":3}},"155":{"start":{"line":425,"column":14},"end":{"line":425,"column":67}},"156":{"start":{"line":428,"column":0},"end":{"line":434,"column":2}},"157":{"start":{"line":429,"column":2},"end":{"line":431,"column":3}},"158":{"start":{"line":430,"column":4},"end":{"line":430,"column":42}},"159":{"start":{"line":433,"column":2},"end":{"line":433,"column":80}},"160":{"start":{"line":437,"column":0},"end":{"line":439,"column":2}},"161":{"start":{"line":438,"column":2},"end":{"line":438,"column":57}},"162":{"start":{"line":453,"column":0},"end":{"line":455,"column":3}},"163":{"start":{"line":457,"column":14},"end":{"line":457,"column":67}},"164":{"start":{"line":459,"column":29},"end":{"line":459,"column":44}},"165":{"start":{"line":460,"column":28},"end":{"line":460,"column":48}},"166":{"start":{"line":462,"column":0},"end":{"line":481,"column":2}},"167":{"start":{"line":463,"column":19},"end":{"line":463,"column":67}},"168":{"start":{"line":465,"column":2},"end":{"line":467,"column":3}},"169":{"start":{"line":466,"column":4},"end":{"line":466,"column":17}},"170":{"start":{"line":469,"column":2},"end":{"line":471,"column":3}},"171":{"start":{"line":470,"column":4},"end":{"line":470,"column":17}},"172":{"start":{"line":473,"column":2},"end":{"line":478,"column":3}},"173":{"start":{"line":474,"column":4},"end":{"line":477,"column":5}},"174":{"start":{"line":475,"column":6},"end":{"line":475,"column":35}},"175":{"start":{"line":476,"column":6},"end":{"line":476,"column":69}},"176":{"start":{"line":480,"column":2},"end":{"line":480,"column":80}},"177":{"start":{"line":495,"column":0},"end":{"line":497,"column":3}},"178":{"start":{"line":499,"column":21},"end":{"line":499,"column":104}},"179":{"start":{"line":501,"column":21},"end":{"line":501,"column":104}},"180":{"start":{"line":505,"column":0},"end":{"line":522,"column":3}},"181":{"start":{"line":508,"column":4},"end":{"line":508,"column":67}},"182":{"start":{"line":509,"column":4},"end":{"line":509,"column":69}},"183":{"start":{"line":510,"column":4},"end":{"line":510,"column":89}},"184":{"start":{"line":512,"column":4},"end":{"line":512,"column":23}},"185":{"start":{"line":514,"column":4},"end":{"line":514,"column":27}},"186":{"start":{"line":516,"column":4},"end":{"line":516,"column":23}},"187":{"start":{"line":518,"column":4},"end":{"line":518,"column":26}},"188":{"start":{"line":521,"column":2},"end":{"line":521,"column":22}},"189":{"start":{"line":524,"column":0},"end":{"line":524,"column":34}},"190":{"start":{"line":538,"column":0},"end":{"line":540,"column":3}},"191":{"start":{"line":542,"column":14},"end":{"line":542,"column":67}},"192":{"start":{"line":545,"column":0},"end":{"line":577,"column":2}},"193":{"start":{"line":546,"column":14},"end":{"line":546,"column":18}},"194":{"start":{"line":549,"column":2},"end":{"line":556,"column":3}},"195":{"start":{"line":550,"column":17},"end":{"line":550,"column":55}},"196":{"start":{"line":551,"column":4},"end":{"line":551,"column":43}},"197":{"start":{"line":553,"column":4},"end":{"line":553,"column":57}},"198":{"start":{"line":555,"column":4},"end":{"line":555,"column":17}},"199":{"start":{"line":559,"column":2},"end":{"line":576,"column":4}},"200":{"start":{"line":561,"column":4},"end":{"line":568,"column":5}},"201":{"start":{"line":562,"column":19},"end":{"line":562,"column":83}},"202":{"start":{"line":563,"column":6},"end":{"line":563,"column":45}},"203":{"start":{"line":565,"column":6},"end":{"line":565,"column":59}},"204":{"start":{"line":567,"column":6},"end":{"line":567,"column":13}},"205":{"start":{"line":571,"column":4},"end":{"line":575,"column":6}},"206":{"start":{"line":572,"column":17},"end":{"line":572,"column":49}},"207":{"start":{"line":574,"column":6},"end":{"line":574,"column":35}},"208":{"start":{"line":591,"column":0},"end":{"line":593,"column":3}},"209":{"start":{"line":595,"column":14},"end":{"line":595,"column":67}},"210":{"start":{"line":598,"column":0},"end":{"line":628,"column":2}},"211":{"start":{"line":599,"column":14},"end":{"line":599,"column":18}},"212":{"start":{"line":601,"column":16},"end":{"line":604,"column":3}},"213":{"start":{"line":605,"column":2},"end":{"line":627,"column":5}},"214":{"start":{"line":607,"column":4},"end":{"line":609,"column":5}},"215":{"start":{"line":608,"column":6},"end":{"line":608,"column":24}},"216":{"start":{"line":613,"column":4},"end":{"line":613,"column":37}},"217":{"start":{"line":616,"column":4},"end":{"line":626,"column":7}},"218":{"start":{"line":618,"column":18},"end":{"line":620,"column":8}},"219":{"start":{"line":619,"column":8},"end":{"line":619,"column":17}},"220":{"start":{"line":623,"column":6},"end":{"line":623,"column":30}},"221":{"start":{"line":625,"column":6},"end":{"line":625,"column":49}},"222":{"start":{"line":631,"column":0},"end":{"line":678,"column":2}},"223":{"start":{"line":632,"column":14},"end":{"line":632,"column":18}},"224":{"start":{"line":634,"column":2},"end":{"line":636,"column":3}},"225":{"start":{"line":635,"column":4},"end":{"line":635,"column":28}},"226":{"start":{"line":639,"column":2},"end":{"line":639,"column":21}},"227":{"start":{"line":641,"column":2},"end":{"line":677,"column":5}},"228":{"start":{"line":642,"column":13},"end":{"line":642,"column":20}},"229":{"start":{"line":643,"column":17},"end":{"line":643,"column":28}},"230":{"start":{"line":645,"column":4},"end":{"line":673,"column":8}},"231":{"start":{"line":647,"column":6},"end":{"line":647,"column":74}},"232":{"start":{"line":649,"column":6},"end":{"line":651,"column":7}},"233":{"start":{"line":650,"column":8},"end":{"line":650,"column":21}},"234":{"start":{"line":654,"column":6},"end":{"line":656,"column":7}},"235":{"start":{"line":655,"column":8},"end":{"line":655,"column":21}},"236":{"start":{"line":659,"column":6},"end":{"line":661,"column":7}},"237":{"start":{"line":660,"column":8},"end":{"line":660,"column":21}},"238":{"start":{"line":664,"column":6},"end":{"line":672,"column":7}},"239":{"start":{"line":666,"column":8},"end":{"line":666,"column":47}},"240":{"start":{"line":668,"column":21},"end":{"line":668,"column":58}},"241":{"start":{"line":669,"column":8},"end":{"line":669,"column":47}},"242":{"start":{"line":671,"column":8},"end":{"line":671,"column":61}},"243":{"start":{"line":676,"column":4},"end":{"line":676,"column":24}},"244":{"start":{"line":692,"column":16},"end":{"line":716,"column":3}},"245":{"start":{"line":693,"column":23},"end":{"line":705,"column":3}},"246":{"start":{"line":694,"column":4},"end":{"line":702,"column":6}},"247":{"start":{"line":697,"column":6},"end":{"line":697,"column":22}},"248":{"start":{"line":699,"column":6},"end":{"line":701,"column":7}},"249":{"start":{"line":700,"column":8},"end":{"line":700,"column":45}},"250":{"start":{"line":700,"column":33},"end":{"line":700,"column":45}},"251":{"start":{"line":704,"column":4},"end":{"line":704,"column":32}},"252":{"start":{"line":707,"column":2},"end":{"line":715,"column":4}},"253":{"start":{"line":708,"column":4},"end":{"line":708,"column":25}},"254":{"start":{"line":711,"column":6},"end":{"line":711,"column":27}},"255":{"start":{"line":714,"column":4},"end":{"line":714,"column":89}},"256":{"start":{"line":718,"column":15},"end":{"line":732,"column":1}},"257":{"start":{"line":719,"column":2},"end":{"line":729,"column":4}},"258":{"start":{"line":720,"column":4},"end":{"line":726,"column":5}},"259":{"start":{"line":721,"column":6},"end":{"line":721,"column":23}},"260":{"start":{"line":723,"column":6},"end":{"line":725,"column":7}},"261":{"start":{"line":724,"column":8},"end":{"line":724,"column":68}},"262":{"start":{"line":724,"column":56},"end":{"line":724,"column":68}},"263":{"start":{"line":728,"column":4},"end":{"line":728,"column":13}},"264":{"start":{"line":731,"column":2},"end":{"line":731,"column":41}},"265":{"start":{"line":734,"column":13},"end":{"line":759,"column":1}},"266":{"start":{"line":735,"column":10},"end":{"line":735,"column":60}},"267":{"start":{"line":736,"column":2},"end":{"line":736,"column":19}},"268":{"start":{"line":736,"column":10},"end":{"line":736,"column":19}},"269":{"start":{"line":737,"column":10},"end":{"line":737,"column":19}},"270":{"start":{"line":739,"column":11},"end":{"line":739,"column":13}},"271":{"start":{"line":742,"column":2},"end":{"line":756,"column":3}},"272":{"start":{"line":743,"column":4},"end":{"line":745,"column":5}},"273":{"start":{"line":744,"column":6},"end":{"line":744,"column":23}},"274":{"start":{"line":747,"column":4},"end":{"line":749,"column":6}},"275":{"start":{"line":751,"column":4},"end":{"line":755,"column":5}},"276":{"start":{"line":752,"column":6},"end":{"line":752,"column":55}},"277":{"start":{"line":752,"column":45},"end":{"line":752,"column":55}},"278":{"start":{"line":754,"column":6},"end":{"line":754,"column":27}},"279":{"start":{"line":754,"column":13},"end":{"line":754,"column":27}},"280":{"start":{"line":758,"column":2},"end":{"line":758,"column":12}},"281":{"start":{"line":761,"column":15},"end":{"line":767,"column":1}},"282":{"start":{"line":762,"column":2},"end":{"line":764,"column":3}},"283":{"start":{"line":763,"column":4},"end":{"line":763,"column":41}},"284":{"start":{"line":766,"column":2},"end":{"line":766,"column":12}},"285":{"start":{"line":769,"column":22},"end":{"line":773,"column":1}},"286":{"start":{"line":770,"column":2},"end":{"line":772,"column":4}},"287":{"start":{"line":775,"column":0},"end":{"line":777,"column":3}},"288":{"start":{"line":779,"column":14},"end":{"line":779,"column":67}},"289":{"start":{"line":781,"column":14},"end":{"line":781,"column":67}},"290":{"start":{"line":783,"column":14},"end":{"line":783,"column":116}},"291":{"start":{"line":787,"column":0},"end":{"line":886,"column":29}},"292":{"start":{"line":788,"column":2},"end":{"line":788,"column":30}},"293":{"start":{"line":791,"column":16},"end":{"line":791,"column":41}},"294":{"start":{"line":794,"column":4},"end":{"line":794,"column":28}},"295":{"start":{"line":796,"column":20},"end":{"line":796,"column":44}},"296":{"start":{"line":798,"column":4},"end":{"line":840,"column":7}},"297":{"start":{"line":802,"column":6},"end":{"line":802,"column":85}},"298":{"start":{"line":802,"column":27},"end":{"line":802,"column":85}},"299":{"start":{"line":804,"column":20},"end":{"line":804,"column":24}},"300":{"start":{"line":806,"column":15},"end":{"line":806,"column":55}},"301":{"start":{"line":807,"column":24},"end":{"line":807,"column":29}},"302":{"start":{"line":809,"column":25},"end":{"line":811,"column":9}},"303":{"start":{"line":814,"column":6},"end":{"line":835,"column":9}},"304":{"start":{"line":815,"column":8},"end":{"line":815,"column":24}},"305":{"start":{"line":817,"column":8},"end":{"line":821,"column":9}},"306":{"start":{"line":818,"column":10},"end":{"line":818,"column":51}},"307":{"start":{"line":820,"column":10},"end":{"line":820,"column":23}},"308":{"start":{"line":823,"column":8},"end":{"line":823,"column":72}},"309":{"start":{"line":824,"column":8},"end":{"line":826,"column":11}},"310":{"start":{"line":825,"column":10},"end":{"line":825,"column":51}},"311":{"start":{"line":829,"column":8},"end":{"line":834,"column":9}},"312":{"start":{"line":830,"column":10},"end":{"line":830,"column":68}},"313":{"start":{"line":831,"column":10},"end":{"line":833,"column":13}},"314":{"start":{"line":832,"column":12},"end":{"line":832,"column":53}},"315":{"start":{"line":839,"column":6},"end":{"line":839,"column":68}},"316":{"start":{"line":842,"column":4},"end":{"line":852,"column":6}},"317":{"start":{"line":843,"column":17},"end":{"line":843,"column":19}},"318":{"start":{"line":845,"column":6},"end":{"line":847,"column":7}},"319":{"start":{"line":846,"column":8},"end":{"line":846,"column":37}},"320":{"start":{"line":851,"column":6},"end":{"line":851,"column":89}},"321":{"start":{"line":854,"column":4},"end":{"line":856,"column":6}},"322":{"start":{"line":855,"column":6},"end":{"line":855,"column":65}},"323":{"start":{"line":859,"column":4},"end":{"line":861,"column":6}},"324":{"start":{"line":860,"column":6},"end":{"line":860,"column":60}},"325":{"start":{"line":864,"column":4},"end":{"line":864,"column":84}},"326":{"start":{"line":866,"column":4},"end":{"line":868,"column":6}},"327":{"start":{"line":867,"column":6},"end":{"line":867,"column":61}},"328":{"start":{"line":870,"column":4},"end":{"line":870,"column":17}},"329":{"start":{"line":873,"column":2},"end":{"line":873,"column":38}},"330":{"start":{"line":875,"column":2},"end":{"line":883,"column":4}},"331":{"start":{"line":876,"column":4},"end":{"line":882,"column":7}},"332":{"start":{"line":877,"column":6},"end":{"line":881,"column":7}},"333":{"start":{"line":878,"column":8},"end":{"line":878,"column":13}},"334":{"start":{"line":880,"column":8},"end":{"line":880,"column":79}},"335":{"start":{"line":885,"column":2},"end":{"line":885,"column":18}},"336":{"start":{"line":888,"column":0},"end":{"line":888,"column":30}},"337":{"start":{"line":902,"column":0},"end":{"line":904,"column":3}},"338":{"start":{"line":906,"column":14},"end":{"line":906,"column":67}},"339":{"start":{"line":910,"column":0},"end":{"line":989,"column":3}},"340":{"start":{"line":912,"column":4},"end":{"line":914,"column":5}},"341":{"start":{"line":913,"column":6},"end":{"line":913,"column":18}},"342":{"start":{"line":916,"column":4},"end":{"line":916,"column":26}},"343":{"start":{"line":920,"column":2},"end":{"line":986,"column":4}},"344":{"start":{"line":921,"column":18},"end":{"line":921,"column":23}},"345":{"start":{"line":922,"column":23},"end":{"line":922,"column":24}},"346":{"start":{"line":923,"column":20},"end":{"line":923,"column":22}},"347":{"start":{"line":924,"column":23},"end":{"line":926,"column":6}},"348":{"start":{"line":925,"column":6},"end":{"line":925,"column":39}},"349":{"start":{"line":927,"column":23},"end":{"line":929,"column":6}},"350":{"start":{"line":928,"column":6},"end":{"line":928,"column":22}},"351":{"start":{"line":931,"column":27},"end":{"line":958,"column":5}},"352":{"start":{"line":933,"column":6},"end":{"line":933,"column":21}},"353":{"start":{"line":935,"column":6},"end":{"line":940,"column":7}},"354":{"start":{"line":936,"column":18},"end":{"line":936,"column":78}},"355":{"start":{"line":937,"column":8},"end":{"line":937,"column":57}},"356":{"start":{"line":938,"column":8},"end":{"line":938,"column":29}},"357":{"start":{"line":939,"column":8},"end":{"line":939,"column":21}},"358":{"start":{"line":943,"column":6},"end":{"line":948,"column":7}},"359":{"start":{"line":944,"column":18},"end":{"line":944,"column":78}},"360":{"start":{"line":945,"column":8},"end":{"line":945,"column":57}},"361":{"start":{"line":946,"column":8},"end":{"line":946,"column":29}},"362":{"start":{"line":947,"column":8},"end":{"line":947,"column":21}},"363":{"start":{"line":950,"column":6},"end":{"line":955,"column":7}},"364":{"start":{"line":951,"column":18},"end":{"line":951,"column":91}},"365":{"start":{"line":952,"column":8},"end":{"line":952,"column":57}},"366":{"start":{"line":953,"column":8},"end":{"line":953,"column":29}},"367":{"start":{"line":954,"column":8},"end":{"line":954,"column":20}},"368":{"start":{"line":957,"column":6},"end":{"line":957,"column":19}},"369":{"start":{"line":960,"column":20},"end":{"line":983,"column":5}},"370":{"start":{"line":961,"column":15},"end":{"line":961,"column":32}},"371":{"start":{"line":962,"column":15},"end":{"line":962,"column":36}},"372":{"start":{"line":963,"column":31},"end":{"line":963,"column":57}},"373":{"start":{"line":964,"column":15},"end":{"line":964,"column":22}},"374":{"start":{"line":965,"column":17},"end":{"line":965,"column":49}},"375":{"start":{"line":966,"column":15},"end":{"line":966,"column":26}},"376":{"start":{"line":967,"column":21},"end":{"line":967,"column":53}},"377":{"start":{"line":968,"column":15},"end":{"line":968,"column":22}},"378":{"start":{"line":969,"column":17},"end":{"line":969,"column":40}},"379":{"start":{"line":972,"column":28},"end":{"line":972,"column":59}},"380":{"start":{"line":973,"column":16},"end":{"line":973,"column":93}},"381":{"start":{"line":974,"column":18},"end":{"line":974,"column":72}},"382":{"start":{"line":975,"column":6},"end":{"line":975,"column":88}},"383":{"start":{"line":977,"column":6},"end":{"line":980,"column":7}},"384":{"start":{"line":978,"column":8},"end":{"line":978,"column":23}},"385":{"start":{"line":979,"column":8},"end":{"line":979,"column":105}},"386":{"start":{"line":982,"column":6},"end":{"line":982,"column":46}},"387":{"start":{"line":985,"column":4},"end":{"line":985,"column":21}},"388":{"start":{"line":988,"column":2},"end":{"line":988,"column":18}},"389":{"start":{"line":991,"column":0},"end":{"line":991,"column":30}},"390":{"start":{"line":1005,"column":16},"end":{"line":1029,"column":3}},"391":{"start":{"line":1006,"column":23},"end":{"line":1018,"column":3}},"392":{"start":{"line":1007,"column":4},"end":{"line":1015,"column":6}},"393":{"start":{"line":1010,"column":6},"end":{"line":1010,"column":22}},"394":{"start":{"line":1012,"column":6},"end":{"line":1014,"column":7}},"395":{"start":{"line":1013,"column":8},"end":{"line":1013,"column":45}},"396":{"start":{"line":1013,"column":33},"end":{"line":1013,"column":45}},"397":{"start":{"line":1017,"column":4},"end":{"line":1017,"column":32}},"398":{"start":{"line":1020,"column":2},"end":{"line":1028,"column":4}},"399":{"start":{"line":1021,"column":4},"end":{"line":1021,"column":25}},"400":{"start":{"line":1024,"column":6},"end":{"line":1024,"column":27}},"401":{"start":{"line":1027,"column":4},"end":{"line":1027,"column":89}},"402":{"start":{"line":1031,"column":22},"end":{"line":1035,"column":1}},"403":{"start":{"line":1032,"column":2},"end":{"line":1034,"column":4}},"404":{"start":{"line":1037,"column":0},"end":{"line":1039,"column":3}},"405":{"start":{"line":1041,"column":14},"end":{"line":1041,"column":67}},"406":{"start":{"line":1043,"column":14},"end":{"line":1043,"column":103}},"407":{"start":{"line":1045,"column":18},"end":{"line":1045,"column":92}},"408":{"start":{"line":1049,"column":0},"end":{"line":1074,"column":29}},"409":{"start":{"line":1050,"column":2},"end":{"line":1050,"column":38}},"410":{"start":{"line":1053,"column":16},"end":{"line":1053,"column":49}},"411":{"start":{"line":1055,"column":4},"end":{"line":1055,"column":23}},"412":{"start":{"line":1057,"column":4},"end":{"line":1057,"column":56}},"413":{"start":{"line":1059,"column":4},"end":{"line":1059,"column":44}},"414":{"start":{"line":1061,"column":4},"end":{"line":1061,"column":27}},"415":{"start":{"line":1063,"column":4},"end":{"line":1063,"column":39}},"416":{"start":{"line":1065,"column":4},"end":{"line":1067,"column":6}},"417":{"start":{"line":1069,"column":4},"end":{"line":1069,"column":24}},"418":{"start":{"line":1070,"column":4},"end":{"line":1070,"column":17}},"419":{"start":{"line":1073,"column":2},"end":{"line":1073,"column":26}},"420":{"start":{"line":1076,"column":0},"end":{"line":1076,"column":38}},"421":{"start":{"line":1090,"column":22},"end":{"line":1094,"column":1}},"422":{"start":{"line":1091,"column":2},"end":{"line":1093,"column":4}},"423":{"start":{"line":1096,"column":0},"end":{"line":1098,"column":3}},"424":{"start":{"line":1100,"column":14},"end":{"line":1100,"column":67}},"425":{"start":{"line":1102,"column":14},"end":{"line":1102,"column":115}},"426":{"start":{"line":1111,"column":0},"end":{"line":1153,"column":2}},"427":{"start":{"line":1112,"column":14},"end":{"line":1112,"column":18}},"428":{"start":{"line":1114,"column":25},"end":{"line":1114,"column":55}},"429":{"start":{"line":1116,"column":2},"end":{"line":1120,"column":3}},"430":{"start":{"line":1117,"column":19},"end":{"line":1117,"column":61}},"431":{"start":{"line":1118,"column":4},"end":{"line":1118,"column":45}},"432":{"start":{"line":1119,"column":4},"end":{"line":1119,"column":60}},"433":{"start":{"line":1123,"column":15},"end":{"line":1123,"column":28}},"434":{"start":{"line":1124,"column":26},"end":{"line":1124,"column":94}},"435":{"start":{"line":1127,"column":2},"end":{"line":1138,"column":3}},"436":{"start":{"line":1128,"column":23},"end":{"line":1128,"column":146}},"437":{"start":{"line":1129,"column":19},"end":{"line":1129,"column":84}},"438":{"start":{"line":1131,"column":4},"end":{"line":1135,"column":5}},"439":{"start":{"line":1132,"column":21},"end":{"line":1132,"column":117}},"440":{"start":{"line":1133,"column":6},"end":{"line":1133,"column":47}},"441":{"start":{"line":1134,"column":6},"end":{"line":1134,"column":62}},"442":{"start":{"line":1137,"column":4},"end":{"line":1137,"column":34}},"443":{"start":{"line":1142,"column":11},"end":{"line":1142,"column":34}},"444":{"start":{"line":1143,"column":14},"end":{"line":1143,"column":39}},"445":{"start":{"line":1145,"column":2},"end":{"line":1152,"column":3}},"446":{"start":{"line":1146,"column":4},"end":{"line":1146,"column":45}},"447":{"start":{"line":1147,"column":4},"end":{"line":1147,"column":46}},"448":{"start":{"line":1149,"column":19},"end":{"line":1149,"column":68}},"449":{"start":{"line":1150,"column":4},"end":{"line":1150,"column":45}},"450":{"start":{"line":1151,"column":4},"end":{"line":1151,"column":60}},"451":{"start":{"line":1164,"column":0},"end":{"line":1202,"column":2}},"452":{"start":{"line":1165,"column":14},"end":{"line":1165,"column":18}},"453":{"start":{"line":1167,"column":15},"end":{"line":1167,"column":27}},"454":{"start":{"line":1169,"column":2},"end":{"line":1173,"column":3}},"455":{"start":{"line":1170,"column":19},"end":{"line":1170,"column":89}},"456":{"start":{"line":1171,"column":4},"end":{"line":1171,"column":45}},"457":{"start":{"line":1172,"column":4},"end":{"line":1172,"column":60}},"458":{"start":{"line":1176,"column":17},"end":{"line":1176,"column":76}},"459":{"start":{"line":1178,"column":2},"end":{"line":1201,"column":3}},"460":{"start":{"line":1180,"column":27},"end":{"line":1180,"column":64}},"461":{"start":{"line":1184,"column":4},"end":{"line":1194,"column":5}},"462":{"start":{"line":1185,"column":6},"end":{"line":1193,"column":9}},"463":{"start":{"line":1186,"column":8},"end":{"line":1190,"column":9}},"464":{"start":{"line":1187,"column":25},"end":{"line":1187,"column":65}},"465":{"start":{"line":1188,"column":10},"end":{"line":1188,"column":51}},"466":{"start":{"line":1189,"column":10},"end":{"line":1189,"column":66}},"467":{"start":{"line":1192,"column":8},"end":{"line":1192,"column":71}},"468":{"start":{"line":1196,"column":4},"end":{"line":1196,"column":53}},"469":{"start":{"line":1198,"column":19},"end":{"line":1198,"column":79}},"470":{"start":{"line":1199,"column":4},"end":{"line":1199,"column":45}},"471":{"start":{"line":1200,"column":4},"end":{"line":1200,"column":60}},"472":{"start":{"line":1213,"column":0},"end":{"line":1213,"column":57}}},"fnMap":{"0":{"name":"webpackUniversalModuleDefinition","decl":{"start":{"line":1,"column":10},"end":{"line":1,"column":42}},"loc":{"start":{"line":1,"column":58},"end":{"line":10,"column":1}},"line":1},"1":{"name":"(anonymous_1)","decl":{"start":{"line":10,"column":11},"end":{"line":10,"column":12}},"loc":{"start":{"line":10,"column":61},"end":{"line":1218,"column":1}},"line":10},"2":{"name":"(anonymous_2)","decl":{"start":{"line":11,"column":17},"end":{"line":11,"column":18}},"loc":{"start":{"line":11,"column":35},"end":{"line":80,"column":10}},"line":11},"3":{"name":"__webpack_require__","decl":{"start":{"line":16,"column":19},"end":{"line":16,"column":38}},"loc":{"start":{"line":16,"column":49},"end":{"line":37,"column":11}},"line":16},"4":{"name":"(anonymous_4)","decl":{"start":{"line":47,"column":34},"end":{"line":47,"column":35}},"loc":{"start":{"line":47,"column":66},"end":{"line":55,"column":11}},"line":47},"5":{"name":"(anonymous_5)","decl":{"start":{"line":58,"column":34},"end":{"line":58,"column":35}},"loc":{"start":{"line":58,"column":52},"end":{"line":60,"column":11}},"line":58},"6":{"name":"(anonymous_6)","decl":{"start":{"line":63,"column":34},"end":{"line":63,"column":35}},"loc":{"start":{"line":63,"column":51},"end":{"line":69,"column":11}},"line":63},"7":{"name":"getDefault","decl":{"start":{"line":65,"column":21},"end":{"line":65,"column":31}},"loc":{"start":{"line":65,"column":34},"end":{"line":65,"column":63}},"line":65},"8":{"name":"getModuleExports","decl":{"start":{"line":66,"column":21},"end":{"line":66,"column":37}},"loc":{"start":{"line":66,"column":40},"end":{"line":66,"column":58}},"line":66},"9":{"name":"(anonymous_9)","decl":{"start":{"line":72,"column":34},"end":{"line":72,"column":35}},"loc":{"start":{"line":72,"column":61},"end":{"line":72,"column":127}},"line":72},"10":{"name":"(anonymous_10)","decl":{"start":{"line":89,"column":7},"end":{"line":89,"column":8}},"loc":{"start":{"line":89,"column":54},"end":{"line":104,"column":7}},"line":89},"11":{"name":"(anonymous_11)","decl":{"start":{"line":111,"column":7},"end":{"line":111,"column":8}},"loc":{"start":{"line":111,"column":54},"end":{"line":141,"column":7}},"line":111},"12":{"name":"(anonymous_12)","decl":{"start":{"line":148,"column":7},"end":{"line":148,"column":8}},"loc":{"start":{"line":148,"column":54},"end":{"line":288,"column":7}},"line":148},"13":{"name":"(anonymous_13)","decl":{"start":{"line":153,"column":42},"end":{"line":153,"column":43}},"loc":{"start":{"line":153,"column":54},"end":{"line":177,"column":1}},"line":153},"14":{"name":"extendStatics","decl":{"start":{"line":154,"column":32},"end":{"line":154,"column":45}},"loc":{"start":{"line":154,"column":52},"end":{"line":166,"column":3}},"line":154},"15":{"name":"(anonymous_15)","decl":{"start":{"line":157,"column":26},"end":{"line":157,"column":27}},"loc":{"start":{"line":157,"column":42},"end":{"line":159,"column":5}},"line":157},"16":{"name":"(anonymous_16)","decl":{"start":{"line":159,"column":9},"end":{"line":159,"column":10}},"loc":{"start":{"line":159,"column":25},"end":{"line":163,"column":5}},"line":159},"17":{"name":"(anonymous_17)","decl":{"start":{"line":168,"column":9},"end":{"line":168,"column":10}},"loc":{"start":{"line":168,"column":25},"end":{"line":176,"column":3}},"line":168},"18":{"name":"__","decl":{"start":{"line":171,"column":13},"end":{"line":171,"column":15}},"loc":{"start":{"line":171,"column":18},"end":{"line":173,"column":5}},"line":171},"19":{"name":"(anonymous_19)","decl":{"start":{"line":179,"column":40},"end":{"line":179,"column":41}},"loc":{"start":{"line":179,"column":52},"end":{"line":193,"column":1}},"line":179},"20":{"name":"(anonymous_20)","decl":{"start":{"line":180,"column":30},"end":{"line":180,"column":31}},"loc":{"start":{"line":180,"column":43},"end":{"line":190,"column":3}},"line":180},"21":{"name":"(anonymous_21)","decl":{"start":{"line":195,"column":54},"end":{"line":195,"column":55}},"loc":{"start":{"line":195,"column":69},"end":{"line":199,"column":1}},"line":195},"22":{"name":"(anonymous_22)","decl":{"start":{"line":235,"column":0},"end":{"line":235,"column":1}},"loc":{"start":{"line":235,"column":18},"end":{"line":284,"column":1}},"line":235},"23":{"name":"KeepObserver","decl":{"start":{"line":238,"column":11},"end":{"line":238,"column":23}},"loc":{"start":{"line":238,"column":32},"end":{"line":281,"column":3}},"line":238},"24":{"name":"(anonymous_24)","decl":{"start":{"line":295,"column":7},"end":{"line":295,"column":8}},"loc":{"start":{"line":295,"column":54},"end":{"line":381,"column":7}},"line":295},"25":{"name":"(anonymous_25)","decl":{"start":{"line":300,"column":36},"end":{"line":300,"column":37}},"loc":{"start":{"line":300,"column":52},"end":{"line":325,"column":1}},"line":300},"26":{"name":"(anonymous_26)","decl":{"start":{"line":327,"column":40},"end":{"line":327,"column":41}},"loc":{"start":{"line":327,"column":52},"end":{"line":333,"column":1}},"line":327},"27":{"name":"(anonymous_27)","decl":{"start":{"line":341,"column":22},"end":{"line":341,"column":23}},"loc":{"start":{"line":341,"column":45},"end":{"line":349,"column":1}},"line":341},"28":{"name":"(anonymous_28)","decl":{"start":{"line":351,"column":15},"end":{"line":351,"column":16}},"loc":{"start":{"line":351,"column":34},"end":{"line":379,"column":1}},"line":351},"29":{"name":"(anonymous_29)","decl":{"start":{"line":388,"column":7},"end":{"line":388,"column":8}},"loc":{"start":{"line":388,"column":54},"end":{"line":409,"column":7}},"line":388},"30":{"name":"(anonymous_30)","decl":{"start":{"line":400,"column":29},"end":{"line":400,"column":30}},"loc":{"start":{"line":400,"column":47},"end":{"line":402,"column":1}},"line":400},"31":{"name":"(anonymous_31)","decl":{"start":{"line":405,"column":14},"end":{"line":405,"column":15}},"loc":{"start":{"line":405,"column":34},"end":{"line":407,"column":1}},"line":405},"32":{"name":"(anonymous_32)","decl":{"start":{"line":416,"column":7},"end":{"line":416,"column":8}},"loc":{"start":{"line":416,"column":54},"end":{"line":441,"column":7}},"line":416},"33":{"name":"(anonymous_33)","decl":{"start":{"line":428,"column":20},"end":{"line":428,"column":21}},"loc":{"start":{"line":428,"column":52},"end":{"line":434,"column":1}},"line":428},"34":{"name":"(anonymous_34)","decl":{"start":{"line":437,"column":23},"end":{"line":437,"column":24}},"loc":{"start":{"line":437,"column":35},"end":{"line":439,"column":1}},"line":437},"35":{"name":"(anonymous_35)","decl":{"start":{"line":448,"column":7},"end":{"line":448,"column":8}},"loc":{"start":{"line":448,"column":54},"end":{"line":483,"column":7}},"line":448},"36":{"name":"(anonymous_36)","decl":{"start":{"line":462,"column":34},"end":{"line":462,"column":35}},"loc":{"start":{"line":462,"column":46},"end":{"line":481,"column":1}},"line":462},"37":{"name":"(anonymous_37)","decl":{"start":{"line":490,"column":7},"end":{"line":490,"column":8}},"loc":{"start":{"line":490,"column":54},"end":{"line":526,"column":7}},"line":490},"38":{"name":"(anonymous_38)","decl":{"start":{"line":505,"column":0},"end":{"line":505,"column":1}},"loc":{"start":{"line":505,"column":12},"end":{"line":522,"column":1}},"line":505},"39":{"name":"MessageQueue","decl":{"start":{"line":506,"column":11},"end":{"line":506,"column":23}},"loc":{"start":{"line":506,"column":39},"end":{"line":519,"column":3}},"line":506},"40":{"name":"(anonymous_40)","decl":{"start":{"line":533,"column":7},"end":{"line":533,"column":8}},"loc":{"start":{"line":533,"column":54},"end":{"line":579,"column":7}},"line":533},"41":{"name":"(anonymous_41)","decl":{"start":{"line":545,"column":36},"end":{"line":545,"column":37}},"loc":{"start":{"line":545,"column":57},"end":{"line":577,"column":1}},"line":545},"42":{"name":"(anonymous_42)","decl":{"start":{"line":559,"column":9},"end":{"line":559,"column":10}},"loc":{"start":{"line":559,"column":23},"end":{"line":576,"column":3}},"line":559},"43":{"name":"(anonymous_43)","decl":{"start":{"line":571,"column":28},"end":{"line":571,"column":29}},"loc":{"start":{"line":571,"column":40},"end":{"line":575,"column":5}},"line":571},"44":{"name":"(anonymous_44)","decl":{"start":{"line":586,"column":7},"end":{"line":586,"column":8}},"loc":{"start":{"line":586,"column":54},"end":{"line":680,"column":7}},"line":586},"45":{"name":"(anonymous_45)","decl":{"start":{"line":598,"column":26},"end":{"line":598,"column":27}},"loc":{"start":{"line":598,"column":48},"end":{"line":628,"column":1}},"line":598},"46":{"name":"(anonymous_46)","decl":{"start":{"line":605,"column":21},"end":{"line":605,"column":22}},"loc":{"start":{"line":605,"column":41},"end":{"line":627,"column":3}},"line":605},"47":{"name":"(anonymous_47)","decl":{"start":{"line":616,"column":15},"end":{"line":616,"column":16}},"loc":{"start":{"line":616,"column":27},"end":{"line":626,"column":5}},"line":616},"48":{"name":"(anonymous_48)","decl":{"start":{"line":618,"column":41},"end":{"line":618,"column":42}},"loc":{"start":{"line":618,"column":54},"end":{"line":620,"column":7}},"line":618},"49":{"name":"(anonymous_49)","decl":{"start":{"line":631,"column":25},"end":{"line":631,"column":26}},"loc":{"start":{"line":631,"column":42},"end":{"line":678,"column":1}},"line":631},"50":{"name":"(anonymous_50)","decl":{"start":{"line":641,"column":31},"end":{"line":641,"column":32}},"loc":{"start":{"line":641,"column":47},"end":{"line":674,"column":3}},"line":641},"51":{"name":"(anonymous_51)","decl":{"start":{"line":645,"column":67},"end":{"line":645,"column":68}},"loc":{"start":{"line":645,"column":89},"end":{"line":673,"column":5}},"line":645},"52":{"name":"(anonymous_52)","decl":{"start":{"line":674,"column":17},"end":{"line":674,"column":18}},"loc":{"start":{"line":674,"column":29},"end":{"line":677,"column":3}},"line":674},"53":{"name":"(anonymous_53)","decl":{"start":{"line":687,"column":7},"end":{"line":687,"column":8}},"loc":{"start":{"line":687,"column":54},"end":{"line":890,"column":7}},"line":687},"54":{"name":"(anonymous_54)","decl":{"start":{"line":692,"column":42},"end":{"line":692,"column":43}},"loc":{"start":{"line":692,"column":54},"end":{"line":716,"column":1}},"line":692},"55":{"name":"extendStatics","decl":{"start":{"line":693,"column":32},"end":{"line":693,"column":45}},"loc":{"start":{"line":693,"column":52},"end":{"line":705,"column":3}},"line":693},"56":{"name":"(anonymous_56)","decl":{"start":{"line":696,"column":26},"end":{"line":696,"column":27}},"loc":{"start":{"line":696,"column":42},"end":{"line":698,"column":5}},"line":696},"57":{"name":"(anonymous_57)","decl":{"start":{"line":698,"column":9},"end":{"line":698,"column":10}},"loc":{"start":{"line":698,"column":25},"end":{"line":702,"column":5}},"line":698},"58":{"name":"(anonymous_58)","decl":{"start":{"line":707,"column":9},"end":{"line":707,"column":10}},"loc":{"start":{"line":707,"column":25},"end":{"line":715,"column":3}},"line":707},"59":{"name":"__","decl":{"start":{"line":710,"column":13},"end":{"line":710,"column":15}},"loc":{"start":{"line":710,"column":18},"end":{"line":712,"column":5}},"line":710},"60":{"name":"(anonymous_60)","decl":{"start":{"line":718,"column":40},"end":{"line":718,"column":41}},"loc":{"start":{"line":718,"column":52},"end":{"line":732,"column":1}},"line":718},"61":{"name":"(anonymous_61)","decl":{"start":{"line":719,"column":30},"end":{"line":719,"column":31}},"loc":{"start":{"line":719,"column":43},"end":{"line":729,"column":3}},"line":719},"62":{"name":"(anonymous_62)","decl":{"start":{"line":734,"column":36},"end":{"line":734,"column":37}},"loc":{"start":{"line":734,"column":52},"end":{"line":759,"column":1}},"line":734},"63":{"name":"(anonymous_63)","decl":{"start":{"line":761,"column":40},"end":{"line":761,"column":41}},"loc":{"start":{"line":761,"column":52},"end":{"line":767,"column":1}},"line":761},"64":{"name":"(anonymous_64)","decl":{"start":{"line":769,"column":54},"end":{"line":769,"column":55}},"loc":{"start":{"line":769,"column":69},"end":{"line":773,"column":1}},"line":769},"65":{"name":"(anonymous_65)","decl":{"start":{"line":787,"column":0},"end":{"line":787,"column":1}},"loc":{"start":{"line":787,"column":18},"end":{"line":886,"column":1}},"line":787},"66":{"name":"PipeUser","decl":{"start":{"line":790,"column":11},"end":{"line":790,"column":19}},"loc":{"start":{"line":790,"column":41},"end":{"line":871,"column":3}},"line":790},"67":{"name":"(anonymous_67)","decl":{"start":{"line":800,"column":4},"end":{"line":800,"column":5}},"loc":{"start":{"line":800,"column":44},"end":{"line":836,"column":5}},"line":800},"68":{"name":"(anonymous_68)","decl":{"start":{"line":814,"column":61},"end":{"line":814,"column":62}},"loc":{"start":{"line":814,"column":91},"end":{"line":827,"column":7}},"line":814},"69":{"name":"(anonymous_69)","decl":{"start":{"line":824,"column":66},"end":{"line":824,"column":67}},"loc":{"start":{"line":824,"column":78},"end":{"line":826,"column":9}},"line":824},"70":{"name":"(anonymous_70)","decl":{"start":{"line":828,"column":18},"end":{"line":828,"column":19}},"loc":{"start":{"line":828,"column":30},"end":{"line":835,"column":7}},"line":828},"71":{"name":"(anonymous_71)","decl":{"start":{"line":831,"column":62},"end":{"line":831,"column":63}},"loc":{"start":{"line":831,"column":74},"end":{"line":833,"column":11}},"line":831},"72":{"name":"(anonymous_72)","decl":{"start":{"line":838,"column":4},"end":{"line":838,"column":5}},"loc":{"start":{"line":838,"column":30},"end":{"line":840,"column":5}},"line":838},"73":{"name":"(anonymous_73)","decl":{"start":{"line":842,"column":28},"end":{"line":842,"column":29}},"loc":{"start":{"line":842,"column":49},"end":{"line":852,"column":5}},"line":842},"74":{"name":"(anonymous_74)","decl":{"start":{"line":854,"column":28},"end":{"line":854,"column":29}},"loc":{"start":{"line":854,"column":60},"end":{"line":856,"column":5}},"line":854},"75":{"name":"(anonymous_75)","decl":{"start":{"line":859,"column":32},"end":{"line":859,"column":33}},"loc":{"start":{"line":859,"column":50},"end":{"line":861,"column":5}},"line":859},"76":{"name":"(anonymous_76)","decl":{"start":{"line":866,"column":37},"end":{"line":866,"column":38}},"loc":{"start":{"line":866,"column":57},"end":{"line":868,"column":5}},"line":866},"77":{"name":"(anonymous_77)","decl":{"start":{"line":875,"column":34},"end":{"line":875,"column":35}},"loc":{"start":{"line":875,"column":46},"end":{"line":883,"column":3}},"line":875},"78":{"name":"(anonymous_78)","decl":{"start":{"line":876,"column":39},"end":{"line":876,"column":40}},"loc":{"start":{"line":876,"column":53},"end":{"line":882,"column":5}},"line":876},"79":{"name":"(anonymous_79)","decl":{"start":{"line":897,"column":7},"end":{"line":897,"column":8}},"loc":{"start":{"line":897,"column":54},"end":{"line":993,"column":7}},"line":897},"80":{"name":"(anonymous_80)","decl":{"start":{"line":910,"column":0},"end":{"line":910,"column":1}},"loc":{"start":{"line":910,"column":12},"end":{"line":989,"column":1}},"line":910},"81":{"name":"WatchDog","decl":{"start":{"line":911,"column":11},"end":{"line":911,"column":19}},"loc":{"start":{"line":911,"column":28},"end":{"line":917,"column":3}},"line":911},"82":{"name":"(anonymous_82)","decl":{"start":{"line":920,"column":44},"end":{"line":920,"column":45}},"loc":{"start":{"line":920,"column":75},"end":{"line":986,"column":3}},"line":920},"83":{"name":"(anonymous_83)","decl":{"start":{"line":924,"column":56},"end":{"line":924,"column":57}},"loc":{"start":{"line":924,"column":68},"end":{"line":926,"column":5}},"line":924},"84":{"name":"(anonymous_84)","decl":{"start":{"line":927,"column":56},"end":{"line":927,"column":57}},"loc":{"start":{"line":927,"column":68},"end":{"line":929,"column":5}},"line":927},"85":{"name":"limtJudgeAnomaly","decl":{"start":{"line":931,"column":36},"end":{"line":931,"column":52}},"loc":{"start":{"line":931,"column":90},"end":{"line":958,"column":5}},"line":931},"86":{"name":"watchWrap","decl":{"start":{"line":960,"column":29},"end":{"line":960,"column":38}},"loc":{"start":{"line":960,"column":52},"end":{"line":983,"column":5}},"line":960},"87":{"name":"(anonymous_87)","decl":{"start":{"line":1000,"column":7},"end":{"line":1000,"column":8}},"loc":{"start":{"line":1000,"column":54},"end":{"line":1078,"column":7}},"line":1000},"88":{"name":"(anonymous_88)","decl":{"start":{"line":1005,"column":42},"end":{"line":1005,"column":43}},"loc":{"start":{"line":1005,"column":54},"end":{"line":1029,"column":1}},"line":1005},"89":{"name":"extendStatics","decl":{"start":{"line":1006,"column":32},"end":{"line":1006,"column":45}},"loc":{"start":{"line":1006,"column":52},"end":{"line":1018,"column":3}},"line":1006},"90":{"name":"(anonymous_90)","decl":{"start":{"line":1009,"column":26},"end":{"line":1009,"column":27}},"loc":{"start":{"line":1009,"column":42},"end":{"line":1011,"column":5}},"line":1009},"91":{"name":"(anonymous_91)","decl":{"start":{"line":1011,"column":9},"end":{"line":1011,"column":10}},"loc":{"start":{"line":1011,"column":25},"end":{"line":1015,"column":5}},"line":1011},"92":{"name":"(anonymous_92)","decl":{"start":{"line":1020,"column":9},"end":{"line":1020,"column":10}},"loc":{"start":{"line":1020,"column":25},"end":{"line":1028,"column":3}},"line":1020},"93":{"name":"__","decl":{"start":{"line":1023,"column":13},"end":{"line":1023,"column":15}},"loc":{"start":{"line":1023,"column":18},"end":{"line":1025,"column":5}},"line":1023},"94":{"name":"(anonymous_94)","decl":{"start":{"line":1031,"column":54},"end":{"line":1031,"column":55}},"loc":{"start":{"line":1031,"column":69},"end":{"line":1035,"column":1}},"line":1031},"95":{"name":"(anonymous_95)","decl":{"start":{"line":1049,"column":0},"end":{"line":1049,"column":1}},"loc":{"start":{"line":1049,"column":18},"end":{"line":1074,"column":1}},"line":1049},"96":{"name":"keepObserverPipe","decl":{"start":{"line":1052,"column":11},"end":{"line":1052,"column":27}},"loc":{"start":{"line":1052,"column":50},"end":{"line":1071,"column":3}},"line":1052},"97":{"name":"(anonymous_97)","decl":{"start":{"line":1085,"column":7},"end":{"line":1085,"column":8}},"loc":{"start":{"line":1085,"column":54},"end":{"line":1204,"column":7}},"line":1085},"98":{"name":"(anonymous_98)","decl":{"start":{"line":1090,"column":54},"end":{"line":1090,"column":55}},"loc":{"start":{"line":1090,"column":69},"end":{"line":1094,"column":1}},"line":1090},"99":{"name":"(anonymous_99)","decl":{"start":{"line":1111,"column":14},"end":{"line":1111,"column":15}},"loc":{"start":{"line":1111,"column":34},"end":{"line":1153,"column":1}},"line":1111},"100":{"name":"(anonymous_100)","decl":{"start":{"line":1164,"column":20},"end":{"line":1164,"column":21}},"loc":{"start":{"line":1164,"column":46},"end":{"line":1202,"column":1}},"line":1164},"101":{"name":"(anonymous_101)","decl":{"start":{"line":1185,"column":42},"end":{"line":1185,"column":43}},"loc":{"start":{"line":1185,"column":71},"end":{"line":1193,"column":7}},"line":1185},"102":{"name":"(anonymous_102)","decl":{"start":{"line":1211,"column":7},"end":{"line":1211,"column":8}},"loc":{"start":{"line":1211,"column":33},"end":{"line":1215,"column":7}},"line":1211}},"branchMap":{"0":{"loc":{"start":{"line":2,"column":1},"end":{"line":9,"column":2}},"type":"if","locations":[{"start":{"line":2,"column":1},"end":{"line":9,"column":2}},{"start":{"line":2,"column":1},"end":{"line":9,"column":2}}],"line":2},"1":{"loc":{"start":{"line":2,"column":4},"end":{"line":2,"column":61}},"type":"binary-expr","locations":[{"start":{"line":2,"column":4},"end":{"line":2,"column":31}},{"start":{"line":2,"column":35},"end":{"line":2,"column":61}}],"line":2},"2":{"loc":{"start":{"line":4,"column":6},"end":{"line":9,"column":2}},"type":"if","locations":[{"start":{"line":4,"column":6},"end":{"line":9,"column":2}},{"start":{"line":4,"column":6},"end":{"line":9,"column":2}}],"line":4},"3":{"loc":{"start":{"line":4,"column":9},"end":{"line":4,"column":51}},"type":"binary-expr","locations":[{"start":{"line":4,"column":9},"end":{"line":4,"column":37}},{"start":{"line":4,"column":41},"end":{"line":4,"column":51}}],"line":4},"4":{"loc":{"start":{"line":7,"column":10},"end":{"line":7,"column":102}},"type":"cond-expr","locations":[{"start":{"line":7,"column":40},"end":{"line":7,"column":71}},{"start":{"line":7,"column":74},"end":{"line":7,"column":102}}],"line":7},"5":{"loc":{"start":{"line":8,"column":19},"end":{"line":8,"column":63}},"type":"cond-expr","locations":[{"start":{"line":8,"column":49},"end":{"line":8,"column":56}},{"start":{"line":8,"column":59},"end":{"line":8,"column":63}}],"line":8},"6":{"loc":{"start":{"line":19,"column":11},"end":{"line":21,"column":12}},"type":"if","locations":[{"start":{"line":19,"column":11},"end":{"line":21,"column":12}},{"start":{"line":19,"column":11},"end":{"line":21,"column":12}}],"line":19},"7":{"loc":{"start":{"line":48,"column":11},"end":{"line":54,"column":12}},"type":"if","locations":[{"start":{"line":48,"column":11},"end":{"line":54,"column":12}},{"start":{"line":48,"column":11},"end":{"line":54,"column":12}}],"line":48},"8":{"loc":{"start":{"line":64,"column":24},"end":{"line":66,"column":58}},"type":"cond-expr","locations":[{"start":{"line":65,"column":12},"end":{"line":65,"column":63}},{"start":{"line":66,"column":12},"end":{"line":66,"column":58}}],"line":64},"9":{"loc":{"start":{"line":64,"column":24},"end":{"line":64,"column":51}},"type":"binary-expr","locations":[{"start":{"line":64,"column":24},"end":{"line":64,"column":30}},{"start":{"line":64,"column":34},"end":{"line":64,"column":51}}],"line":64},"10":{"loc":{"start":{"line":153,"column":16},"end":{"line":177,"column":3}},"type":"binary-expr","locations":[{"start":{"line":153,"column":16},"end":{"line":153,"column":20}},{"start":{"line":153,"column":24},"end":{"line":153,"column":38}},{"start":{"line":153,"column":42},"end":{"line":177,"column":3}}],"line":153},"11":{"loc":{"start":{"line":155,"column":21},"end":{"line":163,"column":5}},"type":"binary-expr","locations":[{"start":{"line":155,"column":21},"end":{"line":155,"column":42}},{"start":{"line":155,"column":46},"end":{"line":157,"column":22}},{"start":{"line":157,"column":26},"end":{"line":159,"column":5}},{"start":{"line":159,"column":9},"end":{"line":163,"column":5}}],"line":155},"12":{"loc":{"start":{"line":161,"column":8},"end":{"line":161,"column":45}},"type":"if","locations":[{"start":{"line":161,"column":8},"end":{"line":161,"column":45}},{"start":{"line":161,"column":8},"end":{"line":161,"column":45}}],"line":161},"13":{"loc":{"start":{"line":175,"column":18},"end":{"line":175,"column":88}},"type":"cond-expr","locations":[{"start":{"line":175,"column":31},"end":{"line":175,"column":47}},{"start":{"line":175,"column":51},"end":{"line":175,"column":87}}],"line":175},"14":{"loc":{"start":{"line":179,"column":15},"end":{"line":193,"column":1}},"type":"binary-expr","locations":[{"start":{"line":179,"column":15},"end":{"line":179,"column":19}},{"start":{"line":179,"column":23},"end":{"line":179,"column":36}},{"start":{"line":179,"column":40},"end":{"line":193,"column":1}}],"line":179},"15":{"loc":{"start":{"line":180,"column":13},"end":{"line":190,"column":3}},"type":"binary-expr","locations":[{"start":{"line":180,"column":13},"end":{"line":180,"column":26}},{"start":{"line":180,"column":30},"end":{"line":190,"column":3}}],"line":180},"16":{"loc":{"start":{"line":185,"column":8},"end":{"line":185,"column":68}},"type":"if","locations":[{"start":{"line":185,"column":8},"end":{"line":185,"column":68}},{"start":{"line":185,"column":8},"end":{"line":185,"column":68}}],"line":185},"17":{"loc":{"start":{"line":195,"column":22},"end":{"line":199,"column":1}},"type":"binary-expr","locations":[{"start":{"line":195,"column":22},"end":{"line":195,"column":26}},{"start":{"line":195,"column":30},"end":{"line":195,"column":50}},{"start":{"line":195,"column":54},"end":{"line":199,"column":1}}],"line":195},"18":{"loc":{"start":{"line":196,"column":9},"end":{"line":198,"column":3}},"type":"cond-expr","locations":[{"start":{"line":196,"column":33},"end":{"line":196,"column":36}},{"start":{"line":196,"column":39},"end":{"line":198,"column":3}}],"line":196},"19":{"loc":{"start":{"line":196,"column":9},"end":{"line":196,"column":30}},"type":"binary-expr","locations":[{"start":{"line":196,"column":9},"end":{"line":196,"column":12}},{"start":{"line":196,"column":16},"end":{"line":196,"column":30}}],"line":196},"20":{"loc":{"start":{"line":239,"column":4},"end":{"line":241,"column":5}},"type":"if","locations":[{"start":{"line":239,"column":4},"end":{"line":241,"column":5}},{"start":{"line":239,"column":4},"end":{"line":241,"column":5}}],"line":239},"21":{"loc":{"start":{"line":243,"column":16},"end":{"line":243,"column":122}},"type":"binary-expr","locations":[{"start":{"line":243,"column":16},"end":{"line":243,"column":114}},{"start":{"line":243,"column":118},"end":{"line":243,"column":122}}],"line":243},"22":{"loc":{"start":{"line":276,"column":4},"end":{"line":278,"column":5}},"type":"if","locations":[{"start":{"line":276,"column":4},"end":{"line":278,"column":5}},{"start":{"line":276,"column":4},"end":{"line":278,"column":5}}],"line":276},"23":{"loc":{"start":{"line":276,"column":8},"end":{"line":276,"column":77}},"type":"binary-expr","locations":[{"start":{"line":276,"column":8},"end":{"line":276,"column":36}},{"start":{"line":276,"column":40},"end":{"line":276,"column":77}}],"line":276},"24":{"loc":{"start":{"line":300,"column":13},"end":{"line":325,"column":1}},"type":"binary-expr","locations":[{"start":{"line":300,"column":13},"end":{"line":300,"column":17}},{"start":{"line":300,"column":21},"end":{"line":300,"column":32}},{"start":{"line":300,"column":36},"end":{"line":325,"column":1}}],"line":300},"25":{"loc":{"start":{"line":301,"column":10},"end":{"line":301,"column":60}},"type":"binary-expr","locations":[{"start":{"line":301,"column":10},"end":{"line":301,"column":38}},{"start":{"line":301,"column":42},"end":{"line":301,"column":60}}],"line":301},"26":{"loc":{"start":{"line":302,"column":2},"end":{"line":302,"column":19}},"type":"if","locations":[{"start":{"line":302,"column":2},"end":{"line":302,"column":19}},{"start":{"line":302,"column":2},"end":{"line":302,"column":19}}],"line":302},"27":{"loc":{"start":{"line":309,"column":11},"end":{"line":309,"column":60}},"type":"binary-expr","locations":[{"start":{"line":309,"column":12},"end":{"line":309,"column":24}},{"start":{"line":309,"column":28},"end":{"line":309,"column":35}},{"start":{"line":309,"column":40},"end":{"line":309,"column":60}}],"line":309},"28":{"loc":{"start":{"line":318,"column":6},"end":{"line":318,"column":55}},"type":"if","locations":[{"start":{"line":318,"column":6},"end":{"line":318,"column":55}},{"start":{"line":318,"column":6},"end":{"line":318,"column":55}}],"line":318},"29":{"loc":{"start":{"line":318,"column":10},"end":{"line":318,"column":43}},"type":"binary-expr","locations":[{"start":{"line":318,"column":10},"end":{"line":318,"column":11}},{"start":{"line":318,"column":15},"end":{"line":318,"column":22}},{"start":{"line":318,"column":27},"end":{"line":318,"column":42}}],"line":318},"30":{"loc":{"start":{"line":320,"column":6},"end":{"line":320,"column":27}},"type":"if","locations":[{"start":{"line":320,"column":6},"end":{"line":320,"column":27}},{"start":{"line":320,"column":6},"end":{"line":320,"column":27}}],"line":320},"31":{"loc":{"start":{"line":327,"column":15},"end":{"line":333,"column":1}},"type":"binary-expr","locations":[{"start":{"line":327,"column":15},"end":{"line":327,"column":19}},{"start":{"line":327,"column":23},"end":{"line":327,"column":36}},{"start":{"line":327,"column":40},"end":{"line":333,"column":1}}],"line":327},"32":{"loc":{"start":{"line":344,"column":2},"end":{"line":346,"column":3}},"type":"if","locations":[{"start":{"line":344,"column":2},"end":{"line":346,"column":3}},{"start":{"line":344,"column":2},"end":{"line":346,"column":3}}],"line":344},"33":{"loc":{"start":{"line":360,"column":2},"end":{"line":364,"column":3}},"type":"if","locations":[{"start":{"line":360,"column":2},"end":{"line":364,"column":3}},{"start":{"line":360,"column":2},"end":{"line":364,"column":3}}],"line":360},"34":{"loc":{"start":{"line":429,"column":2},"end":{"line":431,"column":3}},"type":"if","locations":[{"start":{"line":429,"column":2},"end":{"line":431,"column":3}},{"start":{"line":429,"column":2},"end":{"line":431,"column":3}}],"line":429},"35":{"loc":{"start":{"line":465,"column":2},"end":{"line":467,"column":3}},"type":"if","locations":[{"start":{"line":465,"column":2},"end":{"line":467,"column":3}},{"start":{"line":465,"column":2},"end":{"line":467,"column":3}}],"line":465},"36":{"loc":{"start":{"line":465,"column":6},"end":{"line":465,"column":80}},"type":"binary-expr","locations":[{"start":{"line":465,"column":6},"end":{"line":465,"column":34}},{"start":{"line":465,"column":38},"end":{"line":465,"column":80}}],"line":465},"37":{"loc":{"start":{"line":469,"column":2},"end":{"line":471,"column":3}},"type":"if","locations":[{"start":{"line":469,"column":2},"end":{"line":471,"column":3}},{"start":{"line":469,"column":2},"end":{"line":471,"column":3}}],"line":469},"38":{"loc":{"start":{"line":474,"column":4},"end":{"line":477,"column":5}},"type":"if","locations":[{"start":{"line":474,"column":4},"end":{"line":477,"column":5}},{"start":{"line":474,"column":4},"end":{"line":477,"column":5}}],"line":474},"39":{"loc":{"start":{"line":549,"column":2},"end":{"line":556,"column":3}},"type":"if","locations":[{"start":{"line":549,"column":2},"end":{"line":556,"column":3}},{"start":{"line":549,"column":2},"end":{"line":556,"column":3}}],"line":549},"40":{"loc":{"start":{"line":561,"column":4},"end":{"line":568,"column":5}},"type":"if","locations":[{"start":{"line":561,"column":4},"end":{"line":568,"column":5}},{"start":{"line":561,"column":4},"end":{"line":568,"column":5}}],"line":561},"41":{"loc":{"start":{"line":561,"column":8},"end":{"line":561,"column":44}},"type":"binary-expr","locations":[{"start":{"line":561,"column":8},"end":{"line":561,"column":11}},{"start":{"line":561,"column":15},"end":{"line":561,"column":44}}],"line":561},"42":{"loc":{"start":{"line":607,"column":4},"end":{"line":609,"column":5}},"type":"if","locations":[{"start":{"line":607,"column":4},"end":{"line":609,"column":5}},{"start":{"line":607,"column":4},"end":{"line":609,"column":5}}],"line":607},"43":{"loc":{"start":{"line":634,"column":2},"end":{"line":636,"column":3}},"type":"if","locations":[{"start":{"line":634,"column":2},"end":{"line":636,"column":3}},{"start":{"line":634,"column":2},"end":{"line":636,"column":3}}],"line":634},"44":{"loc":{"start":{"line":634,"column":6},"end":{"line":634,"column":57}},"type":"binary-expr","locations":[{"start":{"line":634,"column":6},"end":{"line":634,"column":35}},{"start":{"line":634,"column":39},"end":{"line":634,"column":57}}],"line":634},"45":{"loc":{"start":{"line":647,"column":15},"end":{"line":647,"column":73}},"type":"cond-expr","locations":[{"start":{"line":647,"column":49},"end":{"line":647,"column":65}},{"start":{"line":647,"column":68},"end":{"line":647,"column":73}}],"line":647},"46":{"loc":{"start":{"line":649,"column":6},"end":{"line":651,"column":7}},"type":"if","locations":[{"start":{"line":649,"column":6},"end":{"line":651,"column":7}},{"start":{"line":649,"column":6},"end":{"line":651,"column":7}}],"line":649},"47":{"loc":{"start":{"line":654,"column":6},"end":{"line":656,"column":7}},"type":"if","locations":[{"start":{"line":654,"column":6},"end":{"line":656,"column":7}},{"start":{"line":654,"column":6},"end":{"line":656,"column":7}}],"line":654},"48":{"loc":{"start":{"line":659,"column":6},"end":{"line":661,"column":7}},"type":"if","locations":[{"start":{"line":659,"column":6},"end":{"line":661,"column":7}},{"start":{"line":659,"column":6},"end":{"line":661,"column":7}}],"line":659},"49":{"loc":{"start":{"line":666,"column":15},"end":{"line":666,"column":46}},"type":"binary-expr","locations":[{"start":{"line":666,"column":15},"end":{"line":666,"column":25}},{"start":{"line":666,"column":29},"end":{"line":666,"column":46}}],"line":666},"50":{"loc":{"start":{"line":692,"column":16},"end":{"line":716,"column":3}},"type":"binary-expr","locations":[{"start":{"line":692,"column":16},"end":{"line":692,"column":20}},{"start":{"line":692,"column":24},"end":{"line":692,"column":38}},{"start":{"line":692,"column":42},"end":{"line":716,"column":3}}],"line":692},"51":{"loc":{"start":{"line":694,"column":21},"end":{"line":702,"column":5}},"type":"binary-expr","locations":[{"start":{"line":694,"column":21},"end":{"line":694,"column":42}},{"start":{"line":694,"column":46},"end":{"line":696,"column":22}},{"start":{"line":696,"column":26},"end":{"line":698,"column":5}},{"start":{"line":698,"column":9},"end":{"line":702,"column":5}}],"line":694},"52":{"loc":{"start":{"line":700,"column":8},"end":{"line":700,"column":45}},"type":"if","locations":[{"start":{"line":700,"column":8},"end":{"line":700,"column":45}},{"start":{"line":700,"column":8},"end":{"line":700,"column":45}}],"line":700},"53":{"loc":{"start":{"line":714,"column":18},"end":{"line":714,"column":88}},"type":"cond-expr","locations":[{"start":{"line":714,"column":31},"end":{"line":714,"column":47}},{"start":{"line":714,"column":51},"end":{"line":714,"column":87}}],"line":714},"54":{"loc":{"start":{"line":718,"column":15},"end":{"line":732,"column":1}},"type":"binary-expr","locations":[{"start":{"line":718,"column":15},"end":{"line":718,"column":19}},{"start":{"line":718,"column":23},"end":{"line":718,"column":36}},{"start":{"line":718,"column":40},"end":{"line":732,"column":1}}],"line":718},"55":{"loc":{"start":{"line":719,"column":13},"end":{"line":729,"column":3}},"type":"binary-expr","locations":[{"start":{"line":719,"column":13},"end":{"line":719,"column":26}},{"start":{"line":719,"column":30},"end":{"line":729,"column":3}}],"line":719},"56":{"loc":{"start":{"line":724,"column":8},"end":{"line":724,"column":68}},"type":"if","locations":[{"start":{"line":724,"column":8},"end":{"line":724,"column":68}},{"start":{"line":724,"column":8},"end":{"line":724,"column":68}}],"line":724},"57":{"loc":{"start":{"line":734,"column":13},"end":{"line":759,"column":1}},"type":"binary-expr","locations":[{"start":{"line":734,"column":13},"end":{"line":734,"column":17}},{"start":{"line":734,"column":21},"end":{"line":734,"column":32}},{"start":{"line":734,"column":36},"end":{"line":759,"column":1}}],"line":734},"58":{"loc":{"start":{"line":735,"column":10},"end":{"line":735,"column":60}},"type":"binary-expr","locations":[{"start":{"line":735,"column":10},"end":{"line":735,"column":38}},{"start":{"line":735,"column":42},"end":{"line":735,"column":60}}],"line":735},"59":{"loc":{"start":{"line":736,"column":2},"end":{"line":736,"column":19}},"type":"if","locations":[{"start":{"line":736,"column":2},"end":{"line":736,"column":19}},{"start":{"line":736,"column":2},"end":{"line":736,"column":19}}],"line":736},"60":{"loc":{"start":{"line":743,"column":11},"end":{"line":743,"column":60}},"type":"binary-expr","locations":[{"start":{"line":743,"column":12},"end":{"line":743,"column":24}},{"start":{"line":743,"column":28},"end":{"line":743,"column":35}},{"start":{"line":743,"column":40},"end":{"line":743,"column":60}}],"line":743},"61":{"loc":{"start":{"line":752,"column":6},"end":{"line":752,"column":55}},"type":"if","locations":[{"start":{"line":752,"column":6},"end":{"line":752,"column":55}},{"start":{"line":752,"column":6},"end":{"line":752,"column":55}}],"line":752},"62":{"loc":{"start":{"line":752,"column":10},"end":{"line":752,"column":43}},"type":"binary-expr","locations":[{"start":{"line":752,"column":10},"end":{"line":752,"column":11}},{"start":{"line":752,"column":15},"end":{"line":752,"column":22}},{"start":{"line":752,"column":27},"end":{"line":752,"column":42}}],"line":752},"63":{"loc":{"start":{"line":754,"column":6},"end":{"line":754,"column":27}},"type":"if","locations":[{"start":{"line":754,"column":6},"end":{"line":754,"column":27}},{"start":{"line":754,"column":6},"end":{"line":754,"column":27}}],"line":754},"64":{"loc":{"start":{"line":761,"column":15},"end":{"line":767,"column":1}},"type":"binary-expr","locations":[{"start":{"line":761,"column":15},"end":{"line":761,"column":19}},{"start":{"line":761,"column":23},"end":{"line":761,"column":36}},{"start":{"line":761,"column":40},"end":{"line":767,"column":1}}],"line":761},"65":{"loc":{"start":{"line":769,"column":22},"end":{"line":773,"column":1}},"type":"binary-expr","locations":[{"start":{"line":769,"column":22},"end":{"line":769,"column":26}},{"start":{"line":769,"column":30},"end":{"line":769,"column":50}},{"start":{"line":769,"column":54},"end":{"line":773,"column":1}}],"line":769},"66":{"loc":{"start":{"line":770,"column":9},"end":{"line":772,"column":3}},"type":"cond-expr","locations":[{"start":{"line":770,"column":33},"end":{"line":770,"column":36}},{"start":{"line":770,"column":39},"end":{"line":772,"column":3}}],"line":770},"67":{"loc":{"start":{"line":770,"column":9},"end":{"line":770,"column":30}},"type":"binary-expr","locations":[{"start":{"line":770,"column":9},"end":{"line":770,"column":12}},{"start":{"line":770,"column":16},"end":{"line":770,"column":30}}],"line":770},"68":{"loc":{"start":{"line":791,"column":16},"end":{"line":791,"column":41}},"type":"binary-expr","locations":[{"start":{"line":791,"column":16},"end":{"line":791,"column":33}},{"start":{"line":791,"column":37},"end":{"line":791,"column":41}}],"line":791},"69":{"loc":{"start":{"line":802,"column":6},"end":{"line":802,"column":85}},"type":"if","locations":[{"start":{"line":802,"column":6},"end":{"line":802,"column":85}},{"start":{"line":802,"column":6},"end":{"line":802,"column":85}}],"line":802},"70":{"loc":{"start":{"line":817,"column":8},"end":{"line":821,"column":9}},"type":"if","locations":[{"start":{"line":817,"column":8},"end":{"line":821,"column":9}},{"start":{"line":817,"column":8},"end":{"line":821,"column":9}}],"line":817},"71":{"loc":{"start":{"line":829,"column":8},"end":{"line":834,"column":9}},"type":"if","locations":[{"start":{"line":829,"column":8},"end":{"line":834,"column":9}},{"start":{"line":829,"column":8},"end":{"line":834,"column":9}}],"line":829},"72":{"loc":{"start":{"line":912,"column":4},"end":{"line":914,"column":5}},"type":"if","locations":[{"start":{"line":912,"column":4},"end":{"line":914,"column":5}},{"start":{"line":912,"column":4},"end":{"line":914,"column":5}}],"line":912},"73":{"loc":{"start":{"line":935,"column":6},"end":{"line":940,"column":7}},"type":"if","locations":[{"start":{"line":935,"column":6},"end":{"line":940,"column":7}},{"start":{"line":935,"column":6},"end":{"line":940,"column":7}}],"line":935},"74":{"loc":{"start":{"line":943,"column":6},"end":{"line":948,"column":7}},"type":"if","locations":[{"start":{"line":943,"column":6},"end":{"line":948,"column":7}},{"start":{"line":943,"column":6},"end":{"line":948,"column":7}}],"line":943},"75":{"loc":{"start":{"line":950,"column":6},"end":{"line":955,"column":7}},"type":"if","locations":[{"start":{"line":950,"column":6},"end":{"line":955,"column":7}},{"start":{"line":950,"column":6},"end":{"line":955,"column":7}}],"line":950},"76":{"loc":{"start":{"line":961,"column":15},"end":{"line":961,"column":32}},"type":"binary-expr","locations":[{"start":{"line":961,"column":15},"end":{"line":961,"column":26}},{"start":{"line":961,"column":30},"end":{"line":961,"column":32}}],"line":961},"77":{"loc":{"start":{"line":963,"column":31},"end":{"line":963,"column":57}},"type":"cond-expr","locations":[{"start":{"line":963,"column":47},"end":{"line":963,"column":52}},{"start":{"line":963,"column":55},"end":{"line":963,"column":57}}],"line":963},"78":{"loc":{"start":{"line":965,"column":17},"end":{"line":965,"column":49}},"type":"cond-expr","locations":[{"start":{"line":965,"column":33},"end":{"line":965,"column":44}},{"start":{"line":965,"column":47},"end":{"line":965,"column":49}}],"line":965},"79":{"loc":{"start":{"line":967,"column":21},"end":{"line":967,"column":53}},"type":"cond-expr","locations":[{"start":{"line":967,"column":37},"end":{"line":967,"column":48}},{"start":{"line":967,"column":51},"end":{"line":967,"column":53}}],"line":967},"80":{"loc":{"start":{"line":969,"column":17},"end":{"line":969,"column":40}},"type":"cond-expr","locations":[{"start":{"line":969,"column":33},"end":{"line":969,"column":35}},{"start":{"line":969,"column":38},"end":{"line":969,"column":40}}],"line":969},"81":{"loc":{"start":{"line":973,"column":16},"end":{"line":973,"column":93}},"type":"cond-expr","locations":[{"start":{"line":973,"column":37},"end":{"line":973,"column":45}},{"start":{"line":973,"column":48},"end":{"line":973,"column":93}}],"line":973},"82":{"loc":{"start":{"line":974,"column":18},"end":{"line":974,"column":72}},"type":"cond-expr","locations":[{"start":{"line":974,"column":35},"end":{"line":974,"column":51}},{"start":{"line":974,"column":54},"end":{"line":974,"column":72}}],"line":974},"83":{"loc":{"start":{"line":975,"column":16},"end":{"line":975,"column":87}},"type":"cond-expr","locations":[{"start":{"line":975,"column":27},"end":{"line":975,"column":80}},{"start":{"line":975,"column":83},"end":{"line":975,"column":87}}],"line":975},"84":{"loc":{"start":{"line":977,"column":6},"end":{"line":980,"column":7}},"type":"if","locations":[{"start":{"line":977,"column":6},"end":{"line":980,"column":7}},{"start":{"line":977,"column":6},"end":{"line":980,"column":7}}],"line":977},"85":{"loc":{"start":{"line":1005,"column":16},"end":{"line":1029,"column":3}},"type":"binary-expr","locations":[{"start":{"line":1005,"column":16},"end":{"line":1005,"column":20}},{"start":{"line":1005,"column":24},"end":{"line":1005,"column":38}},{"start":{"line":1005,"column":42},"end":{"line":1029,"column":3}}],"line":1005},"86":{"loc":{"start":{"line":1007,"column":21},"end":{"line":1015,"column":5}},"type":"binary-expr","locations":[{"start":{"line":1007,"column":21},"end":{"line":1007,"column":42}},{"start":{"line":1007,"column":46},"end":{"line":1009,"column":22}},{"start":{"line":1009,"column":26},"end":{"line":1011,"column":5}},{"start":{"line":1011,"column":9},"end":{"line":1015,"column":5}}],"line":1007},"87":{"loc":{"start":{"line":1013,"column":8},"end":{"line":1013,"column":45}},"type":"if","locations":[{"start":{"line":1013,"column":8},"end":{"line":1013,"column":45}},{"start":{"line":1013,"column":8},"end":{"line":1013,"column":45}}],"line":1013},"88":{"loc":{"start":{"line":1027,"column":18},"end":{"line":1027,"column":88}},"type":"cond-expr","locations":[{"start":{"line":1027,"column":31},"end":{"line":1027,"column":47}},{"start":{"line":1027,"column":51},"end":{"line":1027,"column":87}}],"line":1027},"89":{"loc":{"start":{"line":1031,"column":22},"end":{"line":1035,"column":1}},"type":"binary-expr","locations":[{"start":{"line":1031,"column":22},"end":{"line":1031,"column":26}},{"start":{"line":1031,"column":30},"end":{"line":1031,"column":50}},{"start":{"line":1031,"column":54},"end":{"line":1035,"column":1}}],"line":1031},"90":{"loc":{"start":{"line":1032,"column":9},"end":{"line":1034,"column":3}},"type":"cond-expr","locations":[{"start":{"line":1032,"column":33},"end":{"line":1032,"column":36}},{"start":{"line":1032,"column":39},"end":{"line":1034,"column":3}}],"line":1032},"91":{"loc":{"start":{"line":1032,"column":9},"end":{"line":1032,"column":30}},"type":"binary-expr","locations":[{"start":{"line":1032,"column":9},"end":{"line":1032,"column":12}},{"start":{"line":1032,"column":16},"end":{"line":1032,"column":30}}],"line":1032},"92":{"loc":{"start":{"line":1053,"column":16},"end":{"line":1053,"column":49}},"type":"binary-expr","locations":[{"start":{"line":1053,"column":16},"end":{"line":1053,"column":41}},{"start":{"line":1053,"column":45},"end":{"line":1053,"column":49}}],"line":1053},"93":{"loc":{"start":{"line":1090,"column":22},"end":{"line":1094,"column":1}},"type":"binary-expr","locations":[{"start":{"line":1090,"column":22},"end":{"line":1090,"column":26}},{"start":{"line":1090,"column":30},"end":{"line":1090,"column":50}},{"start":{"line":1090,"column":54},"end":{"line":1094,"column":1}}],"line":1090},"94":{"loc":{"start":{"line":1091,"column":9},"end":{"line":1093,"column":3}},"type":"cond-expr","locations":[{"start":{"line":1091,"column":33},"end":{"line":1091,"column":36}},{"start":{"line":1091,"column":39},"end":{"line":1093,"column":3}}],"line":1091},"95":{"loc":{"start":{"line":1091,"column":9},"end":{"line":1091,"column":30}},"type":"binary-expr","locations":[{"start":{"line":1091,"column":9},"end":{"line":1091,"column":12}},{"start":{"line":1091,"column":16},"end":{"line":1091,"column":30}}],"line":1091},"96":{"loc":{"start":{"line":1116,"column":2},"end":{"line":1120,"column":3}},"type":"if","locations":[{"start":{"line":1116,"column":2},"end":{"line":1120,"column":3}},{"start":{"line":1116,"column":2},"end":{"line":1120,"column":3}}],"line":1116},"97":{"loc":{"start":{"line":1116,"column":6},"end":{"line":1116,"column":96}},"type":"binary-expr","locations":[{"start":{"line":1116,"column":6},"end":{"line":1116,"column":15}},{"start":{"line":1116,"column":19},"end":{"line":1116,"column":54}},{"start":{"line":1116,"column":58},"end":{"line":1116,"column":96}}],"line":1116},"98":{"loc":{"start":{"line":1124,"column":26},"end":{"line":1124,"column":94}},"type":"cond-expr","locations":[{"start":{"line":1124,"column":63},"end":{"line":1124,"column":83}},{"start":{"line":1124,"column":86},"end":{"line":1124,"column":94}}],"line":1124},"99":{"loc":{"start":{"line":1127,"column":2},"end":{"line":1138,"column":3}},"type":"if","locations":[{"start":{"line":1127,"column":2},"end":{"line":1138,"column":3}},{"start":{"line":1127,"column":2},"end":{"line":1138,"column":3}}],"line":1127},"100":{"loc":{"start":{"line":1128,"column":23},"end":{"line":1128,"column":146}},"type":"cond-expr","locations":[{"start":{"line":1128,"column":100},"end":{"line":1128,"column":134}},{"start":{"line":1128,"column":137},"end":{"line":1128,"column":146}}],"line":1128},"101":{"loc":{"start":{"line":1128,"column":23},"end":{"line":1128,"column":97}},"type":"binary-expr","locations":[{"start":{"line":1128,"column":23},"end":{"line":1128,"column":64}},{"start":{"line":1128,"column":68},"end":{"line":1128
[...]
e":161,"column":21},"end":{"line":161,"column":96}},"line":161},"16":{"name":"(anonymous_16)","decl":{"start":{"line":161,"column":33},"end":{"line":161,"column":34}},"loc":{"start":{"line":161,"column":40},"end":{"line":161,"column":95}},"line":161},"17":{"name":"(anonymous_17)","decl":{"start":{"line":161,"column":51},"end":{"line":161,"column":52}},"loc":{"start":{"line":161,"column":55},"end":{"line":161,"column":90}},"line":161},"18":{"name":"(anonymous_18)","decl":{"start":{"line":165,"column":41},"end":{"line":165,"column":42}},"loc":{"start":{"line":165,"column":55},"end":{"line":276,"column":5}},"line":165},"19":{"name":"(anonymous_19)","decl":{"start":{"line":169,"column":12},"end":{"line":169,"column":13}},"loc":{"start":{"line":169,"column":31},"end":{"line":259,"column":13}},"line":169},"20":{"name":"(anonymous_20)","decl":{"start":{"line":250,"column":35},"end":{"line":250,"column":36}},"loc":{"start":{"line":250,"column":39},"end":{"line":254,"column":25}},"line":250},"21":{"name":"(anonymous_21)","decl":{"start":{"line":260,"column":12},"end":{"line":260,"column":13}},"loc":{"start":{"line":260,"column":30},"end":{"line":263,"column":13}},"line":260},"22":{"name":"(anonymous_22)","decl":{"start":{"line":265,"column":45},"end":{"line":265,"column":46}},"loc":{"start":{"line":265,"column":63},"end":{"line":268,"column":9}},"line":265},"23":{"name":"(anonymous_23)","decl":{"start":{"line":265,"column":63},"end":{"line":265,"column":64}},"loc":{"start":{"line":265,"column":74},"end":{"line":268,"column":9}},"line":265},"24":{"name":"(anonymous_24)","decl":{"start":{"line":273,"column":17},"end":{"line":273,"column":18}},"loc":{"start":{"line":273,"column":21},"end":{"line":273,"column":88}},"line":273},"25":{"name":"(anonymous_25)","decl":{"start":{"line":273,"column":33},"end":{"line":273,"column":34}},"loc":{"start":{"line":273,"column":40},"end":{"line":273,"column":87}},"line":273},"26":{"name":"(anonymous_26)","decl":{"start":{"line":273,"column":51},"end":{"line":273,"column":52}},"loc":{"start":{"line":273,"column":55},"end":{"line":273,"column":82}},"line":273},"27":{"name":"(anonymous_27)","decl":{"start":{"line":274,"column":17},"end":{"line":274,"column":18}},"loc":{"start":{"line":274,"column":21},"end":{"line":274,"column":88}},"line":274},"28":{"name":"(anonymous_28)","decl":{"start":{"line":274,"column":33},"end":{"line":274,"column":34}},"loc":{"start":{"line":274,"column":40},"end":{"line":274,"column":87}},"line":274},"29":{"name":"(anonymous_29)","decl":{"start":{"line":274,"column":51},"end":{"line":274,"column":52}},"loc":{"start":{"line":274,"column":55},"end":{"line":274,"column":82}},"line":274},"30":{"name":"(anonymous_30)","decl":{"start":{"line":275,"column":17},"end":{"line":275,"column":18}},"loc":{"start":{"line":275,"column":21},"end":{"line":275,"column":92}},"line":275},"31":{"name":"(anonymous_31)","decl":{"start":{"line":275,"column":33},"end":{"line":275,"column":34}},"loc":{"start":{"line":275,"column":40},"end":{"line":275,"column":91}},"line":275},"32":{"name":"(anonymous_32)","decl":{"start":{"line":275,"column":51},"end":{"line":275,"column":52}},"loc":{"start":{"line":275,"column":55},"end":{"line":275,"column":86}},"line":275}},"branchMap":{"0":{"loc":{"start":{"line":62,"column":16},"end":{"line":144,"column":17}},"type":"switch","locations":[{"start":{"line":63,"column":20},"end":{"line":70,"column":30}},{"start":{"line":71,"column":20},"end":{"line":80,"column":30}},{"start":{"line":81,"column":20},"end":{"line":88,"column":30}},{"start":{"line":89,"column":20},"end":{"line":98,"column":30}},{"start":{"line":99,"column":20},"end":{"line":106,"column":30}},{"start":{"line":107,"column":20},"end":{"line":116,"column":30}},{"start":{"line":117,"column":20},"end":{"line":124,"column":30}},{"start":{"line":125,"column":20},"end":{"line":141,"column":30}},{"start":{"line":142,"column":20},"end":{"line":143,"column":53}}],"line":62},"1":{"loc":{"start":{"line":174,"column":16},"end":{"line":258,"column":17}},"type":"switch","locations":[{"start":{"line":175,"column":20},"end":{"line":182,"column":30}},{"start":{"line":183,"column":20},"end":{"line":192,"column":30}},{"start":{"line":193,"column":20},"end":{"line":200,"column":30}},{"start":{"line":201,"column":20},"end":{"line":211,"column":30}},{"start":{"line":212,"column":20},"end":{"line":219,"column":30}},{"start":{"line":220,"column":20},"end":{"line":230,"column":30}},{"start":{"line":231,"column":20},"end":{"line":238,"column":30}},{"start":{"line":239,"column":20},"end":{"line":255,"column":30}},{"start":{"line":256,"column":20},"end":{"line":257,"column":53}}],"line":174}},"s":{"0":1,"1":1,"2":1,"3":1,"4":1,"5":1,"6":1,"7":1,"8":3,"9":3,"10":3,"11":3,"12":3,"13":3,"14":1,"15":1,"16":1,"17":1,"18":1,"19":1,"20":1,"21":1,"22":1,"23":1,"24":1,"25":1,"26":1,"27":1,"28":8,"29":8,"30":8,"31":8,"32":8,"33":1,"34":1,"35":1,"36":1,"37":1,"38":1,"39":1,"40":1,"41":1,"42":1,"43":1,"44":1,"45":1,"46":1,"47":1,"48":1,"49":1,"50":1,"51":1,"52":1,"53":1,"54":1,"55":1,"56":1,"57":1,"58":1,"59":1,"60":1,"61":1,"62":1,"63":1,"64":1,"65":1,"66":1,"67":1,"68":1,"69":1,"70":1,"71":1,"72":1,"73":1,"74":1,"75":1,"76":1,"77":1,"78":1,"79":1,"80":1,"81":1,"82":1,"83":1,"84":1,"85":1,"86":1,"87":1,"88":1,"89":1,"90":1,"91":1,"92":1,"93":1,"94":1,"95":1,"96":1,"97":1,"98":1,"99":1,"100":1,"101":1,"102":1,"103":0,"104":1,"105":1,"106":1,"107":8,"108":8,"109":8,"110":1,"111":1,"112":1,"113":1,"114":1,"115":1,"116":1,"117":1,"118":1,"119":1,"120":1,"121":1,"122":1,"123":1,"124":1,"125":8,"126":8,"127":8,"128":8,"129":8,"130":1,"131":1,"132":1,"133":1,"134":1,"135":1,"136":1,"137":1,"138":1,"139":1,"140":1,"141":1,"142":1,"143":1,"144":1,"145":1,"146":1,"147":1,"148":1,"149":1,"150":1,"151":1,"152":1,"153":1,"154":1,"155":1,"156":1,"157":1,"158":1,"159":1,"160":1,"161":1,"162":1,"163":1,"164":1,"165":1,"166":1,"167":1,"168":1,"169":1,"170":1,"171":1,"172":1,"173":1,"174":1,"175":1,"176":1,"177":1,"178":1,"179":1,"180":1,"181":1,"182":1,"183":1,"184":1,"185":1,"186":1,"187":1,"188":1,"189":1,"190":1,"191":1,"192":1,"193":1,"194":1,"195":1,"196":1,"197":1,"198":1,"199":1,"200":1,"201":1,"202":0,"203":1,"204":1,"205":1,"206":8,"207":8,"208":8,"209":1,"210":1,"211":1,"212":1,"213":1,"214":1,"215":1,"216":1,"217":1,"218":1,"219":1,"220":1},"f":{"0":1,"1":3,"2":1,"3":1,"4":8,"5":1,"6":1,"7":8,"8":8,"9":1,"10":1,"11":1,"12":1,"13":1,"14":1,"15":1,"16":1,"17":1,"18":1,"19":8,"20":1,"21":1,"22":8,"23":8,"24":1,"25":1,"26":1,"27":1,"28":1,"29":1,"30":1,"31":1,"32":1},"b":{"0":[1,1,1,1,1,1,1,1,0],"1":[1,1,1,1,1,1,1,1,0]},"_coverageSchema":"332fd63041d2c1bcb487cc26dd0d5f7d97098a6c","hash":"a2af7abe3bfdea8b530e15ed89c07f67a3c998f7"}
,"/Users/allen/Desktop/github/keepObserver/test/public/middle.test.js": {"path":"/Users/allen/Desktop/github/keepObserver/test/public/middle.test.js","statementMap":{"0":{"start":{"line":5,"column":0},"end":{"line":93,"column":3}},"1":{"start":{"line":8,"column":29},"end":{"line":8,"column":41}},"2":{"start":{"line":9,"column":4},"end":{"line":13,"column":6}},"3":{"start":{"line":11,"column":8},"end":{"line":11,"column":48}},"4":{"start":{"line":12,"column":8},"end":{"line":12,"column":59}},"5":{"start":{"line":17,"column":4},"end":{"line":21,"column":6}},"6":{"start":{"line":18,"column":8},"end":{"line":18,"column":45}},"7":{"start":{"line":19,"column":8},"end":{"line":19,"column":43}},"8":{"start":{"line":20,"column":8},"end":{"line":20,"column":49}},"9":{"start":{"line":24,"column":4},"end":{"line":38,"column":6}},"10":{"start":{"line":25,"column":31},"end":{"line":28,"column":9}},"11":{"start":{"line":25,"column":49},"end":{"line":28,"column":9}},"12":{"start":{"line":26,"column":12},"end":{"line":26,"column":51}},"13":{"start":{"line":27,"column":12},"end":{"line":27,"column":28}},"14":{"start":{"line":30,"column":8},"end":{"line":30,"column":56}},"15":{"start":{"line":31,"column":8},"end":{"line":31,"column":66}},"16":{"start":{"line":32,"column":8},"end":{"line":32,"column":82}},"17":{"start":{"line":34,"column":8},"end":{"line":37,"column":10}},"18":{"start":{"line":35,"column":12},"end":{"line":35,"column":48}},"19":{"start":{"line":36,"column":12},"end":{"line":36,"column":18}},"20":{"start":{"line":41,"column":4},"end":{"line":64,"column":6}},"21":{"start":{"line":42,"column":23},"end":{"line":49,"column":9}},"22":{"start":{"line":42,"column":41},"end":{"line":49,"column":9}},"23":{"start":{"line":43,"column":30},"end":{"line":43,"column":36}},"24":{"start":{"line":44,"column":12},"end":{"line":44,"column":50}},"25":{"start":{"line":45,"column":12},"end":{"line":48,"column":14}},"26":{"start":{"line":50,"column":23},"end":{"line":53,"column":9}},"27":{"start":{"line":50,"column":41},"end":{"line":53,"column":9}},"28":{"start":{"line":51,"column":12},"end":{"line":51,"column":71}},"29":{"start":{"line":52,"column":12},"end":{"line":52,"column":27}},"30":{"start":{"line":54,"column":25},"end":{"line":54,"column":49}},"31":{"start":{"line":56,"column":8},"end":{"line":56,"column":39}},"32":{"start":{"line":57,"column":8},"end":{"line":57,"column":39}},"33":{"start":{"line":58,"column":8},"end":{"line":58,"column":74}},"34":{"start":{"line":60,"column":8},"end":{"line":63,"column":10}},"35":{"start":{"line":61,"column":12},"end":{"line":61,"column":68}},"36":{"start":{"line":62,"column":12},"end":{"line":62,"column":18}},"37":{"start":{"line":67,"column":4},"end":{"line":90,"column":6}},"38":{"start":{"line":68,"column":30},"end":{"line":75,"column":9}},"39":{"start":{"line":68,"column":48},"end":{"line":75,"column":9}},"40":{"start":{"line":69,"column":28},"end":{"line":69,"column":34}},"41":{"start":{"line":70,"column":12},"end":{"line":70,"column":44}},"42":{"start":{"line":71,"column":12},"end":{"line":71,"column":25}},"43":{"start":{"line":72,"column":12},"end":{"line":72,"column":25}},"44":{"start":{"line":73,"column":12},"end":{"line":73,"column":25}},"45":{"start":{"line":74,"column":12},"end":{"line":74,"column":28}},"46":{"start":{"line":76,"column":34},"end":{"line":79,"column":9}},"47":{"start":{"line":76,"column":52},"end":{"line":79,"column":9}},"48":{"start":{"line":77,"column":12},"end":{"line":77,"column":34}},"49":{"start":{"line":78,"column":12},"end":{"line":78,"column":18}},"50":{"start":{"line":80,"column":34},"end":{"line":80,"column":49}},"51":{"start":{"line":82,"column":8},"end":{"line":82,"column":59}},"52":{"start":{"line":83,"column":8},"end":{"line":83,"column":55}},"53":{"start":{"line":84,"column":8},"end":{"line":84,"column":101}},"54":{"start":{"line":86,"column":8},"end":{"line":89,"column":10}},"55":{"start":{"line":87,"column":12},"end":{"line":87,"column":51}},"56":{"start":{"line":88,"column":12},"end":{"line":88,"column":18}}},"fnMap":{"0":{"name":"(anonymous_0)","decl":{"start":{"line":5,"column":42},"end":{"line":5,"column":43}},"loc":{"start":{"line":5,"column":52},"end":{"line":93,"column":1}},"line":5},"1":{"name":"(anonymous_1)","decl":{"start":{"line":9,"column":15},"end":{"line":9,"column":16}},"loc":{"start":{"line":9,"column":27},"end":{"line":13,"column":5}},"line":9},"2":{"name":"(anonymous_2)","decl":{"start":{"line":17,"column":23},"end":{"line":17,"column":24}},"loc":{"start":{"line":17,"column":33},"end":{"line":21,"column":5}},"line":17},"3":{"name":"(anonymous_3)","decl":{"start":{"line":24,"column":50},"end":{"line":24,"column":51}},"loc":{"start":{"line":24,"column":64},"end":{"line":38,"column":5}},"line":24},"4":{"name":"(anonymous_4)","decl":{"start":{"line":25,"column":31},"end":{"line":25,"column":32}},"loc":{"start":{"line":25,"column":49},"end":{"line":28,"column":9}},"line":25},"5":{"name":"(anonymous_5)","decl":{"start":{"line":25,"column":49},"end":{"line":25,"column":50}},"loc":{"start":{"line":25,"column":62},"end":{"line":28,"column":9}},"line":25},"6":{"name":"(anonymous_6)","decl":{"start":{"line":34,"column":56},"end":{"line":34,"column":57}},"loc":{"start":{"line":34,"column":66},"end":{"line":37,"column":9}},"line":34},"7":{"name":"(anonymous_7)","decl":{"start":{"line":41,"column":42},"end":{"line":41,"column":43}},"loc":{"start":{"line":41,"column":56},"end":{"line":64,"column":5}},"line":41},"8":{"name":"(anonymous_8)","decl":{"start":{"line":42,"column":23},"end":{"line":42,"column":24}},"loc":{"start":{"line":42,"column":41},"end":{"line":49,"column":9}},"line":42},"9":{"name":"(anonymous_9)","decl":{"start":{"line":42,"column":41},"end":{"line":42,"column":42}},"loc":{"start":{"line":42,"column":54},"end":{"line":49,"column":9}},"line":42},"10":{"name":"(anonymous_10)","decl":{"start":{"line":50,"column":23},"end":{"line":50,"column":24}},"loc":{"start":{"line":50,"column":41},"end":{"line":53,"column":9}},"line":50},"11":{"name":"(anonymous_11)","decl":{"start":{"line":50,"column":41},"end":{"line":50,"column":42}},"loc":{"start":{"line":50,"column":54},"end":{"line":53,"column":9}},"line":50},"12":{"name":"(anonymous_12)","decl":{"start":{"line":60,"column":50},"end":{"line":60,"column":51}},"loc":{"start":{"line":60,"column":60},"end":{"line":63,"column":9}},"line":60},"13":{"name":"(anonymous_13)","decl":{"start":{"line":67,"column":38},"end":{"line":67,"column":39}},"loc":{"start":{"line":67,"column":52},"end":{"line":90,"column":5}},"line":67},"14":{"name":"(anonymous_14)","decl":{"start":{"line":68,"column":30},"end":{"line":68,"column":31}},"loc":{"start":{"line":68,"column":48},"end":{"line":75,"column":9}},"line":68},"15":{"name":"(anonymous_15)","decl":{"start":{"line":68,"column":48},"end":{"line":68,"column":49}},"loc":{"start":{"line":68,"column":61},"end":{"line":75,"column":9}},"line":68},"16":{"name":"(anonymous_16)","decl":{"start":{"line":76,"column":34},"end":{"line":76,"column":35}},"loc":{"start":{"line":76,"column":52},"end":{"line":79,"column":9}},"line":76},"17":{"name":"(anonymous_17)","decl":{"start":{"line":76,"column":52},"end":{"line":76,"column":53}},"loc":{"start":{"line":76,"column":65},"end":{"line":79,"column":9}},"line":76},"18":{"name":"(anonymous_18)","decl":{"start":{"line":86,"column":53},"end":{"line":86,"column":54}},"loc":{"start":{"line":86,"column":63},"end":{"line":89,"column":9}},"line":86}},"branchMap":{},"s":{"0":1,"1":1,"2":1,"3":4,"4":4,"5":1,"6":1,"7":1,"8":1,"9":1,"10":1,"11":1,"12":1,"13":1,"14":1,"15":1,"16":1,"17":1,"18":1,"19":1,"20":1,"21":1,"22":1,"23":1,"24":1,"25":1,"26":1,"27":1,"28":1,"29":1,"30":1,"31":1,"32":1,"33":1,"34":1,"35":1,"36":1,"37":1,"38":1,"39":1,"40":1,"41":1,"42":1,"43":1,"44":1,"45":1,"46":1,"47":1,"48":0,"49":0,"50":1,"51":1,"52":1,"53":1,"54":1,"55":1,"56":1},"f":{"0":1,"1":4,"2":1,"3":1,"4":1,"5":1,"6":1,"7":1,"8":1,"9":1,"10":1,"11":1,"12":1,"13":1,"14":1,"15":1,"16":1,"17":0,"18":1},"b":{},"_coverageSchema":"332fd63041d2c1bcb487cc26dd0d5f7d97098a6c","hash":"368985d52daede2ea5b9ce060cfcaf10e4c76204"}
,"/Users/allen/Desktop/github/keepObserver/test/public/public.test.js": {"path":"/Users/allen/Desktop/github/keepObserver/test/public/public.test.js","statementMap":{"0":{"start":{"line":8,"column":8},"end":{"line":8,"column":21}},"1":{"start":{"line":11,"column":8},"end":{"line":11,"column":47}},"2":{"start":{"line":20,"column":0},"end":{"line":95,"column":3}},"3":{"start":{"line":22,"column":29},"end":{"line":22,"column":41}},"4":{"start":{"line":26,"column":4},"end":{"line":37,"column":6}},"5":{"start":{"line":28,"column":8},"end":{"line":28,"column":48}},"6":{"start":{"line":30,"column":8},"end":{"line":32,"column":10}},"7":{"start":{"line":33,"column":8},"end":{"line":33,"column":58}},"8":{"start":{"line":34,"column":8},"end":{"line":34,"column":58}},"9":{"start":{"line":35,"column":8},"end":{"line":35,"column":65}},"10":{"start":{"line":36,"column":8},"end":{"line":36,"column":67}},"11":{"start":{"line":41,"column":4},"end":{"line":46,"column":6}},"12":{"start":{"line":42,"column":8},"end":{"line":42,"column":51}},"13":{"start":{"line":43,"column":8},"end":{"line":43,"column":57}},"14":{"start":{"line":44,"column":8},"end":{"line":44,"column":63}},"15":{"start":{"line":45,"column":8},"end":{"line":45,"column":76}},"16":{"start":{"line":49,"column":4},"end":{"line":73,"column":6}},"17":{"start":{"line":50,"column":30},"end":{"line":57,"column":9}},"18":{"start":{"line":58,"column":27},"end":{"line":58,"column":73}},"19":{"start":{"line":59,"column":8},"end":{"line":59,"column":83}},"20":{"start":{"line":60,"column":8},"end":{"line":60,"column":60}},"21":{"start":{"line":61,"column":8},"end":{"line":61,"column":68}},"22":{"start":{"line":62,"column":8},"end":{"line":62,"column":63}},"23":{"start":{"line":64,"column":27},"end":{"line":67,"column":9}},"24":{"start":{"line":68,"column":8},"end":{"line":68,"column":51}},"25":{"start":{"line":69,"column":27},"end":{"line":69,"column":73}},"26":{"start":{"line":70,"column":8},"end":{"line":70,"column":82}},"27":{"start":{"line":71,"column":8},"end":{"line":71,"column":57}},"28":{"start":{"line":72,"column":8},"end":{"line":72,"column":59}},"29":{"start":{"line":77,"column":4},"end":{"line":91,"column":6}},"30":{"start":{"line":78,"column":31},"end":{"line":81,"column":9}},"31":{"start":{"line":78,"column":49},"end":{"line":81,"column":9}},"32":{"start":{"line":79,"column":12},"end":{"line":79,"column":51}},"33":{"start":{"line":80,"column":12},"end":{"line":80,"column":28}},"34":{"start":{"line":83,"column":8},"end":{"line":83,"column":68}},"35":{"start":{"line":84,"column":8},"end":{"line":84,"column":97}},"36":{"start":{"line":86,"column":8},"end":{"line":89,"column":10}},"37":{"start":{"line":87,"column":12},"end":{"line":87,"column":48}},"38":{"start":{"line":88,"column":12},"end":{"line":88,"column":18}},"39":{"start":{"line":90,"column":8},"end":{"line":90,"column":91}}},"fnMap":{"0":{"name":"(anonymous_0)","decl":{"start":{"line":7,"column":4},"end":{"line":7,"column":5}},"loc":{"start":{"line":7,"column":24},"end":{"line":9,"column":5}},"line":7},"1":{"name":"(anonymous_1)","decl":{"start":{"line":10,"column":4},"end":{"line":10,"column":5}},"loc":{"start":{"line":10,"column":28},"end":{"line":12,"column":5}},"line":10},"2":{"name":"(anonymous_2)","decl":{"start":{"line":20,"column":38},"end":{"line":20,"column":39}},"loc":{"start":{"line":20,"column":48},"end":{"line":95,"column":1}},"line":20},"3":{"name":"(anonymous_3)","decl":{"start":{"line":26,"column":15},"end":{"line":26,"column":16}},"loc":{"start":{"line":26,"column":27},"end":{"line":37,"column":5}},"line":26},"4":{"name":"(anonymous_4)","decl":{"start":{"line":41,"column":29},"end":{"line":41,"column":30}},"loc":{"start":{"line":41,"column":39},"end":{"line":46,"column":5}},"line":41},"5":{"name":"(anonymous_5)","decl":{"start":{"line":49,"column":48},"end":{"line":49,"column":49}},"loc":{"start":{"line":49,"column":58},"end":{"line":73,"column":5}},"line":49},"6":{"name":"(anonymous_6)","decl":{"start":{"line":77,"column":50},"end":{"line":77,"column":51}},"loc":{"start":{"line":77,"column":64},"end":{"line":91,"column":5}},"line":77},"7":{"name":"(anonymous_7)","decl":{"start":{"line":78,"column":31},"end":{"line":78,"column":32}},"loc":{"start":{"line":78,"column":49},"end":{"line":81,"column":9}},"line":78},"8":{"name":"(anonymous_8)","decl":{"start":{"line":78,"column":49},"end":{"line":78,"column":50}},"loc":{"start":{"line":78,"column":62},"end":{"line":81,"column":9}},"line":78},"9":{"name":"(anonymous_9)","decl":{"start":{"line":86,"column":68},"end":{"line":86,"column":69}},"loc":{"start":{"line":86,"column":78},"end":{"line":89,"column":9}},"line":86}},"branchMap":{},"s":{"0":3,"1":1,"2":1,"3":1,"4":1,"5":3,"6":3,"7":3,"8":3,"9":3,"10":3,"11":1,"12":1,"13":1,"14":1,"15":1,"16":1,"17":1,"18":1,"19":1,"20":1,"21":1,"22":1,"23":1,"24":1,"25":1,"26":1,"27":1,"28":1,"29":1,"30":1,"31":1,"32":1,"33":1,"34":1,"35":1,"36":1,"37":1,"38":1,"39":1},"f":{"0":3,"1":1,"2":1,"3":3,"4":1,"5":1,"6":1,"7":1,"8":1,"9":1},"b":{},"_coverageSchema":"332fd63041d2c1bcb487cc26dd0d5f7d97098a6c","hash":"75c17381d4d76881f39a0eecc2eb745b1e4bca3b"}
}
