{"/Users/allen/Desktop/github/keepObserver/@core/instance.js": {"path":"/Users/allen/Desktop/github/keepObserver/@core/instance.js","statementMap":{"0":{"start":{"line":1,"column":0},"end":{"line":1100,"column":3}},"1":{"start":{"line":2,"column":1},"end":{"line":9,"column":2}},"2":{"start":{"line":3,"column":2},"end":{"line":3,"column":51}},"3":{"start":{"line":4,"column":6},"end":{"line":9,"column":2}},"4":{"start":{"line":5,"column":2},"end":{"line":5,"column":35}},"5":{"start":{"line":7,"column":10},"end":{"line":7,"column":102}},"6":{"start":{"line":8,"column":2},"end":{"line":8,"column":75}},"7":{"start":{"line":8,"column":18},"end":{"line":8,"column":75}},"8":{"start":{"line":11,"column":0},"end":{"line":1099,"column":12}},"9":{"start":{"line":13,"column":33},"end":{"line":13,"column":35}},"10":{"start":{"line":19,"column":11},"end":{"line":21,"column":12}},"11":{"start":{"line":20,"column":12},"end":{"line":20,"column":54}},"12":{"start":{"line":23,"column":24},"end":{"line":27,"column":12}},"13":{"start":{"line":30,"column":11},"end":{"line":30,"column":95}},"14":{"start":{"line":33,"column":11},"end":{"line":33,"column":27}},"15":{"start":{"line":36,"column":11},"end":{"line":36,"column":33}},"16":{"start":{"line":41,"column":10},"end":{"line":41,"column":42}},"17":{"start":{"line":44,"column":10},"end":{"line":44,"column":51}},"18":{"start":{"line":47,"column":10},"end":{"line":55,"column":12}},"19":{"start":{"line":48,"column":11},"end":{"line":54,"column":12}},"20":{"start":{"line":49,"column":12},"end":{"line":53,"column":15}},"21":{"start":{"line":58,"column":10},"end":{"line":60,"column":12}},"22":{"start":{"line":59,"column":11},"end":{"line":59,"column":73}},"23":{"start":{"line":63,"column":10},"end":{"line":69,"column":12}},"24":{"start":{"line":64,"column":24},"end":{"line":66,"column":58}},"25":{"start":{"line":65,"column":36},"end":{"line":65,"column":61}},"26":{"start":{"line":66,"column":42},"end":{"line":66,"column":56}},"27":{"start":{"line":67,"column":11},"end":{"line":67,"column":54}},"28":{"start":{"line":68,"column":11},"end":{"line":68,"column":25}},"29":{"start":{"line":72,"column":10},"end":{"line":72,"column":128}},"30":{"start":{"line":72,"column":63},"end":{"line":72,"column":125}},"31":{"start":{"line":75,"column":10},"end":{"line":75,"column":37}},"32":{"start":{"line":79,"column":10},"end":{"line":79,"column":88}},"33":{"start":{"line":94,"column":0},"end":{"line":96,"column":3}},"34":{"start":{"line":98,"column":0},"end":{"line":98,"column":61}},"35":{"start":{"line":100,"column":0},"end":{"line":100,"column":33}},"36":{"start":{"line":102,"column":0},"end":{"line":102,"column":58}},"37":{"start":{"line":116,"column":0},"end":{"line":118,"column":3}},"38":{"start":{"line":123,"column":14},"end":{"line":123,"column":67}},"39":{"start":{"line":125,"column":14},"end":{"line":125,"column":87}},"40":{"start":{"line":127,"column":0},"end":{"line":136,"column":2}},"41":{"start":{"line":150,"column":16},"end":{"line":174,"column":3}},"42":{"start":{"line":151,"column":23},"end":{"line":163,"column":3}},"43":{"start":{"line":152,"column":4},"end":{"line":160,"column":6}},"44":{"start":{"line":155,"column":6},"end":{"line":155,"column":22}},"45":{"start":{"line":157,"column":6},"end":{"line":159,"column":7}},"46":{"start":{"line":158,"column":8},"end":{"line":158,"column":45}},"47":{"start":{"line":158,"column":33},"end":{"line":158,"column":45}},"48":{"start":{"line":162,"column":4},"end":{"line":162,"column":32}},"49":{"start":{"line":165,"column":2},"end":{"line":173,"column":4}},"50":{"start":{"line":166,"column":4},"end":{"line":166,"column":25}},"51":{"start":{"line":169,"column":6},"end":{"line":169,"column":27}},"52":{"start":{"line":172,"column":4},"end":{"line":172,"column":89}},"53":{"start":{"line":176,"column":22},"end":{"line":180,"column":1}},"54":{"start":{"line":177,"column":2},"end":{"line":179,"column":4}},"55":{"start":{"line":182,"column":0},"end":{"line":184,"column":3}},"56":{"start":{"line":186,"column":14},"end":{"line":186,"column":67}},"57":{"start":{"line":188,"column":22},"end":{"line":188,"column":116}},"58":{"start":{"line":190,"column":14},"end":{"line":190,"column":102}},"59":{"start":{"line":192,"column":15},"end":{"line":192,"column":92}},"60":{"start":{"line":194,"column":12},"end":{"line":194,"column":83}},"61":{"start":{"line":196,"column":15},"end":{"line":196,"column":92}},"62":{"start":{"line":198,"column":13},"end":{"line":198,"column":86}},"63":{"start":{"line":202,"column":0},"end":{"line":251,"column":29}},"64":{"start":{"line":203,"column":2},"end":{"line":203,"column":34}},"65":{"start":{"line":206,"column":4},"end":{"line":208,"column":5}},"66":{"start":{"line":207,"column":6},"end":{"line":207,"column":18}},"67":{"start":{"line":210,"column":16},"end":{"line":210,"column":108}},"68":{"start":{"line":213,"column":4},"end":{"line":213,"column":81}},"69":{"start":{"line":214,"column":4},"end":{"line":214,"column":54}},"70":{"start":{"line":216,"column":4},"end":{"line":216,"column":40}},"71":{"start":{"line":218,"column":4},"end":{"line":218,"column":53}},"72":{"start":{"line":219,"column":4},"end":{"line":219,"column":59}},"73":{"start":{"line":221,"column":4},"end":{"line":221,"column":69}},"74":{"start":{"line":223,"column":4},"end":{"line":223,"column":39}},"75":{"start":{"line":225,"column":4},"end":{"line":225,"column":27}},"76":{"start":{"line":227,"column":4},"end":{"line":227,"column":63}},"77":{"start":{"line":229,"column":13},"end":{"line":229,"column":26}},"78":{"start":{"line":230,"column":22},"end":{"line":230,"column":36}},"79":{"start":{"line":231,"column":25},"end":{"line":231,"column":42}},"80":{"start":{"line":232,"column":18},"end":{"line":232,"column":28}},"81":{"start":{"line":234,"column":4},"end":{"line":238,"column":7}},"82":{"start":{"line":241,"column":4},"end":{"line":241,"column":90}},"83":{"start":{"line":243,"column":4},"end":{"line":245,"column":5}},"84":{"start":{"line":244,"column":6},"end":{"line":244,"column":38}},"85":{"start":{"line":247,"column":4},"end":{"line":247,"column":17}},"86":{"start":{"line":250,"column":2},"end":{"line":250,"column":22}},"87":{"start":{"line":253,"column":0},"end":{"line":253,"column":34}},"88":{"start":{"line":267,"column":13},"end":{"line":292,"column":1}},"89":{"start":{"line":268,"column":10},"end":{"line":268,"column":60}},"90":{"start":{"line":269,"column":2},"end":{"line":269,"column":19}},"91":{"start":{"line":269,"column":10},"end":{"line":269,"column":19}},"92":{"start":{"line":270,"column":10},"end":{"line":270,"column":19}},"93":{"start":{"line":272,"column":11},"end":{"line":272,"column":13}},"94":{"start":{"line":275,"column":2},"end":{"line":289,"column":3}},"95":{"start":{"line":276,"column":4},"end":{"line":278,"column":5}},"96":{"start":{"line":277,"column":6},"end":{"line":277,"column":23}},"97":{"start":{"line":280,"column":4},"end":{"line":282,"column":6}},"98":{"start":{"line":284,"column":4},"end":{"line":288,"column":5}},"99":{"start":{"line":285,"column":6},"end":{"line":285,"column":55}},"100":{"start":{"line":285,"column":45},"end":{"line":285,"column":55}},"101":{"start":{"line":287,"column":6},"end":{"line":287,"column":27}},"102":{"start":{"line":287,"column":13},"end":{"line":287,"column":27}},"103":{"start":{"line":291,"column":2},"end":{"line":291,"column":12}},"104":{"start":{"line":294,"column":15},"end":{"line":300,"column":1}},"105":{"start":{"line":295,"column":2},"end":{"line":297,"column":3}},"106":{"start":{"line":296,"column":4},"end":{"line":296,"column":41}},"107":{"start":{"line":299,"column":2},"end":{"line":299,"column":12}},"108":{"start":{"line":302,"column":0},"end":{"line":304,"column":3}},"109":{"start":{"line":306,"column":14},"end":{"line":306,"column":67}},"110":{"start":{"line":308,"column":0},"end":{"line":316,"column":2}},"111":{"start":{"line":309,"column":14},"end":{"line":309,"column":18}},"112":{"start":{"line":311,"column":2},"end":{"line":313,"column":3}},"113":{"start":{"line":312,"column":4},"end":{"line":312,"column":80}},"114":{"start":{"line":315,"column":2},"end":{"line":315,"column":27}},"115":{"start":{"line":318,"column":0},"end":{"line":346,"column":2}},"116":{"start":{"line":319,"column":13},"end":{"line":319,"column":15}},"117":{"start":{"line":321,"column":2},"end":{"line":323,"column":3}},"118":{"start":{"line":322,"column":4},"end":{"line":322,"column":33}},"119":{"start":{"line":325,"column":14},"end":{"line":325,"column":18}},"120":{"start":{"line":327,"column":2},"end":{"line":331,"column":3}},"121":{"start":{"line":328,"column":19},"end":{"line":328,"column":57}},"122":{"start":{"line":329,"column":4},"end":{"line":329,"column":45}},"123":{"start":{"line":330,"column":4},"end":{"line":330,"column":46}},"124":{"start":{"line":333,"column":17},"end":{"line":333,"column":36}},"125":{"start":{"line":334,"column":12},"end":{"line":334,"column":16}},"126":{"start":{"line":336,"column":2},"end":{"line":343,"column":3}},"127":{"start":{"line":337,"column":14},"end":{"line":337,"column":52}},"128":{"start":{"line":339,"column":19},"end":{"line":339,"column":67}},"129":{"start":{"line":340,"column":4},"end":{"line":340,"column":45}},"130":{"start":{"line":342,"column":4},"end":{"line":342,"column":39}},"131":{"start":{"line":345,"column":2},"end":{"line":345,"column":13}},"132":{"start":{"line":360,"column":0},"end":{"line":362,"column":3}},"133":{"start":{"line":364,"column":14},"end":{"line":364,"column":67}},"134":{"start":{"line":367,"column":0},"end":{"line":369,"column":2}},"135":{"start":{"line":368,"column":2},"end":{"line":368,"column":57}},"136":{"start":{"line":372,"column":0},"end":{"line":374,"column":2}},"137":{"start":{"line":373,"column":2},"end":{"line":373,"column":34}},"138":{"start":{"line":388,"column":0},"end":{"line":390,"column":3}},"139":{"start":{"line":392,"column":14},"end":{"line":392,"column":67}},"140":{"start":{"line":395,"column":0},"end":{"line":401,"column":2}},"141":{"start":{"line":396,"column":2},"end":{"line":398,"column":3}},"142":{"start":{"line":397,"column":4},"end":{"line":397,"column":42}},"143":{"start":{"line":400,"column":2},"end":{"line":400,"column":80}},"144":{"start":{"line":404,"column":0},"end":{"line":406,"column":2}},"145":{"start":{"line":405,"column":2},"end":{"line":405,"column":57}},"146":{"start":{"line":420,"column":0},"end":{"line":422,"column":3}},"147":{"start":{"line":424,"column":14},"end":{"line":424,"column":67}},"148":{"start":{"line":426,"column":29},"end":{"line":426,"column":44}},"149":{"start":{"line":427,"column":28},"end":{"line":427,"column":48}},"150":{"start":{"line":429,"column":0},"end":{"line":448,"column":2}},"151":{"start":{"line":430,"column":19},"end":{"line":430,"column":67}},"152":{"start":{"line":432,"column":2},"end":{"line":434,"column":3}},"153":{"start":{"line":433,"column":4},"end":{"line":433,"column":17}},"154":{"start":{"line":436,"column":2},"end":{"line":438,"column":3}},"155":{"start":{"line":437,"column":4},"end":{"line":437,"column":17}},"156":{"start":{"line":440,"column":2},"end":{"line":445,"column":3}},"157":{"start":{"line":441,"column":4},"end":{"line":444,"column":5}},"158":{"start":{"line":442,"column":6},"end":{"line":442,"column":35}},"159":{"start":{"line":443,"column":6},"end":{"line":443,"column":69}},"160":{"start":{"line":447,"column":2},"end":{"line":447,"column":80}},"161":{"start":{"line":462,"column":0},"end":{"line":464,"column":3}},"162":{"start":{"line":466,"column":21},"end":{"line":466,"column":104}},"163":{"start":{"line":468,"column":21},"end":{"line":468,"column":104}},"164":{"start":{"line":472,"column":0},"end":{"line":489,"column":3}},"165":{"start":{"line":475,"column":4},"end":{"line":475,"column":67}},"166":{"start":{"line":476,"column":4},"end":{"line":476,"column":69}},"167":{"start":{"line":477,"column":4},"end":{"line":477,"column":89}},"168":{"start":{"line":479,"column":4},"end":{"line":479,"column":23}},"169":{"start":{"line":481,"column":4},"end":{"line":481,"column":27}},"170":{"start":{"line":483,"column":4},"end":{"line":483,"column":23}},"171":{"start":{"line":485,"column":4},"end":{"line":485,"column":26}},"172":{"start":{"line":488,"column":2},"end":{"line":488,"column":22}},"173":{"start":{"line":491,"column":0},"end":{"line":491,"column":34}},"174":{"start":{"line":505,"column":0},"end":{"line":507,"column":3}},"175":{"start":{"line":509,"column":14},"end":{"line":509,"column":67}},"176":{"start":{"line":512,"column":0},"end":{"line":544,"column":2}},"177":{"start":{"line":513,"column":14},"end":{"line":513,"column":18}},"178":{"start":{"line":516,"column":2},"end":{"line":523,"column":3}},"179":{"start":{"line":517,"column":17},"end":{"line":517,"column":55}},"180":{"start":{"line":518,"column":4},"end":{"line":518,"column":43}},"181":{"start":{"line":520,"column":4},"end":{"line":520,"column":57}},"182":{"start":{"line":522,"column":4},"end":{"line":522,"column":17}},"183":{"start":{"line":526,"column":2},"end":{"line":543,"column":4}},"184":{"start":{"line":528,"column":4},"end":{"line":535,"column":5}},"185":{"start":{"line":529,"column":19},"end":{"line":529,"column":83}},"186":{"start":{"line":530,"column":6},"end":{"line":530,"column":45}},"187":{"start":{"line":532,"column":6},"end":{"line":532,"column":59}},"188":{"start":{"line":534,"column":6},"end":{"line":534,"column":13}},"189":{"start":{"line":538,"column":4},"end":{"line":542,"column":6}},"190":{"start":{"line":539,"column":17},"end":{"line":539,"column":49}},"191":{"start":{"line":541,"column":6},"end":{"line":541,"column":35}},"192":{"start":{"line":558,"column":0},"end":{"line":560,"column":3}},"193":{"start":{"line":562,"column":14},"end":{"line":562,"column":67}},"194":{"start":{"line":565,"column":0},"end":{"line":593,"column":2}},"195":{"start":{"line":566,"column":14},"end":{"line":566,"column":18}},"196":{"start":{"line":568,"column":16},"end":{"line":571,"column":3}},"197":{"start":{"line":573,"column":2},"end":{"line":575,"column":3}},"198":{"start":{"line":574,"column":4},"end":{"line":574,"column":17}},"199":{"start":{"line":579,"column":2},"end":{"line":579,"column":35}},"200":{"start":{"line":582,"column":2},"end":{"line":592,"column":5}},"201":{"start":{"line":584,"column":16},"end":{"line":586,"column":6}},"202":{"start":{"line":585,"column":6},"end":{"line":585,"column":15}},"203":{"start":{"line":589,"column":4},"end":{"line":589,"column":28}},"204":{"start":{"line":591,"column":4},"end":{"line":591,"column":46}},"205":{"start":{"line":596,"column":0},"end":{"line":636,"column":2}},"206":{"start":{"line":597,"column":14},"end":{"line":597,"column":18}},"207":{"start":{"line":599,"column":2},"end":{"line":601,"column":3}},"208":{"start":{"line":600,"column":4},"end":{"line":600,"column":17}},"209":{"start":{"line":604,"column":2},"end":{"line":604,"column":21}},"210":{"start":{"line":606,"column":2},"end":{"line":635,"column":5}},"211":{"start":{"line":607,"column":13},"end":{"line":607,"column":20}},"212":{"start":{"line":608,"column":17},"end":{"line":608,"column":28}},"213":{"start":{"line":610,"column":4},"end":{"line":631,"column":8}},"214":{"start":{"line":612,"column":6},"end":{"line":614,"column":7}},"215":{"start":{"line":613,"column":8},"end":{"line":613,"column":21}},"216":{"start":{"line":617,"column":6},"end":{"line":619,"column":7}},"217":{"start":{"line":618,"column":8},"end":{"line":618,"column":21}},"218":{"start":{"line":622,"column":6},"end":{"line":630,"column":7}},"219":{"start":{"line":624,"column":8},"end":{"line":624,"column":35}},"220":{"start":{"line":626,"column":21},"end":{"line":626,"column":58}},"221":{"start":{"line":627,"column":8},"end":{"line":627,"column":47}},"222":{"start":{"line":629,"column":8},"end":{"line":629,"column":61}},"223":{"start":{"line":634,"column":4},"end":{"line":634,"column":24}},"224":{"start":{"line":650,"column":16},"end":{"line":674,"column":3}},"225":{"start":{"line":651,"column":23},"end":{"line":663,"column":3}},"226":{"start":{"line":652,"column":4},"end":{"line":660,"column":6}},"227":{"start":{"line":655,"column":6},"end":{"line":655,"column":22}},"228":{"start":{"line":657,"column":6},"end":{"line":659,"column":7}},"229":{"start":{"line":658,"column":8},"end":{"line":658,"column":45}},"230":{"start":{"line":658,"column":33},"end":{"line":658,"column":45}},"231":{"start":{"line":662,"column":4},"end":{"line":662,"column":32}},"232":{"start":{"line":665,"column":2},"end":{"line":673,"column":4}},"233":{"start":{"line":666,"column":4},"end":{"line":666,"column":25}},"234":{"start":{"line":669,"column":6},"end":{"line":669,"column":27}},"235":{"start":{"line":672,"column":4},"end":{"line":672,"column":89}},"236":{"start":{"line":676,"column":13},"end":{"line":701,"column":1}},"237":{"start":{"line":677,"column":10},"end":{"line":677,"column":60}},"238":{"start":{"line":678,"column":2},"end":{"line":678,"column":19}},"239":{"start":{"line":678,"column":10},"end":{"line":678,"column":19}},"240":{"start":{"line":679,"column":10},"end":{"line":679,"column":19}},"241":{"start":{"line":681,"column":11},"end":{"line":681,"column":13}},"242":{"start":{"line":684,"column":2},"end":{"line":698,"column":3}},"243":{"start":{"line":685,"column":4},"end":{"line":687,"column":5}},"244":{"start":{"line":686,"column":6},"end":{"line":686,"column":23}},"245":{"start":{"line":689,"column":4},"end":{"line":691,"column":6}},"246":{"start":{"line":693,"column":4},"end":{"line":697,"column":5}},"247":{"start":{"line":694,"column":6},"end":{"line":694,"column":55}},"248":{"start":{"line":694,"column":45},"end":{"line":694,"column":55}},"249":{"start":{"line":696,"column":6},"end":{"line":696,"column":27}},"250":{"start":{"line":696,"column":13},"end":{"line":696,"column":27}},"251":{"start":{"line":700,"column":2},"end":{"line":700,"column":12}},"252":{"start":{"line":703,"column":15},"end":{"line":709,"column":1}},"253":{"start":{"line":704,"column":2},"end":{"line":706,"column":3}},"254":{"start":{"line":705,"column":4},"end":{"line":705,"column":41}},"255":{"start":{"line":708,"column":2},"end":{"line":708,"column":12}},"256":{"start":{"line":711,"column":22},"end":{"line":715,"column":1}},"257":{"start":{"line":712,"column":2},"end":{"line":714,"column":4}},"258":{"start":{"line":717,"column":0},"end":{"line":719,"column":3}},"259":{"start":{"line":721,"column":14},"end":{"line":721,"column":67}},"260":{"start":{"line":723,"column":14},"end":{"line":723,"column":67}},"261":{"start":{"line":725,"column":14},"end":{"line":725,"column":116}},"262":{"start":{"line":729,"column":0},"end":{"line":798,"column":29}},"263":{"start":{"line":730,"column":2},"end":{"line":730,"column":30}},"264":{"start":{"line":733,"column":16},"end":{"line":733,"column":41}},"265":{"start":{"line":736,"column":4},"end":{"line":736,"column":28}},"266":{"start":{"line":738,"column":20},"end":{"line":738,"column":44}},"267":{"start":{"line":740,"column":4},"end":{"line":769,"column":7}},"268":{"start":{"line":744,"column":6},"end":{"line":744,"column":34}},"269":{"start":{"line":744,"column":27},"end":{"line":744,"column":34}},"270":{"start":{"line":746,"column":20},"end":{"line":746,"column":24}},"271":{"start":{"line":748,"column":15},"end":{"line":748,"column":55}},"272":{"start":{"line":749,"column":24},"end":{"line":749,"column":29}},"273":{"start":{"line":751,"column":25},"end":{"line":751,"column":60}},"274":{"start":{"line":754,"column":6},"end":{"line":764,"column":9}},"275":{"start":{"line":755,"column":8},"end":{"line":755,"column":24}},"276":{"start":{"line":756,"column":8},"end":{"line":756,"column":72}},"277":{"start":{"line":757,"column":8},"end":{"line":757,"column":61}},"278":{"start":{"line":760,"column":8},"end":{"line":763,"column":9}},"279":{"start":{"line":761,"column":10},"end":{"line":761,"column":68}},"280":{"start":{"line":762,"column":10},"end":{"line":762,"column":57}},"281":{"start":{"line":768,"column":6},"end":{"line":768,"column":61}},"282":{"start":{"line":771,"column":4},"end":{"line":781,"column":6}},"283":{"start":{"line":772,"column":17},"end":{"line":772,"column":19}},"284":{"start":{"line":774,"column":6},"end":{"line":776,"column":7}},"285":{"start":{"line":775,"column":8},"end":{"line":775,"column":37}},"286":{"start":{"line":780,"column":6},"end":{"line":780,"column":89}},"287":{"start":{"line":783,"column":4},"end":{"line":785,"column":6}},"288":{"start":{"line":784,"column":6},"end":{"line":784,"column":65}},"289":{"start":{"line":788,"column":4},"end":{"line":790,"column":6}},"290":{"start":{"line":789,"column":6},"end":{"line":789,"column":60}},"291":{"start":{"line":793,"column":4},"end":{"line":793,"column":84}},"292":{"start":{"line":794,"column":4},"end":{"line":794,"column":17}},"293":{"start":{"line":797,"column":2},"end":{"line":797,"column":18}},"294":{"start":{"line":800,"column":0},"end":{"line":800,"column":30}},"295":{"start":{"line":814,"column":0},"end":{"line":816,"column":3}},"296":{"start":{"line":818,"column":14},"end":{"line":818,"column":67}},"297":{"start":{"line":822,"column":0},"end":{"line":890,"column":3}},"298":{"start":{"line":824,"column":4},"end":{"line":826,"column":5}},"299":{"start":{"line":825,"column":6},"end":{"line":825,"column":18}},"300":{"start":{"line":828,"column":4},"end":{"line":828,"column":26}},"301":{"start":{"line":832,"column":2},"end":{"line":887,"column":4}},"302":{"start":{"line":833,"column":18},"end":{"line":833,"column":23}},"303":{"start":{"line":834,"column":20},"end":{"line":834,"column":22}},"304":{"start":{"line":835,"column":23},"end":{"line":837,"column":6}},"305":{"start":{"line":836,"column":6},"end":{"line":836,"column":28}},"306":{"start":{"line":838,"column":23},"end":{"line":840,"column":6}},"307":{"start":{"line":839,"column":6},"end":{"line":839,"column":29}},"308":{"start":{"line":842,"column":27},"end":{"line":861,"column":5}},"309":{"start":{"line":844,"column":6},"end":{"line":844,"column":21}},"310":{"start":{"line":846,"column":6},"end":{"line":851,"column":7}},"311":{"start":{"line":847,"column":18},"end":{"line":847,"column":78}},"312":{"start":{"line":848,"column":8},"end":{"line":848,"column":57}},"313":{"start":{"line":849,"column":8},"end":{"line":849,"column":29}},"314":{"start":{"line":850,"column":8},"end":{"line":850,"column":21}},"315":{"start":{"line":853,"column":6},"end":{"line":858,"column":7}},"316":{"start":{"line":854,"column":18},"end":{"line":854,"column":91}},"317":{"start":{"line":855,"column":8},"end":{"line":855,"column":57}},"318":{"start":{"line":856,"column":8},"end":{"line":856,"column":29}},"319":{"start":{"line":857,"column":8},"end":{"line":857,"column":20}},"320":{"start":{"line":860,"column":6},"end":{"line":860,"column":19}},"321":{"start":{"line":863,"column":20},"end":{"line":884,"column":5}},"322":{"start":{"line":864,"column":15},"end":{"line":864,"column":32}},"323":{"start":{"line":865,"column":15},"end":{"line":865,"column":36}},"324":{"start":{"line":866,"column":31},"end":{"line":866,"column":57}},"325":{"start":{"line":867,"column":15},"end":{"line":867,"column":22}},"326":{"start":{"line":868,"column":17},"end":{"line":868,"column":49}},"327":{"start":{"line":869,"column":15},"end":{"line":869,"column":26}},"328":{"start":{"line":870,"column":21},"end":{"line":870,"column":53}},"329":{"start":{"line":871,"column":15},"end":{"line":871,"column":22}},"330":{"start":{"line":872,"column":17},"end":{"line":872,"column":40}},"331":{"start":{"line":874,"column":16},"end":{"line":874,"column":109}},"332":{"start":{"line":875,"column":18},"end":{"line":875,"column":72}},"333":{"start":{"line":876,"column":6},"end":{"line":876,"column":88}},"334":{"start":{"line":878,"column":6},"end":{"line":881,"column":7}},"335":{"start":{"line":879,"column":8},"end":{"line":879,"column":23}},"336":{"start":{"line":880,"column":8},"end":{"line":880,"column":105}},"337":{"start":{"line":883,"column":6},"end":{"line":883,"column":29}},"338":{"start":{"line":886,"column":4},"end":{"line":886,"column":21}},"339":{"start":{"line":889,"column":2},"end":{"line":889,"column":18}},"340":{"start":{"line":892,"column":0},"end":{"line":892,"column":30}},"341":{"start":{"line":906,"column":16},"end":{"line":930,"column":3}},"342":{"start":{"line":907,"column":23},"end":{"line":919,"column":3}},"343":{"start":{"line":908,"column":4},"end":{"line":916,"column":6}},"344":{"start":{"line":911,"column":6},"end":{"line":911,"column":22}},"345":{"start":{"line":913,"column":6},"end":{"line":915,"column":7}},"346":{"start":{"line":914,"column":8},"end":{"line":914,"column":45}},"347":{"start":{"line":914,"column":33},"end":{"line":914,"column":45}},"348":{"start":{"line":918,"column":4},"end":{"line":918,"column":32}},"349":{"start":{"line":921,"column":2},"end":{"line":929,"column":4}},"350":{"start":{"line":922,"column":4},"end":{"line":922,"column":25}},"351":{"start":{"line":925,"column":6},"end":{"line":925,"column":27}},"352":{"start":{"line":928,"column":4},"end":{"line":928,"column":89}},"353":{"start":{"line":932,"column":22},"end":{"line":936,"column":1}},"354":{"start":{"line":933,"column":2},"end":{"line":935,"column":4}},"355":{"start":{"line":938,"column":0},"end":{"line":940,"column":3}},"356":{"start":{"line":942,"column":14},"end":{"line":942,"column":67}},"357":{"start":{"line":944,"column":14},"end":{"line":944,"column":103}},"358":{"start":{"line":946,"column":18},"end":{"line":946,"column":92}},"359":{"start":{"line":950,"column":0},"end":{"line":974,"column":29}},"360":{"start":{"line":951,"column":2},"end":{"line":951,"column":38}},"361":{"start":{"line":954,"column":16},"end":{"line":954,"column":49}},"362":{"start":{"line":957,"column":4},"end":{"line":957,"column":56}},"363":{"start":{"line":959,"column":4},"end":{"line":959,"column":44}},"364":{"start":{"line":961,"column":4},"end":{"line":961,"column":27}},"365":{"start":{"line":963,"column":4},"end":{"line":963,"column":39}},"366":{"start":{"line":965,"column":4},"end":{"line":967,"column":6}},"367":{"start":{"line":969,"column":4},"end":{"line":969,"column":24}},"368":{"start":{"line":970,"column":4},"end":{"line":970,"column":17}},"369":{"start":{"line":973,"column":2},"end":{"line":973,"column":26}},"370":{"start":{"line":976,"column":0},"end":{"line":976,"column":38}},"371":{"start":{"line":990,"column":22},"end":{"line":994,"column":1}},"372":{"start":{"line":991,"column":2},"end":{"line":993,"column":4}},"373":{"start":{"line":996,"column":0},"end":{"line":998,"column":3}},"374":{"start":{"line":1000,"column":14},"end":{"line":1000,"column":67}},"375":{"start":{"line":1002,"column":14},"end":{"line":1002,"column":115}},"376":{"start":{"line":1011,"column":0},"end":{"line":1035,"column":2}},"377":{"start":{"line":1012,"column":14},"end":{"line":1012,"column":18}},"378":{"start":{"line":1014,"column":2},"end":{"line":1018,"column":3}},"379":{"start":{"line":1015,"column":19},"end":{"line":1015,"column":61}},"380":{"start":{"line":1016,"column":4},"end":{"line":1016,"column":45}},"381":{"start":{"line":1017,"column":4},"end":{"line":1017,"column":60}},"382":{"start":{"line":1021,"column":15},"end":{"line":1021,"column":28}},"383":{"start":{"line":1022,"column":26},"end":{"line":1022,"column":94}},"384":{"start":{"line":1025,"column":11},"end":{"line":1025,"column":34}},"385":{"start":{"line":1026,"column":14},"end":{"line":1026,"column":39}},"386":{"start":{"line":1028,"column":2},"end":{"line":1034,"column":3}},"387":{"start":{"line":1029,"column":4},"end":{"line":1029,"column":45}},"388":{"start":{"line":1031,"column":19},"end":{"line":1031,"column":68}},"389":{"start":{"line":1032,"column":4},"end":{"line":1032,"column":45}},"390":{"start":{"line":1033,"column":4},"end":{"line":1033,"column":60}},"391":{"start":{"line":1046,"column":0},"end":{"line":1084,"column":2}},"392":{"start":{"line":1047,"column":14},"end":{"line":1047,"column":18}},"393":{"start":{"line":1049,"column":15},"end":{"line":1049,"column":27}},"394":{"start":{"line":1051,"column":2},"end":{"line":1055,"column":3}},"395":{"start":{"line":1052,"column":19},"end":{"line":1052,"column":89}},"396":{"start":{"line":1053,"column":4},"end":{"line":1053,"column":45}},"397":{"start":{"line":1054,"column":4},"end":{"line":1054,"column":60}},"398":{"start":{"line":1058,"column":17},"end":{"line":1058,"column":76}},"399":{"start":{"line":1060,"column":2},"end":{"line":1083,"column":3}},"400":{"start":{"line":1062,"column":27},"end":{"line":1062,"column":64}},"401":{"start":{"line":1066,"column":4},"end":{"line":1076,"column":5}},"402":{"start":{"line":1067,"column":6},"end":{"line":1075,"column":9}},"403":{"start":{"line":1068,"column":8},"end":{"line":1072,"column":9}},"404":{"start":{"line":1069,"column":25},"end":{"line":1069,"column":65}},"405":{"start":{"line":1070,"column":10},"end":{"line":1070,"column":51}},"406":{"start":{"line":1071,"column":10},"end":{"line":1071,"column":66}},"407":{"start":{"line":1074,"column":8},"end":{"line":1074,"column":71}},"408":{"start":{"line":1078,"column":4},"end":{"line":1078,"column":53}},"409":{"start":{"line":1080,"column":19},"end":{"line":1080,"column":79}},"410":{"start":{"line":1081,"column":4},"end":{"line":1081,"column":45}},"411":{"start":{"line":1082,"column":4},"end":{"line":1082,"column":60}},"412":{"start":{"line":1095,"column":0},"end":{"line":1095,"column":57}}},"fnMap":{"0":{"name":"webpackUniversalModuleDefinition","decl":{"start":{"line":1,"column":10},"end":{"line":1,"column":42}},"loc":{"start":{"line":1,"column":58},"end":{"line":10,"column":1}},"line":1},"1":{"name":"(anonymous_1)","decl":{"start":{"line":10,"column":11},"end":{"line":10,"column":12}},"loc":{"start":{"line":10,"column":61},"end":{"line":1100,"column":1}},"line":10},"2":{"name":"(anonymous_2)","decl":{"start":{"line":11,"column":17},"end":{"line":11,"column":18}},"loc":{"start":{"line":11,"column":35},"end":{"line":80,"column":10}},"line":11},"3":{"name":"__webpack_require__","decl":{"start":{"line":16,"column":19},"end":{"line":16,"column":38}},"loc":{"start":{"line":16,"column":49},"end":{"line":37,"column":11}},"line":16},"4":{"name":"(anonymous_4)","decl":{"start":{"line":47,"column":34},"end":{"line":47,"column":35}},"loc":{"start":{"line":47,"column":66},"end":{"line":55,"column":11}},"line":47},"5":{"name":"(anonymous_5)","decl":{"start":{"line":58,"column":34},"end":{"line":58,"column":35}},"loc":{"start":{"line":58,"column":52},"end":{"line":60,"column":11}},"line":58},"6":{"name":"(anonymous_6)","decl":{"start":{"line":63,"column":34},"end":{"line":63,"column":35}},"loc":{"start":{"line":63,"column":51},"end":{"line":69,"column":11}},"line":63},"7":{"name":"getDefault","decl":{"start":{"line":65,"column":21},"end":{"line":65,"column":31}},"loc":{"start":{"line":65,"column":34},"end":{"line":65,"column":63}},"line":65},"8":{"name":"getModuleExports","decl":{"start":{"line":66,"column":21},"end":{"line":66,"column":37}},"loc":{"start":{"line":66,"column":40},"end":{"line":66,"column":58}},"line":66},"9":{"name":"(anonymous_9)","decl":{"start":{"line":72,"column":34},"end":{"line":72,"column":35}},"loc":{"start":{"line":72,"column":61},"end":{"line":72,"column":127}},"line":72},"10":{"name":"(anonymous_10)","decl":{"start":{"line":89,"column":7},"end":{"line":89,"column":8}},"loc":{"start":{"line":89,"column":54},"end":{"line":104,"column":7}},"line":89},"11":{"name":"(anonymous_11)","decl":{"start":{"line":111,"column":7},"end":{"line":111,"column":8}},"loc":{"start":{"line":111,"column":54},"end":{"line":138,"column":7}},"line":111},"12":{"name":"(anonymous_12)","decl":{"start":{"line":145,"column":7},"end":{"line":145,"column":8}},"loc":{"start":{"line":145,"column":54},"end":{"line":255,"column":7}},"line":145},"13":{"name":"(anonymous_13)","decl":{"start":{"line":150,"column":42},"end":{"line":150,"column":43}},"loc":{"start":{"line":150,"column":54},"end":{"line":174,"column":1}},"line":150},"14":{"name":"extendStatics","decl":{"start":{"line":151,"column":32},"end":{"line":151,"column":45}},"loc":{"start":{"line":151,"column":52},"end":{"line":163,"column":3}},"line":151},"15":{"name":"(anonymous_15)","decl":{"start":{"line":154,"column":26},"end":{"line":154,"column":27}},"loc":{"start":{"line":154,"column":42},"end":{"line":156,"column":5}},"line":154},"16":{"name":"(anonymous_16)","decl":{"start":{"line":156,"column":9},"end":{"line":156,"column":10}},"loc":{"start":{"line":156,"column":25},"end":{"line":160,"column":5}},"line":156},"17":{"name":"(anonymous_17)","decl":{"start":{"line":165,"column":9},"end":{"line":165,"column":10}},"loc":{"start":{"line":165,"column":25},"end":{"line":173,"column":3}},"line":165},"18":{"name":"__","decl":{"start":{"line":168,"column":13},"end":{"line":168,"column":15}},"loc":{"start":{"line":168,"column":18},"end":{"line":170,"column":5}},"line":168},"19":{"name":"(anonymous_19)","decl":{"start":{"line":176,"column":54},"end":{"line":176,"column":55}},"loc":{"start":{"line":176,"column":69},"end":{"line":180,"column":1}},"line":176},"20":{"name":"(anonymous_20)","decl":{"start":{"line":202,"column":0},"end":{"line":202,"column":1}},"loc":{"start":{"line":202,"column":18},"end":{"line":251,"column":1}},"line":202},"21":{"name":"KeepObserver","decl":{"start":{"line":205,"column":11},"end":{"line":205,"column":23}},"loc":{"start":{"line":205,"column":32},"end":{"line":248,"column":3}},"line":205},"22":{"name":"(anonymous_22)","decl":{"start":{"line":262,"column":7},"end":{"line":262,"column":8}},"loc":{"start":{"line":262,"column":54},"end":{"line":348,"column":7}},"line":262},"23":{"name":"(anonymous_23)","decl":{"start":{"line":267,"column":36},"end":{"line":267,"column":37}},"loc":{"start":{"line":267,"column":52},"end":{"line":292,"column":1}},"line":267},"24":{"name":"(anonymous_24)","decl":{"start":{"line":294,"column":40},"end":{"line":294,"column":41}},"loc":{"start":{"line":294,"column":52},"end":{"line":300,"column":1}},"line":294},"25":{"name":"(anonymous_25)","decl":{"start":{"line":308,"column":22},"end":{"line":308,"column":23}},"loc":{"start":{"line":308,"column":45},"end":{"line":316,"column":1}},"line":308},"26":{"name":"(anonymous_26)","decl":{"start":{"line":318,"column":15},"end":{"line":318,"column":16}},"loc":{"start":{"line":318,"column":34},"end":{"line":346,"column":1}},"line":318},"27":{"name":"(anonymous_27)","decl":{"start":{"line":355,"column":7},"end":{"line":355,"column":8}},"loc":{"start":{"line":355,"column":54},"end":{"line":376,"column":7}},"line":355},"28":{"name":"(anonymous_28)","decl":{"start":{"line":367,"column":29},"end":{"line":367,"column":30}},"loc":{"start":{"line":367,"column":47},"end":{"line":369,"column":1}},"line":367},"29":{"name":"(anonymous_29)","decl":{"start":{"line":372,"column":14},"end":{"line":372,"column":15}},"loc":{"start":{"line":372,"column":34},"end":{"line":374,"column":1}},"line":372},"30":{"name":"(anonymous_30)","decl":{"start":{"line":383,"column":7},"end":{"line":383,"column":8}},"loc":{"start":{"line":383,"column":54},"end":{"line":408,"column":7}},"line":383},"31":{"name":"(anonymous_31)","decl":{"start":{"line":395,"column":20},"end":{"line":395,"column":21}},"loc":{"start":{"line":395,"column":52},"end":{"line":401,"column":1}},"line":395},"32":{"name":"(anonymous_32)","decl":{"start":{"line":404,"column":23},"end":{"line":404,"column":24}},"loc":{"start":{"line":404,"column":35},"end":{"line":406,"column":1}},"line":404},"33":{"name":"(anonymous_33)","decl":{"start":{"line":415,"column":7},"end":{"line":415,"column":8}},"loc":{"start":{"line":415,"column":54},"end":{"line":450,"column":7}},"line":415},"34":{"name":"(anonymous_34)","decl":{"start":{"line":429,"column":34},"end":{"line":429,"column":35}},"loc":{"start":{"line":429,"column":46},"end":{"line":448,"column":1}},"line":429},"35":{"name":"(anonymous_35)","decl":{"start":{"line":457,"column":7},"end":{"line":457,"column":8}},"loc":{"start":{"line":457,"column":54},"end":{"line":493,"column":7}},"line":457},"36":{"name":"(anonymous_36)","decl":{"start":{"line":472,"column":0},"end":{"line":472,"column":1}},"loc":{"start":{"line":472,"column":12},"end":{"line":489,"column":1}},"line":472},"37":{"name":"MessageQueue","decl":{"start":{"line":473,"column":11},"end":{"line":473,"column":23}},"loc":{"start":{"line":473,"column":39},"end":{"line":486,"column":3}},"line":473},"38":{"name":"(anonymous_38)","decl":{"start":{"line":500,"column":7},"end":{"line":500,"column":8}},"loc":{"start":{"line":500,"column":54},"end":{"line":546,"column":7}},"line":500},"39":{"name":"(anonymous_39)","decl":{"start":{"line":512,"column":36},"end":{"line":512,"column":37}},"loc":{"start":{"line":512,"column":57},"end":{"line":544,"column":1}},"line":512},"40":{"name":"(anonymous_40)","decl":{"start":{"line":526,"column":9},"end":{"line":526,"column":10}},"loc":{"start":{"line":526,"column":23},"end":{"line":543,"column":3}},"line":526},"41":{"name":"(anonymous_41)","decl":{"start":{"line":538,"column":28},"end":{"line":538,"column":29}},"loc":{"start":{"line":538,"column":40},"end":{"line":542,"column":5}},"line":538},"42":{"name":"(anonymous_42)","decl":{"start":{"line":553,"column":7},"end":{"line":553,"column":8}},"loc":{"start":{"line":553,"column":54},"end":{"line":638,"column":7}},"line":553},"43":{"name":"(anonymous_43)","decl":{"start":{"line":565,"column":26},"end":{"line":565,"column":27}},"loc":{"start":{"line":565,"column":48},"end":{"line":593,"column":1}},"line":565},"44":{"name":"(anonymous_44)","decl":{"start":{"line":582,"column":13},"end":{"line":582,"column":14}},"loc":{"start":{"line":582,"column":25},"end":{"line":592,"column":3}},"line":582},"45":{"name":"(anonymous_45)","decl":{"start":{"line":584,"column":39},"end":{"line":584,"column":40}},"loc":{"start":{"line":584,"column":52},"end":{"line":586,"column":5}},"line":584},"46":{"name":"(anonymous_46)","decl":{"start":{"line":596,"column":25},"end":{"line":596,"column":26}},"loc":{"start":{"line":596,"column":42},"end":{"line":636,"column":1}},"line":596},"47":{"name":"(anonymous_47)","decl":{"start":{"line":606,"column":24},"end":{"line":606,"column":25}},"loc":{"start":{"line":606,"column":40},"end":{"line":632,"column":3}},"line":606},"48":{"name":"(anonymous_48)","decl":{"start":{"line":610,"column":67},"end":{"line":610,"column":68}},"loc":{"start":{"line":610,"column":89},"end":{"line":631,"column":5}},"line":610},"49":{"name":"(anonymous_49)","decl":{"start":{"line":632,"column":17},"end":{"line":632,"column":18}},"loc":{"start":{"line":632,"column":29},"end":{"line":635,"column":3}},"line":632},"50":{"name":"(anonymous_50)","decl":{"start":{"line":645,"column":7},"end":{"line":645,"column":8}},"loc":{"start":{"line":645,"column":54},"end":{"line":802,"column":7}},"line":645},"51":{"name":"(anonymous_51)","decl":{"start":{"line":650,"column":42},"end":{"line":650,"column":43}},"loc":{"start":{"line":650,"column":54},"end":{"line":674,"column":1}},"line":650},"52":{"name":"extendStatics","decl":{"start":{"line":651,"column":32},"end":{"line":651,"column":45}},"loc":{"start":{"line":651,"column":52},"end":{"line":663,"column":3}},"line":651},"53":{"name":"(anonymous_53)","decl":{"start":{"line":654,"column":26},"end":{"line":654,"column":27}},"loc":{"start":{"line":654,"column":42},"end":{"line":656,"column":5}},"line":654},"54":{"name":"(anonymous_54)","decl":{"start":{"line":656,"column":9},"end":{"line":656,"column":10}},"loc":{"start":{"line":656,"column":25},"end":{"line":660,"column":5}},"line":656},"55":{"name":"(anonymous_55)","decl":{"start":{"line":665,"column":9},"end":{"line":665,"column":10}},"loc":{"start":{"line":665,"column":25},"end":{"line":673,"column":3}},"line":665},"56":{"name":"__","decl":{"start":{"line":668,"column":13},"end":{"line":668,"column":15}},"loc":{"start":{"line":668,"column":18},"end":{"line":670,"column":5}},"line":668},"57":{"name":"(anonymous_57)","decl":{"start":{"line":676,"column":36},"end":{"line":676,"column":37}},"loc":{"start":{"line":676,"column":52},"end":{"line":701,"column":1}},"line":676},"58":{"name":"(anonymous_58)","decl":{"start":{"line":703,"column":40},"end":{"line":703,"column":41}},"loc":{"start":{"line":703,"column":52},"end":{"line":709,"column":1}},"line":703},"59":{"name":"(anonymous_59)","decl":{"start":{"line":711,"column":54},"end":{"line":711,"column":55}},"loc":{"start":{"line":711,"column":69},"end":{"line":715,"column":1}},"line":711},"60":{"name":"(anonymous_60)","decl":{"start":{"line":729,"column":0},"end":{"line":729,"column":1}},"loc":{"start":{"line":729,"column":18},"end":{"line":798,"column":1}},"line":729},"61":{"name":"PipeUser","decl":{"start":{"line":732,"column":11},"end":{"line":732,"column":19}},"loc":{"start":{"line":732,"column":41},"end":{"line":795,"column":3}},"line":732},"62":{"name":"(anonymous_62)","decl":{"start":{"line":742,"column":4},"end":{"line":742,"column":5}},"loc":{"start":{"line":742,"column":27},"end":{"line":765,"column":5}},"line":742},"63":{"name":"(anonymous_63)","decl":{"start":{"line":754,"column":61},"end":{"line":754,"column":62}},"loc":{"start":{"line":754,"column":91},"end":{"line":758,"column":7}},"line":754},"64":{"name":"(anonymous_64)","decl":{"start":{"line":759,"column":18},"end":{"line":759,"column":19}},"loc":{"start":{"line":759,"column":30},"end":{"line":764,"column":7}},"line":759},"65":{"name":"(anonymous_65)","decl":{"start":{"line":767,"column":4},"end":{"line":767,"column":5}},"loc":{"start":{"line":767,"column":30},"end":{"line":769,"column":5}},"line":767},"66":{"name":"(anonymous_66)","decl":{"start":{"line":771,"column":28},"end":{"line":771,"column":29}},"loc":{"start":{"line":771,"column":49},"end":{"line":781,"column":5}},"line":771},"67":{"name":"(anonymous_67)","decl":{"start":{"line":783,"column":28},"end":{"line":783,"column":29}},"loc":{"start":{"line":783,"column":60},"end":{"line":785,"column":5}},"line":783},"68":{"name":"(anonymous_68)","decl":{"start":{"line":788,"column":32},"end":{"line":788,"column":33}},"loc":{"start":{"line":788,"column":50},"end":{"line":790,"column":5}},"line":788},"69":{"name":"(anonymous_69)","decl":{"start":{"line":809,"column":7},"end":{"line":809,"column":8}},"loc":{"start":{"line":809,"column":54},"end":{"line":894,"column":7}},"line":809},"70":{"name":"(anonymous_70)","decl":{"start":{"line":822,"column":0},"end":{"line":822,"column":1}},"loc":{"start":{"line":822,"column":12},"end":{"line":890,"column":1}},"line":822},"71":{"name":"WatchDog","decl":{"start":{"line":823,"column":11},"end":{"line":823,"column":19}},"loc":{"start":{"line":823,"column":28},"end":{"line":829,"column":3}},"line":823},"72":{"name":"(anonymous_72)","decl":{"start":{"line":832,"column":44},"end":{"line":832,"column":45}},"loc":{"start":{"line":832,"column":75},"end":{"line":887,"column":3}},"line":832},"73":{"name":"(anonymous_73)","decl":{"start":{"line":835,"column":56},"end":{"line":835,"column":57}},"loc":{"start":{"line":835,"column":68},"end":{"line":837,"column":5}},"line":835},"74":{"name":"(anonymous_74)","decl":{"start":{"line":838,"column":56},"end":{"line":838,"column":57}},"loc":{"start":{"line":838,"column":68},"end":{"line":840,"column":5}},"line":838},"75":{"name":"limtJudgeAnomaly","decl":{"start":{"line":842,"column":36},"end":{"line":842,"column":52}},"loc":{"start":{"line":842,"column":90},"end":{"line":861,"column":5}},"line":842},"76":{"name":"watchWrap","decl":{"start":{"line":863,"column":29},"end":{"line":863,"column":38}},"loc":{"start":{"line":863,"column":52},"end":{"line":884,"column":5}},"line":863},"77":{"name":"(anonymous_77)","decl":{"start":{"line":901,"column":7},"end":{"line":901,"column":8}},"loc":{"start":{"line":901,"column":54},"end":{"line":978,"column":7}},"line":901},"78":{"name":"(anonymous_78)","decl":{"start":{"line":906,"column":42},"end":{"line":906,"column":43}},"loc":{"start":{"line":906,"column":54},"end":{"line":930,"column":1}},"line":906},"79":{"name":"extendStatics","decl":{"start":{"line":907,"column":32},"end":{"line":907,"column":45}},"loc":{"start":{"line":907,"column":52},"end":{"line":919,"column":3}},"line":907},"80":{"name":"(anonymous_80)","decl":{"start":{"line":910,"column":26},"end":{"line":910,"column":27}},"loc":{"start":{"line":910,"column":42},"end":{"line":912,"column":5}},"line":910},"81":{"name":"(anonymous_81)","decl":{"start":{"line":912,"column":9},"end":{"line":912,"column":10}},"loc":{"start":{"line":912,"column":25},"end":{"line":916,"column":5}},"line":912},"82":{"name":"(anonymous_82)","decl":{"start":{"line":921,"column":9},"end":{"line":921,"column":10}},"loc":{"start":{"line":921,"column":25},"end":{"line":929,"column":3}},"line":921},"83":{"name":"__","decl":{"start":{"line":924,"column":13},"end":{"line":924,"column":15}},"loc":{"start":{"line":924,"column":18},"end":{"line":926,"column":5}},"line":924},"84":{"name":"(anonymous_84)","decl":{"start":{"line":932,"column":54},"end":{"line":932,"column":55}},"loc":{"start":{"line":932,"column":69},"end":{"line":936,"column":1}},"line":932},"85":{"name":"(anonymous_85)","decl":{"start":{"line":950,"column":0},"end":{"line":950,"column":1}},"loc":{"start":{"line":950,"column":18},"end":{"line":974,"column":1}},"line":950},"86":{"name":"keepObserverPipe","decl":{"start":{"line":953,"column":11},"end":{"line":953,"column":27}},"loc":{"start":{"line":953,"column":50},"end":{"line":971,"column":3}},"line":953},"87":{"name":"(anonymous_87)","decl":{"start":{"line":985,"column":7},"end":{"line":985,"column":8}},"loc":{"start":{"line":985,"column":54},"end":{"line":1086,"column":7}},"line":985},"88":{"name":"(anonymous_88)","decl":{"start":{"line":990,"column":54},"end":{"line":990,"column":55}},"loc":{"start":{"line":990,"column":69},"end":{"line":994,"column":1}},"line":990},"89":{"name":"(anonymous_89)","decl":{"start":{"line":1011,"column":14},"end":{"line":1011,"column":15}},"loc":{"start":{"line":1011,"column":34},"end":{"line":1035,"column":1}},"line":1011},"90":{"name":"(anonymous_90)","decl":{"start":{"line":1046,"column":20},"end":{"line":1046,"column":21}},"loc":{"start":{"line":1046,"column":46},"end":{"line":1084,"column":1}},"line":1046},"91":{"name":"(anonymous_91)","decl":{"start":{"line":1067,"column":42},"end":{"line":1067,"column":43}},"loc":{"start":{"line":1067,"column":71},"end":{"line":1075,"column":7}},"line":1067},"92":{"name":"(anonymous_92)","decl":{"start":{"line":1093,"column":7},"end":{"line":1093,"column":8}},"loc":{"start":{"line":1093,"column":33},"end":{"line":1097,"column":7}},"line":1093}},"branchMap":{"0":{"loc":{"start":{"line":2,"column":1},"end":{"line":9,"column":2}},"type":"if","locations":[{"start":{"line":2,"column":1},"end":{"line":9,"column":2}},{"start":{"line":2,"column":1},"end":{"line":9,"column":2}}],"line":2},"1":{"loc":{"start":{"line":2,"column":4},"end":{"line":2,"column":61}},"type":"binary-expr","locations":[{"start":{"line":2,"column":4},"end":{"line":2,"column":31}},{"start":{"line":2,"column":35},"end":{"line":2,"column":61}}],"line":2},"2":{"loc":{"start":{"line":4,"column":6},"end":{"line":9,"column":2}},"type":"if","locations":[{"start":{"line":4,"column":6},"end":{"line":9,"column":2}},{"start":{"line":4,"column":6},"end":{"line":9,"column":2}}],"line":4},"3":{"loc":{"start":{"line":4,"column":9},"end":{"line":4,"column":51}},"type":"binary-expr","locations":[{"start":{"line":4,"column":9},"end":{"line":4,"column":37}},{"start":{"line":4,"column":41},"end":{"line":4,"column":51}}],"line":4},"4":{"loc":{"start":{"line":7,"column":10},"end":{"line":7,"column":102}},"type":"cond-expr","locations":[{"start":{"line":7,"column":40},"end":{"line":7,"column":71}},{"start":{"line":7,"column":74},"end":{"line":7,"column":102}}],"line":7},"5":{"loc":{"start":{"line":8,"column":19},"end":{"line":8,"column":63}},"type":"cond-expr","locations":[{"start":{"line":8,"column":49},"end":{"line":8,"column":56}},{"start":{"line":8,"column":59},"end":{"line":8,"column":63}}],"line":8},"6":{"loc":{"start":{"line":19,"column":11},"end":{"line":21,"column":12}},"type":"if","locations":[{"start":{"line":19,"column":11},"end":{"line":21,"column":12}},{"start":{"line":19,"column":11},"end":{"line":21,"column":12}}],"line":19},"7":{"loc":{"start":{"line":48,"column":11},"end":{"line":54,"column":12}},"type":"if","locations":[{"start":{"line":48,"column":11},"end":{"line":54,"column":12}},{"start":{"line":48,"column":11},"end":{"line":54,"column":12}}],"line":48},"8":{"loc":{"start":{"line":64,"column":24},"end":{"line":66,"column":58}},"type":"cond-expr","locations":[{"start":{"line":65,"column":12},"end":{"line":65,"column":63}},{"start":{"line":66,"column":12},"end":{"line":66,"column":58}}],"line":64},"9":{"loc":{"start":{"line":64,"column":24},"end":{"line":64,"column":51}},"type":"binary-expr","locations":[{"start":{"line":64,"column":24},"end":{"line":64,"column":30}},{"start":{"line":64,"column":34},"end":{"line":64,"column":51}}],"line":64},"10":{"loc":{"start":{"line":150,"column":16},"end":{"line":174,"column":3}},"type":"binary-expr","locations":[{"start":{"line":150,"column":16},"end":{"line":150,"column":20}},{"start":{"line":150,"column":24},"end":{"line":150,"column":38}},{"start":{"line":150,"column":42},"end":{"line":174,"column":3}}],"line":150},"11":{"loc":{"start":{"line":152,"column":21},"end":{"line":160,"column":5}},"type":"binary-expr","locations":[{"start":{"line":152,"column":21},"end":{"line":152,"column":42}},{"start":{"line":152,"column":46},"end":{"line":154,"column":22}},{"start":{"line":154,"column":26},"end":{"line":156,"column":5}},{"start":{"line":156,"column":9},"end":{"line":160,"column":5}}],"line":152},"12":{"loc":{"start":{"line":158,"column":8},"end":{"line":158,"column":45}},"type":"if","locations":[{"start":{"line":158,"column":8},"end":{"line":158,"column":45}},{"start":{"line":158,"column":8},"end":{"line":158,"column":45}}],"line":158},"13":{"loc":{"start":{"line":172,"column":18},"end":{"line":172,"column":88}},"type":"cond-expr","locations":[{"start":{"line":172,"column":31},"end":{"line":172,"column":47}},{"start":{"line":172,"column":51},"end":{"line":172,"column":87}}],"line":172},"14":{"loc":{"start":{"line":176,"column":22},"end":{"line":180,"column":1}},"type":"binary-expr","locations":[{"start":{"line":176,"column":22},"end":{"line":176,"column":26}},{"start":{"line":176,"column":30},"end":{"line":176,"column":50}},{"start":{"line":176,"column":54},"end":{"line":180,"column":1}}],"line":176},"15":{"loc":{"start":{"line":177,"column":9},"end":{"line":179,"column":3}},"type":"cond-expr","locations":[{"start":{"line":177,"column":33},"end":{"line":177,"column":36}},{"start":{"line":177,"column":39},"end":{"line":179,"column":3}}],"line":177},"16":{"loc":{"start":{"line":177,"column":9},"end":{"line":177,"column":30}},"type":"binary-expr","locations":[{"start":{"line":177,"column":9},"end":{"line":177,"column":12}},{"start":{"line":177,"column":16},"end":{"line":177,"column":30}}],"line":177},"17":{"loc":{"start":{"line":206,"column":4},"end":{"line":208,"column":5}},"type":"if","locations":[{"start":{"line":206,"column":4},"end":{"line":208,"column":5}},{"start":{"line":206,"column":4},"end":{"line":208,"column":5}}],"line":206},"18":{"loc":{"start":{"line":210,"column":16},"end":{"line":210,"column":108}},"type":"binary-expr","locations":[{"start":{"line":210,"column":16},"end":{"line":210,"column":100}},{"start":{"line":210,"column":104},"end":{"line":210,"column":108}}],"line":210},"19":{"loc":{"start":{"line":243,"column":4},"end":{"line":245,"column":5}},"type":"if","locations":[{"start":{"line":243,"column":4},"end":{"line":245,"column":5}},{"start":{"line":243,"column":4},"end":{"line":245,"column":5}}],"line":243},"20":{"loc":{"start":{"line":243,"column":8},"end":{"line":243,"column":77}},"type":"binary-expr","locations":[{"start":{"line":243,"column":8},"end":{"line":243,"column":36}},{"start":{"line":243,"column":40},"end":{"line":243,"column":77}}],"line":243},"21":{"loc":{"start":{"line":267,"column":13},"end":{"line":292,"column":1}},"type":"binary-expr","locations":[{"start":{"line":267,"column":13},"end":{"line":267,"column":17}},{"start":{"line":267,"column":21},"end":{"line":267,"column":32}},{"start":{"line":267,"column":36},"end":{"line":292,"column":1}}],"line":267},"22":{"loc":{"start":{"line":268,"column":10},"end":{"line":268,"column":60}},"type":"binary-expr","locations":[{"start":{"line":268,"column":10},"end":{"line":268,"column":38}},{"start":{"line":268,"column":42},"end":{"line":268,"column":60}}],"line":268},"23":{"loc":{"start":{"line":269,"column":2},"end":{"line":269,"column":19}},"type":"if","locations":[{"start":{"line":269,"column":2},"end":{"line":269,"column":19}},{"start":{"line":269,"column":2},"end":{"line":269,"column":19}}],"line":269},"24":{"loc":{"start":{"line":276,"column":11},"end":{"line":276,"column":60}},"type":"binary-expr","locations":[{"start":{"line":276,"column":12},"end":{"line":276,"column":24}},{"start":{"line":276,"column":28},"end":{"line":276,"column":35}},{"start":{"line":276,"column":40},"end":{"line":276,"column":60}}],"line":276},"25":{"loc":{"start":{"line":285,"column":6},"end":{"line":285,"column":55}},"type":"if","locations":[{"start":{"line":285,"column":6},"end":{"line":285,"column":55}},{"start":{"line":285,"column":6},"end":{"line":285,"column":55}}],"line":285},"26":{"loc":{"start":{"line":285,"column":10},"end":{"line":285,"column":43}},"type":"binary-expr","locations":[{"start":{"line":285,"column":10},"end":{"line":285,"column":11}},{"start":{"line":285,"column":15},"end":{"line":285,"column":22}},{"start":{"line":285,"column":27},"end":{"line":285,"column":42}}],"line":285},"27":{"loc":{"start":{"line":287,"column":6},"end":{"line":287,"column":27}},"type":"if","locations":[{"start":{"line":287,"column":6},"end":{"line":287,"column":27}},{"start":{"line":287,"column":6},"end":{"line":287,"column":27}}],"line":287},"28":{"loc":{"start":{"line":294,"column":15},"end":{"line":300,"column":1}},"type":"binary-expr","locations":[{"start":{"line":294,"column":15},"end":{"line":294,"column":19}},{"start":{"line":294,"column":23},"end":{"line":294,"column":36}},{"start":{"line":294,"column":40},"end":{"line":300,"column":1}}],"line":294},"29":{"loc":{"start":{"line":311,"column":2},"end":{"line":313,"column":3}},"type":"if","locations":[{"start":{"line":311,"column":2},"end":{"line":313,"column":3}},{"start":{"line":311,"column":2},"end":{"line":313,"column":3}}],"line":311},"30":{"loc":{"start":{"line":327,"column":2},"end":{"line":331,"column":3}},"type":"if","locations":[{"start":{"line":327,"column":2},"end":{"line":331,"column":3}},{"start":{"line":327,"column":2},"end":{"line":331,"column":3}}],"line":327},"31":{"loc":{"start":{"line":396,"column":2},"end":{"line":398,"column":3}},"type":"if","locations":[{"start":{"line":396,"column":2},"end":{"line":398,"column":3}},{"start":{"line":396,"column":2},"end":{"line":398,"column":3}}],"line":396},"32":{"loc":{"start":{"line":432,"column":2},"end":{"line":434,"column":3}},"type":"if","locations":[{"start":{"line":432,"column":2},"end":{"line":434,"column":3}},{"start":{"line":432,"column":2},"end":{"line":434,"column":3}}],"line":432},"33":{"loc":{"start":{"line":432,"column":6},"end":{"line":432,"column":80}},"type":"binary-expr","locations":[{"start":{"line":432,"column":6},"end":{"line":432,"column":34}},{"start":{"line":432,"column":38},"end":{"line":432,"column":80}}],"line":432},"34":{"loc":{"start":{"line":436,"column":2},"end":{"line":438,"column":3}},"type":"if","locations":[{"start":{"line":436,"column":2},"end":{"line":438,"column":3}},{"start":{"line":436,"column":2},"end":{"line":438,"column":3}}],"line":436},"35":{"loc":{"start":{"line":441,"column":4},"end":{"line":444,"column":5}},"type":"if","locations":[{"start":{"line":441,"column":4},"end":{"line":444,"column":5}},{"start":{"line":441,"column":4},"end":{"line":444,"column":5}}],"line":441},"36":{"loc":{"start":{"line":516,"column":2},"end":{"line":523,"column":3}},"type":"if","locations":[{"start":{"line":516,"column":2},"end":{"line":523,"column":3}},{"start":{"line":516,"column":2},"end":{"line":523,"column":3}}],"line":516},"37":{"loc":{"start":{"line":528,"column":4},"end":{"line":535,"column":5}},"type":"if","locations":[{"start":{"line":528,"column":4},"end":{"line":535,"column":5}},{"start":{"line":528,"column":4},"end":{"line":535,"column":5}}],"line":528},"38":{"loc":{"start":{"line":528,"column":8},"end":{"line":528,"column":44}},"type":"binary-expr","locations":[{"start":{"line":528,"column":8},"end":{"line":528,"column":11}},{"start":{"line":528,"column":15},"end":{"line":528,"column":44}}],"line":528},"39":{"loc":{"start":{"line":573,"column":2},"end":{"line":575,"column":3}},"type":"if","locations":[{"start":{"line":573,"column":2},"end":{"line":575,"column":3}},{"start":{"line":573,"column":2},"end":{"line":575,"column":3}}],"line":573},"40":{"loc":{"start":{"line":599,"column":2},"end":{"line":601,"column":3}},"type":"if","locations":[{"start":{"line":599,"column":2},"end":{"line":601,"column":3}},{"start":{"line":599,"column":2},"end":{"line":601,"column":3}}],"line":599},"41":{"loc":{"start":{"line":599,"column":6},"end":{"line":599,"column":57}},"type":"binary-expr","locations":[{"start":{"line":599,"column":6},"end":{"line":599,"column":35}},{"start":{"line":599,"column":39},"end":{"line":599,"column":57}}],"line":599},"42":{"loc":{"start":{"line":612,"column":6},"end":{"line":614,"column":7}},"type":"if","locations":[{"start":{"line":612,"column":6},"end":{"line":614,"column":7}},{"start":{"line":612,"column":6},"end":{"line":614,"column":7}}],"line":612},"43":{"loc":{"start":{"line":617,"column":6},"end":{"line":619,"column":7}},"type":"if","locations":[{"start":{"line":617,"column":6},"end":{"line":619,"column":7}},{"start":{"line":617,"column":6},"end":{"line":619,"column":7}}],"line":617},"44":{"loc":{"start":{"line":624,"column":15},"end":{"line":624,"column":34}},"type":"binary-expr","locations":[{"start":{"line":624,"column":15},"end":{"line":624,"column":25}},{"start":{"line":624,"column":29},"end":{"line":624,"column":34}}],"line":624},"45":{"loc":{"start":{"line":650,"column":16},"end":{"line":674,"column":3}},"type":"binary-expr","locations":[{"start":{"line":650,"column":16},"end":{"line":650,"column":20}},{"start":{"line":650,"column":24},"end":{"line":650,"column":38}},{"start":{"line":650,"column":42},"end":{"line":674,"column":3}}],"line":650},"46":{"loc":{"start":{"line":652,"column":21},"end":{"line":660,"column":5}},"type":"binary-expr","locations":[{"start":{"line":652,"column":21},"end":{"line":652,"column":42}},{"start":{"line":652,"column":46},"end":{"line":654,"column":22}},{"start":{"line":654,"column":26},"end":{"line":656,"column":5}},{"start":{"line":656,"column":9},"end":{"line":660,"column":5}}],"line":652},"47":{"loc":{"start":{"line":658,"column":8},"end":{"line":658,"column":45}},"type":"if","locations":[{"start":{"line":658,"column":8},"end":{"line":658,"column":45}},{"start":{"line":658,"column":8},"end":{"line":658,"column":45}}],"line":658},"48":{"loc":{"start":{"line":672,"column":18},"end":{"line":672,"column":88}},"type":"cond-expr","locations":[{"start":{"line":672,"column":31},"end":{"line":672,"column":47}},{"start":{"line":672,"column":51},"end":{"line":672,"column":87}}],"line":672},"49":{"loc":{"start":{"line":676,"column":13},"end":{"line":701,"column":1}},"type":"binary-expr","locations":[{"start":{"line":676,"column":13},"end":{"line":676,"column":17}},{"start":{"line":676,"column":21},"end":{"line":676,"column":32}},{"start":{"line":676,"column":36},"end":{"line":701,"column":1}}],"line":676},"50":{"loc":{"start":{"line":677,"column":10},"end":{"line":677,"column":60}},"type":"binary-expr","locations":[{"start":{"line":677,"column":10},"end":{"line":677,"column":38}},{"start":{"line":677,"column":42},"end":{"line":677,"column":60}}],"line":677},"51":{"loc":{"start":{"line":678,"column":2},"end":{"line":678,"column":19}},"type":"if","locations":[{"start":{"line":678,"column":2},"end":{"line":678,"column":19}},{"start":{"line":678,"column":2},"end":{"line":678,"column":19}}],"line":678},"52":{"loc":{"start":{"line":685,"column":11},"end":{"line":685,"column":60}},"type":"binary-expr","locations":[{"start":{"line":685,"column":12},"end":{"line":685,"column":24}},{"start":{"line":685,"column":28},"end":{"line":685,"column":35}},{"start":{"line":685,"column":40},"end":{"line":685,"column":60}}],"line":685},"53":{"loc":{"start":{"line":694,"column":6},"end":{"line":694,"column":55}},"type":"if","locations":[{"start":{"line":694,"column":6},"end":{"line":694,"column":55}},{"start":{"line":694,"column":6},"end":{"line":694,"column":55}}],"line":694},"54":{"loc":{"start":{"line":694,"column":10},"end":{"line":694,"column":43}},"type":"binary-expr","locations":[{"start":{"line":694,"column":10},"end":{"line":694,"column":11}},{"start":{"line":694,"column":15},"end":{"line":694,"column":22}},{"start":{"line":694,"column":27},"end":{"line":694,"column":42}}],"line":694},"55":{"loc":{"start":{"line":696,"column":6},"end":{"line":696,"column":27}},"type":"if","locations":[{"start":{"line":696,"column":6},"end":{"line":696,"column":27}},{"start":{"line":696,"column":6},"end":{"line":696,"column":27}}],"line":696},"56":{"loc":{"start":{"line":703,"column":15},"end":{"line":709,"column":1}},"type":"binary-expr","locations":[{"start":{"line":703,"column":15},"end":{"line":703,"column":19}},{"start":{"line":703,"column":23},"end":{"line":703,"column":36}},{"start":{"line":703,"column":40},"end":{"line":709,"column":1}}],"line":703},"57":{"loc":{"start":{"line":711,"column":22},"end":{"line":715,"column":1}},"type":"binary-expr","locations":[{"start":{"line":711,"column":22},"end":{"line":711,"column":26}},{"start":{"line":711,"column":30},"end":{"line":711,"column":50}},{"start":{"line":711,"column":54},"end":{"line":715,"column":1}}],"line":711},"58":{"loc":{"start":{"line":712,"column":9},"end":{"line":714,"column":3}},"type":"cond-expr","locations":[{"start":{"line":712,"column":33},"end":{"line":712,"column":36}},{"start":{"line":712,"column":39},"end":{"line":714,"column":3}}],"line":712},"59":{"loc":{"start":{"line":712,"column":9},"end":{"line":712,"column":30}},"type":"binary-expr","locations":[{"start":{"line":712,"column":9},"end":{"line":712,"column":12}},{"start":{"line":712,"column":16},"end":{"line":712,"column":30}}],"line":712},"60":{"loc":{"start":{"line":733,"column":16},"end":{"line":733,"column":41}},"type":"binary-expr","locations":[{"start":{"line":733,"column":16},"end":{"line":733,"column":33}},{"start":{"line":733,"column":37},"end":{"line":733,"column":41}}],"line":733},"61":{"loc":{"start":{"line":744,"column":6},"end":{"line":744,"column":34}},"type":"if","locations":[{"start":{"line":744,"column":6},"end":{"line":744,"column":34}},{"start":{"line":744,"column":6},"end":{"line":744,"column":34}}],"line":744},"62":{"loc":{"start":{"line":760,"column":8},"end":{"line":763,"column":9}},"type":"if","locations":[{"start":{"line":760,"column":8},"end":{"line":763,"column":9}},{"start":{"line":760,"column":8},"end":{"line":763,"column":9}}],"line":760},"63":{"loc":{"start":{"line":824,"column":4},"end":{"line":826,"column":5}},"type":"if","locations":[{"start":{"line":824,"column":4},"end":{"line":826,"column":5}},{"start":{"line":824,"column":4},"end":{"line":826,"column":5}}],"line":824},"64":{"loc":{"start":{"line":846,"column":6},"end":{"line":851,"column":7}},"type":"if","locations":[{"start":{"line":846,"column":6},"end":{"line":851,"column":7}},{"start":{"line":846,"column":6},"end":{"line":851,"column":7}}],"line":846},"65":{"loc":{"start":{"line":853,"column":6},"end":{"line":858,"column":7}},"type":"if","locations":[{"start":{"line":853,"column":6},"end":{"line":858,"column":7}},{"start":{"line":853,"column":6},"end":{"line":858,"column":7}}],"line":853},"66":{"loc":{"start":{"line":864,"column":15},"end":{"line":864,"column":32}},"type":"binary-expr","locations":[{"start":{"line":864,"column":15},"end":{"line":864,"column":26}},{"start":{"line":864,"column":30},"end":{"line":864,"column":32}}],"line":864},"67":{"loc":{"start":{"line":866,"column":31},"end":{"line":866,"column":57}},"type":"cond-expr","locations":[{"start":{"line":866,"column":47},"end":{"line":866,"column":52}},{"start":{"line":866,"column":55},"end":{"line":866,"column":57}}],"line":866},"68":{"loc":{"start":{"line":868,"column":17},"end":{"line":868,"column":49}},"type":"cond-expr","locations":[{"start":{"line":868,"column":33},"end":{"line":868,"column":44}},{"start":{"line":868,"column":47},"end":{"line":868,"column":49}}],"line":868},"69":{"loc":{"start":{"line":870,"column":21},"end":{"line":870,"column":53}},"type":"cond-expr","locations":[{"start":{"line":870,"column":37},"end":{"line":870,"column":48}},{"start":{"line":870,"column":51},"end":{"line":870,"column":53}}],"line":870},"70":{"loc":{"start":{"line":872,"column":17},"end":{"line":872,"column":40}},"type":"cond-expr","locations":[{"start":{"line":872,"column":33},"end":{"line":872,"column":35}},{"start":{"line":872,"column":38},"end":{"line":872,"column":40}}],"line":872},"71":{"loc":{"start":{"line":874,"column":16},"end":{"line":874,"column":109}},"type":"cond-expr","locations":[{"start":{"line":874,"column":37},"end":{"line":874,"column":45}},{"start":{"line":874,"column":48},"end":{"line":874,"column":109}}],"line":874},"72":{"loc":{"start":{"line":875,"column":18},"end":{"line":875,"column":72}},"type":"cond-expr","locations":[{"start":{"line":875,"column":35},"end":{"line":875,"column":51}},{"start":{"line":875,"column":54},"end":{"line":875,"column":72}}],"line":875},"73":{"loc":{"start":{"line":876,"column":16},"end":{"line":876,"column":87}},"type":"cond-expr","locations":[{"start":{"line":876,"column":27},"end":{"line":876,"column":80}},{"start":{"line":876,"column":83},"end":{"line":876,"column":87}}],"line":876},"74":{"loc":{"start":{"line":878,"column":6},"end":{"line":881,"column":7}},"type":"if","locations":[{"start":{"line":878,"column":6},"end":{"line":881,"column":7}},{"start":{"line":878,"column":6},"end":{"line":881,"column":7}}],"line":878},"75":{"loc":{"start":{"line":906,"column":16},"end":{"line":930,"column":3}},"type":"binary-expr","locations":[{"start":{"line":906,"column":16},"end":{"line":906,"column":20}},{"start":{"line":906,"column":24},"end":{"line":906,"column":38}},{"start":{"line":906,"column":42},"end":{"line":930,"column":3}}],"line":906},"76":{"loc":{"start":{"line":908,"column":21},"end":{"line":916,"column":5}},"type":"binary-expr","locations":[{"start":{"line":908,"column":21},"end":{"line":908,"column":42}},{"start":{"line":908,"column":46},"end":{"line":910,"column":22}},{"start":{"line":910,"column":26},"end":{"line":912,"column":5}},{"start":{"line":912,"column":9},"end":{"line":916,"column":5}}],"line":908},"77":{"loc":{"start":{"line":914,"column":8},"end":{"line":914,"column":45}},"type":"if","locations":[{"start":{"line":914,"column":8},"end":{"line":914,"column":45}},{"start":{"line":914,"column":8},"end":{"line":914,"column":45}}],"line":914},"78":{"loc":{"start":{"line":928,"column":18},"end":{"line":928,"column":88}},"type":"cond-expr","locations":[{"start":{"line":928,"column":31},"end":{"line":928,"column":47}},{"start":{"line":928,"column":51},"end":{"line":928,"column":87}}],"line":928},"79":{"loc":{"start":{"line":932,"column":22},"end":{"line":936,"column":1}},"type":"binary-expr","locations":[{"start":{"line":932,"column":22},"end":{"line":932,"column":26}},{"start":{"line":932,"column":30},"end":{"line":932,"column":50}},{"start":{"line":932,"column":54},"end":{"line":936,"column":1}}],"line":932},"80":{"loc":{"start":{"line":933,"column":9},"end":{"line":935,"column":3}},"type":"cond-expr","locations":[{"start":{"line":933,"column":33},"end":{"line":933,"column":36}},{"start":{"line":933,"column":39},"end":{"line":935,"column":3}}],"line":933},"81":{"loc":{"start":{"line":933,"column":9},"end":{"line":933,"column":30}},"type":"binary-expr","locations":[{"start":{"line":933,"column":9},"end":{"line":933,"column":12}},{"start":{"line":933,"column":16},"end":{"line":933,"column":30}}],"line":933},"82":{"loc":{"start":{"line":954,"column":16},"end":{"line":954,"column":49}},"type":"binary-expr","locations":[{"start":{"line":954,"column":16},"end":{"line":954,"column":41}},{"start":{"line":954,"column":45},"end":{"line":954,"column":49}}],"line":954},"83":{"loc":{"start":{"line":990,"column":22},"end":{"line":994,"column":1}},"type":"binary-expr","locations":[{"start":{"line":990,"column":22},"end":{"line":990,"column":26}},{"start":{"line":990,"column":30},"end":{"line":990,"column":50}},{"start":{"line":990,"column":54},"end":{"line":994,"column":1}}],"line":990},"84":{"loc":{"start":{"line":991,"column":9},"end":{"line":993,"column":3}},"type":"cond-expr","locations":[{"start":{"line":991,"column":33},"end":{"line":991,"column":36}},{"start":{"line":991,"column":39},"end":{"line":993,"column":3}}],"line":991},"85":{"loc":{"start":{"line":991,"column":9},"end":{"line":991,"column":30}},"type":"binary-expr","locations":[{"start":{"line":991,"column":9},"end":{"line":991,"column":12}},{"start":{"line":991,"column":16},"end":{"line":991,"column":30}}],"line":991},"86":{"loc":{"start":{"line":1014,"column":2},"end":{"line":1018,"column":3}},"type":"if","locations":[{"start":{"line":1014,"column":2},"end":{"line":1018,"column":3}},{"start":{"line":1014,"column":2},"end":{"line":1018,"column":3}}],"line":1014},"87":{"loc":{"start":{"line":1014,"column":6},"end":{"line":1014,"column":96}},"type":"binary-expr","locations":[{"start":{"line":1014,"column":6},"end":{"line":1014,"column":15}},{"start":{"line":1014,"column":19},"end":{"line":1014,"column":54}},{"start":{"line":1014,"column":58},"end":{"line":1014,"column":96}}],"line":1014},"88":{"loc":{"start":{"line":1022,"column":26},"end":{"line":1022,"column":94}},"type":"cond-expr","locations":[{"start":{"line":1022,"column":63},"end":{"line":1022,"column":83}},{"start":{"line":1022,"column":86},"end":{"line":1022,"column":94}}],"line":1022},"89":{"loc":{"start":{"line":1026,"column":14},"end":{"line":1026,"column":39}},"type":"cond-expr","locations":[{"start":{"line":1026,"column":30},"end":{"line":1026,"column":34}},{"start":{"line":1026,"column":37},"end":{"line":1026,"column":39}}],"line":1026},"90":{"loc":{"start":{"line":1028,"column":2},"end":{"line":1034,"column":3}},"type":"if","locations":[{"start":{"line":1028,"column":2},"end":{"line":1034,"column":3}},{"start":{"line":1028,"column":2},"end":{"line":1034,"column":3}}],"line":1028},"91":{"loc":{"start":{"line":1028,"column":6},"end":{"line":1028,"column":46}},"type":"binary-expr","locations":[{"start":{"line":1028,"column":6},"end":{"line":1028,"column":11}},{"start":{"line":1028,"column":15},"end":{"line":1028,"column":46}}],"line":1028},"92":{"loc":{"start":{"line":1051,"column":2},"end":{"line":1055,"column":3}},"type":"if","locations":[{"start":{"line":1051,"column":2},"end":{"line":1055,"column":3}},{"start":{"line":1051,"column":2},"end":{"line":1055,"column":3}}],"line":1051},"93":{"loc":{"start":{"line":1051,"column":6},"end":{"line":1051,"column":52}},"type":"binary-expr","locations":[{"start":{"line":1051,"column":6},"end":{"line":1051,"column":14}},{"start":{"line":1051,"column":18},"end":{"line":1051,"column":52}}],"line":1051},"94":{"loc":{"start":{"line":1066,"column":4},"end":{"line":1076,"column":5}},"type":"if","locations":[{"start":{"line":1066,"column":4},"end":{"line":1076,"column":5}},{"start":{"line":1066,"column":4},"end":{"line":1076,"column":5}}],"line":1066},"95":{"loc":{"start":{"line":1066,"column":8},"end":{"line":1066,"column":133}},"type":"binary-expr","locations":[{"start":{"line":1066,"column":8},"end":{"line":1066,"column":39}},{"start":{"line":1066,"column":43},"end":{"line":1066,"column":83}},{"start":{"line":1066,"column":87},"end":{"line":1066,"column":133}}],"line":1066},"96":{"loc":{"start":{"line":1068,"column":8},"end":{"line":1072,"column":9}},"type":"if","locations":[{"start":{"line":1068,"column":8},"end":{"line":1072,"column":9}},{"start":{"line":1068,"column":8},"end":{"line":1072,"column":9}}],"line":1068},"97":{"loc":{"start":{"line":1068,"column":12},"end":{"line":1068,"column":33}},"type":"binary-expr","locations":[{"start":{"line":1068,"column":12},"end":{"line":1068,"column":20}},{"start":{"line":1068,"column":24},"end":{"line":1068,"column":33}}],"line":1068}},"s":{"0":3,"1":3,"2":3,"3":0,"4":0,"5":0,"6":0,"7":0,"8":3,"9":3,"10":81,"11":36,"12":45,"13":45,"14":45,"15":45,"16":3,"17":3,"18":3,"19":0,"20":0,"21":3,"22":0,"23":3,"24":0,"25":0,"26":0,"27":0,"28":0,"29":3,"30":0,"31":3,"32":3,"33":3,"34":3,"35":3,"36":3,"37":3,"38":3,"39":3,"40":3,"41":3,"42":3,"43":3,"44":0,"45":0,"46":0,"47":0,"48":3,"49":3,"50":3,"51":3,"52":3,"53":3,"54":6,"55":3,"56":3,"57":3,"58":3,"59":3,"60":3,"61":3,"62":3,"63":3,"64":3,"65":13,"66":0,"67":13,"68":13,"69":13,"70":13,"71":13,"72":13,"73":13,"74":13,"75":13,"76":13,"77":13,"78":13,"79":13,"80":13,"81":13,"82":13,"83":13,"84":0,"85":13,"86":3,"87":3,"88":3,"89":65,"90":65,"91":0,"92":65,"93":65,"94":65,"95":65,"96":28,"97":0,"98":65,"99":65,"100":0,"101":65,"102":0,"103":65,"104":3,"105":65,"106":65,"107":65,"108":3,"109":3,"110":3,"111":18,"112":18,"113":0,"114":18,"115":3,"116":65,"117":65,"118":28,"119":65,"120":65,"121":0,"122":0,"123":0,"124":65,"125":65,"126":65,"127":65,"128":1,"129":1,"130":1,"131":65,"132":3,"133":3,"134":3,"135":13,"136":3,"137":21,"138":3,"139":3,"140":3,"141":11,"142":2,"143":11,"144":3,"145":0,"146":3,"147":3,"148":3,"149":3,"150":3,"151":0,"152":0,"153":0,"154":0,"155":0,"156":0,"157":0,"158":0,"159":0,"160":0,"161":3,"162":3,"163":3,"164":3,"165":13,"166":13,"167":13,"168":13,"169":13,"170":13,"171":13,"172":3,"173":3,"174":3,"175":3,"176":3,"177":20,"178":20,"179":0,"180":0,"181":0,"182":0,"183":20,"184":6,"185":0,"186":0,"187":0,"188":0,"189":6,"190":41,"191":41,"192":3,"193":3,"194":3,"195":42,"196":42,"197":42,"198":0,"199":42,"200":42,"201":42,"202":42,"203":42,"204":42,"205":3,"206":42,"207":42,"208":20,"209":22,"210":22,"211":42,"212":42,"213":42,"214":41,"215":0,"216":41,"217":0,"218":41,"219":41,"220":0,"221":0,"222":0,"223":22,"224":3,"225":3,"226":3,"227":0,"228":0,"229":0,"230":0,"231":3,"232":3,"233":3,"234":3,"235":3,"236":3,"237":44,"238":44,"239":0,"240":44,"241":44,"242":44,"243":44,"244":44,"245":0,"246":44,"247":44,"248":0,"249":44,"250":0,"251":44,"252":3,"253":1,"254":2,"255":1,"256":3,"257":3,"258":3,"259":3,"260":3,"261":3,"262":3,"263":3,"264":20,"265":20,"266":20,"267":20,"268":44,"269":2,"270":42,"271":42,"272":42,"273":42,"274":42,"275":41,"276":41,"277":41,"278":42,"279":1,"280":1,"281":2,"282":20,"283":1,"284":1,"285":1,"286":1,"287":20,"288":1,"289":20,"290":0,"291":20,"292":20,"293":3,"294":3,"295":3,"296":3,"297":3,"298":20,"299":20,"300":20,"301":3,"302":20,"303":20,"304":20,"305":9,"306":20,"307":1,"308":20,"309":45,"310":45,"311":1,"312":1,"313":1,"314":1,"315":44,"316":1,"317":1,"318":1,"319":1,"320":43,"321":20,"322":74,"323":74,"324":74,"325":74,"326":74,"327":74,"328":74,"329":74,"330":74,"331":74,"332":74,"333":74,"334":74,"335":30,"336":30,"337":44,"338":20,"339":3,"340":3,"341":3,"342":3,"343":3,"344":0,"345":0,"346":0,"347":0,"348":3,"349":3,"350":3,"351":3,"352":3,"353":3,"354":3,"355":3,"356":3,"357":3,"358":3,"359":3,"360":3,"361":13,"362":13,"363":13,"364":13,"365":13,"366":13,"367":13,"368":13,"369":3,"370":3,"371":3,"372":3,"373":3,"374":3,"375":3,"376":3,"377":21,"378":21,"379":0,"380":0,"381":0,"382":21,"383":21,"384":21,"385":21,"386":21,"387":20,"388":1,"389":1,"390":1,"391":3,"392":20,"393":20,"394":20,"395":0,"396":0,"397":0,"398":20,"399":20,"400":20,"401":19,"402":12,"403":18,"404":0,"405":0,"406":0,"407":18,"408":19,"409":1,"410":1,"411":1,"412":3},"f":{"0":3,"1":3,"2":3,"3":81,"4":0,"5":0,"6":0,"7":0,"8":0,"9":0,"10":3,"11":3,"12":3,"13":3,"14":3,"15":0,"16":0,"17":3,"18":3,"19":6,"20":3,"21":13,"22":3,"23":65,"24":65,"25":18,"26":65,"27":3,"28":13,"29":21,"30":3,"31":11,"32":0,"33":3,"34":0,"35":3,"36":3,"37":13,"38":3,"39":20,"40":6,"41":41,"42":3,"43":42,"44":42,"45":42,"46":42,"47":42,"48":41,"49":22,"50":3,"51":3,"52":3,"53":0,"54":0,"55":3,"56":3,"57":44,"58":1,"59":3,"60":3,"61":20,"62":44,"63":41,"64":42,"65":2,"66":1,"67":1,"68":0,"69":3,"70":3,"71":20,"72":20,"73":9,"74":1,"75":45,"76":74,"77":3,"78":3,"79":3,"80":0,"81":0,"82":3,"83":3,"84":3,"85":3,"86":13,"87":3,"88":3,"89":21,"90":20,"91":18,"92":3},"b":{"0":[3,0],"1":[3,3],"2":[0,0],"3":[0,0],"4":[0,0],"5":[0,0],"6":[36,45],"7":[0,0],"8":[0,0],"9":[0,0],"10":[3,3,3],"11":[3,0,0,0],"12":[0,0],"13":[0,3],"14":[3,3,3],"15":[6,0],"16":[6,6],"17":[0,13],"18":[13,13],"19":[0,13],"20":[13,13],"21":[3,3,3],"22":[65,65],"23":[0,65],"24":[93,0,93],"25":[0,65],"26":[65,65,0],"27":[0,65],"28":[3,3,3],"29":[0,18],"30":[0,65],"31":[2,9],"32":[0,0],"33":[0,0],"34":[0,0],"35":[0,0],"36":[0,20],"37":[0,6],"38":[6,6],"39":[0,42],"40":[20,22],"41":[42,42],"42":[0,41],"43":[0,41],"44":[41,41],"45":[3,3,3],"46":[3,0,0,0],"47":[0,0],"48":[0,3],"49":[3,3,3],"50":[44,44],"51":[0,44],"52":[88,84,46],"53":[0,44],"54":[44,44,42],"55":[0,44],"56":[3,3,3],"57":[3,3,3],"58":[3,0],"59":[3,3],"60":[20,20],"61":[2,42],"62":[1,41],"63":[20,0],"64":[1,44],"65":[1,43],"66":[74,26],"67":[74,0],"68":[52,22],"69":[52,22],"70":[27,47],"71":[0,74],"72":[24,50],"73":[45,29],"74":[30,44],"75":[3,3,3],"76":[3,0,0,0],"77":[0,0],"78":[0,3],"79":[3,3,3],"80":[3,0],"81":[3,3],"82":[13,13],"83":[3,3,3],"84":[3,0],"85":[3,3],"86":[0,21],"87":[21,21,11],"88":[10,11],"89":[1,20],"90":[20,1],"91":[21,20],"92":[0,20],"93":[20,20],"94":[12,7],"95":[19,19,12],"96":[0,18],"97":[18,18]},"_coverageSchema":"332fd63041d2c1bcb487cc26dd0d5f7d97098a6c","hash":"3f189be142c24bf3740d68c4b5f07d959297a8d4"}
[...]
":{"line":155,"column":18}},"loc":{"start":{"line":155,"column":21},"end":{"line":155,"column":96}},"line":155},"16":{"name":"(anonymous_16)","decl":{"start":{"line":155,"column":33},"end":{"line":155,"column":34}},"loc":{"start":{"line":155,"column":40},"end":{"line":155,"column":95}},"line":155},"17":{"name":"(anonymous_17)","decl":{"start":{"line":155,"column":51},"end":{"line":155,"column":52}},"loc":{"start":{"line":155,"column":55},"end":{"line":155,"column":90}},"line":155},"18":{"name":"(anonymous_18)","decl":{"start":{"line":159,"column":41},"end":{"line":159,"column":42}},"loc":{"start":{"line":159,"column":55},"end":{"line":269,"column":5}},"line":159},"19":{"name":"(anonymous_19)","decl":{"start":{"line":163,"column":12},"end":{"line":163,"column":13}},"loc":{"start":{"line":163,"column":31},"end":{"line":252,"column":13}},"line":163},"20":{"name":"(anonymous_20)","decl":{"start":{"line":244,"column":35},"end":{"line":244,"column":36}},"loc":{"start":{"line":244,"column":39},"end":{"line":247,"column":25}},"line":244},"21":{"name":"(anonymous_21)","decl":{"start":{"line":253,"column":12},"end":{"line":253,"column":13}},"loc":{"start":{"line":253,"column":30},"end":{"line":256,"column":13}},"line":253},"22":{"name":"(anonymous_22)","decl":{"start":{"line":258,"column":45},"end":{"line":258,"column":46}},"loc":{"start":{"line":258,"column":63},"end":{"line":261,"column":9}},"line":258},"23":{"name":"(anonymous_23)","decl":{"start":{"line":258,"column":63},"end":{"line":258,"column":64}},"loc":{"start":{"line":258,"column":74},"end":{"line":261,"column":9}},"line":258},"24":{"name":"(anonymous_24)","decl":{"start":{"line":266,"column":17},"end":{"line":266,"column":18}},"loc":{"start":{"line":266,"column":21},"end":{"line":266,"column":88}},"line":266},"25":{"name":"(anonymous_25)","decl":{"start":{"line":266,"column":33},"end":{"line":266,"column":34}},"loc":{"start":{"line":266,"column":40},"end":{"line":266,"column":87}},"line":266},"26":{"name":"(anonymous_26)","decl":{"start":{"line":266,"column":51},"end":{"line":266,"column":52}},"loc":{"start":{"line":266,"column":55},"end":{"line":266,"column":82}},"line":266},"27":{"name":"(anonymous_27)","decl":{"start":{"line":267,"column":17},"end":{"line":267,"column":18}},"loc":{"start":{"line":267,"column":21},"end":{"line":267,"column":88}},"line":267},"28":{"name":"(anonymous_28)","decl":{"start":{"line":267,"column":33},"end":{"line":267,"column":34}},"loc":{"start":{"line":267,"column":40},"end":{"line":267,"column":87}},"line":267},"29":{"name":"(anonymous_29)","decl":{"start":{"line":267,"column":51},"end":{"line":267,"column":52}},"loc":{"start":{"line":267,"column":55},"end":{"line":267,"column":82}},"line":267},"30":{"name":"(anonymous_30)","decl":{"start":{"line":268,"column":17},"end":{"line":268,"column":18}},"loc":{"start":{"line":268,"column":21},"end":{"line":268,"column":92}},"line":268},"31":{"name":"(anonymous_31)","decl":{"start":{"line":268,"column":33},"end":{"line":268,"column":34}},"loc":{"start":{"line":268,"column":40},"end":{"line":268,"column":91}},"line":268},"32":{"name":"(anonymous_32)","decl":{"start":{"line":268,"column":51},"end":{"line":268,"column":52}},"loc":{"start":{"line":268,"column":55},"end":{"line":268,"column":86}},"line":268}},"branchMap":{"0":{"loc":{"start":{"line":57,"column":16},"end":{"line":138,"column":17}},"type":"switch","locations":[{"start":{"line":58,"column":20},"end":{"line":65,"column":30}},{"start":{"line":66,"column":20},"end":{"line":75,"column":30}},{"start":{"line":76,"column":20},"end":{"line":83,"column":30}},{"start":{"line":84,"column":20},"end":{"line":93,"column":30}},{"start":{"line":94,"column":20},"end":{"line":101,"column":30}},{"start":{"line":102,"column":20},"end":{"line":111,"column":30}},{"start":{"line":112,"column":20},"end":{"line":119,"column":30}},{"start":{"line":120,"column":20},"end":{"line":135,"column":30}},{"start":{"line":136,"column":20},"end":{"line":137,"column":53}}],"line":57},"1":{"loc":{"start":{"line":168,"column":16},"end":{"line":251,"column":17}},"type":"switch","locations":[{"start":{"line":169,"column":20},"end":{"line":176,"column":30}},{"start":{"line":177,"column":20},"end":{"line":186,"column":30}},{"start":{"line":187,"column":20},"end":{"line":194,"column":30}},{"start":{"line":195,"column":20},"end":{"line":205,"column":30}},{"start":{"line":206,"column":20},"end":{"line":213,"column":30}},{"start":{"line":214,"column":20},"end":{"line":224,"column":30}},{"start":{"line":225,"column":20},"end":{"line":232,"column":30}},{"start":{"line":233,"column":20},"end":{"line":248,"column":30}},{"start":{"line":249,"column":20},"end":{"line":250,"column":53}}],"line":168}},"s":{"0":1,"1":1,"2":1,"3":1,"4":1,"5":1,"6":1,"7":1,"8":3,"9":3,"10":3,"11":3,"12":3,"13":1,"14":1,"15":1,"16":1,"17":1,"18":1,"19":1,"20":1,"21":1,"22":1,"23":1,"24":8,"25":8,"26":8,"27":8,"28":8,"29":1,"30":1,"31":1,"32":1,"33":1,"34":1,"35":1,"36":1,"37":1,"38":1,"39":1,"40":1,"41":1,"42":1,"43":1,"44":1,"45":1,"46":1,"47":1,"48":1,"49":1,"50":1,"51":1,"52":1,"53":1,"54":1,"55":1,"56":1,"57":1,"58":1,"59":1,"60":1,"61":1,"62":1,"63":1,"64":1,"65":1,"66":1,"67":1,"68":1,"69":1,"70":1,"71":1,"72":1,"73":1,"74":1,"75":1,"76":1,"77":1,"78":1,"79":1,"80":1,"81":1,"82":1,"83":1,"84":1,"85":1,"86":1,"87":1,"88":1,"89":1,"90":1,"91":1,"92":1,"93":1,"94":1,"95":1,"96":1,"97":1,"98":0,"99":1,"100":1,"101":1,"102":8,"103":8,"104":8,"105":1,"106":1,"107":1,"108":1,"109":1,"110":1,"111":1,"112":1,"113":1,"114":1,"115":1,"116":1,"117":1,"118":1,"119":1,"120":8,"121":8,"122":8,"123":8,"124":8,"125":1,"126":1,"127":1,"128":1,"129":1,"130":1,"131":1,"132":1,"133":1,"134":1,"135":1,"136":1,"137":1,"138":1,"139":1,"140":1,"141":1,"142":1,"143":1,"144":1,"145":1,"146":1,"147":1,"148":1,"149":1,"150":1,"151":1,"152":1,"153":1,"154":1,"155":1,"156":1,"157":1,"158":1,"159":1,"160":1,"161":1,"162":1,"163":1,"164":1,"165":1,"166":1,"167":1,"168":1,"169":1,"170":1,"171":1,"172":1,"173":1,"174":1,"175":1,"176":1,"177":1,"178":1,"179":1,"180":1,"181":1,"182":1,"183":1,"184":1,"185":1,"186":1,"187":1,"188":1,"189":1,"190":1,"191":1,"192":1,"193":1,"194":1,"195":1,"196":0,"197":1,"198":1,"199":1,"200":8,"201":8,"202":8,"203":1,"204":1,"205":1,"206":1,"207":1,"208":1,"209":1,"210":1,"211":1,"212":1,"213":1,"214":1},"f":{"0":1,"1":3,"2":1,"3":1,"4":8,"5":1,"6":1,"7":8,"8":8,"9":1,"10":1,"11":1,"12":1,"13":1,"14":1,"15":1,"16":1,"17":1,"18":1,"19":8,"20":1,"21":1,"22":8,"23":8,"24":1,"25":1,"26":1,"27":1,"28":1,"29":1,"30":1,"31":1,"32":1},"b":{"0":[1,1,1,1,1,1,1,1,0],"1":[1,1,1,1,1,1,1,1,0]},"_coverageSchema":"332fd63041d2c1bcb487cc26dd0d5f7d97098a6c","hash":"28172462e379363347709bb4d41aca67d6f944a9"}
,"/Users/allen/Desktop/github/keepObserver/test/public/middle.test.js": {"path":"/Users/allen/Desktop/github/keepObserver/test/public/middle.test.js","statementMap":{"0":{"start":{"line":5,"column":0},"end":{"line":93,"column":3}},"1":{"start":{"line":8,"column":29},"end":{"line":8,"column":41}},"2":{"start":{"line":9,"column":4},"end":{"line":13,"column":6}},"3":{"start":{"line":11,"column":8},"end":{"line":11,"column":48}},"4":{"start":{"line":12,"column":8},"end":{"line":12,"column":59}},"5":{"start":{"line":17,"column":4},"end":{"line":21,"column":6}},"6":{"start":{"line":18,"column":8},"end":{"line":18,"column":45}},"7":{"start":{"line":19,"column":8},"end":{"line":19,"column":43}},"8":{"start":{"line":20,"column":8},"end":{"line":20,"column":49}},"9":{"start":{"line":24,"column":4},"end":{"line":38,"column":6}},"10":{"start":{"line":25,"column":31},"end":{"line":28,"column":9}},"11":{"start":{"line":25,"column":49},"end":{"line":28,"column":9}},"12":{"start":{"line":26,"column":12},"end":{"line":26,"column":51}},"13":{"start":{"line":27,"column":12},"end":{"line":27,"column":28}},"14":{"start":{"line":30,"column":8},"end":{"line":30,"column":56}},"15":{"start":{"line":31,"column":8},"end":{"line":31,"column":66}},"16":{"start":{"line":32,"column":8},"end":{"line":32,"column":82}},"17":{"start":{"line":34,"column":8},"end":{"line":37,"column":10}},"18":{"start":{"line":35,"column":12},"end":{"line":35,"column":48}},"19":{"start":{"line":36,"column":12},"end":{"line":36,"column":18}},"20":{"start":{"line":41,"column":4},"end":{"line":64,"column":6}},"21":{"start":{"line":42,"column":23},"end":{"line":49,"column":9}},"22":{"start":{"line":42,"column":41},"end":{"line":49,"column":9}},"23":{"start":{"line":43,"column":30},"end":{"line":43,"column":36}},"24":{"start":{"line":44,"column":12},"end":{"line":44,"column":50}},"25":{"start":{"line":45,"column":12},"end":{"line":48,"column":14}},"26":{"start":{"line":50,"column":23},"end":{"line":53,"column":9}},"27":{"start":{"line":50,"column":41},"end":{"line":53,"column":9}},"28":{"start":{"line":51,"column":12},"end":{"line":51,"column":71}},"29":{"start":{"line":52,"column":12},"end":{"line":52,"column":27}},"30":{"start":{"line":54,"column":25},"end":{"line":54,"column":49}},"31":{"start":{"line":56,"column":8},"end":{"line":56,"column":39}},"32":{"start":{"line":57,"column":8},"end":{"line":57,"column":39}},"33":{"start":{"line":58,"column":8},"end":{"line":58,"column":74}},"34":{"start":{"line":60,"column":8},"end":{"line":63,"column":10}},"35":{"start":{"line":61,"column":12},"end":{"line":61,"column":68}},"36":{"start":{"line":62,"column":12},"end":{"line":62,"column":18}},"37":{"start":{"line":67,"column":4},"end":{"line":90,"column":6}},"38":{"start":{"line":68,"column":30},"end":{"line":75,"column":9}},"39":{"start":{"line":68,"column":48},"end":{"line":75,"column":9}},"40":{"start":{"line":69,"column":28},"end":{"line":69,"column":34}},"41":{"start":{"line":70,"column":12},"end":{"line":70,"column":44}},"42":{"start":{"line":71,"column":12},"end":{"line":71,"column":25}},"43":{"start":{"line":72,"column":12},"end":{"line":72,"column":25}},"44":{"start":{"line":73,"column":12},"end":{"line":73,"column":25}},"45":{"start":{"line":74,"column":12},"end":{"line":74,"column":28}},"46":{"start":{"line":76,"column":34},"end":{"line":79,"column":9}},"47":{"start":{"line":76,"column":52},"end":{"line":79,"column":9}},"48":{"start":{"line":77,"column":12},"end":{"line":77,"column":34}},"49":{"start":{"line":78,"column":12},"end":{"line":78,"column":18}},"50":{"start":{"line":80,"column":34},"end":{"line":80,"column":49}},"51":{"start":{"line":82,"column":8},"end":{"line":82,"column":59}},"52":{"start":{"line":83,"column":8},"end":{"line":83,"column":55}},"53":{"start":{"line":84,"column":8},"end":{"line":84,"column":101}},"54":{"start":{"line":86,"column":8},"end":{"line":89,"column":10}},"55":{"start":{"line":87,"column":12},"end":{"line":87,"column":51}},"56":{"start":{"line":88,"column":12},"end":{"line":88,"column":18}}},"fnMap":{"0":{"name":"(anonymous_0)","decl":{"start":{"line":5,"column":42},"end":{"line":5,"column":43}},"loc":{"start":{"line":5,"column":52},"end":{"line":93,"column":1}},"line":5},"1":{"name":"(anonymous_1)","decl":{"start":{"line":9,"column":15},"end":{"line":9,"column":16}},"loc":{"start":{"line":9,"column":27},"end":{"line":13,"column":5}},"line":9},"2":{"name":"(anonymous_2)","decl":{"start":{"line":17,"column":23},"end":{"line":17,"column":24}},"loc":{"start":{"line":17,"column":33},"end":{"line":21,"column":5}},"line":17},"3":{"name":"(anonymous_3)","decl":{"start":{"line":24,"column":50},"end":{"line":24,"column":51}},"loc":{"start":{"line":24,"column":64},"end":{"line":38,"column":5}},"line":24},"4":{"name":"(anonymous_4)","decl":{"start":{"line":25,"column":31},"end":{"line":25,"column":32}},"loc":{"start":{"line":25,"column":49},"end":{"line":28,"column":9}},"line":25},"5":{"name":"(anonymous_5)","decl":{"start":{"line":25,"column":49},"end":{"line":25,"column":50}},"loc":{"start":{"line":25,"column":62},"end":{"line":28,"column":9}},"line":25},"6":{"name":"(anonymous_6)","decl":{"start":{"line":34,"column":56},"end":{"line":34,"column":57}},"loc":{"start":{"line":34,"column":66},"end":{"line":37,"column":9}},"line":34},"7":{"name":"(anonymous_7)","decl":{"start":{"line":41,"column":42},"end":{"line":41,"column":43}},"loc":{"start":{"line":41,"column":56},"end":{"line":64,"column":5}},"line":41},"8":{"name":"(anonymous_8)","decl":{"start":{"line":42,"column":23},"end":{"line":42,"column":24}},"loc":{"start":{"line":42,"column":41},"end":{"line":49,"column":9}},"line":42},"9":{"name":"(anonymous_9)","decl":{"start":{"line":42,"column":41},"end":{"line":42,"column":42}},"loc":{"start":{"line":42,"column":54},"end":{"line":49,"column":9}},"line":42},"10":{"name":"(anonymous_10)","decl":{"start":{"line":50,"column":23},"end":{"line":50,"column":24}},"loc":{"start":{"line":50,"column":41},"end":{"line":53,"column":9}},"line":50},"11":{"name":"(anonymous_11)","decl":{"start":{"line":50,"column":41},"end":{"line":50,"column":42}},"loc":{"start":{"line":50,"column":54},"end":{"line":53,"column":9}},"line":50},"12":{"name":"(anonymous_12)","decl":{"start":{"line":60,"column":50},"end":{"line":60,"column":51}},"loc":{"start":{"line":60,"column":60},"end":{"line":63,"column":9}},"line":60},"13":{"name":"(anonymous_13)","decl":{"start":{"line":67,"column":38},"end":{"line":67,"column":39}},"loc":{"start":{"line":67,"column":52},"end":{"line":90,"column":5}},"line":67},"14":{"name":"(anonymous_14)","decl":{"start":{"line":68,"column":30},"end":{"line":68,"column":31}},"loc":{"start":{"line":68,"column":48},"end":{"line":75,"column":9}},"line":68},"15":{"name":"(anonymous_15)","decl":{"start":{"line":68,"column":48},"end":{"line":68,"column":49}},"loc":{"start":{"line":68,"column":61},"end":{"line":75,"column":9}},"line":68},"16":{"name":"(anonymous_16)","decl":{"start":{"line":76,"column":34},"end":{"line":76,"column":35}},"loc":{"start":{"line":76,"column":52},"end":{"line":79,"column":9}},"line":76},"17":{"name":"(anonymous_17)","decl":{"start":{"line":76,"column":52},"end":{"line":76,"column":53}},"loc":{"start":{"line":76,"column":65},"end":{"line":79,"column":9}},"line":76},"18":{"name":"(anonymous_18)","decl":{"start":{"line":86,"column":53},"end":{"line":86,"column":54}},"loc":{"start":{"line":86,"column":63},"end":{"line":89,"column":9}},"line":86}},"branchMap":{},"s":{"0":1,"1":1,"2":1,"3":4,"4":4,"5":1,"6":1,"7":1,"8":1,"9":1,"10":1,"11":1,"12":1,"13":1,"14":1,"15":1,"16":1,"17":1,"18":1,"19":1,"20":1,"21":1,"22":1,"23":1,"24":1,"25":1,"26":1,"27":1,"28":1,"29":1,"30":1,"31":1,"32":1,"33":1,"34":1,"35":1,"36":1,"37":1,"38":1,"39":1,"40":1,"41":1,"42":1,"43":1,"44":1,"45":1,"46":1,"47":1,"48":0,"49":0,"50":1,"51":1,"52":1,"53":1,"54":1,"55":1,"56":1},"f":{"0":1,"1":4,"2":1,"3":1,"4":1,"5":1,"6":1,"7":1,"8":1,"9":1,"10":1,"11":1,"12":1,"13":1,"14":1,"15":1,"16":1,"17":0,"18":1},"b":{},"_coverageSchema":"332fd63041d2c1bcb487cc26dd0d5f7d97098a6c","hash":"368985d52daede2ea5b9ce060cfcaf10e4c76204"}
,"/Users/allen/Desktop/github/keepObserver/test/public/public.test.js": {"path":"/Users/allen/Desktop/github/keepObserver/test/public/public.test.js","statementMap":{"0":{"start":{"line":8,"column":8},"end":{"line":8,"column":21}},"1":{"start":{"line":11,"column":8},"end":{"line":11,"column":47}},"2":{"start":{"line":20,"column":0},"end":{"line":95,"column":3}},"3":{"start":{"line":22,"column":29},"end":{"line":22,"column":41}},"4":{"start":{"line":26,"column":4},"end":{"line":37,"column":6}},"5":{"start":{"line":28,"column":8},"end":{"line":28,"column":48}},"6":{"start":{"line":30,"column":8},"end":{"line":32,"column":10}},"7":{"start":{"line":33,"column":8},"end":{"line":33,"column":58}},"8":{"start":{"line":34,"column":8},"end":{"line":34,"column":58}},"9":{"start":{"line":35,"column":8},"end":{"line":35,"column":65}},"10":{"start":{"line":36,"column":8},"end":{"line":36,"column":67}},"11":{"start":{"line":41,"column":4},"end":{"line":46,"column":6}},"12":{"start":{"line":42,"column":8},"end":{"line":42,"column":51}},"13":{"start":{"line":43,"column":8},"end":{"line":43,"column":57}},"14":{"start":{"line":44,"column":8},"end":{"line":44,"column":63}},"15":{"start":{"line":45,"column":8},"end":{"line":45,"column":76}},"16":{"start":{"line":49,"column":4},"end":{"line":73,"column":6}},"17":{"start":{"line":50,"column":30},"end":{"line":57,"column":9}},"18":{"start":{"line":58,"column":27},"end":{"line":58,"column":73}},"19":{"start":{"line":59,"column":8},"end":{"line":59,"column":83}},"20":{"start":{"line":60,"column":8},"end":{"line":60,"column":60}},"21":{"start":{"line":61,"column":8},"end":{"line":61,"column":68}},"22":{"start":{"line":62,"column":8},"end":{"line":62,"column":63}},"23":{"start":{"line":64,"column":27},"end":{"line":67,"column":9}},"24":{"start":{"line":68,"column":8},"end":{"line":68,"column":51}},"25":{"start":{"line":69,"column":27},"end":{"line":69,"column":73}},"26":{"start":{"line":70,"column":8},"end":{"line":70,"column":82}},"27":{"start":{"line":71,"column":8},"end":{"line":71,"column":57}},"28":{"start":{"line":72,"column":8},"end":{"line":72,"column":59}},"29":{"start":{"line":77,"column":4},"end":{"line":91,"column":6}},"30":{"start":{"line":78,"column":31},"end":{"line":81,"column":9}},"31":{"start":{"line":78,"column":49},"end":{"line":81,"column":9}},"32":{"start":{"line":79,"column":12},"end":{"line":79,"column":51}},"33":{"start":{"line":80,"column":12},"end":{"line":80,"column":28}},"34":{"start":{"line":83,"column":8},"end":{"line":83,"column":68}},"35":{"start":{"line":84,"column":8},"end":{"line":84,"column":97}},"36":{"start":{"line":86,"column":8},"end":{"line":89,"column":10}},"37":{"start":{"line":87,"column":12},"end":{"line":87,"column":48}},"38":{"start":{"line":88,"column":12},"end":{"line":88,"column":18}},"39":{"start":{"line":90,"column":8},"end":{"line":90,"column":91}}},"fnMap":{"0":{"name":"(anonymous_0)","decl":{"start":{"line":7,"column":4},"end":{"line":7,"column":5}},"loc":{"start":{"line":7,"column":24},"end":{"line":9,"column":5}},"line":7},"1":{"name":"(anonymous_1)","decl":{"start":{"line":10,"column":4},"end":{"line":10,"column":5}},"loc":{"start":{"line":10,"column":28},"end":{"line":12,"column":5}},"line":10},"2":{"name":"(anonymous_2)","decl":{"start":{"line":20,"column":38},"end":{"line":20,"column":39}},"loc":{"start":{"line":20,"column":48},"end":{"line":95,"column":1}},"line":20},"3":{"name":"(anonymous_3)","decl":{"start":{"line":26,"column":15},"end":{"line":26,"column":16}},"loc":{"start":{"line":26,"column":27},"end":{"line":37,"column":5}},"line":26},"4":{"name":"(anonymous_4)","decl":{"start":{"line":41,"column":29},"end":{"line":41,"column":30}},"loc":{"start":{"line":41,"column":39},"end":{"line":46,"column":5}},"line":41},"5":{"name":"(anonymous_5)","decl":{"start":{"line":49,"column":48},"end":{"line":49,"column":49}},"loc":{"start":{"line":49,"column":58},"end":{"line":73,"column":5}},"line":49},"6":{"name":"(anonymous_6)","decl":{"start":{"line":77,"column":50},"end":{"line":77,"column":51}},"loc":{"start":{"line":77,"column":64},"end":{"line":91,"column":5}},"line":77},"7":{"name":"(anonymous_7)","decl":{"start":{"line":78,"column":31},"end":{"line":78,"column":32}},"loc":{"start":{"line":78,"column":49},"end":{"line":81,"column":9}},"line":78},"8":{"name":"(anonymous_8)","decl":{"start":{"line":78,"column":49},"end":{"line":78,"column":50}},"loc":{"start":{"line":78,"column":62},"end":{"line":81,"column":9}},"line":78},"9":{"name":"(anonymous_9)","decl":{"start":{"line":86,"column":68},"end":{"line":86,"column":69}},"loc":{"start":{"line":86,"column":78},"end":{"line":89,"column":9}},"line":86}},"branchMap":{},"s":{"0":3,"1":1,"2":1,"3":1,"4":1,"5":3,"6":3,"7":3,"8":3,"9":3,"10":3,"11":1,"12":1,"13":1,"14":1,"15":1,"16":1,"17":1,"18":1,"19":1,"20":1,"21":1,"22":1,"23":1,"24":1,"25":1,"26":1,"27":1,"28":1,"29":1,"30":1,"31":1,"32":1,"33":1,"34":1,"35":1,"36":1,"37":1,"38":1,"39":1},"f":{"0":3,"1":1,"2":1,"3":3,"4":1,"5":1,"6":1,"7":1,"8":1,"9":1},"b":{},"_coverageSchema":"332fd63041d2c1bcb487cc26dd0d5f7d97098a6c","hash":"75c17381d4d76881f39a0eecc2eb745b1e4bca3b"}
}
