TN:
SF:@core/instance.js
FN:1,webpackUniversalModuleDefinition
FN:10,(anonymous_1)
FN:11,(anonymous_2)
FN:16,__webpack_require__
FN:47,(anonymous_4)
FN:58,(anonymous_5)
FN:63,(anonymous_6)
FN:65,getDefault
FN:66,getModuleExports
FN:72,(anonymous_9)
FN:89,(anonymous_10)
FN:111,(anonymous_11)
FN:145,(anonymous_12)
FN:150,(anonymous_13)
FN:151,extendStatics
FN:154,(anonymous_15)
FN:156,(anonymous_16)
FN:165,(anonymous_17)
FN:168,__
FN:176,(anonymous_19)
FN:177,(anonymous_20)
FN:192,(anonymous_21)
FN:230,(anonymous_22)
FN:233,KeepObserver
FN:284,(anonymous_24)
FN:289,(anonymous_25)
FN:316,(anonymous_26)
FN:330,(anonymous_27)
FN:340,(anonymous_28)
FN:377,(anonymous_29)
FN:389,(anonymous_30)
FN:394,(anonymous_31)
FN:405,(anonymous_32)
FN:417,(anonymous_33)
FN:426,(anonymous_34)
FN:437,(anonymous_35)
FN:452,(anonymous_36)
FN:453,MessageQueue
FN:480,(anonymous_38)
FN:492,(anonymous_39)
FN:506,(anonymous_40)
FN:518,(anonymous_41)
FN:533,(anonymous_42)
FN:545,(anonymous_43)
FN:552,(anonymous_44)
FN:563,(anonymous_45)
FN:565,(anonymous_46)
FN:578,(anonymous_47)
FN:588,(anonymous_48)
FN:592,(anonymous_49)
FN:621,(anonymous_50)
FN:634,(anonymous_51)
FN:639,(anonymous_52)
FN:640,extendStatics
FN:643,(anonymous_54)
FN:645,(anonymous_55)
FN:654,(anonymous_56)
FN:657,__
FN:665,(anonymous_58)
FN:666,(anonymous_59)
FN:681,(anonymous_60)
FN:708,(anonymous_61)
FN:716,(anonymous_62)
FN:734,(anonymous_63)
FN:737,PipeUser
FN:747,(anonymous_65)
FN:761,(anonymous_66)
FN:771,(anonymous_67)
FN:775,(anonymous_68)
FN:778,(anonymous_69)
FN:785,(anonymous_70)
FN:789,(anonymous_71)
FN:801,(anonymous_72)
FN:806,(anonymous_73)
FN:813,(anonymous_74)
FN:818,(anonymous_75)
FN:826,(anonymous_76)
FN:827,(anonymous_77)
FN:848,(anonymous_78)
FN:861,(anonymous_79)
FN:862,WatchDog
FN:871,(anonymous_81)
FN:875,(anonymous_82)
FN:878,(anonymous_83)
FN:882,limtJudgeAnomaly
FN:911,watchWrap
FN:931,(anonymous_86)
FN:937,(anonymous_87)
FN:957,(anonymous_88)
FN:962,(anonymous_89)
FN:963,extendStatics
FN:966,(anonymous_91)
FN:968,(anonymous_92)
FN:977,(anonymous_93)
FN:980,__
FN:988,(anonymous_95)
FN:1006,(anonymous_96)
FN:1009,keepObserverPipe
FN:1042,(anonymous_98)
FN:1047,(anonymous_99)
FN:1068,(anonymous_100)
FN:1121,(anonymous_101)
FN:1142,(anonymous_102)
FN:1168,(anonymous_103)
FNF:104
FNH:88
FNDA:5,webpackUniversalModuleDefinition
FNDA:5,(anonymous_1)
FNDA:5,(anonymous_2)
FNDA:140,__webpack_require__
FNDA:0,(anonymous_4)
FNDA:0,(anonymous_5)
FNDA:0,(anonymous_6)
FNDA:0,getDefault
FNDA:0,getModuleExports
FNDA:0,(anonymous_9)
FNDA:5,(anonymous_10)
FNDA:5,(anonymous_11)
FNDA:5,(anonymous_12)
FNDA:5,(anonymous_13)
FNDA:5,extendStatics
FNDA:0,(anonymous_15)
FNDA:0,(anonymous_16)
FNDA:5,(anonymous_17)
FNDA:5,__
FNDA:5,(anonymous_19)
FNDA:0,(anonymous_20)
FNDA:25,(anonymous_21)
FNDA:5,(anonymous_22)
FNDA:26,KeepObserver
FNDA:5,(anonymous_24)
FNDA:91,(anonymous_25)
FNDA:91,(anonymous_26)
FNDA:63,(anonymous_27)
FNDA:91,(anonymous_28)
FNDA:5,(anonymous_29)
FNDA:27,(anonymous_30)
FNDA:52,(anonymous_31)
FNDA:5,(anonymous_32)
FNDA:26,(anonymous_33)
FNDA:0,(anonymous_34)
FNDA:5,(anonymous_35)
FNDA:5,(anonymous_36)
FNDA:26,MessageQueue
FNDA:5,(anonymous_38)
FNDA:49,(anonymous_39)
FNDA:14,(anonymous_40)
FNDA:71,(anonymous_41)
FNDA:5,(anonymous_42)
FNDA:71,(anonymous_43)
FNDA:71,(anonymous_44)
FNDA:71,(anonymous_45)
FNDA:71,(anonymous_46)
FNDA:71,(anonymous_47)
FNDA:71,(anonymous_48)
FNDA:71,(anonymous_49)
FNDA:36,(anonymous_50)
FNDA:5,(anonymous_51)
FNDA:5,(anonymous_52)
FNDA:5,extendStatics
FNDA:0,(anonymous_54)
FNDA:0,(anonymous_55)
FNDA:5,(anonymous_56)
FNDA:5,__
FNDA:5,(anonymous_58)
FNDA:0,(anonymous_59)
FNDA:96,(anonymous_60)
FNDA:2,(anonymous_61)
FNDA:5,(anonymous_62)
FNDA:5,(anonymous_63)
FNDA:49,PipeUser
FNDA:94,(anonymous_65)
FNDA:92,(anonymous_66)
FNDA:71,(anonymous_67)
FNDA:92,(anonymous_68)
FNDA:0,(anonymous_69)
FNDA:2,(anonymous_70)
FNDA:2,(anonymous_71)
FNDA:10,(anonymous_72)
FNDA:1,(anonymous_73)
FNDA:8,(anonymous_74)
FNDA:99,(anonymous_75)
FNDA:92,(anonymous_76)
FNDA:41,(anonymous_77)
FNDA:5,(anonymous_78)
FNDA:5,(anonymous_79)
FNDA:49,WatchDog
FNDA:49,(anonymous_81)
FNDA:28,(anonymous_82)
FNDA:1,(anonymous_83)
FNDA:95,limtJudgeAnomaly
FNDA:124,watchWrap
FNDA:30,(anonymous_86)
FNDA:2,(anonymous_87)
FNDA:5,(anonymous_88)
FNDA:5,(anonymous_89)
FNDA:5,extendStatics
FNDA:0,(anonymous_91)
FNDA:0,(anonymous_92)
FNDA:5,(anonymous_93)
FNDA:5,__
FNDA:5,(anonymous_95)
FNDA:5,(anonymous_96)
FNDA:26,keepObserverPipe
FNDA:5,(anonymous_98)
FNDA:5,(anonymous_99)
FNDA:52,(anonymous_100)
FNDA:49,(anonymous_101)
FNDA:63,(anonymous_102)
FNDA:5,(anonymous_103)
DA:1,5
DA:2,5
DA:3,5
DA:4,0
DA:5,0
DA:7,0
DA:8,0
DA:11,5
DA:13,5
DA:19,140
DA:20,70
DA:23,70
DA:30,70
DA:33,70
DA:36,70
DA:41,5
DA:44,5
DA:47,5
DA:48,0
DA:49,0
DA:58,5
DA:59,0
DA:63,5
DA:64,0
DA:65,0
DA:66,0
DA:67,0
DA:68,0
DA:72,5
DA:75,5
DA:79,5
DA:94,5
DA:98,5
DA:100,5
DA:102,5
DA:116,5
DA:123,5
DA:125,5
DA:127,5
DA:150,5
DA:151,5
DA:152,5
DA:155,0
DA:157,0
DA:158,0
DA:162,5
DA:165,5
DA:166,5
DA:169,5
DA:172,5
DA:176,5
DA:177,5
DA:178,0
DA:179,0
DA:181,0
DA:182,0
DA:186,0
DA:189,5
DA:192,5
DA:193,25
DA:198,5
DA:202,5
DA:204,5
DA:206,5
DA:208,5
DA:210,5
DA:212,5
DA:214,5
DA:216,5
DA:218,5
DA:220,5
DA:222,5
DA:224,5
DA:226,5
DA:230,5
DA:231,5
DA:234,26
DA:235,0
DA:238,26
DA:241,26
DA:243,26
DA:245,26
DA:246,26
DA:248,26
DA:250,26
DA:252,26
DA:254,26
DA:256,26
DA:257,26
DA:258,26
DA:259,26
DA:261,26
DA:268,26
DA:269,26
DA:272,5
DA:275,5
DA:289,5
DA:290,91
DA:291,91
DA:292,91
DA:294,91
DA:297,91
DA:298,91
DA:299,31
DA:302,0
DA:306,91
DA:307,91
DA:309,91
DA:313,91
DA:316,5
DA:317,91
DA:318,91
DA:321,91
DA:324,5
DA:328,5
DA:330,5
DA:331,63
DA:333,63
DA:334,0
DA:337,63
DA:340,5
DA:341,91
DA:343,91
DA:344,31
DA:347,91
DA:349,91
DA:350,0
DA:351,0
DA:352,0
DA:355,91
DA:356,91
DA:358,91
DA:359,91
DA:361,1
DA:362,1
DA:364,1
DA:367,91
DA:382,5
DA:386,5
DA:389,5
DA:390,27
DA:394,5
DA:395,52
DA:410,5
DA:414,5
DA:417,5
DA:418,26
DA:419,3
DA:422,26
DA:426,5
DA:427,0
DA:442,5
DA:446,5
DA:448,5
DA:452,5
DA:455,26
DA:456,26
DA:457,26
DA:459,26
DA:461,26
DA:463,26
DA:465,26
DA:468,5
DA:471,5
DA:485,5
DA:489,5
DA:492,5
DA:493,49
DA:496,49
DA:497,0
DA:498,0
DA:500,0
DA:502,0
DA:506,49
DA:508,14
DA:509,0
DA:510,0
DA:512,0
DA:514,0
DA:518,14
DA:519,71
DA:521,71
DA:538,5
DA:542,5
DA:545,5
DA:546,71
DA:548,71
DA:552,71
DA:554,71
DA:555,0
DA:560,71
DA:563,71
DA:565,71
DA:566,71
DA:570,71
DA:572,71
DA:578,5
DA:579,71
DA:581,71
DA:582,35
DA:586,36
DA:588,36
DA:589,71
DA:590,71
DA:592,71
DA:594,71
DA:596,71
DA:597,0
DA:601,71
DA:602,0
DA:606,71
DA:607,0
DA:611,71
DA:613,71
DA:615,1
DA:616,1
DA:618,1
DA:623,36
DA:639,5
DA:640,5
DA:641,5
DA:644,0
DA:646,0
DA:647,0
DA:651,5
DA:654,5
DA:655,5
DA:658,5
DA:661,5
DA:665,5
DA:666,5
DA:667,0
DA:668,0
DA:670,0
DA:671,0
DA:675,0
DA:678,5
DA:681,5
DA:682,96
DA:683,96
DA:684,96
DA:686,96
DA:689,96
DA:690,96
DA:691,96
DA:694,0
DA:698,96
DA:699,96
DA:701,96
DA:705,96
DA:708,5
DA:709,2
DA:710,4
DA:713,2
DA:716,5
DA:717,5
DA:722,5
DA:726,5
DA:728,5
DA:730,5
DA:734,5
DA:735,5
DA:738,49
DA:741,49
DA:743,49
DA:745,49
DA:749,94
DA:751,92
DA:753,92
DA:754,92
DA:756,92
DA:761,92
DA:762,92
DA:764,92
DA:765,21
DA:767,21
DA:770,71
DA:771,71
DA:772,71
DA:776,92
DA:777,0
DA:778,0
DA:779,0
DA:786,2
DA:789,49
DA:790,2
DA:792,2
DA:793,2
DA:798,2
DA:801,49
DA:802,10
DA:806,49
DA:807,1
DA:811,49
DA:813,49
DA:814,8
DA:818,49
DA:819,99
DA:821,49
DA:824,5
DA:826,5
DA:827,92
DA:828,41
DA:829,41
DA:831,0
DA:836,5
DA:839,5
DA:853,5
DA:857,5
DA:861,5
DA:863,49
DA:864,49
DA:867,49
DA:871,5
DA:872,49
DA:873,49
DA:874,49
DA:875,49
DA:876,28
DA:878,49
DA:879,1
DA:882,49
DA:884,95
DA:886,95
DA:887,0
DA:888,0
DA:889,0
DA:890,0
DA:894,95
DA:895,1
DA:896,1
DA:897,1
DA:898,1
DA:901,94
DA:902,1
DA:903,1
DA:904,1
DA:905,1
DA:908,93
DA:911,49
DA:912,124
DA:913,124
DA:914,124
DA:915,124
DA:916,124
DA:917,124
DA:918,124
DA:919,124
DA:920,124
DA:923,124
DA:924,124
DA:925,124
DA:926,124
DA:928,124
DA:929,30
DA:931,30
DA:932,30
DA:937,94
DA:938,2
DA:942,49
DA:945,5
DA:948,5
DA:962,5
DA:963,5
DA:964,5
DA:967,0
DA:969,0
DA:970,0
DA:974,5
DA:977,5
DA:978,5
DA:981,5
DA:984,5
DA:988,5
DA:989,5
DA:994,5
DA:998,5
DA:1000,5
DA:1002,5
DA:1006,5
DA:1007,5
DA:1010,26
DA:1012,26
DA:1014,26
DA:1016,26
DA:1018,26
DA:1020,26
DA:1022,26
DA:1026,26
DA:1027,26
DA:1030,5
DA:1033,5
DA:1047,5
DA:1048,5
DA:1053,5
DA:1057,5
DA:1059,5
DA:1068,5
DA:1069,52
DA:1071,52
DA:1073,52
DA:1074,0
DA:1075,0
DA:1076,0
DA:1080,52
DA:1081,52
DA:1084,52
DA:1085,21
DA:1086,21
DA:1088,21
DA:1089,2
DA:1090,2
DA:1091,2
DA:1094,19
DA:1099,50
DA:1100,50
DA:1102,50
DA:1103,49
DA:1104,49
DA:1106,1
DA:1107,1
DA:1108,1
DA:1121,5
DA:1122,49
DA:1124,49
DA:1126,49
DA:1127,0
DA:1128,0
DA:1129,0
DA:1133,49
DA:1135,49
DA:1137,49
DA:1141,48
DA:1142,30
DA:1143,63
DA:1144,0
DA:1145,0
DA:1146,0
DA:1149,63
DA:1153,48
DA:1155,1
DA:1156,1
DA:1157,1
DA:1170,5
LF:444
LH:376
BRDA:2,0,0,5
BRDA:2,0,1,0
BRDA:2,1,0,5
BRDA:2,1,1,5
BRDA:4,2,0,0
BRDA:4,2,1,0
BRDA:4,3,0,0
BRDA:4,3,1,0
BRDA:7,4,0,0
BRDA:7,4,1,0
BRDA:8,5,0,0
BRDA:8,5,1,0
BRDA:19,6,0,70
BRDA:19,6,1,70
BRDA:48,7,0,0
BRDA:48,7,1,0
BRDA:64,8,0,0
BRDA:64,8,1,0
BRDA:64,9,0,0
BRDA:64,9,1,0
BRDA:150,10,0,5
BRDA:150,10,1,5
BRDA:150,10,2,5
BRDA:152,11,0,5
BRDA:152,11,1,0
BRDA:152,11,2,0
BRDA:152,11,3,0
BRDA:158,12,0,0
BRDA:158,12,1,0
BRDA:172,13,0,0
BRDA:172,13,1,5
BRDA:176,14,0,5
BRDA:176,14,1,5
BRDA:176,14,2,5
BRDA:177,15,0,5
BRDA:177,15,1,0
BRDA:182,16,0,0
BRDA:182,16,1,0
BRDA:192,17,0,5
BRDA:192,17,1,5
BRDA:192,17,2,5
BRDA:193,18,0,25
BRDA:193,18,1,0
BRDA:193,19,0,25
BRDA:193,19,1,25
BRDA:234,20,0,0
BRDA:234,20,1,26
BRDA:238,21,0,26
BRDA:238,21,1,26
BRDA:289,22,0,5
BRDA:289,22,1,5
BRDA:289,22,2,5
BRDA:290,23,0,91
BRDA:290,23,1,91
BRDA:291,24,0,0
BRDA:291,24,1,91
BRDA:298,25,0,122
BRDA:298,25,1,0
BRDA:298,25,2,122
BRDA:307,26,0,0
BRDA:307,26,1,91
BRDA:307,27,0,91
BRDA:307,27,1,91
BRDA:307,27,2,0
BRDA:309,28,0,0
BRDA:309,28,1,91
BRDA:316,29,0,5
BRDA:316,29,1,5
BRDA:316,29,2,5
BRDA:333,30,0,0
BRDA:333,30,1,63
BRDA:349,31,0,0
BRDA:349,31,1,91
BRDA:418,32,0,3
BRDA:418,32,1,23
BRDA:496,33,0,0
BRDA:496,33,1,49
BRDA:508,34,0,0
BRDA:508,34,1,14
BRDA:508,35,0,14
BRDA:508,35,1,14
BRDA:554,36,0,0
BRDA:554,36,1,71
BRDA:581,37,0,35
BRDA:581,37,1,36
BRDA:581,38,0,71
BRDA:581,38,1,71
BRDA:594,39,0,71
BRDA:594,39,1,0
BRDA:596,40,0,0
BRDA:596,40,1,71
BRDA:601,41,0,0
BRDA:601,41,1,71
BRDA:606,42,0,0
BRDA:606,42,1,71
BRDA:613,43,0,71
BRDA:613,43,1,70
BRDA:639,44,0,5
BRDA:639,44,1,5
BRDA:639,44,2,5
BRDA:641,45,0,5
BRDA:641,45,1,0
BRDA:641,45,2,0
BRDA:641,45,3,0
BRDA:647,46,0,0
BRDA:647,46,1,0
BRDA:661,47,0,0
BRDA:661,47,1,5
BRDA:665,48,0,5
BRDA:665,48,1,5
BRDA:665,48,2,5
BRDA:666,49,0,5
BRDA:666,49,1,0
BRDA:671,50,0,0
BRDA:671,50,1,0
BRDA:681,51,0,5
BRDA:681,51,1,5
BRDA:681,51,2,5
BRDA:682,52,0,96
BRDA:682,52,1,96
BRDA:683,53,0,0
BRDA:683,53,1,96
BRDA:690,54,0,192
BRDA:690,54,1,184
BRDA:690,54,2,100
BRDA:699,55,0,0
BRDA:699,55,1,96
BRDA:699,56,0,96
BRDA:699,56,1,96
BRDA:699,56,2,92
BRDA:701,57,0,0
BRDA:701,57,1,96
BRDA:708,58,0,5
BRDA:708,58,1,5
BRDA:708,58,2,5
BRDA:716,59,0,5
BRDA:716,59,1,5
BRDA:716,59,2,5
BRDA:717,60,0,5
BRDA:717,60,1,0
BRDA:717,61,0,5
BRDA:717,61,1,5
BRDA:738,62,0,49
BRDA:738,62,1,49
BRDA:749,63,0,2
BRDA:749,63,1,92
BRDA:764,64,0,21
BRDA:764,64,1,71
BRDA:776,65,0,0
BRDA:776,65,1,92
BRDA:863,66,0,49
BRDA:863,66,1,0
BRDA:886,67,0,0
BRDA:886,67,1,95
BRDA:894,68,0,1
BRDA:894,68,1,94
BRDA:901,69,0,1
BRDA:901,69,1,93
BRDA:912,70,0,124
BRDA:912,70,1,26
BRDA:914,71,0,124
BRDA:914,71,1,0
BRDA:916,72,0,55
BRDA:916,72,1,69
BRDA:918,73,0,55
BRDA:918,73,1,69
BRDA:920,74,0,27
BRDA:920,74,1,97
BRDA:924,75,0,0
BRDA:924,75,1,124
BRDA:925,76,0,24
BRDA:925,76,1,100
BRDA:926,77,0,95
BRDA:926,77,1,29
BRDA:928,78,0,30
BRDA:928,78,1,94
BRDA:962,79,0,5
BRDA:962,79,1,5
BRDA:962,79,2,5
BRDA:964,80,0,5
BRDA:964,80,1,0
BRDA:964,80,2,0
BRDA:964,80,3,0
BRDA:970,81,0,0
BRDA:970,81,1,0
BRDA:984,82,0,0
BRDA:984,82,1,5
BRDA:988,83,0,5
BRDA:988,83,1,5
BRDA:988,83,2,5
BRDA:989,84,0,5
BRDA:989,84,1,0
BRDA:989,85,0,5
BRDA:989,85,1,5
BRDA:1010,86,0,26
BRDA:1010,86,1,26
BRDA:1047,87,0,5
BRDA:1047,87,1,5
BRDA:1047,87,2,5
BRDA:1048,88,0,5
BRDA:1048,88,1,0
BRDA:1048,89,0,5
BRDA:1048,89,1,5
BRDA:1073,90,0,0
BRDA:1073,90,1,52
BRDA:1073,91,0,52
BRDA:1073,91,1,52
BRDA:1073,91,2,15
BRDA:1081,92,0,37
BRDA:1081,92,1,15
BRDA:1084,93,0,21
BRDA:1084,93,1,31
BRDA:1085,94,0,21
BRDA:1085,94,1,0
BRDA:1085,95,0,21
BRDA:1085,95,1,21
BRDA:1088,96,0,2
BRDA:1088,96,1,19
BRDA:1088,97,0,21
BRDA:1088,97,1,20
BRDA:1089,98,0,1
BRDA:1089,98,1,1
BRDA:1100,99,0,1
BRDA:1100,99,1,49
BRDA:1102,100,0,49
BRDA:1102,100,1,1
BRDA:1102,101,0,50
BRDA:1102,101,1,49
BRDA:1126,102,0,0
BRDA:1126,102,1,49
BRDA:1126,103,0,49
BRDA:1126,103,1,49
BRDA:1141,104,0,30
BRDA:1141,104,1,18
BRDA:1141,105,0,48
BRDA:1141,105,1,48
BRDA:1141,105,2,30
BRDA:1143,106,0,0
BRDA:1143,106,1,63
BRDA:1143,107,0,63
BRDA:1143,107,1,63
BRF:241
BRH:171
end_of_record
TN:
SF:@core/middleware/kibanaApmTrack.js
FN:1,webpackUniversalModuleDefinition
FN:10,(anonymous_1)
FN:11,(anonymous_2)
FN:16,__webpack_require__
FN:47,(anonymous_4)
FN:58,(anonymous_5)
FN:63,(anonymous_6)
FN:65,getDefault
FN:66,getModuleExports
FN:72,(anonymous_9)
FN:89,(anonymous_10)
FN:98,(anonymous_11)
FN:102,(anonymous_12)
FN:106,(anonymous_13)
FN:119,(anonymous_14)
FN:143,(anonymous_15)
FN:148,(anonymous_16)
FN:175,(anonymous_17)
FN:189,(anonymous_18)
FN:192,(anonymous_19)
FN:252,(anonymous_20)
FN:265,(anonymous_21)
FN:278,(anonymous_22)
FN:282,(anonymous_23)
FN:291,(anonymous_24)
FN:330,(anonymous_25)
FN:362,(anonymous_26)
FN:460,(anonymous_27)
FN:465,(anonymous_28)
FN:466,extendStatics
FN:469,(anonymous_30)
FN:471,(anonymous_31)
FN:480,(anonymous_32)
FN:483,__
FN:491,(anonymous_34)
FN:492,(anonymous_35)
FN:507,(anonymous_36)
FN:534,(anonymous_37)
FN:556,(anonymous_38)
FN:560,KeepObserverMiddlewareKibanaApmTrack
FN:607,(anonymous_40)
FN:618,(anonymous_41)
FN:632,(anonymous_42)
FN:662,(anonymous_43)
FN:667,(anonymous_44)
FN:668,(anonymous_45)
FN:689,(anonymous_46)
FN:697,(anonymous_47)
FN:715,(anonymous_48)
FN:734,(anonymous_49)
FN:751,(anonymous_50)
FN:766,(anonymous_51)
FN:776,(anonymous_52)
FN:800,(anonymous_53)
FNF:54
FNH:42
FNDA:1,webpackUniversalModuleDefinition
FNDA:1,(anonymous_1)
FNDA:1,(anonymous_2)
FNDA:8,__webpack_require__
FNDA:0,(anonymous_4)
FNDA:0,(anonymous_5)
FNDA:0,(anonymous_6)
FNDA:0,getDefault
FNDA:0,getModuleExports
FNDA:0,(anonymous_9)
FNDA:1,(anonymous_10)
FNDA:6,(anonymous_11)
FNDA:7,(anonymous_12)
FNDA:1,(anonymous_13)
FNDA:1,(anonymous_14)
FNDA:1,(anonymous_15)
FNDA:50,(anonymous_16)
FNDA:15,(anonymous_17)
FNDA:35,(anonymous_18)
FNDA:35,(anonymous_19)
FNDA:7,(anonymous_20)
FNDA:10,(anonymous_21)
FNDA:10,(anonymous_22)
FNDA:1,(anonymous_23)
FNDA:13,(anonymous_24)
FNDA:7,(anonymous_25)
FNDA:38,(anonymous_26)
FNDA:1,(anonymous_27)
FNDA:1,(anonymous_28)
FNDA:1,extendStatics
FNDA:0,(anonymous_30)
FNDA:0,(anonymous_31)
FNDA:1,(anonymous_32)
FNDA:1,__
FNDA:1,(anonymous_34)
FNDA:0,(anonymous_35)
FNDA:6,(anonymous_36)
FNDA:1,(anonymous_37)
FNDA:1,(anonymous_38)
FNDA:6,KeepObserverMiddlewareKibanaApmTrack
FNDA:0,(anonymous_40)
FNDA:6,(anonymous_41)
FNDA:35,(anonymous_42)
FNDA:1,(anonymous_43)
FNDA:1,(anonymous_44)
FNDA:0,(anonymous_45)
FNDA:6,(anonymous_46)
FNDA:5,(anonymous_47)
FNDA:0,(anonymous_48)
FNDA:1,(anonymous_49)
FNDA:5,(anonymous_50)
FNDA:7,(anonymous_51)
FNDA:1,(anonymous_52)
FNDA:1,(anonymous_53)
DA:1,1
DA:2,1
DA:3,1
DA:4,0
DA:5,0
DA:7,0
DA:8,0
DA:11,1
DA:13,1
DA:19,8
DA:20,2
DA:23,6
DA:30,6
DA:33,6
DA:36,6
DA:41,1
DA:44,1
DA:47,1
DA:48,0
DA:49,0
DA:58,1
DA:59,0
DA:63,1
DA:64,0
DA:65,0
DA:66,0
DA:67,0
DA:68,0
DA:72,1
DA:75,1
DA:79,1
DA:94,1
DA:98,1
DA:99,6
DA:102,1
DA:103,7
DA:106,1
DA:107,1
DA:108,1
DA:109,1
DA:124,1
DA:127,1
DA:148,1
DA:149,50
DA:150,50
DA:151,50
DA:153,50
DA:156,50
DA:157,50
DA:158,50
DA:161,0
DA:165,50
DA:166,50
DA:168,50
DA:172,50
DA:175,1
DA:176,15
DA:177,15
DA:180,15
DA:183,1
DA:187,1
DA:189,1
DA:190,35
DA:192,35
DA:193,35
DA:195,35
DA:196,35
DA:199,35
DA:201,35
DA:202,35
DA:203,35
DA:205,35
DA:206,35
DA:207,35
DA:208,35
DA:209,35
DA:211,35
DA:213,35
DA:214,0
DA:215,0
DA:219,35
DA:221,7
DA:223,7
DA:226,10
DA:228,10
DA:231,10
DA:233,10
DA:236,1
DA:238,1
DA:241,7
DA:244,0
DA:245,0
DA:248,28
DA:252,1
DA:253,7
DA:255,7
DA:257,7
DA:258,2
DA:259,2
DA:261,2
DA:265,1
DA:266,10
DA:268,10
DA:270,10
DA:271,3
DA:272,3
DA:274,3
DA:278,1
DA:279,10
DA:282,1
DA:283,1
DA:284,1
DA:285,1
DA:287,1
DA:291,1
DA:292,13
DA:293,13
DA:295,13
DA:297,12
DA:298,6
DA:299,6
DA:301,6
DA:302,6
DA:305,1
DA:306,1
DA:307,1
DA:309,1
DA:311,1
DA:314,7
DA:316,7
DA:317,1
DA:318,1
DA:322,7
DA:323,0
DA:326,7
DA:330,1
DA:331,7
DA:333,7
DA:334,7
DA:335,7
DA:336,7
DA:337,7
DA:344,7
DA:346,1
DA:347,1
DA:350,6
DA:356,6
DA:359,0
DA:362,7
DA:363,38
DA:364,38
DA:365,38
DA:366,38
DA:367,38
DA:368,38
DA:369,38
DA:371,38
DA:373,7
DA:374,7
DA:378,7
DA:381,20
DA:382,20
DA:383,20
DA:384,20
DA:385,20
DA:386,20
DA:387,20
DA:388,20
DA:389,20
DA:390,20
DA:391,20
DA:392,20
DA:393,20
DA:394,20
DA:395,20
DA:396,20
DA:397,20
DA:398,20
DA:399,20
DA:400,20
DA:401,20
DA:402,20
DA:417,20
DA:420,10
DA:421,10
DA:425,10
DA:428,1
DA:429,1
DA:436,1
DA:439,38
DA:445,7
DA:465,1
DA:466,1
DA:467,1
DA:470,0
DA:472,0
DA:473,0
DA:477,1
DA:480,1
DA:481,1
DA:484,1
DA:487,1
DA:491,1
DA:492,1
DA:493,0
DA:494,0
DA:496,0
DA:497,0
DA:501,0
DA:504,1
DA:507,1
DA:508,6
DA:509,6
DA:510,6
DA:512,6
DA:515,6
DA:516,6
DA:517,6
DA:520,0
DA:524,6
DA:525,6
DA:527,6
DA:531,6
DA:534,1
DA:535,1
DA:540,1
DA:544,1
DA:546,1
DA:548,1
DA:550,1
DA:552,1
DA:556,1
DA:557,1
DA:561,6
DA:562,1
DA:565,6
DA:567,6
DA:568,6
DA:569,6
DA:570,6
DA:571,6
DA:572,6
DA:573,6
DA:574,6
DA:575,6
DA:576,6
DA:577,6
DA:578,6
DA:579,6
DA:581,6
DA:582,6
DA:584,6
DA:585,6
DA:586,6
DA:587,6
DA:588,6
DA:590,6
DA:591,6
DA:592,6
DA:593,6
DA:594,6
DA:596,6
DA:599,6
DA:600,6
DA:607,6
DA:608,0
DA:612,6
DA:614,6
DA:618,1
DA:619,6
DA:621,6
DA:622,6
DA:623,6
DA:624,6
DA:625,6
DA:627,6
DA:628,6
DA:630,6
DA:632,6
DA:633,35
DA:634,35
DA:636,6
DA:639,6
DA:640,6
DA:643,6
DA:650,1
DA:653,1
DA:667,1
DA:668,1
DA:669,0
DA:670,0
DA:672,0
DA:673,0
DA:677,0
DA:680,1
DA:683,1
DA:687,1
DA:689,1
DA:691,6
DA:693,6
DA:695,6
DA:697,6
DA:698,5
DA:699,5
DA:701,5
DA:710,5
DA:713,6
DA:715,6
DA:716,0
DA:717,0
DA:719,0
DA:727,0
DA:731,6
DA:734,1
DA:736,1
DA:737,0
DA:741,1
DA:742,1
DA:744,1
DA:745,0
DA:748,1
DA:751,1
DA:752,5
DA:753,0
DA:756,5
DA:757,5
DA:758,5
DA:760,1
DA:762,1
DA:766,1
DA:767,7
DA:768,7
DA:769,7
DA:770,7
DA:776,1
DA:777,1
DA:778,1
DA:779,1
DA:780,1
DA:786,1
DA:787,1
DA:789,1
DA:802,1
LF:343
LH:302
BRDA:2,0,0,1
BRDA:2,0,1,0
BRDA:2,1,0,1
BRDA:2,1,1,1
BRDA:4,2,0,0
BRDA:4,2,1,0
BRDA:4,3,0,0
BRDA:4,3,1,0
BRDA:7,4,0,0
BRDA:7,4,1,0
BRDA:8,5,0,0
BRDA:8,5,1,0
BRDA:19,6,0,2
BRDA:19,6,1,6
BRDA:48,7,0,0
BRDA:48,7,1,0
BRDA:64,8,0,0
BRDA:64,8,1,0
BRDA:64,9,0,0
BRDA:64,9,1,0
BRDA:148,10,0,1
BRDA:148,10,1,1
BRDA:148,10,2,1
BRDA:149,11,0,50
BRDA:149,11,1,50
BRDA:150,12,0,0
BRDA:150,12,1,50
BRDA:157,13,0,100
BRDA:157,13,1,70
BRDA:157,13,2,65
BRDA:166,14,0,0
BRDA:166,14,1,50
BRDA:166,15,0,50
BRDA:166,15,1,50
BRDA:166,15,2,35
BRDA:168,16,0,0
BRDA:168,16,1,50
BRDA:175,17,0,1
BRDA:175,17,1,1
BRDA:175,17,2,1
BRDA:203,18,0,0
BRDA:203,18,1,35
BRDA:206,19,0,0
BRDA:206,19,1,35
BRDA:209,20,0,15
BRDA:209,20,1,20
BRDA:213,21,0,0
BRDA:213,21,1,35
BRDA:213,22,0,35
BRDA:213,22,1,35
BRDA:213,22,2,35
BRDA:213,22,3,35
BRDA:219,23,0,7
BRDA:219,23,1,10
BRDA:219,23,2,10
BRDA:219,23,3,1
BRDA:219,23,4,7
BRDA:219,23,5,0
BRDA:248,24,0,20
BRDA:248,24,1,8
BRDA:248,25,0,28
BRDA:248,25,1,25
BRDA:257,26,0,2
BRDA:257,26,1,5
BRDA:270,27,0,3
BRDA:270,27,1,7
BRDA:295,28,0,12
BRDA:295,28,1,1
BRDA:297,29,0,6
BRDA:297,29,1,6
BRDA:305,30,0,0
BRDA:305,30,1,1
BRDA:314,31,0,0
BRDA:314,31,1,7
BRDA:316,32,0,1
BRDA:316,32,1,6
BRDA:316,33,0,7
BRDA:316,33,1,7
BRDA:322,34,0,0
BRDA:322,34,1,7
BRDA:344,35,0,1
BRDA:344,35,1,6
BRDA:344,35,2,0
BRDA:371,36,0,7
BRDA:371,36,1,20
BRDA:371,36,2,10
BRDA:371,36,3,1
BRDA:382,37,0,0
BRDA:382,37,1,20
BRDA:384,38,0,0
BRDA:384,38,1,20
BRDA:386,39,0,0
BRDA:386,39,1,20
BRDA:388,40,0,0
BRDA:388,40,1,20
BRDA:390,41,0,10
BRDA:390,41,1,10
BRDA:392,42,0,0
BRDA:392,42,1,20
BRDA:394,43,0,0
BRDA:394,43,1,20
BRDA:396,44,0,11
BRDA:396,44,1,9
BRDA:398,45,0,11
BRDA:398,45,1,9
BRDA:400,46,0,19
BRDA:400,46,1,1
BRDA:401,47,0,10
BRDA:401,47,1,10
BRDA:407,48,0,0
BRDA:407,48,1,20
BRDA:420,49,0,6
BRDA:420,49,1,4
BRDA:428,50,0,1
BRDA:428,50,1,0
BRDA:442,51,0,35
BRDA:442,51,1,3
BRDA:449,52,0,6
BRDA:449,52,1,1
BRDA:465,53,0,1
BRDA:465,53,1,1
BRDA:465,53,2,1
BRDA:467,54,0,1
BRDA:467,54,1,0
BRDA:467,54,2,0
BRDA:467,54,3,0
BRDA:473,55,0,0
BRDA:473,55,1,0
BRDA:487,56,0,0
BRDA:487,56,1,1
BRDA:491,57,0,1
BRDA:491,57,1,1
BRDA:491,57,2,1
BRDA:492,58,0,1
BRDA:492,58,1,0
BRDA:497,59,0,0
BRDA:497,59,1,0
BRDA:507,60,0,1
BRDA:507,60,1,1
BRDA:507,60,2,1
BRDA:508,61,0,6
BRDA:508,61,1,6
BRDA:509,62,0,0
BRDA:509,62,1,6
BRDA:516,63,0,12
BRDA:516,63,1,12
BRDA:516,63,2,6
BRDA:525,64,0,0
BRDA:525,64,1,6
BRDA:525,65,0,6
BRDA:525,65,1,6
BRDA:525,65,2,6
BRDA:527,66,0,0
BRDA:527,66,1,6
BRDA:534,67,0,1
BRDA:534,67,1,1
BRDA:534,67,2,1
BRDA:535,68,0,1
BRDA:535,68,1,0
BRDA:535,69,0,1
BRDA:535,69,1,1
BRDA:561,70,0,1
BRDA:561,70,1,5
BRDA:565,71,0,6
BRDA:565,71,1,6
BRDA:594,72,0,6
BRDA:594,72,1,0
BRDA:634,73,0,29
BRDA:634,73,1,6
BRDA:639,74,0,6
BRDA:639,74,1,0
BRDA:667,75,0,1
BRDA:667,75,1,1
BRDA:667,75,2,1
BRDA:668,76,0,1
BRDA:668,76,1,0
BRDA:673,77,0,0
BRDA:673,77,1,0
BRDA:699,78,0,5
BRDA:699,78,1,0
BRDA:717,79,0,0
BRDA:717,79,1,0
BRDA:736,80,0,0
BRDA:736,80,1,1
BRDA:736,81,0,1
BRDA:736,81,1,1
BRDA:736,81,2,1
BRDA:736,81,3,1
BRDA:741,82,0,0
BRDA:741,82,1,1
BRDA:742,83,0,0
BRDA:742,83,1,1
BRDA:744,84,0,0
BRDA:744,84,1,1
BRDA:752,85,0,0
BRDA:752,85,1,5
BRDA:758,86,0,4
BRDA:758,86,1,1
BRDA:758,87,0,5
BRDA:758,87,1,1
BRDA:778,88,0,1
BRDA:778,88,1,0
BRDA:786,89,0,1
BRDA:786,89,1,0
BRF:204
BRH:142
end_of_record
TN:
SF:@core/monitor/htmlElementActive.js
FN:1,webpackUniversalModuleDefinition
FN:10,(anonymous_1)
FN:11,(anonymous_2)
FN:16,__webpack_require__
FN:47,(anonymous_4)
FN:58,(anonymous_5)
FN:63,(anonymous_6)
FN:65,getDefault
FN:66,getModuleExports
FN:72,(anonymous_9)
FN:89,(anonymous_10)
FN:101,(anonymous_11)
FN:111,(anonymous_12)
FN:125,(anonymous_13)
FN:155,(anonymous_14)
FN:169,(anonymous_15)
FN:180,(anonymous_16)
FN:201,(anonymous_17)
FN:233,(anonymous_18)
FN:250,(anonymous_19)
FN:267,(anonymous_20)
FN:291,(anonymous_21)
FN:296,(anonymous_22)
FN:297,extendStatics
FN:300,(anonymous_24)
FN:302,(anonymous_25)
FN:311,(anonymous_26)
FN:314,__
FN:322,(anonymous_28)
FN:323,(anonymous_29)
FN:338,(anonymous_30)
FN:358,(anonymous_31)
FN:362,KeepObserverHtmlElementActive
FN:392,(anonymous_33)
FN:400,(anonymous_34)
FN:427,(anonymous_35)
FNF:36
FNH:26
FNDA:2,webpackUniversalModuleDefinition
FNDA:2,(anonymous_1)
FNDA:2,(anonymous_2)
FNDA:12,__webpack_require__
FNDA:0,(anonymous_4)
FNDA:0,(anonymous_5)
FNDA:0,(anonymous_6)
FNDA:0,getDefault
FNDA:0,getModuleExports
FNDA:0,(anonymous_9)
FNDA:2,(anonymous_10)
FNDA:5,(anonymous_11)
FNDA:6,(anonymous_12)
FNDA:2,(anonymous_13)
FNDA:2,(anonymous_14)
FNDA:14,(anonymous_15)
FNDA:25,(anonymous_16)
FNDA:50,(anonymous_17)
FNDA:25,(anonymous_18)
FNDA:25,(anonymous_19)
FNDA:30,(anonymous_20)
FNDA:2,(anonymous_21)
FNDA:2,(anonymous_22)
FNDA:2,extendStatics
FNDA:0,(anonymous_24)
FNDA:0,(anonymous_25)
FNDA:2,(anonymous_26)
FNDA:2,__
FNDA:2,(anonymous_28)
FNDA:0,(anonymous_29)
FNDA:2,(anonymous_30)
FNDA:2,(anonymous_31)
FNDA:5,KeepObserverHtmlElementActive
FNDA:0,(anonymous_33)
FNDA:5,(anonymous_34)
FNDA:2,(anonymous_35)
DA:1,2
DA:2,2
DA:3,2
DA:4,0
DA:5,0
DA:7,0
DA:8,0
DA:11,2
DA:13,2
DA:19,12
DA:20,2
DA:23,10
DA:30,10
DA:33,10
DA:36,10
DA:41,2
DA:44,2
DA:47,2
DA:48,0
DA:49,0
DA:58,2
DA:59,0
DA:63,2
DA:64,0
DA:65,0
DA:66,0
DA:67,0
DA:68,0
DA:72,2
DA:75,2
DA:79,2
DA:94,2
DA:101,2
DA:102,5
DA:103,5
DA:104,5
DA:111,2
DA:112,6
DA:113,5
DA:114,5
DA:115,5
DA:134,2
DA:137,2
DA:160,2
DA:164,2
DA:166,2
DA:167,2
DA:169,2
DA:170,14
DA:172,14
DA:173,5
DA:176,9
DA:177,9
DA:180,2
DA:181,25
DA:182,4
DA:183,4
DA:186,21
DA:187,21
DA:189,21
DA:190,21
DA:192,21
DA:193,3
DA:194,3
DA:197,18
DA:198,18
DA:201,2
DA:202,50
DA:204,50
DA:205,0
DA:209,50
DA:210,25
DA:213,25
DA:214,0
DA:217,25
DA:218,25
DA:219,25
DA:221,25
DA:222,438
DA:224,438
DA:225,25
DA:226,25
DA:227,413
DA:228,11
DA:233,2
DA:234,25
DA:235,25
DA:237,25
DA:238,0
DA:239,0
DA:240,25
DA:241,0
DA:242,25
DA:243,0
DA:246,25
DA:247,25
DA:250,2
DA:251,25
DA:252,25
DA:253,25
DA:255,25
DA:256,7
DA:259,25
DA:267,2
DA:268,30
DA:269,30
DA:270,30
DA:271,30
DA:272,30
DA:274,25
DA:276,25
DA:277,22
DA:296,2
DA:297,2
DA:298,2
DA:301,0
DA:303,0
DA:304,0
DA:308,2
DA:311,2
DA:312,2
DA:315,2
DA:318,2
DA:322,2
DA:323,2
DA:324,0
DA:325,0
DA:327,0
DA:328,0
DA:332,0
DA:335,2
DA:338,2
DA:339,2
DA:344,2
DA:348,2
DA:350,2
DA:352,2
DA:354,2
DA:358,2
DA:359,2
DA:363,5
DA:364,2
DA:367,5
DA:370,5
DA:371,5
DA:372,5
DA:373,5
DA:374,5
DA:375,5
DA:376,5
DA:377,5
DA:379,5
DA:380,5
DA:381,5
DA:382,5
DA:383,5
DA:384,5
DA:386,5
DA:390,5
DA:392,5
DA:393,0
DA:396,5
DA:400,2
DA:401,5
DA:402,5
DA:403,5
DA:405,5
DA:406,5
DA:409,5
DA:415,2
DA:418,2
DA:429,2
LF:172
LH:145
BRDA:2,0,0,2
BRDA:2,0,1,0
BRDA:2,1,0,2
BRDA:2,1,1,2
BRDA:4,2,0,0
BRDA:4,2,1,0
BRDA:4,3,0,0
BRDA:4,3,1,0
BRDA:7,4,0,0
BRDA:7,4,1,0
BRDA:8,5,0,0
BRDA:8,5,1,0
BRDA:19,6,0,2
BRDA:19,6,1,10
BRDA:48,7,0,0
BRDA:48,7,1,0
BRDA:64,8,0,0
BRDA:64,8,1,0
BRDA:64,9,0,0
BRDA:64,9,1,0
BRDA:112,10,0,1
BRDA:112,10,1,5
BRDA:172,11,0,5
BRDA:172,11,1,9
BRDA:172,12,0,14
BRDA:172,12,1,14
BRDA:177,13,0,4
BRDA:177,13,1,5
BRDA:177,14,0,5
BRDA:177,14,1,0
BRDA:181,15,0,4
BRDA:181,15,1,21
BRDA:192,16,0,3
BRDA:192,16,1,18
BRDA:192,17,0,21
BRDA:192,17,1,10
BRDA:192,17,2,5
BRDA:204,18,0,0
BRDA:204,18,1,50
BRDA:209,19,0,25
BRDA:209,19,1,25
BRDA:213,20,0,0
BRDA:213,20,1,25
BRDA:224,21,0,25
BRDA:224,21,1,413
BRDA:226,22,0,7
BRDA:226,22,1,18
BRDA:227,23,0,11
BRDA:227,23,1,402
BRDA:237,24,0,0
BRDA:237,24,1,25
BRDA:237,25,0,25
BRDA:237,25,1,0
BRDA:240,26,0,0
BRDA:240,26,1,25
BRDA:240,27,0,25
BRDA:240,27,1,0
BRDA:242,28,0,0
BRDA:242,28,1,25
BRDA:246,29,0,0
BRDA:246,29,1,25
BRDA:253,30,0,14
BRDA:253,30,1,11
BRDA:255,31,0,7
BRDA:255,31,1,18
BRDA:255,32,0,25
BRDA:255,32,1,10
BRDA:255,32,2,7
BRDA:271,33,0,21
BRDA:271,33,1,9
BRDA:272,34,0,5
BRDA:272,34,1,25
BRDA:276,35,0,3
BRDA:276,35,1,22
BRDA:296,36,0,2
BRDA:296,36,1,2
BRDA:296,36,2,2
BRDA:298,37,0,2
BRDA:298,37,1,0
BRDA:298,37,2,0
BRDA:298,37,3,0
BRDA:304,38,0,0
BRDA:304,38,1,0
BRDA:318,39,0,0
BRDA:318,39,1,2
BRDA:322,40,0,2
BRDA:322,40,1,2
BRDA:322,40,2,2
BRDA:323,41,0,2
BRDA:323,41,1,0
BRDA:328,42,0,0
BRDA:328,42,1,0
BRDA:338,43,0,2
BRDA:338,43,1,2
BRDA:338,43,2,2
BRDA:339,44,0,2
BRDA:339,44,1,0
BRDA:339,45,0,2
BRDA:339,45,1,2
BRDA:363,46,0,2
BRDA:363,46,1,3
BRDA:367,47,0,5
BRDA:367,47,1,5
BRDA:381,48,0,5
BRDA:381,48,1,0
BRDA:383,49,0,5
BRDA:383,49,1,0
BRDA:384,50,0,5
BRDA:384,50,1,5
BRDA:405,51,0,5
BRDA:405,51,1,0
BRF:111
BRH:74
end_of_record
TN:
SF:@core/monitor/log.js
FN:1,webpackUniversalModuleDefinition
FN:10,(anonymous_1)
FN:11,(anonymous_2)
FN:16,__webpack_require__
FN:47,(anonymous_4)
FN:58,(anonymous_5)
FN:63,(anonymous_6)
FN:65,getDefault
FN:66,getModuleExports
FN:72,(anonymous_9)
FN:89,(anonymous_10)
FN:104,(anonymous_11)
FN:124,(anonymous_12)
FN:132,(anonymous_13)
FN:149,(anonymous_14)
FN:175,(anonymous_15)
FN:180,(anonymous_16)
FN:207,(anonymous_17)
FN:225,(anonymous_18)
FN:237,(anonymous_19)
FN:243,(anonymous_20)
FN:244,(anonymous_21)
FN:265,(anonymous_22)
FN:269,(anonymous_23)
FN:294,(anonymous_24)
FN:314,(anonymous_25)
FN:330,(anonymous_26)
FN:359,(anonymous_27)
FN:364,(anonymous_28)
FN:365,extendStatics
FN:368,(anonymous_30)
FN:370,(anonymous_31)
FN:379,(anonymous_32)
FN:382,__
FN:390,(anonymous_34)
FN:391,(anonymous_35)
FN:406,(anonymous_36)
FN:427,(anonymous_37)
FN:431,KeepObserverLog
FN:457,(anonymous_39)
FN:465,(anonymous_40)
FN:492,(anonymous_41)
FNF:42
FNH:29
FNDA:2,webpackUniversalModuleDefinition
FNDA:2,(anonymous_1)
FNDA:2,(anonymous_2)
FNDA:14,__webpack_require__
FNDA:0,(anonymous_4)
FNDA:0,(anonymous_5)
FNDA:0,(anonymous_6)
FNDA:0,getDefault
FNDA:0,getModuleExports
FNDA:0,(anonymous_9)
FNDA:2,(anonymous_10)
FNDA:4,(anonymous_11)
FNDA:6,(anonymous_12)
FNDA:4,(anonymous_13)
FNDA:2,(anonymous_14)
FNDA:2,(anonymous_15)
FNDA:10,(anonymous_16)
FNDA:10,(anonymous_17)
FNDA:4,(anonymous_18)
FNDA:20,(anonymous_19)
FNDA:20,(anonymous_20)
FNDA:10,(anonymous_21)
FNDA:0,(anonymous_22)
FNDA:0,(anonymous_23)
FNDA:0,(anonymous_24)
FNDA:10,(anonymous_25)
FNDA:12,(anonymous_26)
FNDA:2,(anonymous_27)
FNDA:2,(anonymous_28)
FNDA:2,extendStatics
FNDA:0,(anonymous_30)
FNDA:0,(anonymous_31)
FNDA:2,(anonymous_32)
FNDA:2,__
FNDA:2,(anonymous_34)
FNDA:0,(anonymous_35)
FNDA:2,(anonymous_36)
FNDA:2,(anonymous_37)
FNDA:4,KeepObserverLog
FNDA:0,(anonymous_39)
FNDA:5,(anonymous_40)
FNDA:2,(anonymous_41)
DA:1,2
DA:2,2
DA:3,2
DA:4,0
DA:5,0
DA:7,0
DA:8,0
DA:11,2
DA:13,2
DA:19,14
DA:20,4
DA:23,10
DA:30,10
DA:33,10
DA:36,10
DA:41,2
DA:44,2
DA:47,2
DA:48,0
DA:49,0
DA:58,2
DA:59,0
DA:63,2
DA:64,0
DA:65,0
DA:66,0
DA:67,0
DA:68,0
DA:72,2
DA:75,2
DA:79,2
DA:94,2
DA:98,2
DA:104,2
DA:105,4
DA:106,0
DA:109,4
DA:110,4
DA:111,4
DA:112,4
DA:113,4
DA:114,4
DA:115,4
DA:116,4
DA:117,4
DA:124,2
DA:125,6
DA:127,6
DA:128,2
DA:131,4
DA:132,4
DA:134,4
DA:135,0
DA:138,4
DA:158,2
DA:161,2
DA:180,2
DA:181,10
DA:182,10
DA:183,10
DA:185,10
DA:188,10
DA:189,10
DA:190,12
DA:193,0
DA:197,10
DA:198,10
DA:200,10
DA:204,10
DA:207,2
DA:208,10
DA:209,10
DA:212,10
DA:215,2
DA:219,2
DA:225,2
DA:226,4
DA:228,4
DA:230,4
DA:231,4
DA:233,4
DA:234,0
DA:237,4
DA:238,20
DA:240,4
DA:241,4
DA:242,4
DA:243,4
DA:244,20
DA:245,10
DA:247,10
DA:248,12
DA:254,10
DA:255,10
DA:259,10
DA:263,4
DA:265,4
DA:266,0
DA:269,4
DA:270,0
DA:271,0
DA:273,0
DA:274,0
DA:276,0
DA:279,0
DA:280,0
DA:283,0
DA:285,0
DA:288,0
DA:289,0
DA:294,4
DA:295,0
DA:297,0
DA:298,0
DA:301,0
DA:303,0
DA:314,2
DA:315,10
DA:317,10
DA:321,10
DA:322,10
DA:324,10
DA:325,0
DA:328,10
DA:330,10
DA:331,12
DA:332,12
DA:333,3
DA:335,9
DA:338,0
DA:341,10
DA:342,10
DA:344,10
DA:364,2
DA:365,2
DA:366,2
DA:369,0
DA:371,0
DA:372,0
DA:376,2
DA:379,2
DA:380,2
DA:383,2
DA:386,2
DA:390,2
DA:391,2
DA:392,0
DA:393,0
DA:395,0
DA:396,0
DA:400,0
DA:403,2
DA:406,2
DA:407,2
DA:412,2
DA:416,2
DA:418,2
DA:420,2
DA:422,2
DA:427,2
DA:428,2
DA:432,4
DA:433,1
DA:436,4
DA:439,4
DA:440,4
DA:441,4
DA:442,4
DA:444,4
DA:445,4
DA:446,4
DA:447,4
DA:448,4
DA:449,4
DA:451,4
DA:455,4
DA:457,4
DA:458,0
DA:461,4
DA:465,2
DA:466,5
DA:467,5
DA:468,5
DA:470,5
DA:471,5
DA:474,5
DA:480,2
DA:483,2
DA:494,2
LF:189
LH:145
BRDA:2,0,0,2
BRDA:2,0,1,0
BRDA:2,1,0,2
BRDA:2,1,1,2
BRDA:4,2,0,0
BRDA:4,2,1,0
BRDA:4,3,0,0
BRDA:4,3,1,0
BRDA:7,4,0,0
BRDA:7,4,1,0
BRDA:8,5,0,0
BRDA:8,5,1,0
BRDA:19,6,0,4
BRDA:19,6,1,10
BRDA:48,7,0,0
BRDA:48,7,1,0
BRDA:64,8,0,0
BRDA:64,8,1,0
BRDA:64,9,0,0
BRDA:64,9,1,0
BRDA:105,10,0,0
BRDA:105,10,1,4
BRDA:105,11,0,4
BRDA:105,11,1,4
BRDA:105,11,2,4
BRDA:127,12,0,2
BRDA:127,12,1,4
BRDA:134,13,0,0
BRDA:134,13,1,4
BRDA:134,14,0,4
BRDA:134,14,1,4
BRDA:180,15,0,2
BRDA:180,15,1,2
BRDA:180,15,2,2
BRDA:181,16,0,10
BRDA:181,16,1,10
BRDA:182,17,0,0
BRDA:182,17,1,10
BRDA:189,18,0,22
BRDA:189,18,1,0
BRDA:189,18,2,22
BRDA:198,19,0,0
BRDA:198,19,1,10
BRDA:198,20,0,10
BRDA:198,20,1,10
BRDA:198,20,2,0
BRDA:200,21,0,0
BRDA:200,21,1,10
BRDA:207,22,0,2
BRDA:207,22,1,2
BRDA:207,22,2,2
BRDA:233,23,0,0
BRDA:233,23,1,4
BRDA:254,24,0,10
BRDA:254,24,1,0
BRDA:254,25,0,10
BRDA:254,25,1,10
BRDA:254,25,2,10
BRDA:273,26,0,0
BRDA:273,26,1,0
BRDA:279,27,0,0
BRDA:279,27,1,0
BRDA:279,28,0,0
BRDA:279,28,1,0
BRDA:279,28,2,0
BRDA:288,29,0,0
BRDA:288,29,1,0
BRDA:288,30,0,0
BRDA:288,30,1,0
BRDA:288,30,2,0
BRDA:324,31,0,0
BRDA:324,31,1,10
BRDA:324,32,0,10
BRDA:324,32,1,10
BRDA:332,33,0,3
BRDA:332,33,1,9
BRDA:332,34,0,12
BRDA:332,34,1,9
BRDA:333,35,0,1
BRDA:333,35,1,2
BRDA:335,36,0,9
BRDA:335,36,1,0
BRDA:338,37,0,0
BRDA:338,37,1,0
BRDA:348,38,0,4
BRDA:348,38,1,6
BRDA:364,39,0,2
BRDA:364,39,1,2
BRDA:364,39,2,2
BRDA:366,40,0,2
BRDA:366,40,1,0
BRDA:366,40,2,0
BRDA:366,40,3,0
BRDA:372,41,0,0
BRDA:372,41,1,0
BRDA:386,42,0,0
BRDA:386,42,1,2
BRDA:390,43,0,2
BRDA:390,43,1,2
BRDA:390,43,2,2
BRDA:391,44,0,2
BRDA:391,44,1,0
BRDA:396,45,0,0
BRDA:396,45,1,0
BRDA:406,46,0,2
BRDA:406,46,1,2
BRDA:406,46,2,2
BRDA:407,47,0,2
BRDA:407,47,1,0
BRDA:407,48,0,2
BRDA:407,48,1,2
BRDA:432,49,0,1
BRDA:432,49,1,3
BRDA:436,50,0,4
BRDA:436,50,1,4
BRDA:446,51,0,4
BRDA:446,51,1,0
BRDA:448,52,0,4
BRDA:448,52,1,0
BRDA:449,53,0,4
BRDA:449,53,1,4
BRDA:470,54,0,5
BRDA:470,54,1,0
BRF:123
BRH:70
end_of_record
TN:
SF:@core/monitor/network.js
FN:1,webpackUniversalModuleDefinition
FN:10,(anonymous_1)
FN:11,(anonymous_2)
FN:16,__webpack_require__
FN:47,(anonymous_4)
FN:58,(anonymous_5)
FN:63,(anonymous_6)
FN:65,getDefault
FN:66,getModuleExports
FN:72,(anonymous_9)
FN:89,(anonymous_10)
FN:101,(anonymous_11)
FN:109,(anonymous_12)
FN:117,(anonymous_13)
FN:136,(anonymous_14)
FN:166,(anonymous_15)
FN:171,(anonymous_16)
FN:194,(anonymous_17)
FN:205,(anonymous_18)
FN:219,(anonymous_19)
FN:238,(anonymous_20)
FN:241,onreadystatechange
FN:306,(anonymous_22)
FN:329,(anonymous_23)
FN:339,(anonymous_24)
FN:355,(anonymous_25)
FN:411,(anonymous_26)
FN:421,(anonymous_27)
FN:456,(anonymous_28)
FN:460,handleResponse
FN:468,(anonymous_30)
FN:476,(anonymous_31)
FN:495,(anonymous_32)
FN:502,(anonymous_33)
FN:509,(anonymous_34)
FN:511,(anonymous_35)
FN:517,(anonymous_36)
FN:525,(anonymous_37)
FN:541,(anonymous_38)
FN:555,(anonymous_39)
FN:578,(anonymous_40)
FN:622,(anonymous_41)
FN:655,(anonymous_42)
FN:661,(anonymous_43)
FN:683,(anonymous_44)
FN:688,(anonymous_45)
FN:689,extendStatics
FN:692,(anonymous_47)
FN:694,(anonymous_48)
FN:703,(anonymous_49)
FN:706,__
FN:714,(anonymous_51)
FN:715,(anonymous_52)
FN:730,(anonymous_53)
FN:751,(anonymous_54)
FN:755,KeepObserverNetwork
FN:798,(anonymous_56)
FN:809,(anonymous_57)
FN:837,(anonymous_58)
FN:850,(anonymous_59)
FN:855,next
FN:869,handleReqUrl
FN:916,validateStatus
FN:929,(anonymous_63)
FNF:64
FNH:48
FNDA:2,webpackUniversalModuleDefinition
FNDA:2,(anonymous_1)
FNDA:2,(anonymous_2)
FNDA:14,__webpack_require__
FNDA:0,(anonymous_4)
FNDA:0,(anonymous_5)
FNDA:0,(anonymous_6)
FNDA:0,getDefault
FNDA:0,getModuleExports
FNDA:0,(anonymous_9)
FNDA:2,(anonymous_10)
FNDA:5,(anonymous_11)
FNDA:9,(anonymous_12)
FNDA:5,(anonymous_13)
FNDA:2,(anonymous_14)
FNDA:2,(anonymous_15)
FNDA:2,(anonymous_16)
FNDA:5,(anonymous_17)
FNDA:5,(anonymous_18)
FNDA:9,(anonymous_19)
FNDA:21,(anonymous_20)
FNDA:21,onreadystatechange
FNDA:9,(anonymous_22)
FNDA:5215,(anonymous_23)
FNDA:12,(anonymous_24)
FNDA:9,(anonymous_25)
FNDA:5,(anonymous_26)
FNDA:4,(anonymous_27)
FNDA:4,(anonymous_28)
FNDA:3,handleResponse
FNDA:6,(anonymous_30)
FNDA:3,(anonymous_31)
FNDA:0,(anonymous_32)
FNDA:3,(anonymous_33)
FNDA:1,(anonymous_34)
FNDA:0,(anonymous_35)
FNDA:0,(anonymous_36)
FNDA:0,(anonymous_37)
FNDA:25,(anonymous_38)
FNDA:23,(anonymous_39)
FNDA:33,(anonymous_40)
FNDA:13,(anonymous_41)
FNDA:26,(anonymous_42)
FNDA:0,(anonymous_43)
FNDA:2,(anonymous_44)
FNDA:2,(anonymous_45)
FNDA:2,extendStatics
FNDA:0,(anonymous_47)
FNDA:0,(anonymous_48)
FNDA:2,(anonymous_49)
FNDA:2,__
FNDA:2,(anonymous_51)
FNDA:0,(anonymous_52)
FNDA:2,(anonymous_53)
FNDA:2,(anonymous_54)
FNDA:5,KeepObserverNetwork
FNDA:0,(anonymous_56)
FNDA:5,(anonymous_57)
FNDA:2,(anonymous_58)
FNDA:3,(anonymous_59)
FNDA:0,next
FNDA:24,handleReqUrl
FNDA:13,validateStatus
FNDA:2,(anonymous_63)
DA:1,2
DA:2,2
DA:3,2
DA:4,0
DA:5,0
DA:7,0
DA:8,0
DA:11,2
DA:13,2
DA:19,14
DA:20,2
DA:23,12
DA:30,12
DA:33,12
DA:36,12
DA:41,2
DA:44,2
DA:47,2
DA:48,0
DA:49,0
DA:58,2
DA:59,0
DA:63,2
DA:64,0
DA:65,0
DA:66,0
DA:67,0
DA:68,0
DA:72,2
DA:75,2
DA:79,2
DA:94,2
DA:101,2
DA:102,5
DA:109,2
DA:110,9
DA:117,2
DA:119,5
DA:120,5
DA:121,5
DA:122,5
DA:123,5
DA:124,5
DA:125,5
DA:126,5
DA:141,2
DA:148,2
DA:171,2
DA:172,2
DA:173,0
DA:174,0
DA:175,0
DA:177,0
DA:178,0
DA:181,2
DA:185,2
DA:187,2
DA:194,2
DA:196,5
DA:198,5
DA:205,2
DA:206,5
DA:208,5
DA:209,5
DA:211,5
DA:212,0
DA:215,5
DA:216,5
DA:217,5
DA:219,5
DA:220,9
DA:221,9
DA:223,9
DA:225,9
DA:227,9
DA:229,9
DA:231,9
DA:232,9
DA:233,9
DA:235,9
DA:236,9
DA:238,9
DA:241,9
DA:242,21
DA:244,21
DA:245,11
DA:247,11
DA:249,11
DA:250,11
DA:251,11
DA:254,11
DA:255,11
DA:259,21
DA:261,21
DA:262,9
DA:265,21
DA:267,21
DA:269,0
DA:270,0
DA:272,21
DA:274,12
DA:275,9
DA:277,9
DA:278,9
DA:279,9
DA:281,9
DA:284,9
DA:285,9
DA:286,9
DA:288,9
DA:289,27
DA:291,27
DA:292,9
DA:295,18
DA:296,18
DA:297,18
DA:298,18
DA:302,9
DA:303,9
DA:304,9
DA:306,9
DA:308,9
DA:309,7
DA:313,0
DA:317,21
DA:318,19
DA:321,21
DA:324,9
DA:328,9
DA:329,9
DA:330,5215
DA:331,12
DA:332,12
DA:335,9
DA:339,5
DA:340,12
DA:341,12
DA:343,12
DA:344,12
DA:345,12
DA:346,12
DA:347,12
DA:348,12
DA:351,12
DA:355,5
DA:356,9
DA:357,9
DA:359,9
DA:361,9
DA:362,9
DA:363,9
DA:364,9
DA:365,9
DA:367,9
DA:368,0
DA:372,9
DA:374,9
DA:376,9
DA:377,9
DA:378,9
DA:381,9
DA:382,9
DA:384,9
DA:385,9
DA:386,9
DA:390,9
DA:391,3
DA:392,3
DA:396,9
DA:398,9
DA:401,9
DA:403,9
DA:411,2
DA:412,5
DA:413,0
DA:416,5
DA:418,5
DA:419,5
DA:421,5
DA:422,4
DA:423,3
DA:426,4
DA:427,4
DA:428,4
DA:430,4
DA:431,4
DA:434,4
DA:435,4
DA:436,4
DA:439,4
DA:440,4
DA:441,4
DA:442,4
DA:444,4
DA:445,1
DA:446,1
DA:447,1
DA:449,3
DA:450,3
DA:451,3
DA:454,4
DA:456,4
DA:458,4
DA:460,4
DA:461,3
DA:462,3
DA:463,3
DA:464,3
DA:466,3
DA:467,3
DA:468,3
DA:469,6
DA:472,0
DA:475,3
DA:476,3
DA:478,3
DA:479,3
DA:484,4
DA:485,4
DA:487,4
DA:489,4
DA:491,0
DA:492,0
DA:493,0
DA:494,0
DA:495,0
DA:496,0
DA:498,0
DA:499,0
DA:502,4
DA:503,3
DA:505,3
DA:508,3
DA:509,1
DA:510,1
DA:512,0
DA:515,2
DA:519,0
DA:521,0
DA:522,0
DA:523,0
DA:524,0
DA:525,0
DA:527,0
DA:528,0
DA:531,0
DA:541,2
DA:542,25
DA:544,25
DA:545,25
DA:546,25
DA:547,25
DA:549,25
DA:550,2
DA:553,23
DA:555,23
DA:557,23
DA:558,23
DA:559,23
DA:560,23
DA:561,23
DA:563,23
DA:565,23
DA:569,0
DA:578,2
DA:579,33
DA:581,33
DA:583,33
DA:584,20
DA:587,13
DA:591,13
DA:592,0
DA:593,0
DA:597,13
DA:599,13
DA:600,6
DA:601,6
DA:602,6
DA:606,13
DA:614,13
DA:622,2
DA:623,13
DA:625,13
DA:627,13
DA:628,0
DA:631,13
DA:633,13
DA:634,0
DA:635,0
DA:639,13
DA:655,2
DA:656,26
DA:658,26
DA:659,0
DA:660,0
DA:661,0
DA:662,0
DA:663,0
DA:664,0
DA:668,0
DA:669,0
DA:673,26
DA:688,2
DA:689,2
DA:690,2
DA:693,0
DA:695,0
DA:696,0
DA:700,2
DA:703,2
DA:704,2
DA:707,2
DA:710,2
DA:714,2
DA:715,2
DA:716,0
DA:717,0
DA:719,0
DA:720,0
DA:724,0
DA:727,2
DA:730,2
DA:731,2
DA:736,2
DA:740,2
DA:742,2
DA:744,2
DA:746,2
DA:751,2
DA:752,2
DA:756,5
DA:757,3
DA:760,5
DA:763,5
DA:764,5
DA:765,5
DA:766,5
DA:767,5
DA:768,5
DA:769,5
DA:770,5
DA:771,5
DA:772,5
DA:774,5
DA:775,5
DA:776,5
DA:777,5
DA:778,5
DA:779,5
DA:780,5
DA:783,5
DA:784,5
DA:786,5
DA:787,0
DA:791,5
DA:793,5
DA:795,5
DA:796,5
DA:798,5
DA:799,0
DA:803,5
DA:805,5
DA:809,2
DA:810,5
DA:811,5
DA:812,5
DA:814,5
DA:815,5
DA:818,5
DA:825,2
DA:828,2
DA:850,2
DA:851,3
DA:852,3
DA:853,3
DA:854,0
DA:856,0
DA:857,0
DA:865,2
DA:873,24
DA:874,24
DA:875,24
DA:877,24
DA:878,21
DA:880,3
DA:881,3
DA:882,3
DA:883,3
DA:884,3
DA:886,3
DA:887,3
DA:888,3
DA:889,3
DA:890,3
DA:893,0
DA:897,3
DA:898,3
DA:900,3
DA:905,24
DA:911,2
DA:917,13
DA:920,2
DA:931,2
LF:403
LH:333
BRDA:2,0,0,2
BRDA:2,0,1,0
BRDA:2,1,0,2
BRDA:2,1,1,2
BRDA:4,2,0,0
BRDA:4,2,1,0
BRDA:4,3,0,0
BRDA:4,3,1,0
BRDA:7,4,0,0
BRDA:7,4,1,0
BRDA:8,5,0,0
BRDA:8,5,1,0
BRDA:19,6,0,2
BRDA:19,6,1,12
BRDA:48,7,0,0
BRDA:48,7,1,0
BRDA:64,8,0,0
BRDA:64,8,1,0
BRDA:64,9,0,0
BRDA:64,9,1,0
BRDA:171,10,0,2
BRDA:171,10,1,2
BRDA:171,10,2,2
BRDA:172,11,0,2
BRDA:172,11,1,0
BRDA:172,12,0,2
BRDA:172,12,1,2
BRDA:174,13,0,0
BRDA:174,13,1,0
BRDA:175,14,0,0
BRDA:175,14,1,0
BRDA:211,15,0,0
BRDA:211,15,1,5
BRDA:238,16,0,9
BRDA:238,16,1,9
BRDA:242,17,0,10
BRDA:242,17,1,11
BRDA:244,18,0,11
BRDA:244,18,1,10
BRDA:261,19,0,9
BRDA:261,19,1,12
BRDA:267,20,0,0
BRDA:267,20,1,21
BRDA:269,21,0,0
BRDA:269,21,1,0
BRDA:272,22,0,12
BRDA:272,22,1,9
BRDA:274,23,0,9
BRDA:274,23,1,3
BRDA:277,24,0,0
BRDA:277,24,1,9
BRDA:278,25,0,0
BRDA:278,25,1,9
BRDA:279,26,0,9
BRDA:279,26,1,0
BRDA:285,27,0,9
BRDA:285,27,1,0
BRDA:291,28,0,9
BRDA:291,28,1,18
BRDA:303,29,0,9
BRDA:303,29,1,2
BRDA:304,30,0,9
BRDA:304,30,1,0
BRDA:308,31,0,7
BRDA:308,31,1,2
BRDA:317,32,0,19
BRDA:317,32,1,2
BRDA:330,33,0,12
BRDA:330,33,1,5203
BRDA:343,34,0,12
BRDA:343,34,1,0
BRDA:343,35,0,12
BRDA:343,35,1,12
BRDA:345,36,0,12
BRDA:345,36,1,0
BRDA:346,37,0,12
BRDA:346,37,1,0
BRDA:367,38,0,0
BRDA:367,38,1,9
BRDA:384,39,0,9
BRDA:384,39,1,0
BRDA:390,40,0,3
BRDA:390,40,1,6
BRDA:391,41,0,3
BRDA:391,41,1,0
BRDA:412,42,0,0
BRDA:412,42,1,5
BRDA:422,43,0,3
BRDA:422,43,1,1
BRDA:430,44,0,4
BRDA:430,44,1,0
BRDA:444,45,0,1
BRDA:444,45,1,3
BRDA:444,46,0,4
BRDA:444,46,1,1
BRDA:445,47,0,1
BRDA:445,47,1,0
BRDA:446,48,0,1
BRDA:446,48,1,0
BRDA:447,49,0,0
BRDA:447,49,1,1
BRDA:462,50,0,3
BRDA:462,50,1,0
BRDA:463,51,0,3
BRDA:463,51,1,0
BRDA:463,52,0,0
BRDA:463,52,1,0
BRDA:466,53,0,3
BRDA:466,53,1,0
BRDA:478,54,0,3
BRDA:478,54,1,0
BRDA:508,55,0,1
BRDA:508,55,1,2
BRDA:527,56,0,0
BRDA:527,56,1,0
BRDA:545,57,0,2
BRDA:545,57,1,23
BRDA:546,58,0,0
BRDA:546,58,1,25
BRDA:549,59,0,2
BRDA:549,59,1,23
BRDA:549,60,0,25
BRDA:549,60,1,23
BRDA:553,61,0,23
BRDA:553,61,1,0
BRDA:561,62,0,23
BRDA:561,62,1,7
BRDA:583,63,0,20
BRDA:583,63,1,13
BRDA:591,64,0,0
BRDA:591,64,1,13
BRDA:591,65,0,13
BRDA:591,65,1,13
BRDA:599,66,0,6
BRDA:599,66,1,7
BRDA:599,67,0,13
BRDA:599,67,1,9
BRDA:601,68,0,6
BRDA:601,68,1,4
BRDA:601,69,0,4
BRDA:601,69,1,0
BRDA:602,70,0,6
BRDA:602,70,1,0
BRDA:610,71,0,9
BRDA:610,71,1,4
BRDA:610,72,0,13
BRDA:610,72,1,10
BRDA:627,73,0,0
BRDA:627,73,1,13
BRDA:633,74,0,0
BRDA:633,74,1,13
BRDA:633,75,0,13
BRDA:633,75,1,13
BRDA:658,76,0,0
BRDA:658,76,1,26
BRDA:658,77,0,26
BRDA:658,77,1,26
BRDA:662,78,0,0
BRDA:662,78,1,0
BRDA:668,79,0,0
BRDA:668,79,1,0
BRDA:688,80,0,2
BRDA:688,80,1,2
BRDA:688,80,2,2
BRDA:690,81,0,2
BRDA:690,81,1,0
BRDA:690,81,2,0
BRDA:690,81,3,0
BRDA:696,82,0,0
BRDA:696,82,1,0
BRDA:710,83,0,0
BRDA:710,83,1,2
BRDA:714,84,0,2
BRDA:714,84,1,2
BRDA:714,84,2,2
BRDA:715,85,0,2
BRDA:715,85,1,0
BRDA:720,86,0,0
BRDA:720,86,1,0
BRDA:730,87,0,2
BRDA:730,87,1,2
BRDA:730,87,2,2
BRDA:731,88,0,2
BRDA:731,88,1,0
BRDA:731,89,0,2
BRDA:731,89,1,2
BRDA:756,90,0,3
BRDA:756,90,1,2
BRDA:760,91,0,5
BRDA:760,91,1,5
BRDA:776,92,0,5
BRDA:776,92,1,0
BRDA:778,93,0,5
BRDA:778,93,1,0
BRDA:779,94,0,0
BRDA:779,94,1,5
BRDA:779,95,0,5
BRDA:779,95,1,0
BRDA:782,96,0,5
BRDA:782,96,1,5
BRDA:786,97,0,0
BRDA:786,97,1,5
BRDA:814,98,0,5
BRDA:814,98,1,0
BRDA:850,99,0,2
BRDA:850,99,1,2
BRDA:850,99,2,2
BRDA:851,100,0,3
BRDA:851,100,1,3
BRDA:853,101,0,3
BRDA:853,101,1,0
BRDA:856,102,0,0
BRDA:856,102,1,0
BRDA:856,103,0,0
BRDA:856,103,1,0
BRDA:858,104,0,0
BRDA:858,104,1,0
BRDA:877,105,0,21
BRDA:877,105,1,3
BRDA:898,106,0,0
BRDA:898,106,1,3
BRDA:898,107,0,3
BRDA:898,107,1,3
BRDA:898,107,2,0
BRDA:900,108,0,0
BRDA:900,108,1,3
BRDA:917,109,0,13
BRDA:917,109,1,10
BRF:228
BRH:142
end_of_record
TN:
SF:@util/index.js
FN:1,webpackUniversalModuleDefinition
FN:10,(anonymous_1)
FN:11,(anonymous_2)
FN:16,__webpack_require__
FN:47,(anonymous_4)
FN:58,(anonymous_5)
FN:63,(anonymous_6)
FN:65,getDefault
FN:66,getModuleExports
FN:72,(anonymous_9)
FN:89,(anonymous_10)
FN:98,stringify
FN:121,decirc
FN:167,compareFunction
FN:179,deterministicStringify
FN:202,deterministicDecirc
FN:263,replaceGetterValues
FN:264,(anonymous_17)
FN:267,(anonymous_18)
FN:291,(anonymous_19)
FN:293,(anonymous_20)
FN:300,(anonymous_21)
FN:306,hash
FN:329,(anonymous_23)
FN:351,(anonymous_24)
FN:356,(anonymous_25)
FN:381,(anonymous_26)
FN:394,(anonymous_27)
FN:404,(anonymous_28)
FN:414,(anonymous_29)
FN:428,(anonymous_30)
FN:443,(anonymous_31)
FN:458,(anonymous_32)
FN:475,(anonymous_33)
FN:480,(anonymous_34)
FN:497,(anonymous_35)
FN:502,(anonymous_36)
FN:521,(anonymous_37)
FN:532,(anonymous_38)
FN:537,(anonymous_39)
FN:545,(anonymous_40)
FN:582,(anonymous_41)
FN:587,(anonymous_42)
FN:612,(anonymous_43)
FN:618,(anonymous_44)
FN:638,(anonymous_45)
FN:639,KeepObserverMiddleWare
FN:654,(anonymous_47)
FN:671,(anonymous_48)
FN:683,(anonymous_49)
FN:699,(anonymous_50)
FN:721,(anonymous_51)
FN:723,(anonymous_52)
FN:736,(anonymous_53)
FN:751,(anonymous_54)
FN:752,(anonymous_55)
FN:768,(anonymous_56)
FN:769,(anonymous_57)
FN:792,(anonymous_58)
FN:798,(anonymous_59)
FN:806,(anonymous_60)
FN:825,(anonymous_61)
FN:830,(anonymous_62)
FN:831,(anonymous_63)
FN:844,(anonymous_64)
FN:869,(anonymous_65)
FN:875,(anonymous_66)
FN:881,(anonymous_67)
FN:901,(anonymous_68)
FN:902,KeepObserverPublic
FN:925,(anonymous_70)
FN:933,(anonymous_71)
FN:942,(anonymous_72)
FN:954,(anonymous_73)
FN:958,(anonymous_74)
FN:989,(anonymous_75)
FN:994,(anonymous_76)
FN:1016,dateFormat
FN:1050,isNumber
FN:1056,isString
FN:1062,isArray
FN:1068,isBoolean
FN:1074,isRegExp
FN:1080,isDateObject
FN:1086,isUndefined
FN:1092,isNull
FN:1098,isExist
FN:1104,isSymbol
FN:1110,isSVGElement
FN:1116,isObject
FN:1123,isEmptyObject
FN:1137,isEmptyArray
FN:1147,isFunction
FN:1153,isElement
FN:1160,isWindow
FN:1172,isPlainObject
FN:1199,isClassObject
FN:1208,toArray
FN:1218,toString
FN:1232,setSessionStorage
FN:1244,getSessionStorage
FN:1256,removeSessionStorage
FN:1267,setStorage
FN:1279,getStorage
FN:1291,removeStorage
FN:1305,getUniqueID
FN:1306,(anonymous_106)
FN:1325,extend
FN:1350,(anonymous_108)
FN:1409,mixin
FN:1437,filter
FN:1467,map
FN:1494,mapToArray
FN:1515,throttleWrap
FN:1516,(anonymous_114)
FN:1518,(anonymous_115)
FN:1526,(anonymous_116)
FN:1535,debounceWrap
FN:1536,(anonymous_118)
FN:1538,(anonymous_119)
FN:1552,(anonymous_120)
FN:1563,objectStringify
FN:1564,(anonymous_122)
FN:1579,getHashCode
FN:1592,substringLimt
FNF:125
FNH:102
FNDA:7,webpackUniversalModuleDefinition
FNDA:7,(anonymous_1)
FNDA:7,(anonymous_2)
FNDA:112,__webpack_require__
FNDA:0,(anonymous_4)
FNDA:0,(anonymous_5)
FNDA:0,(anonymous_6)
FNDA:0,getDefault
FNDA:0,getModuleExports
FNDA:0,(anonymous_9)
FNDA:7,(anonymous_10)
FNDA:157,stringify
FNDA:62281,decirc
FNDA:0,compareFunction
FNDA:0,deterministicStringify
FNDA:0,deterministicDecirc
FNDA:0,replaceGetterValues
FNDA:0,(anonymous_17)
FNDA:0,(anonymous_18)
FNDA:7,(anonymous_19)
FNDA:7,(anonymous_20)
FNDA:7,(anonymous_21)
FNDA:147,hash
FNDA:7,(anonymous_23)
FNDA:7,(anonymous_24)
FNDA:24,(anonymous_25)
FNDA:12,(anonymous_26)
FNDA:48,(anonymous_27)
FNDA:28,(anonymous_28)
FNDA:21,(anonymous_29)
FNDA:71,(anonymous_30)
FNDA:0,(anonymous_31)
FNDA:10,(anonymous_32)
FNDA:7,(anonymous_33)
FNDA:7,(anonymous_34)
FNDA:5,(anonymous_35)
FNDA:5,(anonymous_36)
FNDA:0,(anonymous_37)
FNDA:7,(anonymous_38)
FNDA:14,(anonymous_39)
FNDA:21,(anonymous_40)
FNDA:7,(anonymous_41)
FNDA:218,(anonymous_42)
FNDA:216,(anonymous_43)
FNDA:14,(anonymous_44)
FNDA:7,(anonymous_45)
FNDA:128,KeepObserverMiddleWare
FNDA:26,(anonymous_47)
FNDA:6,(anonymous_48)
FNDA:109,(anonymous_49)
FNDA:23,(anonymous_50)
FNDA:86,(anonymous_51)
FNDA:1,(anonymous_52)
FNDA:84,(anonymous_53)
FNDA:11,(anonymous_54)
FNDA:10,(anonymous_55)
FNDA:11,(anonymous_56)
FNDA:11,(anonymous_57)
FNDA:86,(anonymous_58)
FNDA:2,(anonymous_59)
FNDA:0,(anonymous_60)
FNDA:7,(anonymous_61)
FNDA:6,(anonymous_62)
FNDA:0,(anonymous_63)
FNDA:208,(anonymous_64)
FNDA:104,(anonymous_65)
FNDA:7,(anonymous_66)
FNDA:7,(anonymous_67)
FNDA:7,(anonymous_68)
FNDA:124,KeepObserverPublic
FNDA:28,(anonymous_70)
FNDA:1,(anonymous_71)
FNDA:104,(anonymous_72)
FNDA:2,(anonymous_73)
FNDA:94,(anonymous_74)
FNDA:7,(anonymous_75)
FNDA:14,(anonymous_76)
FNDA:71,dateFormat
FNDA:2294,isNumber
FNDA:1943,isString
FNDA:2520,isArray
FNDA:475,isBoolean
FNDA:65,isRegExp
FNDA:65,isDateObject
FNDA:64,isUndefined
FNDA:64,isNull
FNDA:9,isExist
FNDA:1,isSymbol
FNDA:0,isSVGElement
FNDA:2974,isObject
FNDA:117,isEmptyObject
FNDA:39,isEmptyArray
FNDA:453,isFunction
FNDA:1799,isElement
FNDA:1801,isWindow
FNDA:15,isPlainObject
FNDA:15,isClassObject
FNDA:357,toArray
FNDA:160,toString
FNDA:0,setSessionStorage
FNDA:0,getSessionStorage
FNDA:0,removeSessionStorage
FNDA:1,setStorage
FNDA:5,getStorage
FNDA:0,removeStorage
FNDA:14,getUniqueID
FNDA:322,(anonymous_106)
FNDA:262,extend
FNDA:262,(anonymous_108)
FNDA:0,mixin
FNDA:0,filter
FNDA:30,map
FNDA:71,mapToArray
FNDA:49,throttleWrap
FNDA:49,(anonymous_114)
FNDA:30,(anonymous_115)
FNDA:1,(anonymous_116)
FNDA:49,debounceWrap
FNDA:49,(anonymous_118)
FNDA:95,(anonymous_119)
FNDA:28,(anonymous_120)
FNDA:157,objectStringify
FNDA:1786,(anonymous_122)
FNDA:147,getHashCode
FNDA:23,substringLimt
DA:1,7
DA:2,7
DA:3,7
DA:4,0
DA:5,0
DA:7,0
DA:8,0
DA:11,7
DA:13,7
DA:19,112
DA:20,49
DA:23,63
DA:30,63
DA:33,63
DA:36,63
DA:41,7
DA:44,7
DA:47,7
DA:48,0
DA:49,0
DA:58,7
DA:59,0
DA:63,7
DA:64,0
DA:65,0
DA:66,0
DA:67,0
DA:68,0
DA:72,7
DA:75,7
DA:79,7
DA:91,7
DA:92,7
DA:93,7
DA:94,7
DA:95,7
DA:96,7
DA:99,157
DA:102,157
DA:103,157
DA:105,0
DA:108,157
DA:109,15
DA:111,15
DA:112,0
DA:114,15
DA:118,157
DA:124,62281
DA:125,23978
DA:126,123555
DA:127,15
DA:129,15
DA:130,0
DA:131,0
DA:134,0
DA:136,0
DA:139,15
DA:140,15
DA:143,15
DA:147,23963
DA:149,23963
DA:150,1407
DA:151,3037
DA:154,22556
DA:156,22556
DA:157,59087
DA:158,59087
DA:162,23963
DA:168,0
DA:169,0
DA:172,0
DA:173,0
DA:176,0
DA:180,0
DA:183,0
DA:184,0
DA:186,0
DA:189,0
DA:190,0
DA:192,0
DA:193,0
DA:195,0
DA:199,0
DA:205,0
DA:206,0
DA:207,0
DA:208,0
DA:210,0
DA:211,0
DA:212,0
DA:215,0
DA:217,0
DA:220,0
DA:221,0
DA:224,0
DA:228,0
DA:229,0
DA:232,0
DA:234,0
DA:235,0
DA:236,0
DA:240,0
DA:241,0
DA:243,0
DA:244,0
DA:245,0
DA:246,0
DA:249,0
DA:250,0
DA:251,0
DA:253,0
DA:257,0
DA:264,0
DA:265,0
DA:267,0
DA:268,0
DA:269,0
DA:270,0
DA:272,0
DA:273,0
DA:274,0
DA:275,0
DA:280,0
DA:293,7
DA:294,7
DA:295,7
DA:309,147
DA:310,147
DA:312,147
DA:313,32992
DA:316,147
DA:319,7
DA:334,7
DA:338,7
DA:340,7
DA:342,7
DA:356,7
DA:357,24
DA:358,24
DA:359,24
DA:361,24
DA:364,24
DA:365,26
DA:367,0
DA:371,24
DA:372,24
DA:374,24
DA:378,24
DA:381,7
DA:382,24
DA:384,12
DA:387,7
DA:390,7
DA:391,7
DA:392,7
DA:394,7
DA:395,48
DA:397,48
DA:398,68
DA:401,48
DA:404,7
DA:405,28
DA:407,28
DA:408,35
DA:411,28
DA:414,7
DA:415,21
DA:417,21
DA:418,21
DA:421,21
DA:424,7
DA:425,7
DA:426,7
DA:428,7
DA:429,71
DA:430,0
DA:433,71
DA:435,71
DA:436,71
DA:439,71
DA:440,2
DA:443,7
DA:444,0
DA:445,0
DA:448,0
DA:450,0
DA:451,0
DA:454,0
DA:455,0
DA:458,7
DA:459,10
DA:461,10
DA:462,12
DA:465,10
DA:480,7
DA:481,7
DA:482,0
DA:483,0
DA:484,0
DA:485,0
DA:488,7
DA:492,7
DA:495,7
DA:497,7
DA:498,5
DA:502,7
DA:503,5
DA:504,0
DA:507,5
DA:509,5
DA:510,1
DA:511,1
DA:514,5
DA:521,7
DA:523,7
DA:537,7
DA:538,14
DA:539,0
DA:540,0
DA:541,0
DA:542,0
DA:545,7
DA:546,21
DA:551,7
DA:555,7
DA:557,7
DA:559,7
DA:561,7
DA:563,7
DA:565,7
DA:567,7
DA:569,7
DA:571,7
DA:573,7
DA:587,7
DA:588,218
DA:589,218
DA:590,218
DA:592,218
DA:595,218
DA:596,227
DA:598,0
DA:602,218
DA:603,218
DA:605,218
DA:609,218
DA:612,7
DA:613,218
DA:615,216
DA:618,7
DA:619,14
DA:620,0
DA:621,0
DA:622,0
DA:623,0
DA:626,7
DA:630,7
DA:632,7
DA:634,7
DA:638,7
DA:640,128
DA:641,128
DA:642,128
DA:643,128
DA:645,128
DA:647,128
DA:649,128
DA:651,128
DA:654,7
DA:655,26
DA:657,26
DA:658,4
DA:660,4
DA:663,22
DA:665,22
DA:667,22
DA:671,7
DA:672,6
DA:674,6
DA:675,2
DA:678,4
DA:679,4
DA:683,7
DA:684,109
DA:686,109
DA:688,109
DA:689,108
DA:692,109
DA:695,109
DA:697,109
DA:698,23
DA:699,23
DA:700,23
DA:704,0
DA:705,0
DA:708,86
DA:709,0
DA:710,0
DA:714,86
DA:715,86
DA:716,86
DA:717,86
DA:719,86
DA:720,86
DA:721,86
DA:723,86
DA:724,1
DA:725,1
DA:726,1
DA:727,1
DA:729,1
DA:730,1
DA:733,1
DA:736,86
DA:737,84
DA:739,84
DA:740,83
DA:743,84
DA:744,84
DA:745,84
DA:746,84
DA:749,86
DA:751,86
DA:752,11
DA:753,10
DA:755,10
DA:756,10
DA:759,10
DA:760,0
DA:763,10
DA:764,10
DA:768,86
DA:769,11
DA:770,11
DA:772,11
DA:773,22
DA:776,11
DA:779,86
DA:781,1
DA:782,1
DA:783,1
DA:784,1
DA:786,1
DA:787,1
DA:790,1
DA:793,86
DA:798,7
DA:799,2
DA:801,2
DA:802,2
DA:806,2
DA:811,7
DA:812,7
DA:813,7
DA:816,7
DA:830,7
DA:831,6
DA:832,0
DA:833,0
DA:835,0
DA:838,0
DA:841,6
DA:844,7
DA:845,208
DA:846,208
DA:847,208
DA:849,208
DA:852,208
DA:853,208
DA:855,0
DA:859,208
DA:860,208
DA:862,208
DA:866,208
DA:869,7
DA:870,208
DA:872,104
DA:875,7
DA:876,7
DA:881,7
DA:882,7
DA:883,0
DA:884,0
DA:885,0
DA:886,0
DA:889,7
DA:893,7
DA:895,7
DA:897,7
DA:901,7
DA:903,124
DA:904,49
DA:907,124
DA:908,124
DA:909,124
DA:910,124
DA:911,124
DA:913,124
DA:915,124
DA:917,124
DA:919,124
DA:925,7
DA:926,28
DA:928,28
DA:929,28
DA:933,7
DA:934,1
DA:936,1
DA:938,1
DA:942,7
DA:943,104
DA:945,104
DA:946,103
DA:951,104
DA:954,104
DA:958,7
DA:959,94
DA:965,94
DA:967,94
DA:973,94
DA:976,7
DA:977,7
DA:980,7
DA:994,7
DA:995,14
DA:1000,7
DA:1004,7
DA:1006,7
DA:1008,7
DA:1017,71
DA:1018,0
DA:1019,0
DA:1022,71
DA:1024,71
DA:1033,71
DA:1034,426
DA:1035,288
DA:1036,288
DA:1040,71
DA:1043,7
DA:1051,2294
DA:1054,7
DA:1057,1943
DA:1060,7
DA:1063,2520
DA:1066,7
DA:1069,475
DA:1072,7
DA:1075,65
DA:1078,7
DA:1081,65
DA:1084,7
DA:1087,64
DA:1090,7
DA:1093,64
DA:1096,7
DA:1099,9
DA:1102,7
DA:1105,1
DA:1108,7
DA:1111,0
DA:1114,7
DA:1117,2974
DA:1121,7
DA:1124,117
DA:1125,0
DA:1128,117
DA:1129,93
DA:1132,24
DA:1135,7
DA:1138,39
DA:1139,0
DA:1142,39
DA:1145,7
DA:1148,453
DA:1151,7
DA:1154,1799
DA:1158,7
DA:1161,1801
DA:1162,1801
DA:1165,7
DA:1173,15
DA:1175,15
DA:1176,0
DA:1179,15
DA:1180,15
DA:1181,15
DA:1184,0
DA:1189,0
DA:1191,0
DA:1194,7
DA:1200,15
DA:1203,7
DA:1209,357
DA:1210,357
DA:1213,0
DA:1216,7
DA:1219,160
DA:1220,9
DA:1223,151
DA:1226,7
DA:1233,0
DA:1234,0
DA:1237,0
DA:1238,0
DA:1239,0
DA:1242,7
DA:1245,0
DA:1246,0
DA:1249,0
DA:1250,0
DA:1251,0
DA:1254,7
DA:1257,0
DA:1258,0
DA:1261,0
DA:1262,0
DA:1265,7
DA:1268,1
DA:1269,0
DA:1272,1
DA:1273,1
DA:1274,1
DA:1277,7
DA:1280,5
DA:1281,0
DA:1284,5
DA:1285,5
DA:1286,5
DA:1289,7
DA:1292,0
DA:1293,0
DA:1296,0
DA:1297,0
DA:1300,7
DA:1306,14
DA:1307,322
DA:1308,322
DA:1309,322
DA:1310,322
DA:1312,14
DA:1315,7
DA:1326,262
DA:1328,262
DA:1329,524
DA:1332,262
DA:1334,262
DA:1335,0
DA:1336,0
DA:1339,262
DA:1340,0
DA:1343,262
DA:1344,262
DA:1346,262
DA:1347,0
DA:1350,262
DA:1352,262
DA:1353,0
DA:1357,262
DA:1359,242
DA:1361,1084
DA:1363,32
DA:1364,32
DA:1365,1052
DA:1367,0
DA:1368,0
DA:1369,1052
DA:1370,0
DA:1371,1052
DA:1372,5
DA:1375,1047
DA:1378,20
DA:1379,0
DA:1381,0
DA:1383,0
DA:1384,0
DA:1385,0
DA:1387,0
DA:1388,0
DA:1389,0
DA:1390,0
DA:1391,0
DA:1392,0
DA:1395,0
DA:1401,262
DA:1404,7
DA:1410,0
DA:1411,0
DA:1414,0
DA:1415,0
DA:1416,0
DA:1417,0
DA:1421,0
DA:1429,7
DA:1438,0
DA:1439,0
DA:1442,0
DA:1443,0
DA:1446,0
DA:1448,0
DA:1449,0
DA:1451,0
DA:1452,0
DA:1456,0
DA:1459,7
DA:1468,30
DA:1469,0
DA:1472,30
DA:1473,0
DA:1476,30
DA:1478,30
DA:1479,63
DA:1480,63
DA:1483,30
DA:1486,7
DA:1495,71
DA:1496,0
DA:1499,71
DA:1500,0
DA:1503,71
DA:1505,71
DA:1506,71
DA:1507,71
DA:1510,71
DA:1513,7
DA:1516,49
DA:1517,49
DA:1518,49
DA:1519,30
DA:1521,30
DA:1522,29
DA:1526,30
DA:1527,1
DA:1533,7
DA:1536,49
DA:1537,49
DA:1538,49
DA:1539,95
DA:1541,95
DA:1542,0
DA:1545,95
DA:1547,95
DA:1548,66
DA:1552,29
DA:1553,28
DA:1554,28
DA:1555,28
DA:1561,7
DA:1564,157
DA:1565,1786
DA:1566,1
DA:1569,1785
DA:1570,1
DA:1573,1784
DA:1577,7
DA:1581,147
DA:1582,147
DA:1584,147
DA:1586,0
DA:1590,7
DA:1593,23
DA:1594,23
DA:1597,23
DA:1598,23
DA:1601,23
DA:1602,23
DA:1605,7
LF:667
LH:484
BRDA:2,0,0,7
BRDA:2,0,1,0
BRDA:2,1,0,7
BRDA:2,1,1,7
BRDA:4,2,0,0
BRDA:4,2,1,0
BRDA:4,3,0,0
BRDA:4,3,1,0
BRDA:8,4,0,0
BRDA:8,4,1,0
BRDA:19,5,0,49
BRDA:19,5,1,63
BRDA:48,6,0,0
BRDA:48,6,1,0
BRDA:64,7,0,0
BRDA:64,7,1,0
BRDA:64,8,0,0
BRDA:64,8,1,0
BRDA:102,9,0,157
BRDA:102,9,1,0
BRDA:111,10,0,0
BRDA:111,10,1,15
BRDA:124,11,0,23978
BRDA:124,11,1,38303
BRDA:124,12,0,62281
BRDA:124,12,1,24327
BRDA:126,13,0,15
BRDA:126,13,1,123540
BRDA:129,14,0,0
BRDA:129,14,1,15
BRDA:130,15,0,0
BRDA:130,15,1,0
BRDA:149,16,0,1407
BRDA:149,16,1,22556
BRDA:168,17,0,0
BRDA:168,17,1,0
BRDA:172,18,0,0
BRDA:172,18,1,0
BRDA:180,19,0,0
BRDA:180,19,1,0
BRDA:183,20,0,0
BRDA:183,20,1,0
BRDA:192,21,0,0
BRDA:192,21,1,0
BRDA:205,22,0,0
BRDA:205,22,1,0
BRDA:205,23,0,0
BRDA:205,23,1,0
BRDA:207,24,0,0
BRDA:207,24,1,0
BRDA:210,25,0,0
BRDA:210,25,1,0
BRDA:211,26,0,0
BRDA:211,26,1,0
BRDA:228,27,0,0
BRDA:228,27,1,0
BRDA:234,28,0,0
BRDA:234,28,1,0
BRDA:249,29,0,0
BRDA:249,29,1,0
BRDA:264,30,0,0
BRDA:264,30,1,0
BRDA:268,31,0,0
BRDA:268,31,1,0
BRDA:272,32,0,0
BRDA:272,32,1,0
BRDA:272,33,0,0
BRDA:272,33,1,0
BRDA:294,34,0,7
BRDA:294,34,1,0
BRDA:296,35,0,7
BRDA:296,35,1,0
BRDA:298,36,0,7
BRDA:298,36,1,7
BRDA:356,37,0,7
BRDA:356,37,1,7
BRDA:356,37,2,7
BRDA:357,38,0,24
BRDA:357,38,1,24
BRDA:358,39,0,0
BRDA:358,39,1,24
BRDA:365,40,0,50
BRDA:365,40,1,0
BRDA:365,40,2,50
BRDA:372,41,0,0
BRDA:372,41,1,24
BRDA:372,42,0,24
BRDA:372,42,1,24
BRDA:372,42,2,0
BRDA:374,43,0,0
BRDA:374,43,1,24
BRDA:381,44,0,7
BRDA:381,44,1,7
BRDA:381,44,2,7
BRDA:429,45,0,0
BRDA:429,45,1,71
BRDA:439,46,0,69
BRDA:439,46,1,2
BRDA:444,47,0,0
BRDA:444,47,1,0
BRDA:454,48,0,0
BRDA:454,48,1,0
BRDA:480,49,0,7
BRDA:480,49,1,7
BRDA:480,49,2,7
BRDA:481,50,0,7
BRDA:481,50,1,0
BRDA:481,51,0,7
BRDA:481,51,1,7
BRDA:483,52,0,0
BRDA:483,52,1,0
BRDA:483,53,0,0
BRDA:483,53,1,0
BRDA:503,54,0,0
BRDA:503,54,1,5
BRDA:509,55,0,1
BRDA:509,55,1,4
BRDA:537,56,0,7
BRDA:537,56,1,7
BRDA:537,56,2,7
BRDA:538,57,0,14
BRDA:538,57,1,0
BRDA:538,58,0,14
BRDA:538,58,1,14
BRDA:540,59,0,0
BRDA:540,59,1,0
BRDA:540,60,0,0
BRDA:540,60,1,0
BRDA:545,61,0,7
BRDA:545,61,1,7
BRDA:545,61,2,7
BRDA:546,62,0,21
BRDA:546,62,1,0
BRDA:546,63,0,21
BRDA:546,63,1,21
BRDA:587,64,0,7
BRDA:587,64,1,7
BRDA:587,64,2,7
BRDA:588,65,0,218
BRDA:588,65,1,218
BRDA:589,66,0,0
BRDA:589,66,1,218
BRDA:596,67,0,445
BRDA:596,67,1,0
BRDA:596,67,2,445
BRDA:603,68,0,0
BRDA:603,68,1,218
BRDA:603,69,0,218
BRDA:603,69,1,218
BRDA:603,69,2,0
BRDA:605,70,0,0
BRDA:605,70,1,218
BRDA:612,71,0,7
BRDA:612,71,1,7
BRDA:612,71,2,7
BRDA:618,72,0,7
BRDA:618,72,1,7
BRDA:618,72,2,7
BRDA:619,73,0,14
BRDA:619,73,1,0
BRDA:619,74,0,14
BRDA:619,74,1,14
BRDA:621,75,0,0
BRDA:621,75,1,0
BRDA:621,76,0,0
BRDA:621,76,1,0
BRDA:641,77,0,0
BRDA:641,77,1,128
BRDA:643,78,0,4
BRDA:643,78,1,124
BRDA:657,79,0,4
BRDA:657,79,1,22
BRDA:674,80,0,2
BRDA:674,80,1,4
BRDA:697,81,0,23
BRDA:697,81,1,86
BRDA:697,82,0,109
BRDA:697,82,1,105
BRDA:698,83,0,23
BRDA:698,83,1,0
BRDA:708,84,0,0
BRDA:708,84,1,86
BRDA:709,85,0,0
BRDA:709,85,1,0
BRDA:714,86,0,86
BRDA:714,86,1,4
BRDA:715,87,0,86
BRDA:715,87,1,82
BRDA:729,88,0,1
BRDA:729,88,1,0
BRDA:759,89,0,0
BRDA:759,89,1,10
BRDA:786,90,0,1
BRDA:786,90,1,0
BRDA:830,91,0,7
BRDA:830,91,1,7
BRDA:830,91,2,7
BRDA:831,92,0,6
BRDA:831,92,1,0
BRDA:835,93,0,0
BRDA:835,93,1,0
BRDA:844,94,0,7
BRDA:844,94,1,7
BRDA:844,94,2,7
BRDA:845,95,0,208
BRDA:845,95,1,208
BRDA:846,96,0,0
BRDA:846,96,1,208
BRDA:853,97,0,415
BRDA:853,97,1,0
BRDA:853,97,2,415
BRDA:860,98,0,0
BRDA:860,98,1,208
BRDA:860,99,0,208
BRDA:860,99,1,208
BRDA:860,99,2,0
BRDA:862,100,0,0
BRDA:862,100,1,208
BRDA:869,101,0,7
BRDA:869,101,1,7
BRDA:869,101,2,7
BRDA:875,102,0,7
BRDA:875,102,1,7
BRDA:875,102,2,7
BRDA:876,103,0,7
BRDA:876,103,1,0
BRDA:876,104,0,7
BRDA:876,104,1,7
BRDA:881,105,0,7
BRDA:881,105,1,7
BRDA:881,105,2,7
BRDA:882,106,0,7
BRDA:882,106,1,0
BRDA:882,107,0,7
BRDA:882,107,1,7
BRDA:884,108,0,0
BRDA:884,108,1,0
BRDA:884,109,0,0
BRDA:884,109,1,0
BRDA:903,110,0,49
BRDA:903,110,1,75
BRDA:909,111,0,117
BRDA:909,111,1,7
BRDA:911,112,0,84
BRDA:911,112,1,40
BRDA:994,113,0,7
BRDA:994,113,1,7
BRDA:994,113,2,7
BRDA:995,114,0,0
BRDA:995,114,1,14
BRDA:995,115,0,14
BRDA:995,115,1,14
BRDA:1017,116,0,0
BRDA:1017,116,1,71
BRDA:1017,117,0,71
BRDA:1017,117,1,71
BRDA:1022,118,0,13
BRDA:1022,118,1,58
BRDA:1022,119,0,58
BRDA:1022,119,1,0
BRDA:1022,120,0,58
BRDA:1022,120,1,0
BRDA:1034,121,0,288
BRDA:1034,121,1,138
BRDA:1036,122,0,73
BRDA:1036,122,1,215
BRDA:1099,123,0,9
BRDA:1099,123,1,9
BRDA:1111,124,0,0
BRDA:1111,124,1,0
BRDA:1111,124,2,0
BRDA:1117,125,0,2974
BRDA:1117,125,1,2152
BRDA:1117,125,2,1880
BRDA:1117,125,3,475
BRDA:1117,125,4,65
BRDA:1117,125,5,65
BRDA:1117,125,6,65
BRDA:1117,125,7,55
BRDA:1117,125,8,55
BRDA:1117,125,9,55
BRDA:1117,125,10,1
BRDA:1124,126,0,0
BRDA:1124,126,1,117
BRDA:1138,127,0,0
BRDA:1138,127,1,39
BRDA:1142,128,0,3
BRDA:1142,128,1,36
BRDA:1154,129,0,0
BRDA:1154,129,1,1799
BRDA:1155,130,0,1799
BRDA:1155,130,1,1498
BRDA:1155,130,2,424
BRDA:1155,130,3,424
BRDA:1155,130,4,15
BRDA:1162,131,0,1801
BRDA:1162,131,1,1801
BRDA:1162,131,2,1800
BRDA:1175,132,0,0
BRDA:1175,132,1,15
BRDA:1175,133,0,15
BRDA:1175,133,1,15
BRDA:1175,133,2,15
BRDA:1175,133,3,15
BRDA:1180,134,0,15
BRDA:1180,134,1,0
BRDA:1180,135,0,15
BRDA:1180,135,1,15
BRDA:1180,135,2,15
BRDA:1191,136,0,0
BRDA:1191,136,1,0
BRDA:1200,137,0,15
BRDA:1200,137,1,0
BRDA:1200,138,0,15
BRDA:1200,138,1,15
BRDA:1209,139,0,357
BRDA:1209,139,1,0
BRDA:1219,140,0,9
BRDA:1219,140,1,151
BRDA:1233,141,0,0
BRDA:1233,141,1,0
BRDA:1245,142,0,0
BRDA:1245,142,1,0
BRDA:1251,143,0,0
BRDA:1251,143,1,0
BRDA:1257,144,0,0
BRDA:1257,144,1,0
BRDA:1268,145,0,0
BRDA:1268,145,1,1
BRDA:1280,146,0,0
BRDA:1280,146,1,5
BRDA:1286,147,0,4
BRDA:1286,147,1,1
BRDA:1292,148,0,0
BRDA:1292,148,1,0
BRDA:1309,149,0,308
BRDA:1309,149,1,14
BRDA:1309,150,0,14
BRDA:1309,150,1,0
BRDA:1334,151,0,0
BRDA:1334,151,1,262
BRDA:1339,152,0,0
BRDA:1339,152,1,262
BRDA:1346,153,0,0
BRDA:1346,153,1,262
BRDA:1346,154,0,262
BRDA:1346,154,1,0
BRDA:1352,155,0,0
BRDA:1352,155,1,262
BRDA:1357,156,0,242
BRDA:1357,156,1,20
BRDA:1361,157,0,32
BRDA:1361,157,1,1052
BRDA:1361,158,0,1084
BRDA:1361,158,1,32
BRDA:1363,159,0,0
BRDA:1363,159,1,32
BRDA:1363,160,0,32
BRDA:1363,160,1,0
BRDA:1365,161,0,0
BRDA:1365,161,1,1052
BRDA:1365,162,0,1052
BRDA:1365,162,1,5
BRDA:1367,163,0,0
BRDA:1367,163,1,0
BRDA:1367,164,0,0
BRDA:1367,164,1,0
BRDA:1369,165,0,0
BRDA:1369,165,1,1052
BRDA:1369,166,0,1052
BRDA:1369,166,1,0
BRDA:1371,167,0,5
BRDA:1371,167,1,1047
BRDA:1371,168,0,1052
BRDA:1371,168,1,5
BRDA:1378,169,0,0
BRDA:1378,169,1,20
BRDA:1381,170,0,0
BRDA:1381,170,1,0
BRDA:1381,171,0,0
BRDA:1381,171,1,0
BRDA:1383,172,0,0
BRDA:1383,172,1,0
BRDA:1383,173,0,0
BRDA:1383,173,1,0
BRDA:1385,174,0,0
BRDA:1385,174,1,0
BRDA:1385,175,0,0
BRDA:1385,175,1,0
BRDA:1387,176,0,0
BRDA:1387,176,1,0
BRDA:1387,177,0,0
BRDA:1387,177,1,0
BRDA:1389,178,0,0
BRDA:1389,178,1,0
BRDA:1389,179,0,0
BRDA:1389,179,1,0
BRDA:1391,180,0,0
BRDA:1391,180,1,0
BRDA:1391,181,0,0
BRDA:1391,181,1,0
BRDA:1410,182,0,0
BRDA:1410,182,1,0
BRDA:1410,183,0,0
BRDA:1410,183,1,0
BRDA:1410,183,2,0
BRDA:1415,184,0,0
BRDA:1415,184,1,0
BRDA:1438,185,0,0
BRDA:1438,185,1,0
BRDA:1438,186,0,0
BRDA:1438,186,1,0
BRDA:1438,186,2,0
BRDA:1442,187,0,0
BRDA:1442,187,1,0
BRDA:1451,188,0,0
BRDA:1451,188,1,0
BRDA:1468,189,0,0
BRDA:1468,189,1,30
BRDA:1468,190,0,30
BRDA:1468,190,1,30
BRDA:1468,190,2,30
BRDA:1472,191,0,0
BRDA:1472,191,1,30
BRDA:1495,192,0,0
BRDA:1495,192,1,71
BRDA:1495,193,0,71
BRDA:1495,193,1,71
BRDA:1495,193,2,71
BRDA:1499,194,0,0
BRDA:1499,194,1,71
BRDA:1521,195,0,29
BRDA:1521,195,1,1
BRDA:1547,196,0,66
BRDA:1547,196,1,29
BRDA:1565,197,0,1
BRDA:1565,197,1,1785
BRDA:1569,198,0,1
BRDA:1569,198,1,1784
BRDA:1593,199,0,23
BRDA:1593,199,1,0
BRDA:1597,200,0,23
BRDA:1597,200,1,0
BRDA:1601,201,0,20
BRDA:1601,201,1,3
BRDA:1602,202,0,0
BRDA:1602,202,1,23
BRDA:1602,203,0,0
BRDA:1602,203,1,23
BRDA:1602,204,0,23
BRDA:1602,204,1,0
BRF:451
BRH:250
end_of_record
TN:
SF:test/instance/index.test.js
FN:8,(anonymous_0)
FN:11,(anonymous_1)
FN:25,(anonymous_2)
FN:28,(anonymous_3)
FN:35,(anonymous_4)
FN:56,(anonymous_5)
FN:60,(anonymous_6)
FN:75,(anonymous_7)
FN:75,(anonymous_8)
FN:88,(anonymous_9)
FN:88,(anonymous_10)
FN:102,(anonymous_11)
FN:104,(anonymous_12)
FN:105,(anonymous_13)
FN:106,(anonymous_14)
FN:114,(anonymous_15)
FN:117,(anonymous_16)
FN:149,(anonymous_17)
FN:156,(anonymous_18)
FN:158,(anonymous_19)
FN:160,(anonymous_20)
FN:160,(anonymous_21)
FN:179,(anonymous_22)
FN:182,(anonymous_23)
FN:186,(anonymous_24)
FN:189,(anonymous_25)
FN:194,(anonymous_26)
FN:194,(anonymous_27)
FN:219,(anonymous_28)
FN:219,(anonymous_29)
FN:229,(anonymous_30)
FN:236,(anonymous_31)
FN:241,(anonymous_32)
FN:265,(anonymous_33)
FN:268,(anonymous_34)
FN:271,(anonymous_35)
FN:280,(anonymous_36)
FN:284,(anonymous_37)
FN:299,(anonymous_38)
FN:299,(anonymous_39)
FN:311,(anonymous_40)
FN:336,(anonymous_41)
FN:339,(anonymous_42)
FN:342,(anonymous_43)
FN:352,(anonymous_44)
FN:361,(anonymous_45)
FN:365,(anonymous_46)
FN:380,(anonymous_47)
FN:386,(anonymous_48)
FN:391,(anonymous_49)
FN:394,(anonymous_50)
FN:401,(anonymous_51)
FN:416,(anonymous_52)
FN:416,(anonymous_53)
FN:437,(anonymous_54)
FN:439,(anonymous_55)
FN:440,(anonymous_56)
FN:442,(anonymous_57)
FN:443,(anonymous_58)
FN:446,(anonymous_59)
FN:447,(anonymous_60)
FN:448,(anonymous_61)
FN:448,(anonymous_62)
FN:457,(anonymous_63)
FN:459,(anonymous_64)
FN:459,(anonymous_65)
FN:461,(anonymous_66)
FN:461,(anonymous_67)
FN:472,(anonymous_68)
FN:477,(anonymous_69)
FN:480,(anonymous_70)
FN:483,(anonymous_71)
FN:492,(anonymous_72)
FN:494,(anonymous_73)
FN:497,(anonymous_74)
FN:502,(anonymous_75)
FN:502,(anonymous_76)
FN:534,(anonymous_77)
FN:539,(anonymous_78)
FN:544,(anonymous_79)
FN:547,(anonymous_80)
FN:550,(anonymous_81)
FN:555,(anonymous_82)
FN:559,(anonymous_83)
FN:559,(anonymous_84)
FN:575,(anonymous_85)
FN:578,(anonymous_86)
FN:584,(anonymous_87)
FN:588,(anonymous_88)
FN:588,(anonymous_89)
FN:601,(anonymous_90)
FN:610,(anonymous_91)
FN:617,(anonymous_92)
FN:622,(anonymous_93)
FN:622,(anonymous_94)
FNF:95
FNH:92
FNDA:1,(anonymous_0)
FNDA:11,(anonymous_1)
FNDA:11,(anonymous_2)
FNDA:1,(anonymous_3)
FNDA:1,(anonymous_4)
FNDA:1,(anonymous_5)
FNDA:1,(anonymous_6)
FNDA:1,(anonymous_7)
FNDA:1,(anonymous_8)
FNDA:1,(anonymous_9)
FNDA:1,(anonymous_10)
FNDA:1,(anonymous_11)
FNDA:1,(anonymous_12)
FNDA:1,(anonymous_13)
FNDA:1,(anonymous_14)
FNDA:1,(anonymous_15)
FNDA:1,(anonymous_16)
FNDA:1,(anonymous_17)
FNDA:1,(anonymous_18)
FNDA:1,(anonymous_19)
FNDA:2,(anonymous_20)
FNDA:2,(anonymous_21)
FNDA:1,(anonymous_22)
FNDA:1,(anonymous_23)
FNDA:1,(anonymous_24)
FNDA:1,(anonymous_25)
FNDA:1,(anonymous_26)
FNDA:1,(anonymous_27)
FNDA:1,(anonymous_28)
FNDA:1,(anonymous_29)
FNDA:1,(anonymous_30)
FNDA:0,(anonymous_31)
FNDA:1,(anonymous_32)
FNDA:1,(anonymous_33)
FNDA:1,(anonymous_34)
FNDA:1,(anonymous_35)
FNDA:1,(anonymous_36)
FNDA:1,(anonymous_37)
FNDA:1,(anonymous_38)
FNDA:1,(anonymous_39)
FNDA:1,(anonymous_40)
FNDA:1,(anonymous_41)
FNDA:2,(anonymous_42)
FNDA:1,(anonymous_43)
FNDA:1,(anonymous_44)
FNDA:1,(anonymous_45)
FNDA:1,(anonymous_46)
FNDA:1,(anonymous_47)
FNDA:1,(anonymous_48)
FNDA:1,(anonymous_49)
FNDA:1,(anonymous_50)
FNDA:1,(anonymous_51)
FNDA:4,(anonymous_52)
FNDA:4,(anonymous_53)
FNDA:1,(anonymous_54)
FNDA:1,(anonymous_55)
FNDA:1,(anonymous_56)
FNDA:1,(anonymous_57)
FNDA:1,(anonymous_58)
FNDA:1,(anonymous_59)
FNDA:1,(anonymous_60)
FNDA:1,(anonymous_61)
FNDA:1,(anonymous_62)
FNDA:1,(anonymous_63)
FNDA:1,(anonymous_64)
FNDA:1,(anonymous_65)
FNDA:1,(anonymous_66)
FNDA:1,(anonymous_67)
FNDA:1,(anonymous_68)
FNDA:1,(anonymous_69)
FNDA:50,(anonymous_70)
FNDA:1,(anonymous_71)
FNDA:20,(anonymous_72)
FNDA:20,(anonymous_73)
FNDA:1,(anonymous_74)
FNDA:2,(anonymous_75)
FNDA:2,(anonymous_76)
FNDA:1,(anonymous_77)
FNDA:1,(anonymous_78)
FNDA:1,(anonymous_79)
FNDA:2,(anonymous_80)
FNDA:3,(anonymous_81)
FNDA:1,(anonymous_82)
FNDA:3,(anonymous_83)
FNDA:3,(anonymous_84)
FNDA:1,(anonymous_85)
FNDA:3,(anonymous_86)
FNDA:1,(anonymous_87)
FNDA:3,(anonymous_88)
FNDA:3,(anonymous_89)
FNDA:4,(anonymous_90)
FNDA:2,(anonymous_91)
FNDA:1,(anonymous_92)
FNDA:0,(anonymous_93)
FNDA:0,(anonymous_94)
DA:8,1
DA:11,1
DA:13,11
DA:15,11
DA:16,11
DA:17,11
DA:18,11
DA:25,1
DA:26,11
DA:28,1
DA:29,1
DA:30,1
DA:31,1
DA:35,1
DA:37,1
DA:38,1
DA:39,1
DA:40,1
DA:41,1
DA:42,1
DA:43,1
DA:44,1
DA:45,1
DA:47,1
DA:48,1
DA:49,1
DA:50,1
DA:51,1
DA:52,1
DA:56,1
DA:57,1
DA:58,1
DA:61,1
DA:62,1
DA:63,1
DA:65,1
DA:66,1
DA:67,1
DA:68,1
DA:69,1
DA:71,1
DA:72,1
DA:73,1
DA:75,1
DA:76,1
DA:78,1
DA:80,1
DA:81,1
DA:83,1
DA:84,1
DA:88,1
DA:89,1
DA:95,1
DA:96,1
DA:98,1
DA:102,1
DA:104,1
DA:105,1
DA:107,1
DA:115,1
DA:118,1
DA:124,1
DA:125,1
DA:126,1
DA:127,1
DA:128,1
DA:129,1
DA:131,1
DA:132,1
DA:133,1
DA:134,1
DA:136,1
DA:137,1
DA:138,1
DA:139,1
DA:140,1
DA:141,1
DA:142,1
DA:143,1
DA:144,1
DA:149,1
DA:150,1
DA:155,1
DA:156,1
DA:160,2
DA:161,2
DA:163,1
DA:164,1
DA:166,1
DA:167,1
DA:168,1
DA:170,2
DA:172,1
DA:174,1
DA:175,1
DA:179,1
DA:180,1
DA:183,1
DA:184,1
DA:187,1
DA:190,1
DA:192,1
DA:194,1
DA:195,1
DA:196,1
DA:200,1
DA:202,1
DA:207,1
DA:212,1
DA:213,1
DA:215,1
DA:216,1
DA:217,1
DA:219,1
DA:220,1
DA:221,1
DA:223,1
DA:229,1
DA:230,1
DA:234,1
DA:235,1
DA:236,0
DA:241,1
DA:242,1
DA:244,1
DA:255,1
DA:256,1
DA:266,1
DA:269,1
DA:272,1
DA:273,1
DA:274,1
DA:281,1
DA:282,1
DA:285,1
DA:286,1
DA:289,1
DA:290,1
DA:291,1
DA:292,1
DA:293,1
DA:294,1
DA:296,1
DA:297,1
DA:299,1
DA:300,1
DA:301,1
DA:302,1
DA:305,1
DA:306,1
DA:311,1
DA:312,1
DA:313,1
DA:315,1
DA:326,1
DA:327,1
DA:337,1
DA:340,2
DA:343,1
DA:344,1
DA:345,1
DA:350,1
DA:353,1
DA:354,1
DA:356,0
DA:357,0
DA:359,1
DA:360,1
DA:361,1
DA:362,1
DA:366,1
DA:367,1
DA:370,1
DA:371,1
DA:372,1
DA:374,1
DA:380,1
DA:382,1
DA:387,1
DA:392,1
DA:395,1
DA:402,1
DA:403,1
DA:416,4
DA:417,4
DA:418,4
DA:420,1
DA:421,1
DA:423,1
DA:424,1
DA:426,1
DA:427,1
DA:429,1
DA:430,1
DA:431,1
DA:433,0
DA:435,4
DA:437,1
DA:438,1
DA:439,1
DA:441,1
DA:442,1
DA:444,1
DA:445,1
DA:446,1
DA:448,1
DA:449,1
DA:451,1
DA:457,1
DA:458,1
DA:459,1
DA:461,1
DA:462,1
DA:463,1
DA:464,1
DA:465,1
DA:467,1
DA:472,1
DA:473,1
DA:474,1
DA:475,1
DA:478,1
DA:481,50
DA:484,1
DA:485,1
DA:486,1
DA:493,20
DA:494,20
DA:498,1
DA:499,1
DA:502,2
DA:503,2
DA:504,2
DA:505,0
DA:506,0
DA:507,0
DA:509,2
DA:510,1
DA:511,1
DA:512,1
DA:513,1
DA:515,1
DA:516,1
DA:517,0
DA:520,1
DA:521,1
DA:522,1
DA:523,25
DA:524,25
DA:526,1
DA:527,25
DA:528,25
DA:534,1
DA:539,1
DA:540,1
DA:541,1
DA:542,1
DA:545,1
DA:548,2
DA:551,3
DA:552,1
DA:556,1
DA:557,1
DA:559,3
DA:560,3
DA:561,3
DA:568,1
DA:569,1
DA:576,1
DA:579,3
DA:580,1
DA:581,1
DA:585,1
DA:586,1
DA:588,3
DA:589,3
DA:590,3
DA:597,1
DA:602,4
DA:603,3
DA:604,2
DA:605,1
DA:606,1
DA:608,1
DA:610,2
DA:611,2
DA:614,1
DA:618,1
DA:619,1
DA:622,1
DA:623,0
DA:624,0
DA:626,1
DA:627,1
DA:628,1
DA:629,1
LF:296
LH:286
BRDA:161,0,0,1
BRDA:161,0,1,1
BRDA:353,1,0,1
BRDA:353,1,1,0
BRDA:418,2,0,1
BRDA:418,2,1,1
BRDA:418,2,2,1
BRDA:418,2,3,1
BRDA:418,2,4,0
BRDA:493,3,0,20
BRDA:493,3,1,0
BRDA:504,4,0,0
BRDA:504,4,1,2
BRDA:504,5,0,2
BRDA:504,5,1,1
BRDA:509,6,0,1
BRDA:509,6,1,1
BRDA:516,7,0,0
BRDA:516,7,1,1
BRDA:551,8,0,1
BRDA:551,8,1,2
BRDA:579,9,0,1
BRDA:579,9,1,2
BRDA:603,10,0,2
BRDA:603,10,1,1
BRDA:604,11,0,1
BRDA:604,11,1,1
BRF:27
BRH:22
end_of_record
TN:
SF:test/middleware/kibanaApmTrack.test.js
FN:14,(anonymous_0)
FN:18,(anonymous_1)
FN:27,(anonymous_2)
FN:34,(anonymous_3)
FN:56,(anonymous_4)
FN:70,(anonymous_5)
FN:92,(anonymous_6)
FN:103,(anonymous_7)
FN:109,(anonymous_8)
FN:118,(anonymous_9)
FN:131,(anonymous_10)
FN:162,(anonymous_11)
FN:173,(anonymous_12)
FN:180,(anonymous_13)
FN:180,(anonymous_14)
FN:184,(anonymous_15)
FN:193,(anonymous_16)
FN:215,(anonymous_17)
FN:454,(anonymous_18)
FN:466,(anonymous_19)
FN:475,(anonymous_20)
FN:476,(anonymous_21)
FN:476,(anonymous_22)
FN:481,(anonymous_23)
FN:482,(anonymous_24)
FN:482,(anonymous_25)
FN:487,(anonymous_26)
FN:488,(anonymous_27)
FN:488,(anonymous_28)
FN:496,(anonymous_29)
FN:510,(anonymous_30)
FN:590,(anonymous_31)
FN:601,(anonymous_32)
FN:607,(anonymous_33)
FN:610,(anonymous_34)
FN:621,(anonymous_35)
FN:632,(anonymous_36)
FN:684,(anonymous_37)
FN:706,(anonymous_38)
FN:757,(anonymous_39)
FN:771,(anonymous_40)
FN:779,(anonymous_41)
FN:792,(anonymous_42)
FN:803,(anonymous_43)
FNF:44
FNH:44
FNDA:1,(anonymous_0)
FNDA:6,(anonymous_1)
FNDA:1,(anonymous_2)
FNDA:1,(anonymous_3)
FNDA:1,(anonymous_4)
FNDA:2,(anonymous_5)
FNDA:1,(anonymous_6)
FNDA:1,(anonymous_7)
FNDA:1,(anonymous_8)
FNDA:1,(anonymous_9)
FNDA:4,(anonymous_10)
FNDA:1,(anonymous_11)
FNDA:1,(anonymous_12)
FNDA:4,(anonymous_13)
FNDA:4,(anonymous_14)
FNDA:1,(anonymous_15)
FNDA:1,(anonymous_16)
FNDA:6,(anonymous_17)
FNDA:1,(anonymous_18)
FNDA:1,(anonymous_19)
FNDA:1,(anonymous_20)
FNDA:1,(anonymous_21)
FNDA:1,(anonymous_22)
FNDA:1,(anonymous_23)
FNDA:1,(anonymous_24)
FNDA:1,(anonymous_25)
FNDA:1,(anonymous_26)
FNDA:1,(anonymous_27)
FNDA:1,(anonymous_28)
FNDA:1,(anonymous_29)
FNDA:2,(anonymous_30)
FNDA:1,(anonymous_31)
FNDA:1,(anonymous_32)
FNDA:1,(anonymous_33)
FNDA:1,(anonymous_34)
FNDA:1,(anonymous_35)
FNDA:1,(anonymous_36)
FNDA:1,(anonymous_37)
FNDA:1,(anonymous_38)
FNDA:1,(anonymous_39)
FNDA:1,(anonymous_40)
FNDA:1,(anonymous_41)
FNDA:1,(anonymous_42)
FNDA:1,(anonymous_43)
DA:14,1
DA:16,1
DA:17,1
DA:18,1
DA:20,6
DA:22,6
DA:23,6
DA:24,6
DA:25,6
DA:27,1
DA:28,1
DA:29,1
DA:30,1
DA:34,1
DA:35,1
DA:36,1
DA:39,1
DA:40,1
DA:41,1
DA:42,1
DA:43,1
DA:44,1
DA:45,1
DA:46,1
DA:47,1
DA:48,1
DA:49,1
DA:50,1
DA:51,1
DA:52,1
DA:56,1
DA:57,1
DA:64,1
DA:65,1
DA:67,1
DA:71,2
DA:72,2
DA:74,1
DA:75,1
DA:76,1
DA:77,1
DA:78,1
DA:79,1
DA:81,1
DA:82,1
DA:83,1
DA:84,1
DA:85,1
DA:86,1
DA:87,1
DA:92,1
DA:93,1
DA:94,1
DA:95,1
DA:97,1
DA:99,0
DA:101,2
DA:104,1
DA:105,1
DA:108,1
DA:109,1
DA:110,1
DA:111,1
DA:112,1
DA:113,1
DA:118,1
DA:119,1
DA:125,1
DA:126,1
DA:128,1
DA:132,4
DA:133,4
DA:135,1
DA:136,1
DA:137,1
DA:138,1
DA:140,1
DA:141,1
DA:142,1
DA:143,1
DA:145,1
DA:146,1
DA:147,1
DA:148,1
DA:149,1
DA:151,1
DA:152,1
DA:153,1
DA:154,1
DA:155,1
DA:156,1
DA:157,1
DA:162,1
DA:163,1
DA:164,1
DA:165,1
DA:167,1
DA:169,0
DA:171,4
DA:174,1
DA:175,1
DA:178,1
DA:180,4
DA:181,4
DA:182,4
DA:184,1
DA:185,1
DA:186,1
DA:187,1
DA:188,1
DA:193,1
DA:194,1
DA:195,1
DA:196,1
DA:197,1
DA:198,1
DA:206,1
DA:207,1
DA:209,1
DA:216,6
DA:218,1
DA:219,1
DA:220,1
DA:221,1
DA:222,1
DA:223,1
DA:224,1
DA:225,1
DA:226,1
DA:227,1
DA:229,1
DA:230,1
DA:231,1
DA:232,1
DA:233,1
DA:234,1
DA:235,1
DA:275,1
DA:277,1
DA:278,1
DA:279,1
DA:280,1
DA:281,1
DA:282,1
DA:283,1
DA:284,1
DA:285,1
DA:287,1
DA:288,1
DA:289,1
DA:290,1
DA:291,1
DA:292,1
DA:293,1
DA:353,1
DA:355,1
DA:356,1
DA:357,1
DA:358,1
DA:359,1
DA:360,1
DA:361,1
DA:362,1
DA:363,1
DA:364,1
DA:365,1
DA:367,1
DA:368,1
DA:369,1
DA:370,1
DA:371,1
DA:372,1
DA:373,1
DA:374,1
DA:454,1
DA:455,1
DA:456,1
DA:457,1
DA:458,1
DA:460,1
DA:462,0
DA:464,6
DA:467,1
DA:468,1
DA:471,1
DA:473,1
DA:474,1
DA:475,1
DA:476,1
DA:477,1
DA:482,1
DA:483,1
DA:488,1
DA:489,1
DA:496,1
DA:497,1
DA:504,1
DA:505,1
DA:507,1
DA:511,2
DA:513,1
DA:514,1
DA:515,1
DA:516,1
DA:517,1
DA:519,1
DA:520,1
DA:521,1
DA:522,1
DA:523,1
DA:524,1
DA:525,1
DA:590,1
DA:591,1
DA:592,1
DA:593,1
DA:595,1
DA:597,0
DA:599,2
DA:602,1
DA:603,1
DA:608,1
DA:611,1
DA:622,1
DA:623,1
DA:624,1
DA:629,1
DA:630,1
DA:632,1
DA:633,1
DA:634,1
DA:635,1
DA:636,1
DA:638,1
DA:639,1
DA:640,1
DA:641,1
DA:643,1
DA:644,1
DA:645,1
DA:646,1
DA:647,1
DA:649,1
DA:650,1
DA:651,1
DA:652,1
DA:653,1
DA:654,1
DA:655,1
DA:657,1
DA:658,1
DA:659,1
DA:660,1
DA:662,1
DA:663,1
DA:664,1
DA:666,1
DA:667,1
DA:668,1
DA:670,1
DA:671,1
DA:672,1
DA:673,1
DA:674,1
DA:675,1
DA:676,1
DA:678,1
DA:679,1
DA:684,1
DA:685,1
DA:686,1
DA:693,1
DA:694,1
DA:695,1
DA:696,1
DA:698,1
DA:707,1
DA:709,1
DA:710,1
DA:711,1
DA:712,1
DA:713,1
DA:714,1
DA:715,1
DA:716,1
DA:717,1
DA:718,1
DA:719,1
DA:720,1
DA:757,1
DA:758,1
DA:759,1
DA:760,1
DA:761,1
DA:762,1
DA:763,1
DA:765,1
DA:767,0
DA:769,1
DA:772,1
DA:773,1
DA:776,1
DA:778,1
DA:779,1
DA:781,1
DA:782,1
DA:784,1
DA:785,1
DA:786,1
DA:787,1
DA:788,1
DA:790,1
DA:791,1
DA:792,1
DA:794,1
DA:795,1
DA:796,1
DA:797,1
DA:798,1
DA:800,1
DA:801,1
DA:803,1
DA:805,1
DA:807,1
LF:324
LH:319
BRDA:71,0,0,0
BRDA:71,0,1,2
BRDA:72,1,0,1
BRDA:72,1,1,1
BRDA:72,1,2,0
BRDA:133,2,0,1
BRDA:133,2,1,1
BRDA:133,2,2,1
BRDA:133,2,3,1
BRDA:133,2,4,0
BRDA:216,3,0,1
BRDA:216,3,1,1
BRDA:216,3,2,1
BRDA:216,3,3,1
BRDA:216,3,4,1
BRDA:216,3,5,1
BRDA:216,3,6,0
BRDA:511,4,0,1
BRDA:511,4,1,1
BRDA:511,4,2,0
BRDA:707,5,0,1
BRDA:707,5,1,0
BRF:22
BRH:16
end_of_record
TN:
SF:test/monitor/htmlElementActive.test.js
FN:8,(anonymous_0)
FN:11,(anonymous_1)
FN:26,(anonymous_2)
FN:39,(anonymous_3)
FN:43,(anonymous_4)
FN:111,(anonymous_5)
FN:121,(anonymous_6)
FN:126,(anonymous_7)
FN:126,(anonymous_8)
FN:133,(anonymous_9)
FN:182,(anonymous_10)
FN:187,(anonymous_11)
FN:223,(anonymous_12)
FN:232,(anonymous_13)
FN:237,(anonymous_14)
FN:237,(anonymous_15)
FN:244,(anonymous_16)
FNF:17
FNH:17
FNDA:1,(anonymous_0)
FNDA:3,(anonymous_1)
FNDA:1,(anonymous_2)
FNDA:1,(anonymous_3)
FNDA:8,(anonymous_4)
FNDA:1,(anonymous_5)
FNDA:1,(anonymous_6)
FNDA:8,(anonymous_7)
FNDA:8,(anonymous_8)
FNDA:1,(anonymous_9)
FNDA:1,(anonymous_10)
FNDA:4,(anonymous_11)
FNDA:1,(anonymous_12)
FNDA:1,(anonymous_13)
FNDA:4,(anonymous_14)
FNDA:4,(anonymous_15)
FNDA:1,(anonymous_16)
DA:8,1
DA:10,1
DA:11,1
DA:13,3
DA:15,3
DA:16,3
DA:17,3
DA:26,1
DA:27,1
DA:28,1
DA:29,1
DA:30,1
DA:31,1
DA:32,1
DA:33,1
DA:34,1
DA:35,1
DA:39,1
DA:40,1
DA:41,1
DA:44,8
DA:45,8
DA:46,8
DA:47,8
DA:49,1
DA:55,1
DA:57,1
DA:63,1
DA:65,1
DA:71,1
DA:73,1
DA:79,1
DA:81,1
DA:87,1
DA:89,1
DA:95,1
DA:97,1
DA:103,1
DA:105,1
DA:111,1
DA:112,1
DA:113,1
DA:114,1
DA:116,1
DA:118,0
DA:122,1
DA:123,1
DA:126,8
DA:127,8
DA:128,8
DA:130,1
DA:131,1
DA:133,1
DA:134,1
DA:135,1
DA:136,1
DA:137,1
DA:139,1
DA:140,1
DA:141,1
DA:142,1
DA:144,1
DA:145,1
DA:146,1
DA:147,1
DA:148,1
DA:150,1
DA:151,1
DA:152,1
DA:153,1
DA:154,1
DA:155,1
DA:156,1
DA:158,1
DA:159,1
DA:160,1
DA:161,1
DA:163,1
DA:164,1
DA:165,1
DA:167,1
DA:168,1
DA:169,1
DA:171,1
DA:172,1
DA:173,1
DA:174,1
DA:175,1
DA:176,1
DA:177,1
DA:182,1
DA:183,1
DA:184,1
DA:185,1
DA:188,4
DA:189,4
DA:190,4
DA:191,4
DA:193,1
DA:199,1
DA:201,1
DA:207,1
DA:209,1
DA:215,1
DA:217,1
DA:223,1
DA:224,1
DA:225,1
DA:227,1
DA:229,0
DA:233,1
DA:234,1
DA:237,4
DA:238,4
DA:239,4
DA:241,1
DA:242,1
DA:244,1
DA:245,1
DA:246,1
DA:247,1
DA:248,1
DA:249,1
DA:251,1
DA:252,1
DA:253,1
DA:254,1
DA:256,1
DA:257,1
DA:258,1
DA:259,1
DA:260,1
DA:261,1
DA:263,1
DA:264,1
DA:265,1
DA:266,1
DA:267,1
DA:268,1
DA:269,1
DA:271,1
DA:272,1
DA:273,1
DA:274,1
DA:275,1
DA:277,1
DA:278,1
DA:279,1
DA:281,1
DA:282,1
DA:283,1
DA:284,1
DA:286,1
DA:287,1
DA:288,1
DA:289,1
DA:290,1
DA:291,1
DA:292,1
LF:159
LH:157
BRDA:47,0,0,1
BRDA:47,0,1,1
BRDA:47,0,2,1
BRDA:47,0,3,1
BRDA:47,0,4,1
BRDA:47,0,5,1
BRDA:47,0,6,1
BRDA:47,0,7,1
BRDA:47,0,8,0
BRDA:191,1,0,1
BRDA:191,1,1,1
BRDA:191,1,2,1
BRDA:191,1,3,1
BRDA:191,1,4,0
BRF:14
BRH:12
end_of_record
TN:
SF:test/monitor/log.test.js
FN:8,(anonymous_0)
FN:12,(anonymous_1)
FN:29,(anonymous_2)
FN:40,(anonymous_3)
FN:43,(anonymous_4)
FN:63,(anonymous_5)
FN:72,(anonymous_6)
FN:77,(anonymous_7)
FN:77,(anonymous_8)
FN:84,(anonymous_9)
FNF:10
FNH:10
FNDA:1,(anonymous_0)
FNDA:2,(anonymous_1)
FNDA:1,(anonymous_2)
FNDA:1,(anonymous_3)
FNDA:2,(anonymous_4)
FNDA:1,(anonymous_5)
FNDA:1,(anonymous_6)
FNDA:2,(anonymous_7)
FNDA:2,(anonymous_8)
FNDA:1,(anonymous_9)
DA:8,1
DA:10,1
DA:11,1
DA:12,1
DA:14,2
DA:16,2
DA:17,2
DA:18,2
DA:25,2
DA:29,1
DA:30,1
DA:31,1
DA:32,1
DA:33,1
DA:34,1
DA:35,1
DA:36,1
DA:40,1
DA:41,1
DA:44,2
DA:46,1
DA:47,1
DA:48,1
DA:52,1
DA:53,1
DA:55,1
DA:56,1
DA:57,1
DA:61,1
DA:62,1
DA:63,1
DA:64,1
DA:65,1
DA:67,1
DA:69,0
DA:73,1
DA:74,1
DA:77,2
DA:78,2
DA:79,2
DA:81,1
DA:82,1
DA:84,1
DA:85,1
DA:86,1
DA:91,1
DA:92,1
LF:47
LH:46
BRDA:44,0,0,1
BRDA:44,0,1,1
BRDA:44,0,2,0
BRF:3
BRH:2
end_of_record
TN:
SF:test/monitor/network.test.js
FN:16,(anonymous_0)
FN:20,(anonymous_1)
FN:38,(anonymous_2)
FN:53,(anonymous_3)
FN:57,(anonymous_4)
FN:136,(anonymous_5)
FN:146,(anonymous_6)
FN:151,(anonymous_7)
FN:151,(anonymous_8)
FN:159,(anonymous_9)
FN:159,(anonymous_10)
FN:159,(anonymous_11)
FN:160,(anonymous_12)
FN:160,(anonymous_13)
FN:160,(anonymous_14)
FN:161,(anonymous_15)
FN:161,(anonymous_16)
FN:161,(anonymous_17)
FN:165,(anonymous_18)
FN:169,(anonymous_19)
FN:250,(anonymous_20)
FN:260,(anonymous_21)
FN:265,(anonymous_22)
FN:265,(anonymous_23)
FN:273,(anonymous_24)
FN:273,(anonymous_25)
FN:273,(anonymous_26)
FN:274,(anonymous_27)
FN:274,(anonymous_28)
FN:274,(anonymous_29)
FN:275,(anonymous_30)
FN:275,(anonymous_31)
FN:275,(anonymous_32)
FNF:33
FNH:33
FNDA:1,(anonymous_0)
FNDA:3,(anonymous_1)
FNDA:1,(anonymous_2)
FNDA:1,(anonymous_3)
FNDA:8,(anonymous_4)
FNDA:1,(anonymous_5)
FNDA:1,(anonymous_6)
FNDA:8,(anonymous_7)
FNDA:8,(anonymous_8)
FNDA:1,(anonymous_9)
FNDA:1,(anonymous_10)
FNDA:1,(anonymous_11)
FNDA:1,(anonymous_12)
FNDA:1,(anonymous_13)
FNDA:1,(anonymous_14)
FNDA:1,(anonymous_15)
FNDA:1,(anonymous_16)
FNDA:1,(anonymous_17)
FNDA:1,(anonymous_18)
FNDA:8,(anonymous_19)
FNDA:1,(anonymous_20)
FNDA:1,(anonymous_21)
FNDA:8,(anonymous_22)
FNDA:8,(anonymous_23)
FNDA:1,(anonymous_24)
FNDA:1,(anonymous_25)
FNDA:1,(anonymous_26)
FNDA:1,(anonymous_27)
FNDA:1,(anonymous_28)
FNDA:1,(anonymous_29)
FNDA:1,(anonymous_30)
FNDA:1,(anonymous_31)
FNDA:1,(anonymous_32)
DA:10,1
DA:11,1
DA:12,1
DA:13,1
DA:16,1
DA:18,1
DA:19,1
DA:20,1
DA:22,3
DA:24,3
DA:25,3
DA:26,3
DA:32,3
DA:33,3
DA:38,1
DA:39,1
DA:40,1
DA:41,1
DA:42,1
DA:43,1
DA:44,1
DA:45,1
DA:46,1
DA:47,1
DA:48,1
DA:53,1
DA:54,1
DA:55,1
DA:58,8
DA:59,8
DA:60,8
DA:61,8
DA:62,8
DA:64,1
DA:65,1
DA:66,1
DA:67,1
DA:68,1
DA:69,1
DA:70,1
DA:72,1
DA:73,1
DA:74,1
DA:75,1
DA:76,1
DA:77,1
DA:78,1
DA:79,1
DA:80,1
DA:82,1
DA:83,1
DA:84,1
DA:85,1
DA:86,1
DA:87,1
DA:88,1
DA:90,1
DA:91,1
DA:92,1
DA:93,1
DA:94,1
DA:95,1
DA:96,1
DA:97,1
DA:98,1
DA:100,1
DA:101,1
DA:102,1
DA:103,1
DA:104,1
DA:105,1
DA:106,1
DA:108,1
DA:109,1
DA:110,1
DA:111,1
DA:112,1
DA:113,1
DA:114,1
DA:115,1
DA:116,1
DA:118,1
DA:119,1
DA:120,1
DA:121,1
DA:122,1
DA:123,1
DA:124,1
DA:126,1
DA:127,1
DA:128,1
DA:129,1
DA:130,1
DA:131,1
DA:132,1
DA:133,1
DA:134,1
DA:135,1
DA:136,1
DA:137,1
DA:138,1
DA:139,1
DA:141,1
DA:143,0
DA:147,1
DA:148,1
DA:151,8
DA:152,8
DA:153,8
DA:155,1
DA:156,1
DA:158,1
DA:159,1
DA:160,1
DA:161,1
DA:165,1
DA:166,1
DA:167,1
DA:170,8
DA:171,8
DA:172,8
DA:173,8
DA:174,8
DA:176,1
DA:177,1
DA:178,1
DA:179,1
DA:180,1
DA:181,1
DA:182,1
DA:184,1
DA:185,1
DA:186,1
DA:187,1
DA:188,1
DA:189,1
DA:190,1
DA:191,1
DA:192,1
DA:194,1
DA:195,1
DA:196,1
DA:197,1
DA:198,1
DA:199,1
DA:200,1
DA:202,1
DA:203,1
DA:204,1
DA:205,1
DA:206,1
DA:207,1
DA:208,1
DA:209,1
DA:210,1
DA:211,1
DA:213,1
DA:214,1
DA:215,1
DA:216,1
DA:217,1
DA:218,1
DA:219,1
DA:221,1
DA:222,1
DA:223,1
DA:224,1
DA:225,1
DA:226,1
DA:227,1
DA:228,1
DA:229,1
DA:230,1
DA:232,1
DA:233,1
DA:234,1
DA:235,1
DA:236,1
DA:237,1
DA:238,1
DA:240,1
DA:241,1
DA:242,1
DA:243,1
DA:244,1
DA:245,1
DA:246,1
DA:247,1
DA:248,1
DA:249,1
DA:250,1
DA:251,1
DA:252,1
DA:253,1
DA:255,1
DA:257,0
DA:261,1
DA:262,1
DA:265,8
DA:266,8
DA:267,8
DA:269,1
DA:270,1
DA:272,1
DA:273,1
DA:274,1
DA:275,1
LF:207
LH:205
BRDA:62,0,0,1
BRDA:62,0,1,1
BRDA:62,0,2,1
BRDA:62,0,3,1
BRDA:62,0,4,1
BRDA:62,0,5,1
BRDA:62,0,6,1
BRDA:62,0,7,1
BRDA:62,0,8,0
BRDA:174,1,0,1
BRDA:174,1,1,1
BRDA:174,1,2,1
BRDA:174,1,3,1
BRDA:174,1,4,1
BRDA:174,1,5,1
BRDA:174,1,6,1
BRDA:174,1,7,1
BRDA:174,1,8,0
BRF:18
BRH:16
end_of_record
TN:
SF:test/public/middle.test.js
FN:5,(anonymous_0)
FN:9,(anonymous_1)
FN:17,(anonymous_2)
FN:24,(anonymous_3)
FN:25,(anonymous_4)
FN:25,(anonymous_5)
FN:34,(anonymous_6)
FN:41,(anonymous_7)
FN:42,(anonymous_8)
FN:42,(anonymous_9)
FN:50,(anonymous_10)
FN:50,(anonymous_11)
FN:60,(anonymous_12)
FN:67,(anonymous_13)
FN:68,(anonymous_14)
FN:68,(anonymous_15)
FN:76,(anonymous_16)
FN:76,(anonymous_17)
FN:86,(anonymous_18)
FNF:19
FNH:18
FNDA:1,(anonymous_0)
FNDA:4,(anonymous_1)
FNDA:1,(anonymous_2)
FNDA:1,(anonymous_3)
FNDA:1,(anonymous_4)
FNDA:1,(anonymous_5)
FNDA:1,(anonymous_6)
FNDA:1,(anonymous_7)
FNDA:1,(anonymous_8)
FNDA:1,(anonymous_9)
FNDA:1,(anonymous_10)
FNDA:1,(anonymous_11)
FNDA:1,(anonymous_12)
FNDA:1,(anonymous_13)
FNDA:1,(anonymous_14)
FNDA:1,(anonymous_15)
FNDA:1,(anonymous_16)
FNDA:0,(anonymous_17)
FNDA:1,(anonymous_18)
DA:5,1
DA:8,1
DA:9,1
DA:11,4
DA:12,4
DA:17,1
DA:18,1
DA:19,1
DA:20,1
DA:24,1
DA:25,1
DA:26,1
DA:27,1
DA:30,1
DA:31,1
DA:32,1
DA:34,1
DA:35,1
DA:36,1
DA:41,1
DA:42,1
DA:43,1
DA:44,1
DA:45,1
DA:50,1
DA:51,1
DA:52,1
DA:54,1
DA:56,1
DA:57,1
DA:58,1
DA:60,1
DA:61,1
DA:62,1
DA:67,1
DA:68,1
DA:69,1
DA:70,1
DA:71,1
DA:72,1
DA:73,1
DA:74,1
DA:76,1
DA:77,0
DA:78,0
DA:80,1
DA:82,1
DA:83,1
DA:84,1
DA:86,1
DA:87,1
DA:88,1
LF:52
LH:50
BRF:0
BRH:0
end_of_record
TN:
SF:test/public/public.test.js
FN:7,(anonymous_0)
FN:10,(anonymous_1)
FN:20,(anonymous_2)
FN:26,(anonymous_3)
FN:41,(anonymous_4)
FN:49,(anonymous_5)
FN:77,(anonymous_6)
FN:78,(anonymous_7)
FN:78,(anonymous_8)
FN:86,(anonymous_9)
FNF:10
FNH:10
FNDA:3,(anonymous_0)
FNDA:1,(anonymous_1)
FNDA:1,(anonymous_2)
FNDA:3,(anonymous_3)
FNDA:1,(anonymous_4)
FNDA:1,(anonymous_5)
FNDA:1,(anonymous_6)
FNDA:1,(anonymous_7)
FNDA:1,(anonymous_8)
FNDA:1,(anonymous_9)
DA:8,3
DA:11,1
DA:20,1
DA:22,1
DA:26,1
DA:28,3
DA:30,3
DA:33,3
DA:34,3
DA:35,3
DA:36,3
DA:41,1
DA:42,1
DA:43,1
DA:44,1
DA:45,1
DA:49,1
DA:50,1
DA:58,1
DA:59,1
DA:60,1
DA:61,1
DA:62,1
DA:64,1
DA:68,1
DA:69,1
DA:70,1
DA:71,1
DA:72,1
DA:77,1
DA:78,1
DA:79,1
DA:80,1
DA:83,1
DA:84,1
DA:86,1
DA:87,1
DA:88,1
DA:90,1
LF:39
LH:39
BRF:0
BRH:0
end_of_record
