TN:
SF:@core/instance.js
FN:1,webpackUniversalModuleDefinition
FN:10,(anonymous_1)
FN:11,(anonymous_2)
FN:16,__webpack_require__
FN:47,(anonymous_4)
FN:58,(anonymous_5)
FN:63,(anonymous_6)
FN:65,getDefault
FN:66,getModuleExports
FN:72,(anonymous_9)
FN:89,(anonymous_10)
FN:111,(anonymous_11)
FN:145,(anonymous_12)
FN:150,(anonymous_13)
FN:151,extendStatics
FN:154,(anonymous_15)
FN:156,(anonymous_16)
FN:165,(anonymous_17)
FN:168,__
FN:176,(anonymous_19)
FN:202,(anonymous_20)
FN:205,KeepObserver
FN:262,(anonymous_22)
FN:267,(anonymous_23)
FN:294,(anonymous_24)
FN:308,(anonymous_25)
FN:318,(anonymous_26)
FN:355,(anonymous_27)
FN:367,(anonymous_28)
FN:372,(anonymous_29)
FN:383,(anonymous_30)
FN:395,(anonymous_31)
FN:404,(anonymous_32)
FN:415,(anonymous_33)
FN:429,(anonymous_34)
FN:457,(anonymous_35)
FN:472,(anonymous_36)
FN:473,MessageQueue
FN:500,(anonymous_38)
FN:512,(anonymous_39)
FN:526,(anonymous_40)
FN:538,(anonymous_41)
FN:553,(anonymous_42)
FN:565,(anonymous_43)
FN:582,(anonymous_44)
FN:584,(anonymous_45)
FN:596,(anonymous_46)
FN:606,(anonymous_47)
FN:610,(anonymous_48)
FN:632,(anonymous_49)
FN:645,(anonymous_50)
FN:650,(anonymous_51)
FN:651,extendStatics
FN:654,(anonymous_53)
FN:656,(anonymous_54)
FN:665,(anonymous_55)
FN:668,__
FN:676,(anonymous_57)
FN:703,(anonymous_58)
FN:711,(anonymous_59)
FN:729,(anonymous_60)
FN:732,PipeUser
FN:742,(anonymous_62)
FN:754,(anonymous_63)
FN:759,(anonymous_64)
FN:767,(anonymous_65)
FN:771,(anonymous_66)
FN:783,(anonymous_67)
FN:788,(anonymous_68)
FN:809,(anonymous_69)
FN:822,(anonymous_70)
FN:823,WatchDog
FN:832,(anonymous_72)
FN:835,(anonymous_73)
FN:838,(anonymous_74)
FN:842,limtJudgeAnomaly
FN:863,watchWrap
FN:901,(anonymous_77)
FN:906,(anonymous_78)
FN:907,extendStatics
FN:910,(anonymous_80)
FN:912,(anonymous_81)
FN:921,(anonymous_82)
FN:924,__
FN:932,(anonymous_84)
FN:950,(anonymous_85)
FN:953,keepObserverPipe
FN:985,(anonymous_87)
FN:990,(anonymous_88)
FN:1011,(anonymous_89)
FN:1046,(anonymous_90)
FN:1067,(anonymous_91)
FN:1093,(anonymous_92)
FNF:93
FNH:78
FNDA:3,webpackUniversalModuleDefinition
FNDA:3,(anonymous_1)
FNDA:3,(anonymous_2)
FNDA:81,__webpack_require__
FNDA:0,(anonymous_4)
FNDA:0,(anonymous_5)
FNDA:0,(anonymous_6)
FNDA:0,getDefault
FNDA:0,getModuleExports
FNDA:0,(anonymous_9)
FNDA:3,(anonymous_10)
FNDA:3,(anonymous_11)
FNDA:3,(anonymous_12)
FNDA:3,(anonymous_13)
FNDA:3,extendStatics
FNDA:0,(anonymous_15)
FNDA:0,(anonymous_16)
FNDA:3,(anonymous_17)
FNDA:3,__
FNDA:6,(anonymous_19)
FNDA:3,(anonymous_20)
FNDA:13,KeepObserver
FNDA:3,(anonymous_22)
FNDA:65,(anonymous_23)
FNDA:65,(anonymous_24)
FNDA:18,(anonymous_25)
FNDA:65,(anonymous_26)
FNDA:3,(anonymous_27)
FNDA:13,(anonymous_28)
FNDA:21,(anonymous_29)
FNDA:3,(anonymous_30)
FNDA:11,(anonymous_31)
FNDA:0,(anonymous_32)
FNDA:3,(anonymous_33)
FNDA:0,(anonymous_34)
FNDA:3,(anonymous_35)
FNDA:3,(anonymous_36)
FNDA:13,MessageQueue
FNDA:3,(anonymous_38)
FNDA:20,(anonymous_39)
FNDA:6,(anonymous_40)
FNDA:41,(anonymous_41)
FNDA:3,(anonymous_42)
FNDA:42,(anonymous_43)
FNDA:42,(anonymous_44)
FNDA:42,(anonymous_45)
FNDA:42,(anonymous_46)
FNDA:42,(anonymous_47)
FNDA:41,(anonymous_48)
FNDA:22,(anonymous_49)
FNDA:3,(anonymous_50)
FNDA:3,(anonymous_51)
FNDA:3,extendStatics
FNDA:0,(anonymous_53)
FNDA:0,(anonymous_54)
FNDA:3,(anonymous_55)
FNDA:3,__
FNDA:44,(anonymous_57)
FNDA:1,(anonymous_58)
FNDA:3,(anonymous_59)
FNDA:3,(anonymous_60)
FNDA:20,PipeUser
FNDA:44,(anonymous_62)
FNDA:41,(anonymous_63)
FNDA:42,(anonymous_64)
FNDA:2,(anonymous_65)
FNDA:1,(anonymous_66)
FNDA:1,(anonymous_67)
FNDA:0,(anonymous_68)
FNDA:3,(anonymous_69)
FNDA:3,(anonymous_70)
FNDA:20,WatchDog
FNDA:20,(anonymous_72)
FNDA:9,(anonymous_73)
FNDA:1,(anonymous_74)
FNDA:45,limtJudgeAnomaly
FNDA:74,watchWrap
FNDA:3,(anonymous_77)
FNDA:3,(anonymous_78)
FNDA:3,extendStatics
FNDA:0,(anonymous_80)
FNDA:0,(anonymous_81)
FNDA:3,(anonymous_82)
FNDA:3,__
FNDA:3,(anonymous_84)
FNDA:3,(anonymous_85)
FNDA:13,keepObserverPipe
FNDA:3,(anonymous_87)
FNDA:3,(anonymous_88)
FNDA:21,(anonymous_89)
FNDA:20,(anonymous_90)
FNDA:18,(anonymous_91)
FNDA:3,(anonymous_92)
DA:1,3
DA:2,3
DA:3,3
DA:4,0
DA:5,0
DA:7,0
DA:8,0
DA:11,3
DA:13,3
DA:19,81
DA:20,36
DA:23,45
DA:30,45
DA:33,45
DA:36,45
DA:41,3
DA:44,3
DA:47,3
DA:48,0
DA:49,0
DA:58,3
DA:59,0
DA:63,3
DA:64,0
DA:65,0
DA:66,0
DA:67,0
DA:68,0
DA:72,3
DA:75,3
DA:79,3
DA:94,3
DA:98,3
DA:100,3
DA:102,3
DA:116,3
DA:123,3
DA:125,3
DA:127,3
DA:150,3
DA:151,3
DA:152,3
DA:155,0
DA:157,0
DA:158,0
DA:162,3
DA:165,3
DA:166,3
DA:169,3
DA:172,3
DA:176,3
DA:177,6
DA:182,3
DA:186,3
DA:188,3
DA:190,3
DA:192,3
DA:194,3
DA:196,3
DA:198,3
DA:202,3
DA:203,3
DA:206,13
DA:207,0
DA:210,13
DA:213,13
DA:214,13
DA:216,13
DA:218,13
DA:219,13
DA:221,13
DA:223,13
DA:225,13
DA:227,13
DA:229,13
DA:230,13
DA:231,13
DA:232,13
DA:234,13
DA:241,13
DA:243,13
DA:244,0
DA:247,13
DA:250,3
DA:253,3
DA:267,3
DA:268,65
DA:269,65
DA:270,65
DA:272,65
DA:275,65
DA:276,65
DA:277,28
DA:280,0
DA:284,65
DA:285,65
DA:287,65
DA:291,65
DA:294,3
DA:295,65
DA:296,65
DA:299,65
DA:302,3
DA:306,3
DA:308,3
DA:309,18
DA:311,18
DA:312,0
DA:315,18
DA:318,3
DA:319,65
DA:321,65
DA:322,28
DA:325,65
DA:327,65
DA:328,0
DA:329,0
DA:330,0
DA:333,65
DA:334,65
DA:336,65
DA:337,65
DA:339,1
DA:340,1
DA:342,1
DA:345,65
DA:360,3
DA:364,3
DA:367,3
DA:368,13
DA:372,3
DA:373,21
DA:388,3
DA:392,3
DA:395,3
DA:396,11
DA:397,2
DA:400,11
DA:404,3
DA:405,0
DA:420,3
DA:424,3
DA:426,3
DA:427,3
DA:429,3
DA:430,0
DA:432,0
DA:433,0
DA:436,0
DA:437,0
DA:440,0
DA:441,0
DA:442,0
DA:443,0
DA:447,0
DA:462,3
DA:466,3
DA:468,3
DA:472,3
DA:475,13
DA:476,13
DA:477,13
DA:479,13
DA:481,13
DA:483,13
DA:485,13
DA:488,3
DA:491,3
DA:505,3
DA:509,3
DA:512,3
DA:513,20
DA:516,20
DA:517,0
DA:518,0
DA:520,0
DA:522,0
DA:526,20
DA:528,6
DA:529,0
DA:530,0
DA:532,0
DA:534,0
DA:538,6
DA:539,41
DA:541,41
DA:558,3
DA:562,3
DA:565,3
DA:566,42
DA:568,42
DA:573,42
DA:574,0
DA:579,42
DA:582,42
DA:584,42
DA:585,42
DA:589,42
DA:591,42
DA:596,3
DA:597,42
DA:599,42
DA:600,20
DA:604,22
DA:606,22
DA:607,42
DA:608,42
DA:610,42
DA:612,41
DA:613,0
DA:617,41
DA:618,0
DA:622,41
DA:624,41
DA:626,0
DA:627,0
DA:629,0
DA:634,22
DA:650,3
DA:651,3
DA:652,3
DA:655,0
DA:657,0
DA:658,0
DA:662,3
DA:665,3
DA:666,3
DA:669,3
DA:672,3
DA:676,3
DA:677,44
DA:678,44
DA:679,44
DA:681,44
DA:684,44
DA:685,44
DA:686,44
DA:689,0
DA:693,44
DA:694,44
DA:696,44
DA:700,44
DA:703,3
DA:704,1
DA:705,2
DA:708,1
DA:711,3
DA:712,3
DA:717,3
DA:721,3
DA:723,3
DA:725,3
DA:729,3
DA:730,3
DA:733,20
DA:736,20
DA:738,20
DA:740,20
DA:744,44
DA:746,42
DA:748,42
DA:749,42
DA:751,42
DA:754,42
DA:755,41
DA:756,41
DA:757,41
DA:760,42
DA:761,1
DA:762,1
DA:768,2
DA:771,20
DA:772,1
DA:774,1
DA:775,1
DA:780,1
DA:783,20
DA:784,1
DA:788,20
DA:789,0
DA:793,20
DA:794,20
DA:797,3
DA:800,3
DA:814,3
DA:818,3
DA:822,3
DA:824,20
DA:825,20
DA:828,20
DA:832,3
DA:833,20
DA:834,20
DA:835,20
DA:836,9
DA:838,20
DA:839,1
DA:842,20
DA:844,45
DA:846,45
DA:847,1
DA:848,1
DA:849,1
DA:850,1
DA:853,44
DA:854,1
DA:855,1
DA:856,1
DA:857,1
DA:860,43
DA:863,20
DA:864,74
DA:865,74
DA:866,74
DA:867,74
DA:868,74
DA:869,74
DA:870,74
DA:871,74
DA:872,74
DA:874,74
DA:875,74
DA:876,74
DA:878,74
DA:879,30
DA:880,30
DA:883,44
DA:886,20
DA:889,3
DA:892,3
DA:906,3
DA:907,3
DA:908,3
DA:911,0
DA:913,0
DA:914,0
DA:918,3
DA:921,3
DA:922,3
DA:925,3
DA:928,3
DA:932,3
DA:933,3
DA:938,3
DA:942,3
DA:944,3
DA:946,3
DA:950,3
DA:951,3
DA:954,13
DA:957,13
DA:959,13
DA:961,13
DA:963,13
DA:965,13
DA:969,13
DA:970,13
DA:973,3
DA:976,3
DA:990,3
DA:991,3
DA:996,3
DA:1000,3
DA:1002,3
DA:1011,3
DA:1012,21
DA:1014,21
DA:1015,0
DA:1016,0
DA:1017,0
DA:1021,21
DA:1022,21
DA:1025,21
DA:1026,21
DA:1028,21
DA:1029,20
DA:1031,1
DA:1032,1
DA:1033,1
DA:1046,3
DA:1047,20
DA:1049,20
DA:1051,20
DA:1052,0
DA:1053,0
DA:1054,0
DA:1058,20
DA:1060,20
DA:1062,20
DA:1066,19
DA:1067,12
DA:1068,18
DA:1069,0
DA:1070,0
DA:1071,0
DA:1074,18
DA:1078,19
DA:1080,1
DA:1081,1
DA:1082,1
DA:1095,3
LF:401
LH:337
BRDA:2,0,0,3
BRDA:2,0,1,0
BRDA:2,1,0,3
BRDA:2,1,1,3
BRDA:4,2,0,0
BRDA:4,2,1,0
BRDA:4,3,0,0
BRDA:4,3,1,0
BRDA:7,4,0,0
BRDA:7,4,1,0
BRDA:8,5,0,0
BRDA:8,5,1,0
BRDA:19,6,0,36
BRDA:19,6,1,45
BRDA:48,7,0,0
BRDA:48,7,1,0
BRDA:64,8,0,0
BRDA:64,8,1,0
BRDA:64,9,0,0
BRDA:64,9,1,0
BRDA:150,10,0,3
BRDA:150,10,1,3
BRDA:150,10,2,3
BRDA:152,11,0,3
BRDA:152,11,1,0
BRDA:152,11,2,0
BRDA:152,11,3,0
BRDA:158,12,0,0
BRDA:158,12,1,0
BRDA:172,13,0,0
BRDA:172,13,1,3
BRDA:176,14,0,3
BRDA:176,14,1,3
BRDA:176,14,2,3
BRDA:177,15,0,6
BRDA:177,15,1,0
BRDA:177,16,0,6
BRDA:177,16,1,6
BRDA:206,17,0,0
BRDA:206,17,1,13
BRDA:210,18,0,13
BRDA:210,18,1,13
BRDA:243,19,0,0
BRDA:243,19,1,13
BRDA:243,20,0,13
BRDA:243,20,1,13
BRDA:267,21,0,3
BRDA:267,21,1,3
BRDA:267,21,2,3
BRDA:268,22,0,65
BRDA:268,22,1,65
BRDA:269,23,0,0
BRDA:269,23,1,65
BRDA:276,24,0,93
BRDA:276,24,1,0
BRDA:276,24,2,93
BRDA:285,25,0,0
BRDA:285,25,1,65
BRDA:285,26,0,65
BRDA:285,26,1,65
BRDA:285,26,2,0
BRDA:287,27,0,0
BRDA:287,27,1,65
BRDA:294,28,0,3
BRDA:294,28,1,3
BRDA:294,28,2,3
BRDA:311,29,0,0
BRDA:311,29,1,18
BRDA:327,30,0,0
BRDA:327,30,1,65
BRDA:396,31,0,2
BRDA:396,31,1,9
BRDA:432,32,0,0
BRDA:432,32,1,0
BRDA:432,33,0,0
BRDA:432,33,1,0
BRDA:436,34,0,0
BRDA:436,34,1,0
BRDA:441,35,0,0
BRDA:441,35,1,0
BRDA:516,36,0,0
BRDA:516,36,1,20
BRDA:528,37,0,0
BRDA:528,37,1,6
BRDA:528,38,0,6
BRDA:528,38,1,6
BRDA:573,39,0,0
BRDA:573,39,1,42
BRDA:599,40,0,20
BRDA:599,40,1,22
BRDA:599,41,0,42
BRDA:599,41,1,42
BRDA:612,42,0,0
BRDA:612,42,1,41
BRDA:617,43,0,0
BRDA:617,43,1,41
BRDA:624,44,0,41
BRDA:624,44,1,41
BRDA:650,45,0,3
BRDA:650,45,1,3
BRDA:650,45,2,3
BRDA:652,46,0,3
BRDA:652,46,1,0
BRDA:652,46,2,0
BRDA:652,46,3,0
BRDA:658,47,0,0
BRDA:658,47,1,0
BRDA:672,48,0,0
BRDA:672,48,1,3
BRDA:676,49,0,3
BRDA:676,49,1,3
BRDA:676,49,2,3
BRDA:677,50,0,44
BRDA:677,50,1,44
BRDA:678,51,0,0
BRDA:678,51,1,44
BRDA:685,52,0,88
BRDA:685,52,1,84
BRDA:685,52,2,46
BRDA:694,53,0,0
BRDA:694,53,1,44
BRDA:694,54,0,44
BRDA:694,54,1,44
BRDA:694,54,2,42
BRDA:696,55,0,0
BRDA:696,55,1,44
BRDA:703,56,0,3
BRDA:703,56,1,3
BRDA:703,56,2,3
BRDA:711,57,0,3
BRDA:711,57,1,3
BRDA:711,57,2,3
BRDA:712,58,0,3
BRDA:712,58,1,0
BRDA:712,59,0,3
BRDA:712,59,1,3
BRDA:733,60,0,20
BRDA:733,60,1,20
BRDA:744,61,0,2
BRDA:744,61,1,42
BRDA:760,62,0,1
BRDA:760,62,1,41
BRDA:824,63,0,20
BRDA:824,63,1,0
BRDA:846,64,0,1
BRDA:846,64,1,44
BRDA:853,65,0,1
BRDA:853,65,1,43
BRDA:864,66,0,74
BRDA:864,66,1,26
BRDA:866,67,0,74
BRDA:866,67,1,0
BRDA:868,68,0,52
BRDA:868,68,1,22
BRDA:870,69,0,52
BRDA:870,69,1,22
BRDA:872,70,0,27
BRDA:872,70,1,47
BRDA:874,71,0,0
BRDA:874,71,1,74
BRDA:875,72,0,24
BRDA:875,72,1,50
BRDA:876,73,0,45
BRDA:876,73,1,29
BRDA:878,74,0,30
BRDA:878,74,1,44
BRDA:906,75,0,3
BRDA:906,75,1,3
BRDA:906,75,2,3
BRDA:908,76,0,3
BRDA:908,76,1,0
BRDA:908,76,2,0
BRDA:908,76,3,0
BRDA:914,77,0,0
BRDA:914,77,1,0
BRDA:928,78,0,0
BRDA:928,78,1,3
BRDA:932,79,0,3
BRDA:932,79,1,3
BRDA:932,79,2,3
BRDA:933,80,0,3
BRDA:933,80,1,0
BRDA:933,81,0,3
BRDA:933,81,1,3
BRDA:954,82,0,13
BRDA:954,82,1,13
BRDA:990,83,0,3
BRDA:990,83,1,3
BRDA:990,83,2,3
BRDA:991,84,0,3
BRDA:991,84,1,0
BRDA:991,85,0,3
BRDA:991,85,1,3
BRDA:1014,86,0,0
BRDA:1014,86,1,21
BRDA:1014,87,0,21
BRDA:1014,87,1,21
BRDA:1014,87,2,11
BRDA:1022,88,0,10
BRDA:1022,88,1,11
BRDA:1026,89,0,1
BRDA:1026,89,1,20
BRDA:1028,90,0,20
BRDA:1028,90,1,1
BRDA:1028,91,0,21
BRDA:1028,91,1,20
BRDA:1051,92,0,0
BRDA:1051,92,1,20
BRDA:1051,93,0,20
BRDA:1051,93,1,20
BRDA:1066,94,0,12
BRDA:1066,94,1,7
BRDA:1066,95,0,19
BRDA:1066,95,1,19
BRDA:1066,95,2,12
BRDA:1068,96,0,0
BRDA:1068,96,1,18
BRDA:1068,97,0,18
BRDA:1068,97,1,18
BRF:219
BRH:151
end_of_record
TN:
SF:@core/monitor/log.js
FN:1,webpackUniversalModuleDefinition
FN:10,(anonymous_1)
FN:11,(anonymous_2)
FN:16,__webpack_require__
FN:47,(anonymous_4)
FN:58,(anonymous_5)
FN:63,(anonymous_6)
FN:65,getDefault
FN:66,getModuleExports
FN:72,(anonymous_9)
FN:89,(anonymous_10)
FN:104,(anonymous_11)
FN:124,(anonymous_12)
FN:132,(anonymous_13)
FN:149,(anonymous_14)
FN:170,(anonymous_15)
FN:175,(anonymous_16)
FN:202,(anonymous_17)
FN:220,(anonymous_18)
FN:231,(anonymous_19)
FN:237,(anonymous_20)
FN:238,(anonymous_21)
FN:259,(anonymous_22)
FN:263,(anonymous_23)
FN:288,(anonymous_24)
FN:308,(anonymous_25)
FN:321,(anonymous_26)
FN:349,(anonymous_27)
FN:354,(anonymous_28)
FN:355,extendStatics
FN:358,(anonymous_30)
FN:360,(anonymous_31)
FN:369,(anonymous_32)
FN:372,__
FN:380,(anonymous_34)
FN:401,(anonymous_35)
FN:405,KeepObserverLog
FN:431,(anonymous_37)
FN:442,(anonymous_38)
FN:463,(anonymous_39)
FNF:40
FNH:26
FNDA:1,webpackUniversalModuleDefinition
FNDA:1,(anonymous_1)
FNDA:1,(anonymous_2)
FNDA:7,__webpack_require__
FNDA:0,(anonymous_4)
FNDA:0,(anonymous_5)
FNDA:0,(anonymous_6)
FNDA:0,getDefault
FNDA:0,getModuleExports
FNDA:0,(anonymous_9)
FNDA:1,(anonymous_10)
FNDA:1,(anonymous_11)
FNDA:3,(anonymous_12)
FNDA:1,(anonymous_13)
FNDA:1,(anonymous_14)
FNDA:1,(anonymous_15)
FNDA:0,(anonymous_16)
FNDA:0,(anonymous_17)
FNDA:1,(anonymous_18)
FNDA:5,(anonymous_19)
FNDA:5,(anonymous_20)
FNDA:3,(anonymous_21)
FNDA:0,(anonymous_22)
FNDA:0,(anonymous_23)
FNDA:0,(anonymous_24)
FNDA:3,(anonymous_25)
FNDA:5,(anonymous_26)
FNDA:1,(anonymous_27)
FNDA:1,(anonymous_28)
FNDA:1,extendStatics
FNDA:0,(anonymous_30)
FNDA:0,(anonymous_31)
FNDA:1,(anonymous_32)
FNDA:1,__
FNDA:1,(anonymous_34)
FNDA:1,(anonymous_35)
FNDA:1,KeepObserverLog
FNDA:0,(anonymous_37)
FNDA:2,(anonymous_38)
FNDA:1,(anonymous_39)
DA:1,1
DA:2,1
DA:3,1
DA:4,0
DA:5,0
DA:7,0
DA:8,0
DA:11,1
DA:13,1
DA:19,7
DA:20,2
DA:23,5
DA:30,5
DA:33,5
DA:36,5
DA:41,1
DA:44,1
DA:47,1
DA:48,0
DA:49,0
DA:58,1
DA:59,0
DA:63,1
DA:64,0
DA:65,0
DA:66,0
DA:67,0
DA:68,0
DA:72,1
DA:75,1
DA:79,1
DA:94,1
DA:98,1
DA:104,1
DA:105,1
DA:106,0
DA:109,1
DA:110,1
DA:111,1
DA:112,1
DA:113,1
DA:114,1
DA:115,1
DA:116,1
DA:117,1
DA:124,1
DA:125,3
DA:127,3
DA:128,2
DA:131,1
DA:132,1
DA:134,1
DA:135,0
DA:138,1
DA:158,1
DA:161,1
DA:175,1
DA:176,0
DA:177,0
DA:178,0
DA:180,0
DA:183,0
DA:184,0
DA:185,0
DA:188,0
DA:192,0
DA:193,0
DA:195,0
DA:199,0
DA:202,1
DA:203,0
DA:204,0
DA:207,0
DA:210,1
DA:214,1
DA:220,1
DA:221,1
DA:224,1
DA:225,1
DA:227,1
DA:228,0
DA:231,1
DA:232,5
DA:234,1
DA:235,1
DA:236,1
DA:237,1
DA:238,5
DA:239,3
DA:241,3
DA:242,5
DA:248,3
DA:249,0
DA:253,3
DA:257,1
DA:259,1
DA:260,0
DA:263,1
DA:264,0
DA:265,0
DA:267,0
DA:268,0
DA:270,0
DA:273,0
DA:274,0
DA:277,0
DA:279,0
DA:282,0
DA:283,0
DA:288,1
DA:289,0
DA:291,0
DA:292,0
DA:295,0
DA:297,0
DA:308,1
DA:309,3
DA:311,3
DA:312,3
DA:313,3
DA:315,3
DA:316,0
DA:319,3
DA:321,3
DA:322,5
DA:323,5
DA:324,3
DA:326,2
DA:329,0
DA:332,3
DA:333,3
DA:335,3
DA:354,1
DA:355,1
DA:356,1
DA:359,0
DA:361,0
DA:362,0
DA:366,1
DA:369,1
DA:370,1
DA:373,1
DA:376,1
DA:380,1
DA:381,1
DA:386,1
DA:390,1
DA:392,1
DA:394,1
DA:396,1
DA:401,1
DA:402,1
DA:406,1
DA:407,1
DA:410,1
DA:413,1
DA:414,1
DA:415,1
DA:416,1
DA:418,1
DA:419,1
DA:420,1
DA:421,1
DA:422,1
DA:423,1
DA:425,1
DA:427,1
DA:429,1
DA:431,1
DA:432,0
DA:436,1
DA:438,1
DA:442,1
DA:443,2
DA:444,2
DA:445,2
DA:451,1
DA:454,1
DA:465,1
LF:179
LH:125
BRDA:2,0,0,1
BRDA:2,0,1,0
BRDA:2,1,0,1
BRDA:2,1,1,1
BRDA:4,2,0,0
BRDA:4,2,1,0
BRDA:4,3,0,0
BRDA:4,3,1,0
BRDA:7,4,0,0
BRDA:7,4,1,0
BRDA:8,5,0,0
BRDA:8,5,1,0
BRDA:19,6,0,2
BRDA:19,6,1,5
BRDA:48,7,0,0
BRDA:48,7,1,0
BRDA:64,8,0,0
BRDA:64,8,1,0
BRDA:64,9,0,0
BRDA:64,9,1,0
BRDA:105,10,0,0
BRDA:105,10,1,1
BRDA:105,11,0,1
BRDA:105,11,1,1
BRDA:105,11,2,1
BRDA:127,12,0,2
BRDA:127,12,1,1
BRDA:134,13,0,0
BRDA:134,13,1,1
BRDA:134,14,0,1
BRDA:134,14,1,1
BRDA:175,15,0,1
BRDA:175,15,1,1
BRDA:175,15,2,1
BRDA:176,16,0,0
BRDA:176,16,1,0
BRDA:177,17,0,0
BRDA:177,17,1,0
BRDA:184,18,0,0
BRDA:184,18,1,0
BRDA:184,18,2,0
BRDA:193,19,0,0
BRDA:193,19,1,0
BRDA:193,20,0,0
BRDA:193,20,1,0
BRDA:193,20,2,0
BRDA:195,21,0,0
BRDA:195,21,1,0
BRDA:202,22,0,1
BRDA:202,22,1,1
BRDA:202,22,2,1
BRDA:227,23,0,0
BRDA:227,23,1,1
BRDA:248,24,0,0
BRDA:248,24,1,3
BRDA:248,25,0,3
BRDA:248,25,1,0
BRDA:248,25,2,0
BRDA:267,26,0,0
BRDA:267,26,1,0
BRDA:273,27,0,0
BRDA:273,27,1,0
BRDA:273,28,0,0
BRDA:273,28,1,0
BRDA:273,28,2,0
BRDA:282,29,0,0
BRDA:282,29,1,0
BRDA:282,30,0,0
BRDA:282,30,1,0
BRDA:282,30,2,0
BRDA:315,31,0,0
BRDA:315,31,1,3
BRDA:315,32,0,3
BRDA:315,32,1,3
BRDA:323,33,0,3
BRDA:323,33,1,2
BRDA:324,34,0,1
BRDA:324,34,1,2
BRDA:326,35,0,2
BRDA:326,35,1,0
BRDA:329,36,0,0
BRDA:329,36,1,0
BRDA:354,37,0,1
BRDA:354,37,1,1
BRDA:354,37,2,1
BRDA:356,38,0,1
BRDA:356,38,1,0
BRDA:356,38,2,0
BRDA:356,38,3,0
BRDA:362,39,0,0
BRDA:362,39,1,0
BRDA:376,40,0,0
BRDA:376,40,1,1
BRDA:380,41,0,1
BRDA:380,41,1,1
BRDA:380,41,2,1
BRDA:381,42,0,1
BRDA:381,42,1,0
BRDA:381,43,0,1
BRDA:381,43,1,1
BRDA:406,44,0,1
BRDA:406,44,1,0
BRDA:410,45,0,1
BRDA:410,45,1,1
BRDA:420,46,0,1
BRDA:420,46,1,0
BRDA:422,47,0,1
BRDA:422,47,1,0
BRDA:423,48,0,1
BRDA:423,48,1,1
BRF:110
BRH:49
end_of_record
TN:
SF:@core/monitor/network.js
FN:1,webpackUniversalModuleDefinition
FN:10,(anonymous_1)
FN:11,(anonymous_2)
FN:16,__webpack_require__
FN:47,(anonymous_4)
FN:58,(anonymous_5)
FN:63,(anonymous_6)
FN:65,getDefault
FN:66,getModuleExports
FN:72,(anonymous_9)
FN:89,(anonymous_10)
FN:101,(anonymous_11)
FN:116,(anonymous_12)
FN:127,(anonymous_13)
FN:155,(anonymous_14)
FN:160,(anonymous_15)
FN:183,(anonymous_16)
FN:194,(anonymous_17)
FN:208,(anonymous_18)
FN:227,(anonymous_19)
FN:230,onreadystatechange
FN:295,(anonymous_21)
FN:318,(anonymous_22)
FN:328,(anonymous_23)
FN:344,(anonymous_24)
FN:400,(anonymous_25)
FN:410,(anonymous_26)
FN:445,(anonymous_27)
FN:449,handleResponse
FN:457,(anonymous_29)
FN:465,(anonymous_30)
FN:484,(anonymous_31)
FN:491,(anonymous_32)
FN:498,(anonymous_33)
FN:500,(anonymous_34)
FN:506,(anonymous_35)
FN:514,(anonymous_36)
FN:530,(anonymous_37)
FN:544,(anonymous_38)
FN:567,(anonymous_39)
FN:611,(anonymous_40)
FN:644,(anonymous_41)
FN:650,(anonymous_42)
FN:672,(anonymous_43)
FN:677,(anonymous_44)
FN:678,extendStatics
FN:681,(anonymous_46)
FN:683,(anonymous_47)
FN:692,(anonymous_48)
FN:695,__
FN:703,(anonymous_50)
FN:724,(anonymous_51)
FN:728,KeepObserverNetwork
FN:770,(anonymous_53)
FN:781,(anonymous_54)
FN:802,(anonymous_55)
FN:815,(anonymous_56)
FN:820,next
FN:834,handleReqUrl
FN:881,validateStatus
FN:894,(anonymous_60)
FNF:61
FNH:46
FNDA:1,webpackUniversalModuleDefinition
FNDA:1,(anonymous_1)
FNDA:1,(anonymous_2)
FNDA:7,__webpack_require__
FNDA:0,(anonymous_4)
FNDA:0,(anonymous_5)
FNDA:0,(anonymous_6)
FNDA:0,getDefault
FNDA:0,getModuleExports
FNDA:0,(anonymous_9)
FNDA:1,(anonymous_10)
FNDA:3,(anonymous_11)
FNDA:4,(anonymous_12)
FNDA:1,(anonymous_13)
FNDA:1,(anonymous_14)
FNDA:1,(anonymous_15)
FNDA:1,(anonymous_16)
FNDA:1,(anonymous_17)
FNDA:4,(anonymous_18)
FNDA:10,(anonymous_19)
FNDA:10,onreadystatechange
FNDA:4,(anonymous_21)
FNDA:4007,(anonymous_22)
FNDA:5,(anonymous_23)
FNDA:4,(anonymous_24)
FNDA:1,(anonymous_25)
FNDA:4,(anonymous_26)
FNDA:4,(anonymous_27)
FNDA:3,handleResponse
FNDA:6,(anonymous_29)
FNDA:3,(anonymous_30)
FNDA:0,(anonymous_31)
FNDA:3,(anonymous_32)
FNDA:1,(anonymous_33)
FNDA:0,(anonymous_34)
FNDA:0,(anonymous_35)
FNDA:0,(anonymous_36)
FNDA:15,(anonymous_37)
FNDA:14,(anonymous_38)
FNDA:20,(anonymous_39)
FNDA:8,(anonymous_40)
FNDA:16,(anonymous_41)
FNDA:0,(anonymous_42)
FNDA:1,(anonymous_43)
FNDA:1,(anonymous_44)
FNDA:1,extendStatics
FNDA:0,(anonymous_46)
FNDA:0,(anonymous_47)
FNDA:1,(anonymous_48)
FNDA:1,__
FNDA:1,(anonymous_50)
FNDA:1,(anonymous_51)
FNDA:1,KeepObserverNetwork
FNDA:0,(anonymous_53)
FNDA:3,(anonymous_54)
FNDA:1,(anonymous_55)
FNDA:3,(anonymous_56)
FNDA:0,next
FNDA:13,handleReqUrl
FNDA:8,validateStatus
FNDA:1,(anonymous_60)
DA:1,1
DA:2,1
DA:3,1
DA:4,0
DA:5,0
DA:7,0
DA:8,0
DA:11,1
DA:13,1
DA:19,7
DA:20,1
DA:23,6
DA:30,6
DA:33,6
DA:36,6
DA:41,1
DA:44,1
DA:47,1
DA:48,0
DA:49,0
DA:58,1
DA:59,0
DA:63,1
DA:64,0
DA:65,0
DA:66,0
DA:67,0
DA:68,0
DA:72,1
DA:75,1
DA:79,1
DA:94,1
DA:101,1
DA:109,3
DA:116,1
DA:117,4
DA:132,1
DA:139,1
DA:160,1
DA:161,1
DA:162,0
DA:163,0
DA:164,0
DA:166,0
DA:167,0
DA:170,1
DA:174,1
DA:176,1
DA:183,1
DA:185,1
DA:187,1
DA:194,1
DA:195,1
DA:197,1
DA:198,1
DA:200,1
DA:201,0
DA:204,1
DA:205,1
DA:206,1
DA:208,1
DA:209,4
DA:210,4
DA:212,4
DA:214,4
DA:216,4
DA:218,4
DA:220,4
DA:221,4
DA:222,4
DA:224,4
DA:225,4
DA:227,4
DA:230,4
DA:231,10
DA:233,10
DA:234,5
DA:236,5
DA:238,5
DA:239,5
DA:240,5
DA:243,5
DA:244,5
DA:248,10
DA:250,10
DA:251,4
DA:254,10
DA:256,10
DA:258,0
DA:259,0
DA:261,10
DA:263,6
DA:264,4
DA:266,4
DA:267,4
DA:268,4
DA:270,4
DA:273,4
DA:274,4
DA:275,4
DA:277,4
DA:278,12
DA:280,12
DA:281,4
DA:284,8
DA:285,8
DA:286,8
DA:287,8
DA:291,4
DA:292,4
DA:293,4
DA:295,4
DA:297,4
DA:298,3
DA:302,0
DA:306,10
DA:307,9
DA:310,10
DA:313,4
DA:317,4
DA:318,4
DA:319,4007
DA:320,6
DA:321,6
DA:324,4
DA:328,1
DA:329,5
DA:330,5
DA:332,5
DA:333,5
DA:334,5
DA:335,5
DA:336,5
DA:337,5
DA:340,5
DA:344,1
DA:345,4
DA:346,4
DA:348,4
DA:350,4
DA:351,4
DA:352,4
DA:353,4
DA:354,4
DA:356,4
DA:357,0
DA:361,4
DA:363,4
DA:365,4
DA:366,4
DA:367,4
DA:370,4
DA:371,4
DA:373,4
DA:374,4
DA:375,4
DA:379,4
DA:380,1
DA:381,1
DA:385,4
DA:387,4
DA:390,4
DA:392,4
DA:400,1
DA:401,1
DA:402,0
DA:405,1
DA:407,1
DA:408,1
DA:410,1
DA:411,4
DA:412,3
DA:415,4
DA:416,4
DA:417,4
DA:419,4
DA:420,4
DA:423,4
DA:424,4
DA:425,4
DA:428,4
DA:429,4
DA:430,4
DA:431,4
DA:433,4
DA:434,1
DA:435,1
DA:436,1
DA:438,3
DA:439,3
DA:440,3
DA:443,4
DA:445,4
DA:447,4
DA:449,4
DA:450,3
DA:451,3
DA:452,3
DA:453,3
DA:455,3
DA:456,3
DA:457,3
DA:458,6
DA:461,0
DA:464,3
DA:465,3
DA:467,3
DA:468,3
DA:473,4
DA:474,4
DA:476,4
DA:478,4
DA:480,0
DA:481,0
DA:482,0
DA:483,0
DA:484,0
DA:485,0
DA:487,0
DA:488,0
DA:491,4
DA:492,3
DA:494,3
DA:497,3
DA:498,1
DA:499,1
DA:501,0
DA:504,2
DA:508,0
DA:510,0
DA:511,0
DA:512,0
DA:513,0
DA:514,0
DA:516,0
DA:517,0
DA:520,0
DA:530,1
DA:531,15
DA:533,15
DA:534,15
DA:535,15
DA:536,15
DA:538,15
DA:539,1
DA:542,14
DA:544,14
DA:546,14
DA:547,14
DA:548,14
DA:549,14
DA:550,14
DA:552,14
DA:554,14
DA:558,0
DA:567,1
DA:568,20
DA:570,20
DA:572,20
DA:573,12
DA:576,8
DA:580,8
DA:581,0
DA:582,0
DA:586,8
DA:588,8
DA:589,4
DA:590,4
DA:591,4
DA:595,8
DA:603,8
DA:611,1
DA:612,8
DA:614,8
DA:616,8
DA:617,0
DA:620,8
DA:622,8
DA:623,0
DA:624,0
DA:628,8
DA:644,1
DA:645,16
DA:647,16
DA:648,0
DA:649,0
DA:650,0
DA:651,0
DA:652,0
DA:653,0
DA:657,0
DA:658,0
DA:662,16
DA:677,1
DA:678,1
DA:679,1
DA:682,0
DA:684,0
DA:685,0
DA:689,1
DA:692,1
DA:693,1
DA:696,1
DA:699,1
DA:703,1
DA:704,1
DA:709,1
DA:713,1
DA:715,1
DA:717,1
DA:719,1
DA:724,1
DA:725,1
DA:729,1
DA:730,1
DA:733,1
DA:736,1
DA:737,1
DA:738,1
DA:739,1
DA:740,1
DA:741,1
DA:742,1
DA:743,1
DA:744,1
DA:746,1
DA:747,1
DA:748,1
DA:749,1
DA:750,1
DA:751,1
DA:752,1
DA:755,1
DA:756,1
DA:758,1
DA:759,0
DA:763,1
DA:765,1
DA:767,1
DA:768,1
DA:770,1
DA:771,0
DA:775,1
DA:777,1
DA:781,1
DA:782,3
DA:783,3
DA:784,3
DA:790,1
DA:793,1
DA:815,1
DA:816,3
DA:817,3
DA:818,3
DA:819,0
DA:821,0
DA:822,0
DA:830,1
DA:838,13
DA:839,13
DA:840,13
DA:842,13
DA:843,10
DA:845,3
DA:846,3
DA:847,3
DA:848,3
DA:849,3
DA:851,3
DA:852,3
DA:853,3
DA:854,3
DA:855,3
DA:858,0
DA:862,3
DA:863,3
DA:865,3
DA:870,13
DA:876,1
DA:882,8
DA:885,1
DA:896,1
LF:382
LH:317
BRDA:2,0,0,1
BRDA:2,0,1,0
BRDA:2,1,0,1
BRDA:2,1,1,1
BRDA:4,2,0,0
BRDA:4,2,1,0
BRDA:4,3,0,0
BRDA:4,3,1,0
BRDA:7,4,0,0
BRDA:7,4,1,0
BRDA:8,5,0,0
BRDA:8,5,1,0
BRDA:19,6,0,1
BRDA:19,6,1,6
BRDA:48,7,0,0
BRDA:48,7,1,0
BRDA:64,8,0,0
BRDA:64,8,1,0
BRDA:64,9,0,0
BRDA:64,9,1,0
BRDA:160,10,0,1
BRDA:160,10,1,1
BRDA:160,10,2,1
BRDA:161,11,0,1
BRDA:161,11,1,0
BRDA:161,12,0,1
BRDA:161,12,1,1
BRDA:163,13,0,0
BRDA:163,13,1,0
BRDA:164,14,0,0
BRDA:164,14,1,0
BRDA:200,15,0,0
BRDA:200,15,1,1
BRDA:227,16,0,4
BRDA:227,16,1,4
BRDA:231,17,0,5
BRDA:231,17,1,5
BRDA:233,18,0,5
BRDA:233,18,1,5
BRDA:250,19,0,4
BRDA:250,19,1,6
BRDA:256,20,0,0
BRDA:256,20,1,10
BRDA:258,21,0,0
BRDA:258,21,1,0
BRDA:261,22,0,6
BRDA:261,22,1,4
BRDA:263,23,0,4
BRDA:263,23,1,2
BRDA:266,24,0,0
BRDA:266,24,1,4
BRDA:267,25,0,0
BRDA:267,25,1,4
BRDA:268,26,0,4
BRDA:268,26,1,0
BRDA:274,27,0,4
BRDA:274,27,1,0
BRDA:280,28,0,4
BRDA:280,28,1,8
BRDA:292,29,0,4
BRDA:292,29,1,1
BRDA:293,30,0,4
BRDA:293,30,1,0
BRDA:297,31,0,3
BRDA:297,31,1,1
BRDA:306,32,0,9
BRDA:306,32,1,1
BRDA:319,33,0,6
BRDA:319,33,1,4001
BRDA:332,34,0,5
BRDA:332,34,1,0
BRDA:332,35,0,5
BRDA:332,35,1,5
BRDA:334,36,0,5
BRDA:334,36,1,0
BRDA:335,37,0,5
BRDA:335,37,1,0
BRDA:356,38,0,0
BRDA:356,38,1,4
BRDA:373,39,0,4
BRDA:373,39,1,0
BRDA:379,40,0,1
BRDA:379,40,1,3
BRDA:380,41,0,1
BRDA:380,41,1,0
BRDA:401,42,0,0
BRDA:401,42,1,1
BRDA:411,43,0,3
BRDA:411,43,1,1
BRDA:419,44,0,4
BRDA:419,44,1,0
BRDA:433,45,0,1
BRDA:433,45,1,3
BRDA:433,46,0,4
BRDA:433,46,1,1
BRDA:434,47,0,1
BRDA:434,47,1,0
BRDA:435,48,0,1
BRDA:435,48,1,0
BRDA:436,49,0,0
BRDA:436,49,1,1
BRDA:451,50,0,3
BRDA:451,50,1,0
BRDA:452,51,0,3
BRDA:452,51,1,0
BRDA:452,52,0,0
BRDA:452,52,1,0
BRDA:455,53,0,3
BRDA:455,53,1,0
BRDA:467,54,0,3
BRDA:467,54,1,0
BRDA:497,55,0,1
BRDA:497,55,1,2
BRDA:516,56,0,0
BRDA:516,56,1,0
BRDA:534,57,0,1
BRDA:534,57,1,14
BRDA:535,58,0,0
BRDA:535,58,1,15
BRDA:538,59,0,1
BRDA:538,59,1,14
BRDA:538,60,0,15
BRDA:538,60,1,14
BRDA:542,61,0,14
BRDA:542,61,1,0
BRDA:550,62,0,14
BRDA:550,62,1,4
BRDA:572,63,0,12
BRDA:572,63,1,8
BRDA:580,64,0,0
BRDA:580,64,1,8
BRDA:588,65,0,4
BRDA:588,65,1,4
BRDA:588,66,0,8
BRDA:588,66,1,6
BRDA:590,67,0,4
BRDA:590,67,1,2
BRDA:590,68,0,2
BRDA:590,68,1,0
BRDA:591,69,0,4
BRDA:591,69,1,0
BRDA:599,70,0,6
BRDA:599,70,1,2
BRDA:599,71,0,8
BRDA:599,71,1,6
BRDA:616,72,0,0
BRDA:616,72,1,8
BRDA:622,73,0,0
BRDA:622,73,1,8
BRDA:647,74,0,0
BRDA:647,74,1,16
BRDA:647,75,0,16
BRDA:647,75,1,16
BRDA:651,76,0,0
BRDA:651,76,1,0
BRDA:657,77,0,0
BRDA:657,77,1,0
BRDA:677,78,0,1
BRDA:677,78,1,1
BRDA:677,78,2,1
BRDA:679,79,0,1
BRDA:679,79,1,0
BRDA:679,79,2,0
BRDA:679,79,3,0
BRDA:685,80,0,0
BRDA:685,80,1,0
BRDA:699,81,0,0
BRDA:699,81,1,1
BRDA:703,82,0,1
BRDA:703,82,1,1
BRDA:703,82,2,1
BRDA:704,83,0,1
BRDA:704,83,1,0
BRDA:704,84,0,1
BRDA:704,84,1,1
BRDA:729,85,0,1
BRDA:729,85,1,0
BRDA:733,86,0,1
BRDA:733,86,1,1
BRDA:748,87,0,1
BRDA:748,87,1,0
BRDA:750,88,0,1
BRDA:750,88,1,0
BRDA:751,89,0,0
BRDA:751,89,1,1
BRDA:751,90,0,1
BRDA:751,90,1,0
BRDA:754,91,0,1
BRDA:754,91,1,1
BRDA:758,92,0,0
BRDA:758,92,1,1
BRDA:815,93,0,1
BRDA:815,93,1,1
BRDA:815,93,2,1
BRDA:816,94,0,3
BRDA:816,94,1,3
BRDA:818,95,0,3
BRDA:818,95,1,0
BRDA:821,96,0,0
BRDA:821,96,1,0
BRDA:821,97,0,0
BRDA:821,97,1,0
BRDA:823,98,0,0
BRDA:823,98,1,0
BRDA:842,99,0,10
BRDA:842,99,1,3
BRDA:863,100,0,0
BRDA:863,100,1,3
BRDA:863,101,0,3
BRDA:863,101,1,3
BRDA:863,101,2,0
BRDA:865,102,0,0
BRDA:865,102,1,3
BRDA:882,103,0,8
BRDA:882,103,1,6
BRF:215
BRH:132
end_of_record
TN:
SF:@util/index.js
FN:1,webpackUniversalModuleDefinition
FN:10,(anonymous_1)
FN:11,(anonymous_2)
FN:16,__webpack_require__
FN:47,(anonymous_4)
FN:58,(anonymous_5)
FN:63,(anonymous_6)
FN:65,getDefault
FN:66,getModuleExports
FN:72,(anonymous_9)
FN:89,(anonymous_10)
FN:98,stringify
FN:121,decirc
FN:167,compareFunction
FN:179,deterministicStringify
FN:202,deterministicDecirc
FN:263,replaceGetterValues
FN:264,(anonymous_17)
FN:267,(anonymous_18)
FN:291,(anonymous_19)
FN:293,(anonymous_20)
FN:300,(anonymous_21)
FN:306,hash
FN:329,(anonymous_23)
FN:351,(anonymous_24)
FN:356,(anonymous_25)
FN:381,(anonymous_26)
FN:394,(anonymous_27)
FN:404,(anonymous_28)
FN:414,(anonymous_29)
FN:428,(anonymous_30)
FN:443,(anonymous_31)
FN:458,(anonymous_32)
FN:474,(anonymous_33)
FN:479,(anonymous_34)
FN:496,(anonymous_35)
FN:501,(anonymous_36)
FN:520,(anonymous_37)
FN:531,(anonymous_38)
FN:536,(anonymous_39)
FN:544,(anonymous_40)
FN:581,(anonymous_41)
FN:586,(anonymous_42)
FN:611,(anonymous_43)
FN:617,(anonymous_44)
FN:637,(anonymous_45)
FN:638,KeepObserverMiddleWare
FN:653,(anonymous_47)
FN:670,(anonymous_48)
FN:682,(anonymous_49)
FN:698,(anonymous_50)
FN:720,(anonymous_51)
FN:722,(anonymous_52)
FN:735,(anonymous_53)
FN:750,(anonymous_54)
FN:751,(anonymous_55)
FN:767,(anonymous_56)
FN:768,(anonymous_57)
FN:791,(anonymous_58)
FN:797,(anonymous_59)
FN:823,(anonymous_60)
FN:828,(anonymous_61)
FN:829,(anonymous_62)
FN:842,(anonymous_63)
FN:867,(anonymous_64)
FN:873,(anonymous_65)
FN:879,(anonymous_66)
FN:899,(anonymous_67)
FN:900,KeepObserverPublic
FN:923,(anonymous_69)
FN:931,(anonymous_70)
FN:940,(anonymous_71)
FN:955,(anonymous_72)
FN:986,(anonymous_73)
FN:991,(anonymous_74)
FN:1013,dateFormat
FN:1047,isNumber
FN:1053,isString
FN:1059,isArray
FN:1065,isBoolean
FN:1071,isRegExp
FN:1077,isDateObject
FN:1083,isUndefined
FN:1089,isNull
FN:1095,isExist
FN:1101,isSymbol
FN:1107,isSVGElement
FN:1113,isObject
FN:1120,isEmptyObject
FN:1134,isEmptyArray
FN:1144,isFunction
FN:1150,isElement
FN:1157,isWindow
FN:1169,isPlainObject
FN:1196,isClassObject
FN:1205,toArray
FN:1215,toString
FN:1233,setSessionStorage
FN:1245,getSessionStorage
FN:1257,removeSessionStorage
FN:1268,setStorage
FN:1280,getStorage
FN:1292,removeStorage
FN:1306,getUniqueID
FN:1307,(anonymous_104)
FN:1326,extend
FN:1351,(anonymous_106)
FN:1410,mixin
FN:1438,filter
FN:1468,map
FN:1495,mapToArray
FN:1516,throttleWrap
FN:1517,(anonymous_112)
FN:1519,(anonymous_113)
FN:1527,(anonymous_114)
FN:1536,debounceWrap
FN:1537,(anonymous_116)
FN:1539,(anonymous_117)
FN:1553,(anonymous_118)
FN:1564,objectStringify
FN:1565,(anonymous_120)
FN:1580,getHashCode
FNF:122
FNH:96
FNDA:5,webpackUniversalModuleDefinition
FNDA:5,(anonymous_1)
FNDA:5,(anonymous_2)
FNDA:80,__webpack_require__
FNDA:0,(anonymous_4)
FNDA:0,(anonymous_5)
FNDA:0,(anonymous_6)
FNDA:0,getDefault
FNDA:0,getModuleExports
FNDA:0,(anonymous_9)
FNDA:5,(anonymous_10)
FNDA:78,stringify
FNDA:41954,decirc
FNDA:0,compareFunction
FNDA:0,deterministicStringify
FNDA:0,deterministicDecirc
FNDA:0,replaceGetterValues
FNDA:0,(anonymous_17)
FNDA:0,(anonymous_18)
FNDA:5,(anonymous_19)
FNDA:5,(anonymous_20)
FNDA:5,(anonymous_21)
FNDA:74,hash
FNDA:5,(anonymous_23)
FNDA:5,(anonymous_24)
FNDA:4,(anonymous_25)
FNDA:2,(anonymous_26)
FNDA:12,(anonymous_27)
FNDA:0,(anonymous_28)
FNDA:0,(anonymous_29)
FNDA:42,(anonymous_30)
FNDA:0,(anonymous_31)
FNDA:7,(anonymous_32)
FNDA:5,(anonymous_33)
FNDA:5,(anonymous_34)
FNDA:3,(anonymous_35)
FNDA:3,(anonymous_36)
FNDA:0,(anonymous_37)
FNDA:5,(anonymous_38)
FNDA:10,(anonymous_39)
FNDA:15,(anonymous_40)
FNDA:5,(anonymous_41)
FNDA:95,(anonymous_42)
FNDA:93,(anonymous_43)
FNDA:10,(anonymous_44)
FNDA:5,(anonymous_45)
FNDA:55,KeepObserverMiddleWare
FNDA:11,(anonymous_47)
FNDA:6,(anonymous_48)
FNDA:55,(anonymous_49)
FNDA:22,(anonymous_50)
FNDA:33,(anonymous_51)
FNDA:1,(anonymous_52)
FNDA:31,(anonymous_53)
FNDA:3,(anonymous_54)
FNDA:2,(anonymous_55)
FNDA:3,(anonymous_56)
FNDA:3,(anonymous_57)
FNDA:33,(anonymous_58)
FNDA:2,(anonymous_59)
FNDA:5,(anonymous_60)
FNDA:4,(anonymous_61)
FNDA:0,(anonymous_62)
FNDA:100,(anonymous_63)
FNDA:50,(anonymous_64)
FNDA:5,(anonymous_65)
FNDA:5,(anonymous_66)
FNDA:5,(anonymous_67)
FNDA:51,KeepObserverPublic
FNDA:14,(anonymous_69)
FNDA:1,(anonymous_70)
FNDA:50,(anonymous_71)
FNDA:44,(anonymous_72)
FNDA:5,(anonymous_73)
FNDA:10,(anonymous_74)
FNDA:0,dateFormat
FNDA:792,isNumber
FNDA:637,isString
FNDA:994,isArray
FNDA:118,isBoolean
FNDA:38,isRegExp
FNDA:38,isDateObject
FNDA:36,isUndefined
FNDA:36,isNull
FNDA:0,isExist
FNDA:1,isSymbol
FNDA:0,isSVGElement
FNDA:1172,isObject
FNDA:61,isEmptyObject
FNDA:21,isEmptyArray
FNDA:219,isFunction
FNDA:344,isElement
FNDA:356,isWindow
FNDA:11,isPlainObject
FNDA:11,isClassObject
FNDA:170,toArray
FNDA:77,toString
FNDA:0,setSessionStorage
FNDA:0,getSessionStorage
FNDA:0,removeSessionStorage
FNDA:1,setStorage
FNDA:3,getStorage
FNDA:0,removeStorage
FNDA:9,getUniqueID
FNDA:207,(anonymous_104)
FNDA:117,extend
FNDA:117,(anonymous_106)
FNDA:0,mixin
FNDA:0,filter
FNDA:12,map
FNDA:42,mapToArray
FNDA:20,throttleWrap
FNDA:20,(anonymous_112)
FNDA:30,(anonymous_113)
FNDA:1,(anonymous_114)
FNDA:20,debounceWrap
FNDA:20,(anonymous_116)
FNDA:45,(anonymous_117)
FNDA:9,(anonymous_118)
FNDA:78,objectStringify
FNDA:345,(anonymous_120)
FNDA:74,getHashCode
DA:1,5
DA:2,5
DA:3,5
DA:4,0
DA:5,0
DA:7,0
DA:8,0
DA:11,5
DA:13,5
DA:19,80
DA:20,35
DA:23,45
DA:30,45
DA:33,45
DA:36,45
DA:41,5
DA:44,5
DA:47,5
DA:48,0
DA:49,0
DA:58,5
DA:59,0
DA:63,5
DA:64,0
DA:65,0
DA:66,0
DA:67,0
DA:68,0
DA:72,5
DA:75,5
DA:79,5
DA:91,5
DA:92,5
DA:93,5
DA:94,5
DA:95,5
DA:96,5
DA:99,78
DA:102,78
DA:103,78
DA:105,0
DA:108,78
DA:109,15
DA:111,15
DA:112,0
DA:114,15
DA:118,78
DA:124,41954
DA:125,16247
DA:126,84551
DA:127,15
DA:129,15
DA:130,0
DA:131,0
DA:134,0
DA:136,0
DA:139,15
DA:140,15
DA:143,15
DA:147,16232
DA:149,16232
DA:150,1003
DA:151,2137
DA:154,15229
DA:156,15229
DA:157,39739
DA:158,39739
DA:162,16232
DA:168,0
DA:169,0
DA:172,0
DA:173,0
DA:176,0
DA:180,0
DA:183,0
DA:184,0
DA:186,0
DA:189,0
DA:190,0
DA:192,0
DA:193,0
DA:195,0
DA:199,0
DA:205,0
DA:206,0
DA:207,0
DA:208,0
DA:210,0
DA:211,0
DA:212,0
DA:215,0
DA:217,0
DA:220,0
DA:221,0
DA:224,0
DA:228,0
DA:229,0
DA:232,0
DA:234,0
DA:235,0
DA:236,0
DA:240,0
DA:241,0
DA:243,0
DA:244,0
DA:245,0
DA:246,0
DA:249,0
DA:250,0
DA:251,0
DA:253,0
DA:257,0
DA:264,0
DA:265,0
DA:267,0
DA:268,0
DA:269,0
DA:270,0
DA:272,0
DA:273,0
DA:274,0
DA:275,0
DA:280,0
DA:293,5
DA:294,5
DA:295,5
DA:309,74
DA:310,74
DA:312,74
DA:313,5701
DA:316,74
DA:319,5
DA:334,5
DA:338,5
DA:340,5
DA:342,5
DA:356,5
DA:357,4
DA:358,4
DA:359,4
DA:361,4
DA:364,4
DA:365,4
DA:367,0
DA:371,4
DA:372,4
DA:374,4
DA:378,4
DA:381,5
DA:382,4
DA:384,2
DA:387,5
DA:390,5
DA:391,5
DA:392,5
DA:394,5
DA:395,12
DA:397,12
DA:398,14
DA:401,12
DA:404,5
DA:405,0
DA:407,0
DA:408,0
DA:411,0
DA:414,5
DA:415,0
DA:417,0
DA:418,0
DA:421,0
DA:424,5
DA:425,5
DA:426,5
DA:428,5
DA:429,42
DA:430,0
DA:433,42
DA:435,42
DA:436,42
DA:439,42
DA:440,2
DA:443,5
DA:444,0
DA:445,0
DA:448,0
DA:450,0
DA:451,0
DA:454,0
DA:455,0
DA:458,5
DA:459,7
DA:460,7
DA:463,7
DA:464,7
DA:479,5
DA:480,5
DA:481,0
DA:482,0
DA:483,0
DA:484,0
DA:487,5
DA:491,5
DA:494,5
DA:496,5
DA:497,3
DA:501,5
DA:502,3
DA:503,0
DA:506,3
DA:508,3
DA:509,1
DA:510,1
DA:513,3
DA:520,5
DA:522,5
DA:536,5
DA:537,10
DA:538,0
DA:539,0
DA:540,0
DA:541,0
DA:544,5
DA:545,15
DA:550,5
DA:554,5
DA:556,5
DA:558,5
DA:560,5
DA:562,5
DA:564,5
DA:566,5
DA:568,5
DA:570,5
DA:572,5
DA:586,5
DA:587,95
DA:588,95
DA:589,95
DA:591,95
DA:594,95
DA:595,96
DA:597,0
DA:601,95
DA:602,95
DA:604,95
DA:608,95
DA:611,5
DA:612,95
DA:614,93
DA:617,5
DA:618,10
DA:619,0
DA:620,0
DA:621,0
DA:622,0
DA:625,5
DA:629,5
DA:631,5
DA:633,5
DA:637,5
DA:639,55
DA:640,55
DA:641,55
DA:642,55
DA:644,55
DA:646,55
DA:648,55
DA:650,55
DA:653,5
DA:654,11
DA:656,11
DA:657,1
DA:659,1
DA:662,10
DA:664,10
DA:666,10
DA:670,5
DA:671,6
DA:673,6
DA:674,2
DA:677,4
DA:678,4
DA:682,5
DA:683,55
DA:685,55
DA:687,55
DA:688,54
DA:691,55
DA:694,55
DA:696,55
DA:697,22
DA:698,22
DA:699,22
DA:703,0
DA:704,0
DA:707,33
DA:708,0
DA:709,0
DA:713,33
DA:714,33
DA:715,33
DA:716,33
DA:718,33
DA:719,33
DA:720,33
DA:722,33
DA:723,1
DA:724,1
DA:725,1
DA:726,1
DA:728,1
DA:729,1
DA:732,1
DA:735,33
DA:736,31
DA:738,31
DA:739,30
DA:742,31
DA:743,31
DA:744,31
DA:745,31
DA:748,33
DA:750,33
DA:751,3
DA:752,2
DA:754,2
DA:755,2
DA:758,2
DA:759,0
DA:762,2
DA:763,2
DA:767,33
DA:768,3
DA:769,3
DA:771,3
DA:772,6
DA:775,3
DA:778,33
DA:780,1
DA:781,1
DA:782,1
DA:783,1
DA:785,1
DA:786,1
DA:789,1
DA:792,33
DA:797,5
DA:798,2
DA:800,2
DA:801,2
DA:804,2
DA:809,5
DA:810,5
DA:811,5
DA:814,5
DA:828,5
DA:829,4
DA:830,0
DA:831,0
DA:833,0
DA:836,0
DA:839,4
DA:842,5
DA:843,100
DA:844,100
DA:845,100
DA:847,100
DA:850,100
DA:851,100
DA:853,0
DA:857,100
DA:858,100
DA:860,100
DA:864,100
DA:867,5
DA:868,100
DA:870,50
DA:873,5
DA:874,5
DA:879,5
DA:880,5
DA:881,0
DA:882,0
DA:883,0
DA:884,0
DA:887,5
DA:891,5
DA:893,5
DA:895,5
DA:899,5
DA:901,51
DA:902,20
DA:905,51
DA:906,51
DA:907,51
DA:908,51
DA:909,51
DA:911,51
DA:913,51
DA:915,51
DA:917,51
DA:923,5
DA:924,14
DA:926,14
DA:927,14
DA:931,5
DA:932,1
DA:934,1
DA:936,1
DA:940,5
DA:941,50
DA:943,50
DA:944,49
DA:949,50
DA:951,50
DA:955,5
DA:956,44
DA:962,44
DA:964,44
DA:970,44
DA:973,5
DA:974,5
DA:977,5
DA:991,5
DA:992,10
DA:997,5
DA:1001,5
DA:1003,5
DA:1005,5
DA:1014,0
DA:1015,0
DA:1016,0
DA:1019,0
DA:1021,0
DA:1030,0
DA:1031,0
DA:1032,0
DA:1033,0
DA:1037,0
DA:1040,5
DA:1048,792
DA:1051,5
DA:1054,637
DA:1057,5
DA:1060,994
DA:1063,5
DA:1066,118
DA:1069,5
DA:1072,38
DA:1075,5
DA:1078,38
DA:1081,5
DA:1084,36
DA:1087,5
DA:1090,36
DA:1093,5
DA:1096,0
DA:1099,5
DA:1102,1
DA:1105,5
DA:1108,0
DA:1111,5
DA:1114,1172
DA:1118,5
DA:1121,61
DA:1122,0
DA:1125,61
DA:1126,48
DA:1129,13
DA:1132,5
DA:1135,21
DA:1136,0
DA:1139,21
DA:1142,5
DA:1145,219
DA:1148,5
DA:1151,344
DA:1155,5
DA:1158,356
DA:1159,356
DA:1162,5
DA:1170,11
DA:1172,11
DA:1173,0
DA:1176,11
DA:1177,11
DA:1178,11
DA:1181,0
DA:1186,0
DA:1188,0
DA:1191,5
DA:1197,11
DA:1200,5
DA:1206,170
DA:1207,170
DA:1210,0
DA:1213,5
DA:1216,77
DA:1217,0
DA:1220,77
DA:1221,2
DA:1224,75
DA:1227,5
DA:1234,0
DA:1235,0
DA:1238,0
DA:1239,0
DA:1240,0
DA:1243,5
DA:1246,0
DA:1247,0
DA:1250,0
DA:1251,0
DA:1252,0
DA:1255,5
DA:1258,0
DA:1259,0
DA:1262,0
DA:1263,0
DA:1266,5
DA:1269,1
DA:1270,0
DA:1273,1
DA:1274,1
DA:1275,1
DA:1278,5
DA:1281,3
DA:1282,0
DA:1285,3
DA:1286,3
DA:1287,3
DA:1290,5
DA:1293,0
DA:1294,0
DA:1297,0
DA:1298,0
DA:1301,5
DA:1307,9
DA:1308,207
DA:1309,207
DA:1310,207
DA:1311,207
DA:1313,9
DA:1316,5
DA:1327,117
DA:1329,117
DA:1330,234
DA:1333,117
DA:1335,117
DA:1336,0
DA:1337,0
DA:1340,117
DA:1341,0
DA:1344,117
DA:1345,117
DA:1347,117
DA:1348,0
DA:1351,117
DA:1353,117
DA:1354,0
DA:1358,117
DA:1360,105
DA:1362,403
DA:1364,18
DA:1365,18
DA:1366,385
DA:1368,0
DA:1369,0
DA:1370,385
DA:1371,0
DA:1372,385
DA:1373,1
DA:1376,384
DA:1379,12
DA:1380,0
DA:1382,0
DA:1384,0
DA:1385,0
DA:1386,0
DA:1388,0
DA:1389,0
DA:1390,0
DA:1391,0
DA:1392,0
DA:1393,0
DA:1396,0
DA:1402,117
DA:1405,5
DA:1411,0
DA:1412,0
DA:1415,0
DA:1416,0
DA:1417,0
DA:1418,0
DA:1422,0
DA:1430,5
DA:1439,0
DA:1440,0
DA:1443,0
DA:1444,0
DA:1447,0
DA:1449,0
DA:1450,0
DA:1452,0
DA:1453,0
DA:1457,0
DA:1460,5
DA:1469,12
DA:1470,0
DA:1473,12
DA:1474,0
DA:1477,12
DA:1479,12
DA:1480,18
DA:1481,18
DA:1484,12
DA:1487,5
DA:1496,42
DA:1497,0
DA:1500,42
DA:1501,0
DA:1504,42
DA:1506,42
DA:1507,41
DA:1508,41
DA:1511,42
DA:1514,5
DA:1517,20
DA:1518,20
DA:1519,20
DA:1520,30
DA:1522,30
DA:1523,29
DA:1527,30
DA:1528,1
DA:1534,5
DA:1537,20
DA:1538,20
DA:1539,20
DA:1540,45
DA:1542,45
DA:1543,0
DA:1546,45
DA:1548,45
DA:1549,35
DA:1553,10
DA:1554,9
DA:1555,9
DA:1556,9
DA:1562,5
DA:1565,78
DA:1566,345
DA:1567,1
DA:1570,344
DA:1571,1
DA:1574,343
DA:1578,5
DA:1582,74
DA:1583,74
DA:1585,74
DA:1587,0
DA:1591,5
LF:662
LH:461
BRDA:2,0,0,5
BRDA:2,0,1,0
BRDA:2,1,0,5
BRDA:2,1,1,5
BRDA:4,2,0,0
BRDA:4,2,1,0
BRDA:4,3,0,0
BRDA:4,3,1,0
BRDA:8,4,0,0
BRDA:8,4,1,0
BRDA:19,5,0,35
BRDA:19,5,1,45
BRDA:48,6,0,0
BRDA:48,6,1,0
BRDA:64,7,0,0
BRDA:64,7,1,0
BRDA:64,8,0,0
BRDA:64,8,1,0
BRDA:102,9,0,78
BRDA:102,9,1,0
BRDA:111,10,0,0
BRDA:111,10,1,15
BRDA:124,11,0,16247
BRDA:124,11,1,25707
BRDA:124,12,0,41954
BRDA:124,12,1,16592
BRDA:126,13,0,15
BRDA:126,13,1,84536
BRDA:129,14,0,0
BRDA:129,14,1,15
BRDA:130,15,0,0
BRDA:130,15,1,0
BRDA:149,16,0,1003
BRDA:149,16,1,15229
BRDA:168,17,0,0
BRDA:168,17,1,0
BRDA:172,18,0,0
BRDA:172,18,1,0
BRDA:180,19,0,0
BRDA:180,19,1,0
BRDA:183,20,0,0
BRDA:183,20,1,0
BRDA:192,21,0,0
BRDA:192,21,1,0
BRDA:205,22,0,0
BRDA:205,22,1,0
BRDA:205,23,0,0
BRDA:205,23,1,0
BRDA:207,24,0,0
BRDA:207,24,1,0
BRDA:210,25,0,0
BRDA:210,25,1,0
BRDA:211,26,0,0
BRDA:211,26,1,0
BRDA:228,27,0,0
BRDA:228,27,1,0
BRDA:234,28,0,0
BRDA:234,28,1,0
BRDA:249,29,0,0
BRDA:249,29,1,0
BRDA:264,30,0,0
BRDA:264,30,1,0
BRDA:268,31,0,0
BRDA:268,31,1,0
BRDA:272,32,0,0
BRDA:272,32,1,0
BRDA:272,33,0,0
BRDA:272,33,1,0
BRDA:294,34,0,5
BRDA:294,34,1,0
BRDA:296,35,0,5
BRDA:296,35,1,0
BRDA:298,36,0,5
BRDA:298,36,1,5
BRDA:356,37,0,5
BRDA:356,37,1,5
BRDA:356,37,2,5
BRDA:357,38,0,4
BRDA:357,38,1,4
BRDA:358,39,0,0
BRDA:358,39,1,4
BRDA:365,40,0,8
BRDA:365,40,1,0
BRDA:365,40,2,8
BRDA:372,41,0,0
BRDA:372,41,1,4
BRDA:372,42,0,4
BRDA:372,42,1,4
BRDA:372,42,2,0
BRDA:374,43,0,0
BRDA:374,43,1,4
BRDA:381,44,0,5
BRDA:381,44,1,5
BRDA:381,44,2,5
BRDA:429,45,0,0
BRDA:429,45,1,42
BRDA:439,46,0,40
BRDA:439,46,1,2
BRDA:444,47,0,0
BRDA:444,47,1,0
BRDA:454,48,0,0
BRDA:454,48,1,0
BRDA:459,49,0,7
BRDA:459,49,1,0
BRDA:463,50,0,0
BRDA:463,50,1,7
BRDA:479,51,0,5
BRDA:479,51,1,5
BRDA:479,51,2,5
BRDA:480,52,0,5
BRDA:480,52,1,0
BRDA:480,53,0,5
BRDA:480,53,1,5
BRDA:482,54,0,0
BRDA:482,54,1,0
BRDA:482,55,0,0
BRDA:482,55,1,0
BRDA:502,56,0,0
BRDA:502,56,1,3
BRDA:508,57,0,1
BRDA:508,57,1,2
BRDA:536,58,0,5
BRDA:536,58,1,5
BRDA:536,58,2,5
BRDA:537,59,0,10
BRDA:537,59,1,0
BRDA:537,60,0,10
BRDA:537,60,1,10
BRDA:539,61,0,0
BRDA:539,61,1,0
BRDA:539,62,0,0
BRDA:539,62,1,0
BRDA:544,63,0,5
BRDA:544,63,1,5
BRDA:544,63,2,5
BRDA:545,64,0,15
BRDA:545,64,1,0
BRDA:545,65,0,15
BRDA:545,65,1,15
BRDA:586,66,0,5
BRDA:586,66,1,5
BRDA:586,66,2,5
BRDA:587,67,0,95
BRDA:587,67,1,95
BRDA:588,68,0,0
BRDA:588,68,1,95
BRDA:595,69,0,191
BRDA:595,69,1,0
BRDA:595,69,2,191
BRDA:602,70,0,0
BRDA:602,70,1,95
BRDA:602,71,0,95
BRDA:602,71,1,95
BRDA:602,71,2,0
BRDA:604,72,0,0
BRDA:604,72,1,95
BRDA:611,73,0,5
BRDA:611,73,1,5
BRDA:611,73,2,5
BRDA:617,74,0,5
BRDA:617,74,1,5
BRDA:617,74,2,5
BRDA:618,75,0,10
BRDA:618,75,1,0
BRDA:618,76,0,10
BRDA:618,76,1,10
BRDA:620,77,0,0
BRDA:620,77,1,0
BRDA:620,78,0,0
BRDA:620,78,1,0
BRDA:640,79,0,0
BRDA:640,79,1,55
BRDA:642,80,0,4
BRDA:642,80,1,51
BRDA:656,81,0,1
BRDA:656,81,1,10
BRDA:673,82,0,2
BRDA:673,82,1,4
BRDA:696,83,0,22
BRDA:696,83,1,33
BRDA:696,84,0,55
BRDA:696,84,1,51
BRDA:697,85,0,22
BRDA:697,85,1,0
BRDA:707,86,0,0
BRDA:707,86,1,33
BRDA:713,87,0,33
BRDA:713,87,1,4
BRDA:714,88,0,33
BRDA:714,88,1,29
BRDA:728,89,0,1
BRDA:728,89,1,0
BRDA:758,90,0,0
BRDA:758,90,1,2
BRDA:785,91,0,1
BRDA:785,91,1,0
BRDA:828,92,0,5
BRDA:828,92,1,5
BRDA:828,92,2,5
BRDA:829,93,0,4
BRDA:829,93,1,0
BRDA:833,94,0,0
BRDA:833,94,1,0
BRDA:842,95,0,5
BRDA:842,95,1,5
BRDA:842,95,2,5
BRDA:843,96,0,100
BRDA:843,96,1,100
BRDA:844,97,0,0
BRDA:844,97,1,100
BRDA:851,98,0,199
BRDA:851,98,1,0
BRDA:851,98,2,199
BRDA:858,99,0,0
BRDA:858,99,1,100
BRDA:858,100,0,100
BRDA:858,100,1,100
BRDA:858,100,2,0
BRDA:860,101,0,0
BRDA:860,101,1,100
BRDA:867,102,0,5
BRDA:867,102,1,5
BRDA:867,102,2,5
BRDA:873,103,0,5
BRDA:873,103,1,5
BRDA:873,103,2,5
BRDA:874,104,0,5
BRDA:874,104,1,0
BRDA:874,105,0,5
BRDA:874,105,1,5
BRDA:879,106,0,5
BRDA:879,106,1,5
BRDA:879,106,2,5
BRDA:880,107,0,5
BRDA:880,107,1,0
BRDA:880,108,0,5
BRDA:880,108,1,5
BRDA:882,109,0,0
BRDA:882,109,1,0
BRDA:882,110,0,0
BRDA:882,110,1,0
BRDA:901,111,0,20
BRDA:901,111,1,31
BRDA:907,112,0,44
BRDA:907,112,1,7
BRDA:909,113,0,25
BRDA:909,113,1,26
BRDA:991,114,0,5
BRDA:991,114,1,5
BRDA:991,114,2,5
BRDA:992,115,0,0
BRDA:992,115,1,10
BRDA:992,116,0,10
BRDA:992,116,1,10
BRDA:1014,117,0,0
BRDA:1014,117,1,0
BRDA:1014,118,0,0
BRDA:1014,118,1,0
BRDA:1019,119,0,0
BRDA:1019,119,1,0
BRDA:1019,120,0,0
BRDA:1019,120,1,0
BRDA:1019,121,0,0
BRDA:1019,121,1,0
BRDA:1031,122,0,0
BRDA:1031,122,1,0
BRDA:1033,123,0,0
BRDA:1033,123,1,0
BRDA:1096,124,0,0
BRDA:1096,124,1,0
BRDA:1108,125,0,0
BRDA:1108,125,1,0
BRDA:1108,125,2,0
BRDA:1114,126,0,1172
BRDA:1114,126,1,792
BRDA:1114,126,2,636
BRDA:1114,126,3,118
BRDA:1114,126,4,38
BRDA:1114,126,5,38
BRDA:1114,126,6,38
BRDA:1114,126,7,36
BRDA:1114,126,8,36
BRDA:1114,126,9,36
BRDA:1114,126,10,1
BRDA:1121,127,0,0
BRDA:1121,127,1,61
BRDA:1135,128,0,0
BRDA:1135,128,1,21
BRDA:1139,129,0,3
BRDA:1139,129,1,18
BRDA:1151,130,0,0
BRDA:1151,130,1,344
BRDA:1152,131,0,344
BRDA:1152,131,1,294
BRDA:1152,131,2,98
BRDA:1152,131,3,98
BRDA:1152,131,4,1
BRDA:1159,132,0,356
BRDA:1159,132,1,356
BRDA:1159,132,2,355
BRDA:1172,133,0,0
BRDA:1172,133,1,11
BRDA:1172,134,0,11
BRDA:1172,134,1,11
BRDA:1172,134,2,11
BRDA:1172,134,3,11
BRDA:1177,135,0,11
BRDA:1177,135,1,0
BRDA:1177,136,0,11
BRDA:1177,136,1,11
BRDA:1177,136,2,11
BRDA:1188,137,0,0
BRDA:1188,137,1,0
BRDA:1197,138,0,11
BRDA:1197,138,1,0
BRDA:1197,139,0,11
BRDA:1197,139,1,11
BRDA:1206,140,0,170
BRDA:1206,140,1,0
BRDA:1216,141,0,0
BRDA:1216,141,1,77
BRDA:1220,142,0,2
BRDA:1220,142,1,75
BRDA:1234,143,0,0
BRDA:1234,143,1,0
BRDA:1246,144,0,0
BRDA:1246,144,1,0
BRDA:1252,145,0,0
BRDA:1252,145,1,0
BRDA:1258,146,0,0
BRDA:1258,146,1,0
BRDA:1269,147,0,0
BRDA:1269,147,1,1
BRDA:1281,148,0,0
BRDA:1281,148,1,3
BRDA:1287,149,0,2
BRDA:1287,149,1,1
BRDA:1293,150,0,0
BRDA:1293,150,1,0
BRDA:1310,151,0,198
BRDA:1310,151,1,9
BRDA:1310,152,0,9
BRDA:1310,152,1,0
BRDA:1335,153,0,0
BRDA:1335,153,1,117
BRDA:1340,154,0,0
BRDA:1340,154,1,117
BRDA:1347,155,0,0
BRDA:1347,155,1,117
BRDA:1347,156,0,117
BRDA:1347,156,1,0
BRDA:1353,157,0,0
BRDA:1353,157,1,117
BRDA:1358,158,0,105
BRDA:1358,158,1,12
BRDA:1362,159,0,18
BRDA:1362,159,1,385
BRDA:1362,160,0,403
BRDA:1362,160,1,18
BRDA:1364,161,0,0
BRDA:1364,161,1,18
BRDA:1364,162,0,18
BRDA:1364,162,1,0
BRDA:1366,163,0,0
BRDA:1366,163,1,385
BRDA:1366,164,0,385
BRDA:1366,164,1,1
BRDA:1368,165,0,0
BRDA:1368,165,1,0
BRDA:1368,166,0,0
BRDA:1368,166,1,0
BRDA:1370,167,0,0
BRDA:1370,167,1,385
BRDA:1370,168,0,385
BRDA:1370,168,1,0
BRDA:1372,169,0,1
BRDA:1372,169,1,384
BRDA:1372,170,0,385
BRDA:1372,170,1,1
BRDA:1379,171,0,0
BRDA:1379,171,1,12
BRDA:1382,172,0,0
BRDA:1382,172,1,0
BRDA:1382,173,0,0
BRDA:1382,173,1,0
BRDA:1384,174,0,0
BRDA:1384,174,1,0
BRDA:1384,175,0,0
BRDA:1384,175,1,0
BRDA:1386,176,0,0
BRDA:1386,176,1,0
BRDA:1386,177,0,0
BRDA:1386,177,1,0
BRDA:1388,178,0,0
BRDA:1388,178,1,0
BRDA:1388,179,0,0
BRDA:1388,179,1,0
BRDA:1390,180,0,0
BRDA:1390,180,1,0
BRDA:1390,181,0,0
BRDA:1390,181,1,0
BRDA:1392,182,0,0
BRDA:1392,182,1,0
BRDA:1392,183,0,0
BRDA:1392,183,1,0
BRDA:1411,184,0,0
BRDA:1411,184,1,0
BRDA:1411,185,0,0
BRDA:1411,185,1,0
BRDA:1411,185,2,0
BRDA:1416,186,0,0
BRDA:1416,186,1,0
BRDA:1439,187,0,0
BRDA:1439,187,1,0
BRDA:1439,188,0,0
BRDA:1439,188,1,0
BRDA:1439,188,2,0
BRDA:1443,189,0,0
BRDA:1443,189,1,0
BRDA:1452,190,0,0
BRDA:1452,190,1,0
BRDA:1469,191,0,0
BRDA:1469,191,1,12
BRDA:1469,192,0,12
BRDA:1469,192,1,12
BRDA:1469,192,2,12
BRDA:1473,193,0,0
BRDA:1473,193,1,12
BRDA:1496,194,0,0
BRDA:1496,194,1,42
BRDA:1496,195,0,42
BRDA:1496,195,1,42
BRDA:1496,195,2,42
BRDA:1500,196,0,0
BRDA:1500,196,1,42
BRDA:1522,197,0,29
BRDA:1522,197,1,1
BRDA:1548,198,0,35
BRDA:1548,198,1,10
BRDA:1566,199,0,1
BRDA:1566,199,1,344
BRDA:1570,200,0,1
BRDA:1570,200,1,343
BRF:443
BRH:233
end_of_record
TN:
SF:test/instance/index.test.js
FN:8,(anonymous_0)
FN:11,(anonymous_1)
FN:25,(anonymous_2)
FN:47,(anonymous_3)
FN:49,(anonymous_4)
FN:50,(anonymous_5)
FN:51,(anonymous_6)
FN:59,(anonymous_7)
FN:62,(anonymous_8)
FN:95,(anonymous_9)
FN:98,(anonymous_10)
FN:102,(anonymous_11)
FN:105,(anonymous_12)
FN:110,(anonymous_13)
FN:110,(anonymous_14)
FN:135,(anonymous_15)
FN:135,(anonymous_16)
FN:145,(anonymous_17)
FN:152,(anonymous_18)
FN:157,(anonymous_19)
FN:179,(anonymous_20)
FN:182,(anonymous_21)
FN:185,(anonymous_22)
FN:194,(anonymous_23)
FN:198,(anonymous_24)
FN:213,(anonymous_25)
FN:213,(anonymous_26)
FN:225,(anonymous_27)
FN:248,(anonymous_28)
FN:251,(anonymous_29)
FN:254,(anonymous_30)
FN:264,(anonymous_31)
FN:273,(anonymous_32)
FN:277,(anonymous_33)
FN:292,(anonymous_34)
FN:298,(anonymous_35)
FN:303,(anonymous_36)
FN:306,(anonymous_37)
FN:313,(anonymous_38)
FN:328,(anonymous_39)
FN:328,(anonymous_40)
FN:349,(anonymous_41)
FN:351,(anonymous_42)
FN:352,(anonymous_43)
FN:354,(anonymous_44)
FN:355,(anonymous_45)
FN:358,(anonymous_46)
FN:359,(anonymous_47)
FN:360,(anonymous_48)
FN:360,(anonymous_49)
FN:369,(anonymous_50)
FN:371,(anonymous_51)
FN:371,(anonymous_52)
FN:373,(anonymous_53)
FN:373,(anonymous_54)
FN:384,(anonymous_55)
FN:389,(anonymous_56)
FN:392,(anonymous_57)
FN:395,(anonymous_58)
FN:404,(anonymous_59)
FN:406,(anonymous_60)
FN:409,(anonymous_61)
FN:414,(anonymous_62)
FN:414,(anonymous_63)
FN:446,(anonymous_64)
FNF:65
FNH:64
FNDA:1,(anonymous_0)
FNDA:8,(anonymous_1)
FNDA:1,(anonymous_2)
FNDA:1,(anonymous_3)
FNDA:1,(anonymous_4)
FNDA:1,(anonymous_5)
FNDA:1,(anonymous_6)
FNDA:1,(anonymous_7)
FNDA:1,(anonymous_8)
FNDA:1,(anonymous_9)
FNDA:1,(anonymous_10)
FNDA:1,(anonymous_11)
FNDA:1,(anonymous_12)
FNDA:1,(anonymous_13)
FNDA:1,(anonymous_14)
FNDA:1,(anonymous_15)
FNDA:1,(anonymous_16)
FNDA:1,(anonymous_17)
FNDA:0,(anonymous_18)
FNDA:1,(anonymous_19)
FNDA:1,(anonymous_20)
FNDA:1,(anonymous_21)
FNDA:1,(anonymous_22)
FNDA:1,(anonymous_23)
FNDA:1,(anonymous_24)
FNDA:1,(anonymous_25)
FNDA:1,(anonymous_26)
FNDA:1,(anonymous_27)
FNDA:1,(anonymous_28)
FNDA:2,(anonymous_29)
FNDA:1,(anonymous_30)
FNDA:1,(anonymous_31)
FNDA:1,(anonymous_32)
FNDA:1,(anonymous_33)
FNDA:1,(anonymous_34)
FNDA:1,(anonymous_35)
FNDA:1,(anonymous_36)
FNDA:1,(anonymous_37)
FNDA:1,(anonymous_38)
FNDA:4,(anonymous_39)
FNDA:4,(anonymous_40)
FNDA:1,(anonymous_41)
FNDA:1,(anonymous_42)
FNDA:1,(anonymous_43)
FNDA:1,(anonymous_44)
FNDA:1,(anonymous_45)
FNDA:1,(anonymous_46)
FNDA:1,(anonymous_47)
FNDA:1,(anonymous_48)
FNDA:1,(anonymous_49)
FNDA:1,(anonymous_50)
FNDA:1,(anonymous_51)
FNDA:1,(anonymous_52)
FNDA:1,(anonymous_53)
FNDA:1,(anonymous_54)
FNDA:1,(anonymous_55)
FNDA:1,(anonymous_56)
FNDA:51,(anonymous_57)
FNDA:1,(anonymous_58)
FNDA:21,(anonymous_59)
FNDA:21,(anonymous_60)
FNDA:1,(anonymous_61)
FNDA:2,(anonymous_62)
FNDA:2,(anonymous_63)
FNDA:1,(anonymous_64)
DA:8,1
DA:11,1
DA:13,8
DA:15,8
DA:16,8
DA:17,8
DA:25,1
DA:27,1
DA:28,1
DA:29,1
DA:30,1
DA:31,1
DA:32,1
DA:33,1
DA:34,1
DA:35,1
DA:37,1
DA:38,1
DA:39,1
DA:40,1
DA:41,1
DA:42,1
DA:47,1
DA:49,1
DA:50,1
DA:52,1
DA:60,1
DA:63,1
DA:69,1
DA:70,1
DA:71,1
DA:72,1
DA:73,1
DA:74,1
DA:76,1
DA:77,1
DA:78,1
DA:79,1
DA:81,1
DA:82,1
DA:83,1
DA:84,1
DA:85,1
DA:86,1
DA:87,1
DA:88,1
DA:89,1
DA:95,1
DA:96,1
DA:99,1
DA:100,1
DA:103,1
DA:106,1
DA:108,1
DA:110,1
DA:111,1
DA:112,1
DA:116,1
DA:118,1
DA:123,1
DA:128,1
DA:129,1
DA:131,1
DA:132,1
DA:133,1
DA:135,1
DA:136,1
DA:137,1
DA:139,1
DA:145,1
DA:146,1
DA:150,1
DA:151,1
DA:152,0
DA:157,1
DA:158,1
DA:160,1
DA:171,1
DA:180,1
DA:183,1
DA:186,1
DA:187,1
DA:188,1
DA:195,1
DA:196,1
DA:199,1
DA:200,1
DA:203,1
DA:204,1
DA:205,1
DA:206,1
DA:207,1
DA:208,1
DA:210,1
DA:211,1
DA:213,1
DA:214,1
DA:215,1
DA:216,1
DA:219,1
DA:220,1
DA:225,1
DA:226,1
DA:227,1
DA:229,1
DA:240,1
DA:249,1
DA:252,2
DA:255,1
DA:256,1
DA:257,1
DA:262,1
DA:265,1
DA:266,1
DA:268,0
DA:269,0
DA:271,1
DA:272,1
DA:273,1
DA:274,1
DA:278,1
DA:279,1
DA:282,1
DA:283,1
DA:284,1
DA:286,1
DA:292,1
DA:294,1
DA:299,1
DA:304,1
DA:307,1
DA:314,1
DA:315,1
DA:328,4
DA:329,4
DA:330,4
DA:332,1
DA:333,1
DA:335,1
DA:336,1
DA:338,1
DA:339,1
DA:341,1
DA:342,1
DA:343,1
DA:345,0
DA:347,4
DA:349,1
DA:350,1
DA:351,1
DA:353,1
DA:354,1
DA:356,1
DA:357,1
DA:358,1
DA:360,1
DA:361,1
DA:363,1
DA:369,1
DA:370,1
DA:371,1
DA:373,1
DA:374,1
DA:375,1
DA:376,1
DA:377,1
DA:379,1
DA:384,1
DA:385,1
DA:386,1
DA:387,1
DA:390,1
DA:393,51
DA:396,1
DA:397,1
DA:398,1
DA:405,21
DA:406,21
DA:410,1
DA:411,1
DA:414,2
DA:415,2
DA:416,2
DA:417,0
DA:418,0
DA:419,0
DA:421,2
DA:422,1
DA:423,1
DA:424,1
DA:425,1
DA:427,1
DA:428,1
DA:429,0
DA:432,1
DA:433,1
DA:434,1
DA:435,25
DA:436,25
DA:438,1
DA:439,25
DA:440,25
DA:446,1
LF:203
LH:195
BRDA:265,0,0,1
BRDA:265,0,1,0
BRDA:330,1,0,1
BRDA:330,1,1,1
BRDA:330,1,2,1
BRDA:330,1,3,1
BRDA:330,1,4,0
BRDA:405,2,0,21
BRDA:405,2,1,0
BRDA:416,3,0,0
BRDA:416,3,1,2
BRDA:416,4,0,2
BRDA:416,4,1,1
BRDA:421,5,0,1
BRDA:421,5,1,1
BRDA:428,6,0,0
BRDA:428,6,1,1
BRF:17
BRH:12
end_of_record
TN:
SF:test/monitor/log.test.js
FN:8,(anonymous_0)
FN:12,(anonymous_1)
FN:28,(anonymous_2)
FN:39,(anonymous_3)
FN:42,(anonymous_4)
FN:62,(anonymous_5)
FN:72,(anonymous_6)
FN:77,(anonymous_7)
FN:77,(anonymous_8)
FN:84,(anonymous_9)
FNF:10
FNH:10
FNDA:1,(anonymous_0)
FNDA:2,(anonymous_1)
FNDA:1,(anonymous_2)
FNDA:1,(anonymous_3)
FNDA:2,(anonymous_4)
FNDA:1,(anonymous_5)
FNDA:1,(anonymous_6)
FNDA:2,(anonymous_7)
FNDA:2,(anonymous_8)
FNDA:1,(anonymous_9)
DA:8,1
DA:10,1
DA:11,1
DA:12,1
DA:14,2
DA:16,2
DA:17,2
DA:18,2
DA:24,2
DA:28,1
DA:29,1
DA:30,1
DA:31,1
DA:32,1
DA:33,1
DA:34,1
DA:35,1
DA:39,1
DA:40,1
DA:43,2
DA:45,1
DA:46,1
DA:47,1
DA:51,1
DA:52,1
DA:54,1
DA:55,1
DA:56,1
DA:60,1
DA:61,1
DA:62,1
DA:63,1
DA:64,1
DA:66,1
DA:68,0
DA:69,0
DA:73,1
DA:74,1
DA:77,2
DA:78,2
DA:79,2
DA:81,1
DA:82,1
DA:84,1
DA:85,1
DA:86,1
DA:91,1
DA:92,1
LF:48
LH:46
BRDA:43,0,0,1
BRDA:43,0,1,1
BRDA:43,0,2,0
BRF:3
BRH:2
end_of_record
TN:
SF:test/monitor/network.test.js
FN:16,(anonymous_0)
FN:20,(anonymous_1)
FN:36,(anonymous_2)
FN:48,(anonymous_3)
FN:52,(anonymous_4)
FN:131,(anonymous_5)
FN:140,(anonymous_6)
FN:145,(anonymous_7)
FN:145,(anonymous_8)
FN:153,(anonymous_9)
FN:153,(anonymous_10)
FN:153,(anonymous_11)
FN:154,(anonymous_12)
FN:154,(anonymous_13)
FN:154,(anonymous_14)
FN:155,(anonymous_15)
FN:155,(anonymous_16)
FN:155,(anonymous_17)
FN:159,(anonymous_18)
FN:163,(anonymous_19)
FN:244,(anonymous_20)
FN:253,(anonymous_21)
FN:258,(anonymous_22)
FN:258,(anonymous_23)
FN:266,(anonymous_24)
FN:266,(anonymous_25)
FN:266,(anonymous_26)
FN:267,(anonymous_27)
FN:267,(anonymous_28)
FN:267,(anonymous_29)
FN:268,(anonymous_30)
FN:268,(anonymous_31)
FN:268,(anonymous_32)
FNF:33
FNH:33
FNDA:1,(anonymous_0)
FNDA:3,(anonymous_1)
FNDA:1,(anonymous_2)
FNDA:1,(anonymous_3)
FNDA:8,(anonymous_4)
FNDA:1,(anonymous_5)
FNDA:1,(anonymous_6)
FNDA:8,(anonymous_7)
FNDA:8,(anonymous_8)
FNDA:1,(anonymous_9)
FNDA:1,(anonymous_10)
FNDA:1,(anonymous_11)
FNDA:1,(anonymous_12)
FNDA:1,(anonymous_13)
FNDA:1,(anonymous_14)
FNDA:1,(anonymous_15)
FNDA:1,(anonymous_16)
FNDA:1,(anonymous_17)
FNDA:1,(anonymous_18)
FNDA:8,(anonymous_19)
FNDA:1,(anonymous_20)
FNDA:1,(anonymous_21)
FNDA:8,(anonymous_22)
FNDA:8,(anonymous_23)
FNDA:1,(anonymous_24)
FNDA:1,(anonymous_25)
FNDA:1,(anonymous_26)
FNDA:1,(anonymous_27)
FNDA:1,(anonymous_28)
FNDA:1,(anonymous_29)
FNDA:1,(anonymous_30)
FNDA:1,(anonymous_31)
FNDA:1,(anonymous_32)
DA:10,1
DA:11,1
DA:12,1
DA:13,1
DA:16,1
DA:18,1
DA:19,1
DA:20,1
DA:22,3
DA:24,3
DA:25,3
DA:26,3
DA:31,3
DA:36,1
DA:37,1
DA:38,1
DA:39,1
DA:40,1
DA:41,1
DA:42,1
DA:43,1
DA:48,1
DA:49,1
DA:50,1
DA:53,8
DA:54,8
DA:55,8
DA:56,8
DA:57,8
DA:59,1
DA:60,1
DA:61,1
DA:62,1
DA:63,1
DA:64,1
DA:65,1
DA:67,1
DA:68,1
DA:69,1
DA:70,1
DA:71,1
DA:72,1
DA:73,1
DA:74,1
DA:75,1
DA:77,1
DA:78,1
DA:79,1
DA:80,1
DA:81,1
DA:82,1
DA:83,1
DA:85,1
DA:86,1
DA:87,1
DA:88,1
DA:89,1
DA:90,1
DA:91,1
DA:92,1
DA:93,1
DA:95,1
DA:96,1
DA:97,1
DA:98,1
DA:99,1
DA:100,1
DA:101,1
DA:103,1
DA:104,1
DA:105,1
DA:106,1
DA:107,1
DA:108,1
DA:109,1
DA:110,1
DA:111,1
DA:113,1
DA:114,1
DA:115,1
DA:116,1
DA:117,1
DA:118,1
DA:119,1
DA:121,1
DA:122,1
DA:123,1
DA:124,1
DA:125,1
DA:126,1
DA:127,1
DA:128,1
DA:129,1
DA:130,1
DA:131,1
DA:132,1
DA:133,1
DA:135,1
DA:137,0
DA:141,1
DA:142,1
DA:145,8
DA:146,8
DA:147,8
DA:149,1
DA:150,1
DA:152,1
DA:153,1
DA:154,1
DA:155,1
DA:159,1
DA:160,1
DA:161,1
DA:164,8
DA:165,8
DA:166,8
DA:167,8
DA:168,8
DA:170,1
DA:171,1
DA:172,1
DA:173,1
DA:174,1
DA:175,1
DA:176,1
DA:178,1
DA:179,1
DA:180,1
DA:181,1
DA:182,1
DA:183,1
DA:184,1
DA:185,1
DA:186,1
DA:188,1
DA:189,1
DA:190,1
DA:191,1
DA:192,1
DA:193,1
DA:194,1
DA:196,1
DA:197,1
DA:198,1
DA:199,1
DA:200,1
DA:201,1
DA:202,1
DA:203,1
DA:204,1
DA:205,1
DA:207,1
DA:208,1
DA:209,1
DA:210,1
DA:211,1
DA:212,1
DA:213,1
DA:215,1
DA:216,1
DA:217,1
DA:218,1
DA:219,1
DA:220,1
DA:221,1
DA:222,1
DA:223,1
DA:224,1
DA:226,1
DA:227,1
DA:228,1
DA:229,1
DA:230,1
DA:231,1
DA:232,1
DA:234,1
DA:235,1
DA:236,1
DA:237,1
DA:238,1
DA:239,1
DA:240,1
DA:241,1
DA:242,1
DA:243,1
DA:244,1
DA:245,1
DA:246,1
DA:248,1
DA:250,0
DA:254,1
DA:255,1
DA:258,8
DA:259,8
DA:260,8
DA:262,1
DA:263,1
DA:265,1
DA:266,1
DA:267,1
DA:268,1
LF:201
LH:199
BRDA:57,0,0,1
BRDA:57,0,1,1
BRDA:57,0,2,1
BRDA:57,0,3,1
BRDA:57,0,4,1
BRDA:57,0,5,1
BRDA:57,0,6,1
BRDA:57,0,7,1
BRDA:57,0,8,0
BRDA:168,1,0,1
BRDA:168,1,1,1
BRDA:168,1,2,1
BRDA:168,1,3,1
BRDA:168,1,4,1
BRDA:168,1,5,1
BRDA:168,1,6,1
BRDA:168,1,7,1
BRDA:168,1,8,0
BRF:18
BRH:16
end_of_record
TN:
SF:test/public/middle.test.js
FN:5,(anonymous_0)
FN:9,(anonymous_1)
FN:17,(anonymous_2)
FN:24,(anonymous_3)
FN:25,(anonymous_4)
FN:25,(anonymous_5)
FN:34,(anonymous_6)
FN:41,(anonymous_7)
FN:42,(anonymous_8)
FN:42,(anonymous_9)
FN:50,(anonymous_10)
FN:50,(anonymous_11)
FN:60,(anonymous_12)
FN:67,(anonymous_13)
FN:68,(anonymous_14)
FN:68,(anonymous_15)
FN:76,(anonymous_16)
FN:76,(anonymous_17)
FN:86,(anonymous_18)
FNF:19
FNH:18
FNDA:1,(anonymous_0)
FNDA:4,(anonymous_1)
FNDA:1,(anonymous_2)
FNDA:1,(anonymous_3)
FNDA:1,(anonymous_4)
FNDA:1,(anonymous_5)
FNDA:1,(anonymous_6)
FNDA:1,(anonymous_7)
FNDA:1,(anonymous_8)
FNDA:1,(anonymous_9)
FNDA:1,(anonymous_10)
FNDA:1,(anonymous_11)
FNDA:1,(anonymous_12)
FNDA:1,(anonymous_13)
FNDA:1,(anonymous_14)
FNDA:1,(anonymous_15)
FNDA:1,(anonymous_16)
FNDA:0,(anonymous_17)
FNDA:1,(anonymous_18)
DA:5,1
DA:8,1
DA:9,1
DA:11,4
DA:12,4
DA:17,1
DA:18,1
DA:19,1
DA:20,1
DA:24,1
DA:25,1
DA:26,1
DA:27,1
DA:30,1
DA:31,1
DA:32,1
DA:34,1
DA:35,1
DA:36,1
DA:41,1
DA:42,1
DA:43,1
DA:44,1
DA:45,1
DA:50,1
DA:51,1
DA:52,1
DA:54,1
DA:56,1
DA:57,1
DA:58,1
DA:60,1
DA:61,1
DA:62,1
DA:67,1
DA:68,1
DA:69,1
DA:70,1
DA:71,1
DA:72,1
DA:73,1
DA:74,1
DA:76,1
DA:77,0
DA:78,0
DA:80,1
DA:82,1
DA:83,1
DA:84,1
DA:86,1
DA:87,1
DA:88,1
LF:52
LH:50
BRF:0
BRH:0
end_of_record
TN:
SF:test/public/public.test.js
FN:7,(anonymous_0)
FN:10,(anonymous_1)
FN:20,(anonymous_2)
FN:26,(anonymous_3)
FN:41,(anonymous_4)
FN:49,(anonymous_5)
FN:77,(anonymous_6)
FN:78,(anonymous_7)
FN:78,(anonymous_8)
FN:86,(anonymous_9)
FNF:10
FNH:10
FNDA:3,(anonymous_0)
FNDA:1,(anonymous_1)
FNDA:1,(anonymous_2)
FNDA:3,(anonymous_3)
FNDA:1,(anonymous_4)
FNDA:1,(anonymous_5)
FNDA:1,(anonymous_6)
FNDA:1,(anonymous_7)
FNDA:1,(anonymous_8)
FNDA:1,(anonymous_9)
DA:8,3
DA:11,1
DA:20,1
DA:22,1
DA:26,1
DA:28,3
DA:30,3
DA:33,3
DA:34,3
DA:35,3
DA:36,3
DA:41,1
DA:42,1
DA:43,1
DA:44,1
DA:45,1
DA:49,1
DA:50,1
DA:58,1
DA:59,1
DA:60,1
DA:61,1
DA:62,1
DA:64,1
DA:68,1
DA:69,1
DA:70,1
DA:71,1
DA:72,1
DA:77,1
DA:78,1
DA:79,1
DA:80,1
DA:83,1
DA:84,1
DA:86,1
DA:87,1
DA:88,1
DA:90,1
LF:39
LH:39
BRF:0
BRH:0
end_of_record
